Parsing CSV...
Reading file: ../tmp/diagnosis.data
Done!
Rows read: 240
Columns: 7
Column names:
0: 0
1: 6
2: 1_nan
3: 2_nan
4: 3_nan
5: 4_nan
6: 5_nan

Done!
Splitting into training and test...
Done!
Constructing data matrices...
Done!
training corels
Done!
corelsTrainScore: 1.0
corelsCvScore: 1.0
corelsTestScore: 1.0
Parsing CSV...
Reading file: ../tmp/diagnosis.data
Done!
Rows read: 240
Columns: 7
Column names:
0: 0
1: 6
2: 1_nan
3: 2_nan
4: 3_nan
5: 4_nan
6: 5_nan

Done!
Splitting into training and test...
Done!
Constructing data matrices...
Done!
training corels
Done!
corelsTrainScore: 1.0
corelsCvScore: 1.0
corelsTestScore: 1.0
Parsing CSV...
Reading file: ../tmp/diagnosis.data
Done!
Rows read: 240
Columns: 7
Column names:
0: 0
1: 6
2: 1_nan
3: 2_nan
4: 3_nan
5: 4_nan
6: 5_nan

Done!
Splitting into training and test...
Done!
Constructing data matrices...
Done!
training corels
Done!
corelsTrainScore: 1.0
corelsCvScore: 1.0
corelsTestScore: 1.0
Parsing CSV...
Reading file: ../tmp/diagnosis.data
Done!
Rows read: 240
Columns: 7
Column names:
0: 0
1: 6
2: 1_nan
3: 2_nan
4: 3_nan
5: 4_nan
6: 5_nan

Done!
Splitting into training and test...
Done!
Constructing data matrices...
Done!
training corels
Done!
corelsTrainScore: 1.0
corelsCvScore: 1.0
corelsTestScore: 1.0
Parsing CSV...
Reading file: ../tmp/diagnosis.data
Done!
Rows read: 240
Columns: 7
Column names:
0: 0
1: 6
2: 1_nan
3: 2_nan
4: 3_nan
5: 4_nan
6: 5_nan

Done!
Splitting into training and test...
Done!
Constructing data matrices...
Done!
training corels
Done!
corelsTrainScore: 1.0
corelsCvScore: 1.0
corelsTestScore: 1.0
Parsing CSV...
Reading file: ../tmp/diagnosis.data
Done!
Rows read: 240
Columns: 7
Column names:
0: 0
1: 6
2: 1_nan
3: 2_nan
4: 3_nan
5: 4_nan
6: 5_nan

Done!
Splitting into training and test...
Done!
Constructing data matrices...
Done!
training corels
Done!
corelsTrainScore: 1.0
corelsCvScore: 1.0
corelsTestScore: 1.0
Parsing CSV...
Reading file: ../tmp/diagnosis.data
Done!
Rows read: 240
Columns: 7
Column names:
0: 0
1: 6
2: 1_nan
3: 2_nan
4: 3_nan
5: 4_nan
6: 5_nan

Done!
Splitting into training and test...
Done!
Constructing data matrices...
Done!
training corels
Done!
corelsTrainScore: 1.0
corelsCvScore: 1.0
corelsTestScore: 1.0
Parsing CSV...
Reading file: ../tmp/diagnosis.data
Done!
Rows read: 240
Columns: 7
Column names:
0: 0
1: 6
2: 1_nan
3: 2_nan
4: 3_nan
5: 4_nan
6: 5_nan

Done!
Splitting into training and test...
Done!
Constructing data matrices...
Done!
training corels
Done!
corelsTrainScore: 1.0
corelsCvScore: 1.0
corelsTestScore: 1.0
Parsing CSV...
Reading file: ../tmp/diagnosis.data
Done!
Rows read: 240
Columns: 7
Column names:
0: 0
1: 6
2: 1_nan
3: 2_nan
4: 3_nan
5: 4_nan
6: 5_nan

Done!
Splitting into training and test...
Done!
Constructing data matrices...
Done!
training corels
Done!
corelsTrainScore: 1.0
corelsCvScore: 1.0
corelsTestScore: 1.0
Parsing CSV...
Reading file: ../tmp/diagnosis.data
Done!
Rows read: 240
Columns: 7
Column names:
0: 0
1: 6
2: 1_nan
3: 2_nan
4: 3_nan
5: 4_nan
6: 5_nan

Done!
Splitting into training and test...
Done!
Constructing data matrices...
Done!
training corels
Done!
corelsTrainScore: 1.0
corelsCvScore: 1.0
corelsTestScore: 1.0
Averaged over 10 trials: corels train score: 1.0
Averaged over 10 trials: corels cv score: 1.0
Averaged over 10 trials: corels test score: 1.0
