Parsing CSV...
Reading file: ../tmp/data_banknote_authentication.txt
Done!
Rows read: 1372
Columns: 5
Column names:
0: 0
1: 1
2: 2
3: 3
4: 4

Done!
Splitting into training and test...
Done!
Constructing data matrices...
Done!
training corels
Done!
corelsTrainScore: 0.878345498783455
corelsCvScore: 0.8786407766990292
corelsTestScore: 0.8695652173913043
Parsing CSV...
Reading file: ../tmp/data_banknote_authentication.txt
Done!
Rows read: 1372
Columns: 5
Column names:
0: 0
1: 1
2: 2
3: 3
4: 4

Done!
Splitting into training and test...
Done!
Constructing data matrices...
Done!
training corels
Done!
corelsTrainScore: 0.8759124087591241
corelsCvScore: 0.8713592233009708
corelsTestScore: 0.9057971014492754
Parsing CSV...
Reading file: ../tmp/data_banknote_authentication.txt
Done!
Rows read: 1372
Columns: 5
Column names:
0: 0
1: 1
2: 2
3: 3
4: 4

Done!
Splitting into training and test...
Done!
Constructing data matrices...
Done!
training corels
Done!
corelsTrainScore: 0.8795620437956204
corelsCvScore: 0.8786407766990292
corelsTestScore: 0.8623188405797102
Parsing CSV...
Reading file: ../tmp/data_banknote_authentication.txt
Done!
Rows read: 1372
Columns: 5
Column names:
0: 0
1: 1
2: 2
3: 3
4: 4

Done!
Splitting into training and test...
Done!
Constructing data matrices...
Done!
training corels
Done!
corelsTrainScore: 0.8759124087591241
corelsCvScore: 0.8519417475728155
corelsTestScore: 0.9637681159420289
Parsing CSV...
Reading file: ../tmp/data_banknote_authentication.txt
Done!
Rows read: 1372
Columns: 5
Column names:
0: 0
1: 1
2: 2
3: 3
4: 4

Done!
Splitting into training and test...
Done!
Constructing data matrices...
Done!
training corels
Done!
corelsTrainScore: 0.8734793187347932
corelsCvScore: 0.8907766990291263
corelsTestScore: 0.8623188405797102
Parsing CSV...
Reading file: ../tmp/data_banknote_authentication.txt
Done!
Rows read: 1372
Columns: 5
Column names:
0: 0
1: 1
2: 2
3: 3
4: 4

Done!
Splitting into training and test...
Done!
Constructing data matrices...
Done!
training corels
Done!
corelsTrainScore: 0.8771289537712895
corelsCvScore: 0.8689320388349514
corelsTestScore: 0.9057971014492754
Parsing CSV...
Reading file: ../tmp/data_banknote_authentication.txt
Done!
Rows read: 1372
Columns: 5
Column names:
0: 0
1: 1
2: 2
3: 3
4: 4

Done!
Splitting into training and test...
Done!
Constructing data matrices...
Done!
training corels
Done!
corelsTrainScore: 0.878345498783455
corelsCvScore: 0.8810679611650486
corelsTestScore: 0.8623188405797102
Parsing CSV...
Reading file: ../tmp/data_banknote_authentication.txt
Done!
Rows read: 1372
Columns: 5
Column names:
0: 0
1: 1
2: 2
3: 3
4: 4

Done!
Splitting into training and test...
Done!
Constructing data matrices...
Done!
training corels
Done!
corelsTrainScore: 0.8759124087591241
corelsCvScore: 0.8932038834951457
corelsTestScore: 0.8405797101449275
Parsing CSV...
Reading file: ../tmp/data_banknote_authentication.txt
Done!
Rows read: 1372
Columns: 5
Column names:
0: 0
1: 1
2: 2
3: 3
4: 4

Done!
Splitting into training and test...
Done!
Constructing data matrices...
Done!
training corels
Done!
corelsTrainScore: 0.8746958637469586
corelsCvScore: 0.8762135922330098
corelsTestScore: 0.8985507246376812
Parsing CSV...
Reading file: ../tmp/data_banknote_authentication.txt
Done!
Rows read: 1372
Columns: 5
Column names:
0: 0
1: 1
2: 2
3: 3
4: 4

Done!
Splitting into training and test...
Done!
Constructing data matrices...
Done!
training corels
Done!
corelsTrainScore: 0.8819951338199513
corelsCvScore: 0.866504854368932
corelsTestScore: 0.8840579710144928
Averaged over 10 trials: corels train score: 0.8771289537712894
Averaged over 10 trials: corels cv score: 0.8757281553398059
Averaged over 10 trials: corels test score: 0.8855072463768116
