Parsing CSV...
Reading file: ../tmp/breast_cancer_diag.data
Done!
Rows read: 569
Columns: 31
Column names:
0: 0
1: 1
2: 2
3: 3
4: 4
5: 5
6: 6
7: 7
8: 8
9: 9
10: 10
11: 11
12: 12
13: 13
14: 14
15: 15
16: 16
17: 17
18: 18
19: 19
20: 20
21: 21
22: 22
23: 23
24: 24
25: 25
26: 26
27: 27
28: 28
29: 29
30: 30

Done!
Splitting into training and test...
Done!
Constructing data matrices...
Done!
training corels
Done!
corelsTrainScore: 0.9354838709677419
corelsCvScore: 0.9298245614035088
corelsTestScore: 0.8771929824561403
Parsing CSV...
Reading file: ../tmp/breast_cancer_diag.data
Done!
Rows read: 569
Columns: 31
Column names:
0: 0
1: 1
2: 2
3: 3
4: 4
5: 5
6: 6
7: 7
8: 8
9: 9
10: 10
11: 11
12: 12
13: 13
14: 14
15: 15
16: 16
17: 17
18: 18
19: 19
20: 20
21: 21
22: 22
23: 23
24: 24
25: 25
26: 26
27: 27
28: 28
29: 29
30: 30

Done!
Splitting into training and test...
Done!
Constructing data matrices...
Done!
training corels
Done!
corelsTrainScore: 0.9384164222873901
corelsCvScore: 0.9005847953216374
corelsTestScore: 0.9473684210526315
Parsing CSV...
Reading file: ../tmp/breast_cancer_diag.data
Done!
Rows read: 569
Columns: 31
Column names:
0: 0
1: 1
2: 2
3: 3
4: 4
5: 5
6: 6
7: 7
8: 8
9: 9
10: 10
11: 11
12: 12
13: 13
14: 14
15: 15
16: 16
17: 17
18: 18
19: 19
20: 20
21: 21
22: 22
23: 23
24: 24
25: 25
26: 26
27: 27
28: 28
29: 29
30: 30

Done!
Splitting into training and test...
Done!
Constructing data matrices...
Done!
training corels
Done!
corelsTrainScore: 0.9648093841642229
corelsCvScore: 0.8888888888888888
corelsTestScore: 0.9473684210526315
Parsing CSV...
Reading file: ../tmp/breast_cancer_diag.data
Done!
Rows read: 569
Columns: 31
Column names:
0: 0
1: 1
2: 2
3: 3
4: 4
5: 5
6: 6
7: 7
8: 8
9: 9
10: 10
11: 11
12: 12
13: 13
14: 14
15: 15
16: 16
17: 17
18: 18
19: 19
20: 20
21: 21
22: 22
23: 23
24: 24
25: 25
26: 26
27: 27
28: 28
29: 29
30: 30

Done!
Splitting into training and test...
Done!
Constructing data matrices...
Done!
training corels
Done!
corelsTrainScore: 0.9589442815249267
corelsCvScore: 0.9005847953216374
corelsTestScore: 0.9473684210526315
Parsing CSV...
Reading file: ../tmp/breast_cancer_diag.data
Done!
Rows read: 569
Columns: 31
Column names:
0: 0
1: 1
2: 2
3: 3
4: 4
5: 5
6: 6
7: 7
8: 8
9: 9
10: 10
11: 11
12: 12
13: 13
14: 14
15: 15
16: 16
17: 17
18: 18
19: 19
20: 20
21: 21
22: 22
23: 23
24: 24
25: 25
26: 26
27: 27
28: 28
29: 29
30: 30

Done!
Splitting into training and test...
Done!
Constructing data matrices...
Done!
training corels
Done!
corelsTrainScore: 0.9618768328445748
corelsCvScore: 0.9415204678362573
corelsTestScore: 0.9473684210526315
Parsing CSV...
Reading file: ../tmp/breast_cancer_diag.data
Done!
Rows read: 569
Columns: 31
Column names:
0: 0
1: 1
2: 2
3: 3
4: 4
5: 5
6: 6
7: 7
8: 8
9: 9
10: 10
11: 11
12: 12
13: 13
14: 14
15: 15
16: 16
17: 17
18: 18
19: 19
20: 20
21: 21
22: 22
23: 23
24: 24
25: 25
26: 26
27: 27
28: 28
29: 29
30: 30

Done!
Splitting into training and test...
Done!
Constructing data matrices...
Done!
training corels
Done!
corelsTrainScore: 0.9296187683284457
corelsCvScore: 0.9239766081871345
corelsTestScore: 0.9298245614035088
Parsing CSV...
Reading file: ../tmp/breast_cancer_diag.data
Done!
Rows read: 569
Columns: 31
Column names:
0: 0
1: 1
2: 2
3: 3
4: 4
5: 5
6: 6
7: 7
8: 8
9: 9
10: 10
11: 11
12: 12
13: 13
14: 14
15: 15
16: 16
17: 17
18: 18
19: 19
20: 20
21: 21
22: 22
23: 23
24: 24
25: 25
26: 26
27: 27
28: 28
29: 29
30: 30

Done!
Splitting into training and test...
Done!
Constructing data matrices...
Done!
training corels
Done!
corelsTrainScore: 0.9472140762463344
corelsCvScore: 0.9298245614035088
corelsTestScore: 0.9298245614035088
Parsing CSV...
Reading file: ../tmp/breast_cancer_diag.data
Done!
Rows read: 569
Columns: 31
Column names:
0: 0
1: 1
2: 2
3: 3
4: 4
5: 5
6: 6
7: 7
8: 8
9: 9
10: 10
11: 11
12: 12
13: 13
14: 14
15: 15
16: 16
17: 17
18: 18
19: 19
20: 20
21: 21
22: 22
23: 23
24: 24
25: 25
26: 26
27: 27
28: 28
29: 29
30: 30

Done!
Splitting into training and test...
Done!
Constructing data matrices...
Done!
training corels
Done!
corelsTrainScore: 0.9530791788856305
corelsCvScore: 0.9005847953216374
corelsTestScore: 0.9122807017543859
Parsing CSV...
Reading file: ../tmp/breast_cancer_diag.data
Done!
Rows read: 569
Columns: 31
Column names:
0: 0
1: 1
2: 2
3: 3
4: 4
5: 5
6: 6
7: 7
8: 8
9: 9
10: 10
11: 11
12: 12
13: 13
14: 14
15: 15
16: 16
17: 17
18: 18
19: 19
20: 20
21: 21
22: 22
23: 23
24: 24
25: 25
26: 26
27: 27
28: 28
29: 29
30: 30

Done!
Splitting into training and test...
Done!
Constructing data matrices...
Done!
training corels
Done!
corelsTrainScore: 0.9530791788856305
corelsCvScore: 0.9005847953216374
corelsTestScore: 0.9473684210526315
Parsing CSV...
Reading file: ../tmp/breast_cancer_diag.data
Done!
Rows read: 569
Columns: 31
Column names:
0: 0
1: 1
2: 2
3: 3
4: 4
5: 5
6: 6
7: 7
8: 8
9: 9
10: 10
11: 11
12: 12
13: 13
14: 14
15: 15
16: 16
17: 17
18: 18
19: 19
20: 20
21: 21
22: 22
23: 23
24: 24
25: 25
26: 26
27: 27
28: 28
29: 29
30: 30

Done!
Splitting into training and test...
Done!
Constructing data matrices...
Done!
training corels
Done!
corelsTrainScore: 0.9442815249266863
corelsCvScore: 0.9707602339181286
corelsTestScore: 0.9473684210526315
Averaged over 10 trials: corels train score: 0.9486803519061585
Averaged over 10 trials: corels cv score: 0.9187134502923975
Averaged over 10 trials: corels test score: 0.9333333333333332
