Parsing CSV...
Reading file: ../tmp/pop_failures.dat
Done!
Rows read: 540
Columns: 19
Column names:
0: 0
1: 1
2: 2
3: 3
4: 4
5: 5
6: 6
7: 7
8: 8
9: 9
10: 10
11: 11
12: 12
13: 13
14: 14
15: 15
16: 16
17: 17
18: 18

Done!
Splitting into training and test...
Done!
Constructing data matrices...
Done!
training corels
Done!
corelsTrainScore: 0.0804953560371517
corelsCvScore: 0.08641975308641975
corelsTestScore: 0.10909090909090909
Parsing CSV...
Reading file: ../tmp/pop_failures.dat
Done!
Rows read: 540
Columns: 19
Column names:
0: 0
1: 1
2: 2
3: 3
4: 4
5: 5
6: 6
7: 7
8: 8
9: 9
10: 10
11: 11
12: 12
13: 13
14: 14
15: 15
16: 16
17: 17
18: 18

Done!
Splitting into training and test...
Done!
Constructing data matrices...
Done!
training corels
Done!
corelsTrainScore: 0.07430340557275542
corelsCvScore: 0.09876543209876543
corelsTestScore: 0.10909090909090909
Parsing CSV...
Reading file: ../tmp/pop_failures.dat
Done!
Rows read: 540
Columns: 19
Column names:
0: 0
1: 1
2: 2
3: 3
4: 4
5: 5
6: 6
7: 7
8: 8
9: 9
10: 10
11: 11
12: 12
13: 13
14: 14
15: 15
16: 16
17: 17
18: 18

Done!
Splitting into training and test...
Done!
Constructing data matrices...
Done!
training corels
Done!
corelsTrainScore: 0.1021671826625387
corelsCvScore: 0.04938271604938271
corelsTestScore: 0.09090909090909091
Parsing CSV...
Reading file: ../tmp/pop_failures.dat
Done!
Rows read: 540
Columns: 19
Column names:
0: 0
1: 1
2: 2
3: 3
4: 4
5: 5
6: 6
7: 7
8: 8
9: 9
10: 10
11: 11
12: 12
13: 13
14: 14
15: 15
16: 16
17: 17
18: 18

Done!
Splitting into training and test...
Done!
Constructing data matrices...
Done!
training corels
Done!
corelsTrainScore: 0.08668730650154799
corelsCvScore: 0.08641975308641975
corelsTestScore: 0.07272727272727272
Parsing CSV...
Reading file: ../tmp/pop_failures.dat
Done!
Rows read: 540
Columns: 19
Column names:
0: 0
1: 1
2: 2
3: 3
4: 4
5: 5
6: 6
7: 7
8: 8
9: 9
10: 10
11: 11
12: 12
13: 13
14: 14
15: 15
16: 16
17: 17
18: 18

Done!
Splitting into training and test...
Done!
Constructing data matrices...
Done!
training corels
Done!
corelsTrainScore: 0.08668730650154799
corelsCvScore: 0.08024691358024691
corelsTestScore: 0.09090909090909091
Parsing CSV...
Reading file: ../tmp/pop_failures.dat
Done!
Rows read: 540
Columns: 19
Column names:
0: 0
1: 1
2: 2
3: 3
4: 4
5: 5
6: 6
7: 7
8: 8
9: 9
10: 10
11: 11
12: 12
13: 13
14: 14
15: 15
16: 16
17: 17
18: 18

Done!
Splitting into training and test...
Done!
Constructing data matrices...
Done!
training corels
Done!
corelsTrainScore: 0.08978328173374613
corelsCvScore: 0.08641975308641975
corelsTestScore: 0.05454545454545454
Parsing CSV...
Reading file: ../tmp/pop_failures.dat
Done!
Rows read: 540
Columns: 19
Column names:
0: 0
1: 1
2: 2
3: 3
4: 4
5: 5
6: 6
7: 7
8: 8
9: 9
10: 10
11: 11
12: 12
13: 13
14: 14
15: 15
16: 16
17: 17
18: 18

Done!
Splitting into training and test...
Done!
Constructing data matrices...
Done!
training corels
Done!
corelsTrainScore: 0.08978328173374613
corelsCvScore: 0.09259259259259259
corelsTestScore: 0.03636363636363636
Parsing CSV...
Reading file: ../tmp/pop_failures.dat
Done!
Rows read: 540
Columns: 19
Column names:
0: 0
1: 1
2: 2
3: 3
4: 4
5: 5
6: 6
7: 7
8: 8
9: 9
10: 10
11: 11
12: 12
13: 13
14: 14
15: 15
16: 16
17: 17
18: 18

Done!
Splitting into training and test...
Done!
Constructing data matrices...
Done!
training corels
Done!
corelsTrainScore: 0.08359133126934984
corelsCvScore: 0.09876543209876543
corelsTestScore: 0.05454545454545454
Parsing CSV...
Reading file: ../tmp/pop_failures.dat
Done!
Rows read: 540
Columns: 19
Column names:
0: 0
1: 1
2: 2
3: 3
4: 4
5: 5
6: 6
7: 7
8: 8
9: 9
10: 10
11: 11
12: 12
13: 13
14: 14
15: 15
16: 16
17: 17
18: 18

Done!
Splitting into training and test...
Done!
Constructing data matrices...
Done!
training corels
Done!
corelsTrainScore: 0.08668730650154799
corelsCvScore: 0.09876543209876543
corelsTestScore: 0.03636363636363636
Parsing CSV...
Reading file: ../tmp/pop_failures.dat
Done!
Rows read: 540
Columns: 19
Column names:
0: 0
1: 1
2: 2
3: 3
4: 4
5: 5
6: 6
7: 7
8: 8
9: 9
10: 10
11: 11
12: 12
13: 13
14: 14
15: 15
16: 16
17: 17
18: 18

Done!
Splitting into training and test...
Done!
Constructing data matrices...
Done!
training corels
Done!
corelsTrainScore: 0.08978328173374613
corelsCvScore: 0.08641975308641975
corelsTestScore: 0.05454545454545454
Averaged over 10 trials: corels train score: 0.08699690402476781
Averaged over 10 trials: corels cv score: 0.08641975308641976
Averaged over 10 trials: corels test score: 0.07090909090909092
