Parsing CSV...
Reading file: ../tmp/fertility.txt
Done!
Rows read: 100
Columns: 22
Column names:
0: 0
1: 1
2: 6
3: 8
4: 9
5: 2_0
6: 2_1
7: 2_nan
8: 3_0
9: 3_1
10: 3_nan
11: 4_0
12: 4_1
13: 4_nan
14: 5_-1
15: 5_0
16: 5_1
17: 5_nan
18: 7_-1
19: 7_0
20: 7_1
21: 7_nan

Done!
Splitting into training and test...
Done!
Constructing data matrices...
Done!
training corels
Done!
corelsTrainScore: 0.9152542372881356
corelsCvScore: 0.8666666666666667
corelsTestScore: 0.9090909090909091
Parsing CSV...
Reading file: ../tmp/fertility.txt
Done!
Rows read: 100
Columns: 22
Column names:
0: 0
1: 1
2: 6
3: 8
4: 9
5: 2_0
6: 2_1
7: 2_nan
8: 3_0
9: 3_1
10: 3_nan
11: 4_0
12: 4_1
13: 4_nan
14: 5_-1
15: 5_0
16: 5_1
17: 5_nan
18: 7_-1
19: 7_0
20: 7_1
21: 7_nan

Done!
Splitting into training and test...
Done!
Constructing data matrices...
Done!
training corels
Done!
corelsTrainScore: 0.8983050847457628
corelsCvScore: 0.8
corelsTestScore: 0.8181818181818182
Parsing CSV...
Reading file: ../tmp/fertility.txt
Done!
Rows read: 100
Columns: 22
Column names:
0: 0
1: 1
2: 6
3: 8
4: 9
5: 2_0
6: 2_1
7: 2_nan
8: 3_0
9: 3_1
10: 3_nan
11: 4_0
12: 4_1
13: 4_nan
14: 5_-1
15: 5_0
16: 5_1
17: 5_nan
18: 7_-1
19: 7_0
20: 7_1
21: 7_nan

Done!
Splitting into training and test...
Done!
Constructing data matrices...
Done!
training corels
Done!
corelsTrainScore: 0.8983050847457628
corelsCvScore: 0.8333333333333334
corelsTestScore: 0.8181818181818182
Parsing CSV...
Reading file: ../tmp/fertility.txt
Done!
Rows read: 100
Columns: 22
Column names:
0: 0
1: 1
2: 6
3: 8
4: 9
5: 2_0
6: 2_1
7: 2_nan
8: 3_0
9: 3_1
10: 3_nan
11: 4_0
12: 4_1
13: 4_nan
14: 5_-1
15: 5_0
16: 5_1
17: 5_nan
18: 7_-1
19: 7_0
20: 7_1
21: 7_nan

Done!
Splitting into training and test...
Done!
Constructing data matrices...
Done!
training corels
Done!
corelsTrainScore: 0.8983050847457628
corelsCvScore: 0.8
corelsTestScore: 1.0
Parsing CSV...
Reading file: ../tmp/fertility.txt
Done!
Rows read: 100
Columns: 22
Column names:
0: 0
1: 1
2: 6
3: 8
4: 9
5: 2_0
6: 2_1
7: 2_nan
8: 3_0
9: 3_1
10: 3_nan
11: 4_0
12: 4_1
13: 4_nan
14: 5_-1
15: 5_0
16: 5_1
17: 5_nan
18: 7_-1
19: 7_0
20: 7_1
21: 7_nan

Done!
Splitting into training and test...
Done!
Constructing data matrices...
Done!
training corels
Done!
corelsTrainScore: 0.8983050847457628
corelsCvScore: 0.9
corelsTestScore: 0.8181818181818182
Parsing CSV...
Reading file: ../tmp/fertility.txt
Done!
Rows read: 100
Columns: 22
Column names:
0: 0
1: 1
2: 6
3: 8
4: 9
5: 2_0
6: 2_1
7: 2_nan
8: 3_0
9: 3_1
10: 3_nan
11: 4_0
12: 4_1
13: 4_nan
14: 5_-1
15: 5_0
16: 5_1
17: 5_nan
18: 7_-1
19: 7_0
20: 7_1
21: 7_nan

Done!
Splitting into training and test...
Done!
Constructing data matrices...
Done!
training corels
Done!
corelsTrainScore: 0.9152542372881356
corelsCvScore: 0.8
corelsTestScore: 0.9090909090909091
Parsing CSV...
Reading file: ../tmp/fertility.txt
Done!
Rows read: 100
Columns: 22
Column names:
0: 0
1: 1
2: 6
3: 8
4: 9
5: 2_0
6: 2_1
7: 2_nan
8: 3_0
9: 3_1
10: 3_nan
11: 4_0
12: 4_1
13: 4_nan
14: 5_-1
15: 5_0
16: 5_1
17: 5_nan
18: 7_-1
19: 7_0
20: 7_1
21: 7_nan

Done!
Splitting into training and test...
Done!
Constructing data matrices...
Done!
training corels
Done!
corelsTrainScore: 0.9322033898305084
corelsCvScore: 0.8333333333333334
corelsTestScore: 0.9090909090909091
Parsing CSV...
Reading file: ../tmp/fertility.txt
Done!
Rows read: 100
Columns: 22
Column names:
0: 0
1: 1
2: 6
3: 8
4: 9
5: 2_0
6: 2_1
7: 2_nan
8: 3_0
9: 3_1
10: 3_nan
11: 4_0
12: 4_1
13: 4_nan
14: 5_-1
15: 5_0
16: 5_1
17: 5_nan
18: 7_-1
19: 7_0
20: 7_1
21: 7_nan

Done!
Splitting into training and test...
Done!
Constructing data matrices...
Done!
training corels
Done!
corelsTrainScore: 0.9322033898305084
corelsCvScore: 0.8
corelsTestScore: 0.8181818181818182
Parsing CSV...
Reading file: ../tmp/fertility.txt
Done!
Rows read: 100
Columns: 22
Column names:
0: 0
1: 1
2: 6
3: 8
4: 9
5: 2_0
6: 2_1
7: 2_nan
8: 3_0
9: 3_1
10: 3_nan
11: 4_0
12: 4_1
13: 4_nan
14: 5_-1
15: 5_0
16: 5_1
17: 5_nan
18: 7_-1
19: 7_0
20: 7_1
21: 7_nan

Done!
Splitting into training and test...
Done!
Constructing data matrices...
Done!
training corels
Done!
corelsTrainScore: 0.9152542372881356
corelsCvScore: 0.8666666666666667
corelsTestScore: 0.8181818181818182
Parsing CSV...
Reading file: ../tmp/fertility.txt
Done!
Rows read: 100
Columns: 22
Column names:
0: 0
1: 1
2: 6
3: 8
4: 9
5: 2_0
6: 2_1
7: 2_nan
8: 3_0
9: 3_1
10: 3_nan
11: 4_0
12: 4_1
13: 4_nan
14: 5_-1
15: 5_0
16: 5_1
17: 5_nan
18: 7_-1
19: 7_0
20: 7_1
21: 7_nan

Done!
Splitting into training and test...
Done!
Constructing data matrices...
Done!
training corels
Done!
corelsTrainScore: 0.9152542372881356
corelsCvScore: 0.7666666666666667
corelsTestScore: 1.0
Averaged over 10 trials: corels train score: 0.9118644067796611
Averaged over 10 trials: corels cv score: 0.8266666666666668
Averaged over 10 trials: corels test score: 0.8818181818181818
