Parsing CSV...
Reading file: ../tmp/haberman.data
Done!
Rows read: 306
Columns: 4
Column names:
0: 0
1: 1
2: 2
3: 3

Done!
Splitting into training and test...
Done!
Constructing data matrices...
Done!
training corels
Done!
corelsTrainScore: 0.7486338797814208
corelsCvScore: 0.717391304347826
corelsTestScore: 0.7741935483870968
Parsing CSV...
Reading file: ../tmp/haberman.data
Done!
Rows read: 306
Columns: 4
Column names:
0: 0
1: 1
2: 2
3: 3

Done!
Splitting into training and test...
Done!
Constructing data matrices...
Done!
training corels
Done!
corelsTrainScore: 0.7814207650273224
corelsCvScore: 0.6739130434782609
corelsTestScore: 0.6451612903225806
Parsing CSV...
Reading file: ../tmp/haberman.data
Done!
Rows read: 306
Columns: 4
Column names:
0: 0
1: 1
2: 2
3: 3

Done!
Splitting into training and test...
Done!
Constructing data matrices...
Done!
training corels
Done!
corelsTrainScore: 0.7759562841530054
corelsCvScore: 0.6956521739130435
corelsTestScore: 0.6774193548387096
Parsing CSV...
Reading file: ../tmp/haberman.data
Done!
Rows read: 306
Columns: 4
Column names:
0: 0
1: 1
2: 2
3: 3

Done!
Splitting into training and test...
Done!
Constructing data matrices...
Done!
training corels
Done!
corelsTrainScore: 0.7759562841530054
corelsCvScore: 0.7391304347826086
corelsTestScore: 0.6774193548387096
Parsing CSV...
Reading file: ../tmp/haberman.data
Done!
Rows read: 306
Columns: 4
Column names:
0: 0
1: 1
2: 2
3: 3

Done!
Splitting into training and test...
Done!
Constructing data matrices...
Done!
training corels
Done!
corelsTrainScore: 0.7540983606557377
corelsCvScore: 0.7608695652173914
corelsTestScore: 0.6129032258064516
Parsing CSV...
Reading file: ../tmp/haberman.data
Done!
Rows read: 306
Columns: 4
Column names:
0: 0
1: 1
2: 2
3: 3

Done!
Splitting into training and test...
Done!
Constructing data matrices...
Done!
training corels
Done!
corelsTrainScore: 0.7704918032786885
corelsCvScore: 0.717391304347826
corelsTestScore: 0.7741935483870968
Parsing CSV...
Reading file: ../tmp/haberman.data
Done!
Rows read: 306
Columns: 4
Column names:
0: 0
1: 1
2: 2
3: 3

Done!
Splitting into training and test...
Done!
Constructing data matrices...
Done!
training corels
Done!
corelsTrainScore: 0.7595628415300546
corelsCvScore: 0.7282608695652174
corelsTestScore: 0.8064516129032258
Parsing CSV...
Reading file: ../tmp/haberman.data
Done!
Rows read: 306
Columns: 4
Column names:
0: 0
1: 1
2: 2
3: 3

Done!
Splitting into training and test...
Done!
Constructing data matrices...
Done!
training corels
Done!
corelsTrainScore: 0.7650273224043715
corelsCvScore: 0.6630434782608695
corelsTestScore: 0.7741935483870968
Parsing CSV...
Reading file: ../tmp/haberman.data
Done!
Rows read: 306
Columns: 4
Column names:
0: 0
1: 1
2: 2
3: 3

Done!
Splitting into training and test...
Done!
Constructing data matrices...
Done!
training corels
Done!
corelsTrainScore: 0.7759562841530054
corelsCvScore: 0.6847826086956522
corelsTestScore: 0.7096774193548387
Parsing CSV...
Reading file: ../tmp/haberman.data
Done!
Rows read: 306
Columns: 4
Column names:
0: 0
1: 1
2: 2
3: 3

Done!
Splitting into training and test...
Done!
Constructing data matrices...
Done!
training corels
Done!
corelsTrainScore: 0.7049180327868853
corelsCvScore: 0.7934782608695652
corelsTestScore: 0.8064516129032258
Averaged over 10 trials: corels train score: 0.7612021857923497
Averaged over 10 trials: corels cv score: 0.7173913043478262
Averaged over 10 trials: corels test score: 0.7258064516129032
