Parsing CSV...
Reading file: ../tmp/ilp.csv
Done!
Rows read: 583
Columns: 13
Column names:
0: 0
1: 2
2: 3
3: 4
4: 5
5: 6
6: 7
7: 8
8: 9
9: 10
10: 1_Female
11: 1_Male
12: 1_nan

Done!
Splitting into training and test...
Done!
Constructing data matrices...
Done!
training corels
Done!
corelsTrainScore: 0.7134670487106017
corelsCvScore: 0.7142857142857143
corelsTestScore: 0.711864406779661
Parsing CSV...
Reading file: ../tmp/ilp.csv
Done!
Rows read: 583
Columns: 13
Column names:
0: 0
1: 2
2: 3
3: 4
4: 5
5: 6
6: 7
7: 8
8: 9
9: 10
10: 1_Female
11: 1_Male
12: 1_nan

Done!
Splitting into training and test...
Done!
Constructing data matrices...
Done!
training corels
Done!
corelsTrainScore: 0.6962750716332379
corelsCvScore: 0.7428571428571429
corelsTestScore: 0.7288135593220338
Parsing CSV...
Reading file: ../tmp/ilp.csv
Done!
Rows read: 583
Columns: 13
Column names:
0: 0
1: 2
2: 3
3: 4
4: 5
5: 6
6: 7
7: 8
8: 9
9: 10
10: 1_Female
11: 1_Male
12: 1_nan

Done!
Splitting into training and test...
Done!
Constructing data matrices...
Done!
training corels
Done!
corelsTrainScore: 0.7163323782234957
corelsCvScore: 0.72
corelsTestScore: 0.6779661016949152
Parsing CSV...
Reading file: ../tmp/ilp.csv
Done!
Rows read: 583
Columns: 13
Column names:
0: 0
1: 2
2: 3
3: 4
4: 5
5: 6
6: 7
7: 8
8: 9
9: 10
10: 1_Female
11: 1_Male
12: 1_nan

Done!
Splitting into training and test...
Done!
Constructing data matrices...
Done!
training corels
Done!
corelsTrainScore: 0.7106017191977078
corelsCvScore: 0.68
corelsTestScore: 0.8305084745762712
Parsing CSV...
Reading file: ../tmp/ilp.csv
Done!
Rows read: 583
Columns: 13
Column names:
0: 0
1: 2
2: 3
3: 4
4: 5
5: 6
6: 7
7: 8
8: 9
9: 10
10: 1_Female
11: 1_Male
12: 1_nan

Done!
Splitting into training and test...
Done!
Constructing data matrices...
Done!
training corels
Done!
corelsTrainScore: 0.7191977077363897
corelsCvScore: 0.6971428571428572
corelsTestScore: 0.7288135593220338
Parsing CSV...
Reading file: ../tmp/ilp.csv
Done!
Rows read: 583
Columns: 13
Column names:
0: 0
1: 2
2: 3
3: 4
4: 5
5: 6
6: 7
7: 8
8: 9
9: 10
10: 1_Female
11: 1_Male
12: 1_nan

Done!
Splitting into training and test...
Done!
Constructing data matrices...
Done!
training corels
Done!
corelsTrainScore: 0.7191977077363897
corelsCvScore: 0.7371428571428571
corelsTestScore: 0.6101694915254238
Parsing CSV...
Reading file: ../tmp/ilp.csv
Done!
Rows read: 583
Columns: 13
Column names:
0: 0
1: 2
2: 3
3: 4
4: 5
5: 6
6: 7
7: 8
8: 9
9: 10
10: 1_Female
11: 1_Male
12: 1_nan

Done!
Splitting into training and test...
Done!
Constructing data matrices...
Done!
training corels
Done!
corelsTrainScore: 0.6848137535816619
corelsCvScore: 0.7771428571428571
corelsTestScore: 0.6949152542372882
Parsing CSV...
Reading file: ../tmp/ilp.csv
Done!
Rows read: 583
Columns: 13
Column names:
0: 0
1: 2
2: 3
3: 4
4: 5
5: 6
6: 7
7: 8
8: 9
9: 10
10: 1_Female
11: 1_Male
12: 1_nan

Done!
Splitting into training and test...
Done!
Constructing data matrices...
Done!
training corels
Done!
corelsTrainScore: 0.7163323782234957
corelsCvScore: 0.7085714285714285
corelsTestScore: 0.711864406779661
Parsing CSV...
Reading file: ../tmp/ilp.csv
Done!
Rows read: 583
Columns: 13
Column names:
0: 0
1: 2
2: 3
3: 4
4: 5
5: 6
6: 7
7: 8
8: 9
9: 10
10: 1_Female
11: 1_Male
12: 1_nan

Done!
Splitting into training and test...
Done!
Constructing data matrices...
Done!
training corels
Done!
corelsTrainScore: 0.7163323782234957
corelsCvScore: 0.7314285714285714
corelsTestScore: 0.6440677966101694
Parsing CSV...
Reading file: ../tmp/ilp.csv
Done!
Rows read: 583
Columns: 13
Column names:
0: 0
1: 2
2: 3
3: 4
4: 5
5: 6
6: 7
7: 8
8: 9
9: 10
10: 1_Female
11: 1_Male
12: 1_nan

Done!
Splitting into training and test...
Done!
Constructing data matrices...
Done!
training corels
Done!
corelsTrainScore: 0.7220630372492837
corelsCvScore: 0.68
corelsTestScore: 0.6610169491525424
Averaged over 10 trials: corels train score: 0.711461318051576
Averaged over 10 trials: corels cv score: 0.7188571428571429
Averaged over 10 trials: corels test score: 0.7
