Parsing CSV...
Reading file: ../tmp/mammographic_masses.data
Done!
Rows read: 961
Columns: 26
Column names:
0: 1
1: 5
2: 0_0
3: 0_2
4: 0_3
5: 0_4
6: 0_5
7: 0_55
8: 0_6
9: 0_nan
10: 2_1
11: 2_2
12: 2_3
13: 2_4
14: 2_nan
15: 3_1
16: 3_2
17: 3_3
18: 3_4
19: 3_5
20: 3_nan
21: 4_1
22: 4_2
23: 4_3
24: 4_4
25: 4_nan

Done!
Splitting into training and test...
Done!
Constructing data matrices...
Done!
training corels
Done!
corelsTrainScore: 0.8298611111111112
corelsCvScore: 0.8263888888888888
corelsTestScore: 0.8556701030927835
Parsing CSV...
Reading file: ../tmp/mammographic_masses.data
Done!
Rows read: 961
Columns: 26
Column names:
0: 1
1: 5
2: 0_0
3: 0_2
4: 0_3
5: 0_4
6: 0_5
7: 0_55
8: 0_6
9: 0_nan
10: 2_1
11: 2_2
12: 2_3
13: 2_4
14: 2_nan
15: 3_1
16: 3_2
17: 3_3
18: 3_4
19: 3_5
20: 3_nan
21: 4_1
22: 4_2
23: 4_3
24: 4_4
25: 4_nan

Done!
Splitting into training and test...
Done!
Constructing data matrices...
Done!
training corels
Done!
corelsTrainScore: 0.8246527777777778
corelsCvScore: 0.8298611111111112
corelsTestScore: 0.8762886597938144
Parsing CSV...
Reading file: ../tmp/mammographic_masses.data
Done!
Rows read: 961
Columns: 26
Column names:
0: 1
1: 5
2: 0_0
3: 0_2
4: 0_3
5: 0_4
6: 0_5
7: 0_55
8: 0_6
9: 0_nan
10: 2_1
11: 2_2
12: 2_3
13: 2_4
14: 2_nan
15: 3_1
16: 3_2
17: 3_3
18: 3_4
19: 3_5
20: 3_nan
21: 4_1
22: 4_2
23: 4_3
24: 4_4
25: 4_nan

Done!
Splitting into training and test...
Done!
Constructing data matrices...
Done!
training corels
Done!
corelsTrainScore: 0.8263888888888888
corelsCvScore: 0.8159722222222222
corelsTestScore: 0.845360824742268
Parsing CSV...
Reading file: ../tmp/mammographic_masses.data
Done!
Rows read: 961
Columns: 26
Column names:
0: 1
1: 5
2: 0_0
3: 0_2
4: 0_3
5: 0_4
6: 0_5
7: 0_55
8: 0_6
9: 0_nan
10: 2_1
11: 2_2
12: 2_3
13: 2_4
14: 2_nan
15: 3_1
16: 3_2
17: 3_3
18: 3_4
19: 3_5
20: 3_nan
21: 4_1
22: 4_2
23: 4_3
24: 4_4
25: 4_nan

Done!
Splitting into training and test...
Done!
Constructing data matrices...
Done!
training corels
Done!
corelsTrainScore: 0.828125
corelsCvScore: 0.8020833333333334
corelsTestScore: 0.7731958762886598
Parsing CSV...
Reading file: ../tmp/mammographic_masses.data
Done!
Rows read: 961
Columns: 26
Column names:
0: 1
1: 5
2: 0_0
3: 0_2
4: 0_3
5: 0_4
6: 0_5
7: 0_55
8: 0_6
9: 0_nan
10: 2_1
11: 2_2
12: 2_3
13: 2_4
14: 2_nan
15: 3_1
16: 3_2
17: 3_3
18: 3_4
19: 3_5
20: 3_nan
21: 4_1
22: 4_2
23: 4_3
24: 4_4
25: 4_nan

Done!
Splitting into training and test...
Done!
Constructing data matrices...
Done!
training corels
Done!
corelsTrainScore: 0.8454861111111112
corelsCvScore: 0.7847222222222222
corelsTestScore: 0.8247422680412371
Parsing CSV...
Reading file: ../tmp/mammographic_masses.data
Done!
Rows read: 961
Columns: 26
Column names:
0: 1
1: 5
2: 0_0
3: 0_2
4: 0_3
5: 0_4
6: 0_5
7: 0_55
8: 0_6
9: 0_nan
10: 2_1
11: 2_2
12: 2_3
13: 2_4
14: 2_nan
15: 3_1
16: 3_2
17: 3_3
18: 3_4
19: 3_5
20: 3_nan
21: 4_1
22: 4_2
23: 4_3
24: 4_4
25: 4_nan

Done!
Splitting into training and test...
Done!
Constructing data matrices...
Done!
training corels
Done!
corelsTrainScore: 0.8350694444444444
corelsCvScore: 0.8263888888888888
corelsTestScore: 0.8247422680412371
Parsing CSV...
Reading file: ../tmp/mammographic_masses.data
Done!
Rows read: 961
Columns: 26
Column names:
0: 1
1: 5
2: 0_0
3: 0_2
4: 0_3
5: 0_4
6: 0_5
7: 0_55
8: 0_6
9: 0_nan
10: 2_1
11: 2_2
12: 2_3
13: 2_4
14: 2_nan
15: 3_1
16: 3_2
17: 3_3
18: 3_4
19: 3_5
20: 3_nan
21: 4_1
22: 4_2
23: 4_3
24: 4_4
25: 4_nan

Done!
Splitting into training and test...
Done!
Constructing data matrices...
Done!
training corels
Done!
corelsTrainScore: 0.828125
corelsCvScore: 0.8090277777777778
corelsTestScore: 0.8556701030927835
Parsing CSV...
Reading file: ../tmp/mammographic_masses.data
Done!
Rows read: 961
Columns: 26
Column names:
0: 1
1: 5
2: 0_0
3: 0_2
4: 0_3
5: 0_4
6: 0_5
7: 0_55
8: 0_6
9: 0_nan
10: 2_1
11: 2_2
12: 2_3
13: 2_4
14: 2_nan
15: 3_1
16: 3_2
17: 3_3
18: 3_4
19: 3_5
20: 3_nan
21: 4_1
22: 4_2
23: 4_3
24: 4_4
25: 4_nan

Done!
Splitting into training and test...
Done!
Constructing data matrices...
Done!
training corels
Done!
corelsTrainScore: 0.8211805555555556
corelsCvScore: 0.8125
corelsTestScore: 0.8144329896907216
Parsing CSV...
Reading file: ../tmp/mammographic_masses.data
Done!
Rows read: 961
Columns: 26
Column names:
0: 1
1: 5
2: 0_0
3: 0_2
4: 0_3
5: 0_4
6: 0_5
7: 0_55
8: 0_6
9: 0_nan
10: 2_1
11: 2_2
12: 2_3
13: 2_4
14: 2_nan
15: 3_1
16: 3_2
17: 3_3
18: 3_4
19: 3_5
20: 3_nan
21: 4_1
22: 4_2
23: 4_3
24: 4_4
25: 4_nan

Done!
Splitting into training and test...
Done!
Constructing data matrices...
Done!
training corels
Done!
corelsTrainScore: 0.8263888888888888
corelsCvScore: 0.8506944444444444
corelsTestScore: 0.8041237113402062
Parsing CSV...
Reading file: ../tmp/mammographic_masses.data
Done!
Rows read: 961
Columns: 26
Column names:
0: 1
1: 5
2: 0_0
3: 0_2
4: 0_3
5: 0_4
6: 0_5
7: 0_55
8: 0_6
9: 0_nan
10: 2_1
11: 2_2
12: 2_3
13: 2_4
14: 2_nan
15: 3_1
16: 3_2
17: 3_3
18: 3_4
19: 3_5
20: 3_nan
21: 4_1
22: 4_2
23: 4_3
24: 4_4
25: 4_nan

Done!
Splitting into training and test...
Done!
Constructing data matrices...
Done!
training corels
Done!
corelsTrainScore: 0.828125
corelsCvScore: 0.84375
corelsTestScore: 0.8144329896907216
Averaged over 10 trials: corels train score: 0.8293402777777779
Averaged over 10 trials: corels cv score: 0.820138888888889
Averaged over 10 trials: corels test score: 0.8288659793814432
