Parsing CSV...
Reading file: ../tmp/monks-2-clean.csv
Done!
Rows read: 602
Columns: 28
Column names:
0: 0
1: 1_1
2: 1_2
3: 1_3
4: 1_nan
5: 2_1
6: 2_2
7: 2_3
8: 2_nan
9: 3_1
10: 3_2
11: 3_4
12: 3_nan
13: 4_1
14: 4_2
15: 4_3
16: 4_5
17: 4_nan
18: 5_1
19: 5_2
20: 5_3
21: 5_4
22: 5_6
23: 5_nan
24: 6_1
25: 6_2
26: 6_7
27: 6_nan

Done!
Splitting into training and test...
Done!
Constructing data matrices...
Done!
training corels
Done!
corelsTrainScore: 0.6638888888888889
corelsCvScore: 0.6408839779005525
corelsTestScore: 0.6721311475409836
Parsing CSV...
Reading file: ../tmp/monks-2-clean.csv
Done!
Rows read: 602
Columns: 28
Column names:
0: 0
1: 1_1
2: 1_2
3: 1_3
4: 1_nan
5: 2_1
6: 2_2
7: 2_3
8: 2_nan
9: 3_1
10: 3_2
11: 3_4
12: 3_nan
13: 4_1
14: 4_2
15: 4_3
16: 4_5
17: 4_nan
18: 5_1
19: 5_2
20: 5_3
21: 5_4
22: 5_6
23: 5_nan
24: 6_1
25: 6_2
26: 6_7
27: 6_nan

Done!
Splitting into training and test...
Done!
Constructing data matrices...
Done!
training corels
Done!
corelsTrainScore: 0.3277777777777778
corelsCvScore: 0.3756906077348066
corelsTestScore: 0.3442622950819672
Parsing CSV...
Reading file: ../tmp/monks-2-clean.csv
Done!
Rows read: 602
Columns: 28
Column names:
0: 0
1: 1_1
2: 1_2
3: 1_3
4: 1_nan
5: 2_1
6: 2_2
7: 2_3
8: 2_nan
9: 3_1
10: 3_2
11: 3_4
12: 3_nan
13: 4_1
14: 4_2
15: 4_3
16: 4_5
17: 4_nan
18: 5_1
19: 5_2
20: 5_3
21: 5_4
22: 5_6
23: 5_nan
24: 6_1
25: 6_2
26: 6_7
27: 6_nan

Done!
Splitting into training and test...
Done!
Constructing data matrices...
Done!
training corels
Done!
corelsTrainScore: 0.3194444444444444
corelsCvScore: 0.35911602209944754
corelsTestScore: 0.4426229508196721
Parsing CSV...
Reading file: ../tmp/monks-2-clean.csv
Done!
Rows read: 602
Columns: 28
Column names:
0: 0
1: 1_1
2: 1_2
3: 1_3
4: 1_nan
5: 2_1
6: 2_2
7: 2_3
8: 2_nan
9: 3_1
10: 3_2
11: 3_4
12: 3_nan
13: 4_1
14: 4_2
15: 4_3
16: 4_5
17: 4_nan
18: 5_1
19: 5_2
20: 5_3
21: 5_4
22: 5_6
23: 5_nan
24: 6_1
25: 6_2
26: 6_7
27: 6_nan

Done!
Splitting into training and test...
Done!
Constructing data matrices...
Done!
training corels
Done!
corelsTrainScore: 0.6722222222222223
corelsCvScore: 0.6077348066298343
corelsTestScore: 0.639344262295082
Parsing CSV...
Reading file: ../tmp/monks-2-clean.csv
Done!
Rows read: 602
Columns: 28
Column names:
0: 0
1: 1_1
2: 1_2
3: 1_3
4: 1_nan
5: 2_1
6: 2_2
7: 2_3
8: 2_nan
9: 3_1
10: 3_2
11: 3_4
12: 3_nan
13: 4_1
14: 4_2
15: 4_3
16: 4_5
17: 4_nan
18: 5_1
19: 5_2
20: 5_3
21: 5_4
22: 5_6
23: 5_nan
24: 6_1
25: 6_2
26: 6_7
27: 6_nan

Done!
Splitting into training and test...
Done!
Constructing data matrices...
Done!
training corels
Done!
corelsTrainScore: 0.33611111111111114
corelsCvScore: 0.35911602209944754
corelsTestScore: 0.3442622950819672
Parsing CSV...
Reading file: ../tmp/monks-2-clean.csv
Done!
Rows read: 602
Columns: 28
Column names:
0: 0
1: 1_1
2: 1_2
3: 1_3
4: 1_nan
5: 2_1
6: 2_2
7: 2_3
8: 2_nan
9: 3_1
10: 3_2
11: 3_4
12: 3_nan
13: 4_1
14: 4_2
15: 4_3
16: 4_5
17: 4_nan
18: 5_1
19: 5_2
20: 5_3
21: 5_4
22: 5_6
23: 5_nan
24: 6_1
25: 6_2
26: 6_7
27: 6_nan

Done!
Splitting into training and test...
Done!
Constructing data matrices...
Done!
training corels
Done!
corelsTrainScore: 0.3333333333333333
corelsCvScore: 0.35359116022099446
corelsTestScore: 0.3770491803278688
Parsing CSV...
Reading file: ../tmp/monks-2-clean.csv
Done!
Rows read: 602
Columns: 28
Column names:
0: 0
1: 1_1
2: 1_2
3: 1_3
4: 1_nan
5: 2_1
6: 2_2
7: 2_3
8: 2_nan
9: 3_1
10: 3_2
11: 3_4
12: 3_nan
13: 4_1
14: 4_2
15: 4_3
16: 4_5
17: 4_nan
18: 5_1
19: 5_2
20: 5_3
21: 5_4
22: 5_6
23: 5_nan
24: 6_1
25: 6_2
26: 6_7
27: 6_nan

Done!
Splitting into training and test...
Done!
Constructing data matrices...
Done!
training corels
Done!
corelsTrainScore: 0.6805555555555556
corelsCvScore: 0.6077348066298343
corelsTestScore: 0.6557377049180327
Parsing CSV...
Reading file: ../tmp/monks-2-clean.csv
Done!
Rows read: 602
Columns: 28
Column names:
0: 0
1: 1_1
2: 1_2
3: 1_3
4: 1_nan
5: 2_1
6: 2_2
7: 2_3
8: 2_nan
9: 3_1
10: 3_2
11: 3_4
12: 3_nan
13: 4_1
14: 4_2
15: 4_3
16: 4_5
17: 4_nan
18: 5_1
19: 5_2
20: 5_3
21: 5_4
22: 5_6
23: 5_nan
24: 6_1
25: 6_2
26: 6_7
27: 6_nan

Done!
Splitting into training and test...
Done!
Constructing data matrices...
Done!
training corels
Done!
corelsTrainScore: 0.6944444444444444
corelsCvScore: 0.6132596685082873
corelsTestScore: 0.5901639344262295
Parsing CSV...
Reading file: ../tmp/monks-2-clean.csv
Done!
Rows read: 602
Columns: 28
Column names:
0: 0
1: 1_1
2: 1_2
3: 1_3
4: 1_nan
5: 2_1
6: 2_2
7: 2_3
8: 2_nan
9: 3_1
10: 3_2
11: 3_4
12: 3_nan
13: 4_1
14: 4_2
15: 4_3
16: 4_5
17: 4_nan
18: 5_1
19: 5_2
20: 5_3
21: 5_4
22: 5_6
23: 5_nan
24: 6_1
25: 6_2
26: 6_7
27: 6_nan

Done!
Splitting into training and test...
Done!
Constructing data matrices...
Done!
training corels
Done!
corelsTrainScore: 0.3388888888888889
corelsCvScore: 0.35359116022099446
corelsTestScore: 0.3442622950819672
Parsing CSV...
Reading file: ../tmp/monks-2-clean.csv
Done!
Rows read: 602
Columns: 28
Column names:
0: 0
1: 1_1
2: 1_2
3: 1_3
4: 1_nan
5: 2_1
6: 2_2
7: 2_3
8: 2_nan
9: 3_1
10: 3_2
11: 3_4
12: 3_nan
13: 4_1
14: 4_2
15: 4_3
16: 4_5
17: 4_nan
18: 5_1
19: 5_2
20: 5_3
21: 5_4
22: 5_6
23: 5_nan
24: 6_1
25: 6_2
26: 6_7
27: 6_nan

Done!
Splitting into training and test...
Done!
Constructing data matrices...
Done!
training corels
Done!
corelsTrainScore: 0.6666666666666666
corelsCvScore: 0.6353591160220995
corelsTestScore: 0.5737704918032787
Averaged over 10 trials: corels train score: 0.5033333333333334
Averaged over 10 trials: corels cv score: 0.4906077348066299
Averaged over 10 trials: corels test score: 0.49836065573770494
