Parsing CSV...
Reading file: ../tmp/onehr.data
Done!
Rows read: 2536
Columns: 73
Column names:
0: 0
1: 1
2: 2
3: 3
4: 4
5: 5
6: 6
7: 7
8: 8
9: 9
10: 10
11: 11
12: 12
13: 13
14: 14
15: 15
16: 16
17: 17
18: 18
19: 19
20: 20
21: 21
22: 22
23: 23
24: 24
25: 25
26: 26
27: 27
28: 28
29: 29
30: 30
31: 31
32: 32
33: 33
34: 34
35: 35
36: 36
37: 37
38: 38
39: 39
40: 40
41: 41
42: 42
43: 43
44: 44
45: 45
46: 46
47: 47
48: 48
49: 49
50: 50
51: 51
52: 52
53: 53
54: 54
55: 55
56: 56
57: 57
58: 58
59: 59
60: 60
61: 61
62: 62
63: 63
64: 64
65: 65
66: 66
67: 67
68: 68
69: 69
70: 70
71: 71
72: 72

Done!
Splitting into training and test...
Done!
Constructing data matrices...
Done!
training corels
Done!
corelsTrainScore: 0.9710716633793557
corelsCvScore: 0.9710906701708278
corelsTestScore: 0.9724409448818898
Parsing CSV...
Reading file: ../tmp/onehr.data
Done!
Rows read: 2536
Columns: 73
Column names:
0: 0
1: 1
2: 2
3: 3
4: 4
5: 5
6: 6
7: 7
8: 8
9: 9
10: 10
11: 11
12: 12
13: 13
14: 14
15: 15
16: 16
17: 17
18: 18
19: 19
20: 20
21: 21
22: 22
23: 23
24: 24
25: 25
26: 26
27: 27
28: 28
29: 29
30: 30
31: 31
32: 32
33: 33
34: 34
35: 35
36: 36
37: 37
38: 38
39: 39
40: 40
41: 41
42: 42
43: 43
44: 44
45: 45
46: 46
47: 47
48: 48
49: 49
50: 50
51: 51
52: 52
53: 53
54: 54
55: 55
56: 56
57: 57
58: 58
59: 59
60: 60
61: 61
62: 62
63: 63
64: 64
65: 65
66: 66
67: 67
68: 68
69: 69
70: 70
71: 71
72: 72

Done!
Splitting into training and test...
Done!
Constructing data matrices...
Done!
training corels
Done!
corelsTrainScore: 0.9690992767915845
corelsCvScore: 0.9750328515111695
corelsTestScore: 0.9724409448818898
Parsing CSV...
Reading file: ../tmp/onehr.data
Done!
Rows read: 2536
Columns: 73
Column names:
0: 0
1: 1
2: 2
3: 3
4: 4
5: 5
6: 6
7: 7
8: 8
9: 9
10: 10
11: 11
12: 12
13: 13
14: 14
15: 15
16: 16
17: 17
18: 18
19: 19
20: 20
21: 21
22: 22
23: 23
24: 24
25: 25
26: 26
27: 27
28: 28
29: 29
30: 30
31: 31
32: 32
33: 33
34: 34
35: 35
36: 36
37: 37
38: 38
39: 39
40: 40
41: 41
42: 42
43: 43
44: 44
45: 45
46: 46
47: 47
48: 48
49: 49
50: 50
51: 51
52: 52
53: 53
54: 54
55: 55
56: 56
57: 57
58: 58
59: 59
60: 60
61: 61
62: 62
63: 63
64: 64
65: 65
66: 66
67: 67
68: 68
69: 69
70: 70
71: 71
72: 72

Done!
Splitting into training and test...
Done!
Constructing data matrices...
Done!
training corels
Done!
corelsTrainScore: 0.9737015121630507
corelsCvScore: 0.9724047306176085
corelsTestScore: 0.952755905511811
Parsing CSV...
Reading file: ../tmp/onehr.data
Done!
Rows read: 2536
Columns: 73
Column names:
0: 0
1: 1
2: 2
3: 3
4: 4
5: 5
6: 6
7: 7
8: 8
9: 9
10: 10
11: 11
12: 12
13: 13
14: 14
15: 15
16: 16
17: 17
18: 18
19: 19
20: 20
21: 21
22: 22
23: 23
24: 24
25: 25
26: 26
27: 27
28: 28
29: 29
30: 30
31: 31
32: 32
33: 33
34: 34
35: 35
36: 36
37: 37
38: 38
39: 39
40: 40
41: 41
42: 42
43: 43
44: 44
45: 45
46: 46
47: 47
48: 48
49: 49
50: 50
51: 51
52: 52
53: 53
54: 54
55: 55
56: 56
57: 57
58: 58
59: 59
60: 60
61: 61
62: 62
63: 63
64: 64
65: 65
66: 66
67: 67
68: 68
69: 69
70: 70
71: 71
72: 72

Done!
Splitting into training and test...
Done!
Constructing data matrices...
Done!
training corels
Done!
corelsTrainScore: 0.9737015121630507
corelsCvScore: 0.9658344283837057
corelsTestScore: 0.9724409448818898
Parsing CSV...
Reading file: ../tmp/onehr.data
Done!
Rows read: 2536
Columns: 73
Column names:
0: 0
1: 1
2: 2
3: 3
4: 4
5: 5
6: 6
7: 7
8: 8
9: 9
10: 10
11: 11
12: 12
13: 13
14: 14
15: 15
16: 16
17: 17
18: 18
19: 19
20: 20
21: 21
22: 22
23: 23
24: 24
25: 25
26: 26
27: 27
28: 28
29: 29
30: 30
31: 31
32: 32
33: 33
34: 34
35: 35
36: 36
37: 37
38: 38
39: 39
40: 40
41: 41
42: 42
43: 43
44: 44
45: 45
46: 46
47: 47
48: 48
49: 49
50: 50
51: 51
52: 52
53: 53
54: 54
55: 55
56: 56
57: 57
58: 58
59: 59
60: 60
61: 61
62: 62
63: 63
64: 64
65: 65
66: 66
67: 67
68: 68
69: 69
70: 70
71: 71
72: 72

Done!
Splitting into training and test...
Done!
Constructing data matrices...
Done!
training corels
Done!
corelsTrainScore: 0.9743589743589743
corelsCvScore: 0.9684625492772667
corelsTestScore: 0.9606299212598425
Parsing CSV...
Reading file: ../tmp/onehr.data
Done!
Rows read: 2536
Columns: 73
Column names:
0: 0
1: 1
2: 2
3: 3
4: 4
5: 5
6: 6
7: 7
8: 8
9: 9
10: 10
11: 11
12: 12
13: 13
14: 14
15: 15
16: 16
17: 17
18: 18
19: 19
20: 20
21: 21
22: 22
23: 23
24: 24
25: 25
26: 26
27: 27
28: 28
29: 29
30: 30
31: 31
32: 32
33: 33
34: 34
35: 35
36: 36
37: 37
38: 38
39: 39
40: 40
41: 41
42: 42
43: 43
44: 44
45: 45
46: 46
47: 47
48: 48
49: 49
50: 50
51: 51
52: 52
53: 53
54: 54
55: 55
56: 56
57: 57
58: 58
59: 59
60: 60
61: 61
62: 62
63: 63
64: 64
65: 65
66: 66
67: 67
68: 68
69: 69
70: 70
71: 71
72: 72

Done!
Splitting into training and test...
Done!
Constructing data matrices...
Done!
training corels
Done!
corelsTrainScore: 0.9710716633793557
corelsCvScore: 0.9724047306176085
corelsTestScore: 0.968503937007874
Parsing CSV...
Reading file: ../tmp/onehr.data
Done!
Rows read: 2536
Columns: 73
Column names:
0: 0
1: 1
2: 2
3: 3
4: 4
5: 5
6: 6
7: 7
8: 8
9: 9
10: 10
11: 11
12: 12
13: 13
14: 14
15: 15
16: 16
17: 17
18: 18
19: 19
20: 20
21: 21
22: 22
23: 23
24: 24
25: 25
26: 26
27: 27
28: 28
29: 29
30: 30
31: 31
32: 32
33: 33
34: 34
35: 35
36: 36
37: 37
38: 38
39: 39
40: 40
41: 41
42: 42
43: 43
44: 44
45: 45
46: 46
47: 47
48: 48
49: 49
50: 50
51: 51
52: 52
53: 53
54: 54
55: 55
56: 56
57: 57
58: 58
59: 59
60: 60
61: 61
62: 62
63: 63
64: 64
65: 65
66: 66
67: 67
68: 68
69: 69
70: 70
71: 71
72: 72

Done!
Splitting into training and test...
Done!
Constructing data matrices...
Done!
training corels
Done!
corelsTrainScore: 0.9710716633793557
corelsCvScore: 0.9750328515111695
corelsTestScore: 0.9606299212598425
Parsing CSV...
Reading file: ../tmp/onehr.data
Done!
Rows read: 2536
Columns: 73
Column names:
0: 0
1: 1
2: 2
3: 3
4: 4
5: 5
6: 6
7: 7
8: 8
9: 9
10: 10
11: 11
12: 12
13: 13
14: 14
15: 15
16: 16
17: 17
18: 18
19: 19
20: 20
21: 21
22: 22
23: 23
24: 24
25: 25
26: 26
27: 27
28: 28
29: 29
30: 30
31: 31
32: 32
33: 33
34: 34
35: 35
36: 36
37: 37
38: 38
39: 39
40: 40
41: 41
42: 42
43: 43
44: 44
45: 45
46: 46
47: 47
48: 48
49: 49
50: 50
51: 51
52: 52
53: 53
54: 54
55: 55
56: 56
57: 57
58: 58
59: 59
60: 60
61: 61
62: 62
63: 63
64: 64
65: 65
66: 66
67: 67
68: 68
69: 69
70: 70
71: 71
72: 72

Done!
Splitting into training and test...
Done!
Constructing data matrices...
Done!
training corels
Done!
corelsTrainScore: 0.9730440499671269
corelsCvScore: 0.973718791064389
corelsTestScore: 0.952755905511811
Parsing CSV...
Reading file: ../tmp/onehr.data
Done!
Rows read: 2536
Columns: 73
Column names:
0: 0
1: 1
2: 2
3: 3
4: 4
5: 5
6: 6
7: 7
8: 8
9: 9
10: 10
11: 11
12: 12
13: 13
14: 14
15: 15
16: 16
17: 17
18: 18
19: 19
20: 20
21: 21
22: 22
23: 23
24: 24
25: 25
26: 26
27: 27
28: 28
29: 29
30: 30
31: 31
32: 32
33: 33
34: 34
35: 35
36: 36
37: 37
38: 38
39: 39
40: 40
41: 41
42: 42
43: 43
44: 44
45: 45
46: 46
47: 47
48: 48
49: 49
50: 50
51: 51
52: 52
53: 53
54: 54
55: 55
56: 56
57: 57
58: 58
59: 59
60: 60
61: 61
62: 62
63: 63
64: 64
65: 65
66: 66
67: 67
68: 68
69: 69
70: 70
71: 71
72: 72

Done!
Splitting into training and test...
Done!
Constructing data matrices...
Done!
training corels
Done!
corelsTrainScore: 0.9730440499671269
corelsCvScore: 0.961892247043364
corelsTestScore: 0.9881889763779528
Parsing CSV...
Reading file: ../tmp/onehr.data
Done!
Rows read: 2536
Columns: 73
Column names:
0: 0
1: 1
2: 2
3: 3
4: 4
5: 5
6: 6
7: 7
8: 8
9: 9
10: 10
11: 11
12: 12
13: 13
14: 14
15: 15
16: 16
17: 17
18: 18
19: 19
20: 20
21: 21
22: 22
23: 23
24: 24
25: 25
26: 26
27: 27
28: 28
29: 29
30: 30
31: 31
32: 32
33: 33
34: 34
35: 35
36: 36
37: 37
38: 38
39: 39
40: 40
41: 41
42: 42
43: 43
44: 44
45: 45
46: 46
47: 47
48: 48
49: 49
50: 50
51: 51
52: 52
53: 53
54: 54
55: 55
56: 56
57: 57
58: 58
59: 59
60: 60
61: 61
62: 62
63: 63
64: 64
65: 65
66: 66
67: 67
68: 68
69: 69
70: 70
71: 71
72: 72

Done!
Splitting into training and test...
Done!
Constructing data matrices...
Done!
training corels
Done!
corelsTrainScore: 0.9684418145956607
corelsCvScore: 0.9724047306176085
corelsTestScore: 0.984251968503937
Averaged over 10 trials: corels train score: 0.9718606180144642
Averaged over 10 trials: corels cv score: 0.9708278580814718
Averaged over 10 trials: corels test score: 0.9685039370078741
