Parsing CSV...
Reading file: ../tmp/parkinsons.data
Done!
Rows read: 195
Columns: 23
Column names:
0: 0
1: 1
2: 2
3: 3
4: 4
5: 5
6: 6
7: 7
8: 8
9: 9
10: 10
11: 11
12: 12
13: 13
14: 14
15: 15
16: 16
17: 17
18: 18
19: 19
20: 20
21: 21
22: 22

Done!
Splitting into training and test...
Done!
Constructing data matrices...
Done!
training corels
Done!
corelsTrainScore: 0.8275862068965517
corelsCvScore: 0.6949152542372882
corelsTestScore: 0.65
Parsing CSV...
Reading file: ../tmp/parkinsons.data
Done!
Rows read: 195
Columns: 23
Column names:
0: 0
1: 1
2: 2
3: 3
4: 4
5: 5
6: 6
7: 7
8: 8
9: 9
10: 10
11: 11
12: 12
13: 13
14: 14
15: 15
16: 16
17: 17
18: 18
19: 19
20: 20
21: 21
22: 22

Done!
Splitting into training and test...
Done!
Constructing data matrices...
Done!
training corels
Done!
corelsTrainScore: 0.8620689655172413
corelsCvScore: 0.8305084745762712
corelsTestScore: 0.7
Parsing CSV...
Reading file: ../tmp/parkinsons.data
Done!
Rows read: 195
Columns: 23
Column names:
0: 0
1: 1
2: 2
3: 3
4: 4
5: 5
6: 6
7: 7
8: 8
9: 9
10: 10
11: 11
12: 12
13: 13
14: 14
15: 15
16: 16
17: 17
18: 18
19: 19
20: 20
21: 21
22: 22

Done!
Splitting into training and test...
Done!
Constructing data matrices...
Done!
training corels
Done!
corelsTrainScore: 0.8706896551724138
corelsCvScore: 0.8813559322033898
corelsTestScore: 0.75
Parsing CSV...
Reading file: ../tmp/parkinsons.data
Done!
Rows read: 195
Columns: 23
Column names:
0: 0
1: 1
2: 2
3: 3
4: 4
5: 5
6: 6
7: 7
8: 8
9: 9
10: 10
11: 11
12: 12
13: 13
14: 14
15: 15
16: 16
17: 17
18: 18
19: 19
20: 20
21: 21
22: 22

Done!
Splitting into training and test...
Done!
Constructing data matrices...
Done!
training corels
Done!
corelsTrainScore: 0.8362068965517241
corelsCvScore: 0.8983050847457628
corelsTestScore: 0.85
Parsing CSV...
Reading file: ../tmp/parkinsons.data
Done!
Rows read: 195
Columns: 23
Column names:
0: 0
1: 1
2: 2
3: 3
4: 4
5: 5
6: 6
7: 7
8: 8
9: 9
10: 10
11: 11
12: 12
13: 13
14: 14
15: 15
16: 16
17: 17
18: 18
19: 19
20: 20
21: 21
22: 22

Done!
Splitting into training and test...
Done!
Constructing data matrices...
Done!
training corels
Done!
corelsTrainScore: 0.8448275862068966
corelsCvScore: 0.711864406779661
corelsTestScore: 0.8
Parsing CSV...
Reading file: ../tmp/parkinsons.data
Done!
Rows read: 195
Columns: 23
Column names:
0: 0
1: 1
2: 2
3: 3
4: 4
5: 5
6: 6
7: 7
8: 8
9: 9
10: 10
11: 11
12: 12
13: 13
14: 14
15: 15
16: 16
17: 17
18: 18
19: 19
20: 20
21: 21
22: 22

Done!
Splitting into training and test...
Done!
Constructing data matrices...
Done!
training corels
Done!
corelsTrainScore: 0.8879310344827587
corelsCvScore: 0.7796610169491526
corelsTestScore: 0.8
Parsing CSV...
Reading file: ../tmp/parkinsons.data
Done!
Rows read: 195
Columns: 23
Column names:
0: 0
1: 1
2: 2
3: 3
4: 4
5: 5
6: 6
7: 7
8: 8
9: 9
10: 10
11: 11
12: 12
13: 13
14: 14
15: 15
16: 16
17: 17
18: 18
19: 19
20: 20
21: 21
22: 22

Done!
Splitting into training and test...
Done!
Constructing data matrices...
Done!
training corels
Done!
corelsTrainScore: 0.8362068965517241
corelsCvScore: 0.9152542372881356
corelsTestScore: 0.85
Parsing CSV...
Reading file: ../tmp/parkinsons.data
Done!
Rows read: 195
Columns: 23
Column names:
0: 0
1: 1
2: 2
3: 3
4: 4
5: 5
6: 6
7: 7
8: 8
9: 9
10: 10
11: 11
12: 12
13: 13
14: 14
15: 15
16: 16
17: 17
18: 18
19: 19
20: 20
21: 21
22: 22

Done!
Splitting into training and test...
Done!
Constructing data matrices...
Done!
training corels
Done!
corelsTrainScore: 0.8620689655172413
corelsCvScore: 0.8305084745762712
corelsTestScore: 0.75
Parsing CSV...
Reading file: ../tmp/parkinsons.data
Done!
Rows read: 195
Columns: 23
Column names:
0: 0
1: 1
2: 2
3: 3
4: 4
5: 5
6: 6
7: 7
8: 8
9: 9
10: 10
11: 11
12: 12
13: 13
14: 14
15: 15
16: 16
17: 17
18: 18
19: 19
20: 20
21: 21
22: 22

Done!
Splitting into training and test...
Done!
Constructing data matrices...
Done!
training corels
Done!
corelsTrainScore: 0.8793103448275862
corelsCvScore: 0.8305084745762712
corelsTestScore: 0.8
Parsing CSV...
Reading file: ../tmp/parkinsons.data
Done!
Rows read: 195
Columns: 23
Column names:
0: 0
1: 1
2: 2
3: 3
4: 4
5: 5
6: 6
7: 7
8: 8
9: 9
10: 10
11: 11
12: 12
13: 13
14: 14
15: 15
16: 16
17: 17
18: 18
19: 19
20: 20
21: 21
22: 22

Done!
Splitting into training and test...
Done!
Constructing data matrices...
Done!
training corels
Done!
corelsTrainScore: 0.8793103448275862
corelsCvScore: 0.6610169491525424
corelsTestScore: 0.85
Averaged over 10 trials: corels train score: 0.8586206896551725
Averaged over 10 trials: corels cv score: 0.8033898305084748
Averaged over 10 trials: corels test score: 0.7799999999999999
