Parsing CSV...
Reading file: ../tmp/pima-indians-diabetes.csv
Done!
Rows read: 768
Columns: 9
Column names:
0: 0
1: 1
2: 2
3: 3
4: 4
5: 5
6: 6
7: 7
8: 8

Done!
Splitting into training and test...
Done!
Constructing data matrices...
Done!
training corels
Done!
corelsTrainScore: 0.7391304347826086
corelsCvScore: 0.7012987012987013
corelsTestScore: 0.7662337662337663
Parsing CSV...
Reading file: ../tmp/pima-indians-diabetes.csv
Done!
Rows read: 768
Columns: 9
Column names:
0: 0
1: 1
2: 2
3: 3
4: 4
5: 5
6: 6
7: 7
8: 8

Done!
Splitting into training and test...
Done!
Constructing data matrices...
Done!
training corels
Done!
corelsTrainScore: 0.7543478260869565
corelsCvScore: 0.70995670995671
corelsTestScore: 0.6883116883116883
Parsing CSV...
Reading file: ../tmp/pima-indians-diabetes.csv
Done!
Rows read: 768
Columns: 9
Column names:
0: 0
1: 1
2: 2
3: 3
4: 4
5: 5
6: 6
7: 7
8: 8

Done!
Splitting into training and test...
Done!
Constructing data matrices...
Done!
training corels
Done!
corelsTrainScore: 0.7434782608695653
corelsCvScore: 0.7359307359307359
corelsTestScore: 0.7142857142857143
Parsing CSV...
Reading file: ../tmp/pima-indians-diabetes.csv
Done!
Rows read: 768
Columns: 9
Column names:
0: 0
1: 1
2: 2
3: 3
4: 4
5: 5
6: 6
7: 7
8: 8

Done!
Splitting into training and test...
Done!
Constructing data matrices...
Done!
training corels
Done!
corelsTrainScore: 0.7434782608695653
corelsCvScore: 0.7186147186147186
corelsTestScore: 0.7142857142857143
Parsing CSV...
Reading file: ../tmp/pima-indians-diabetes.csv
Done!
Rows read: 768
Columns: 9
Column names:
0: 0
1: 1
2: 2
3: 3
4: 4
5: 5
6: 6
7: 7
8: 8

Done!
Splitting into training and test...
Done!
Constructing data matrices...
Done!
training corels
Done!
corelsTrainScore: 0.7347826086956522
corelsCvScore: 0.7359307359307359
corelsTestScore: 0.7142857142857143
Parsing CSV...
Reading file: ../tmp/pima-indians-diabetes.csv
Done!
Rows read: 768
Columns: 9
Column names:
0: 0
1: 1
2: 2
3: 3
4: 4
5: 5
6: 6
7: 7
8: 8

Done!
Splitting into training and test...
Done!
Constructing data matrices...
Done!
training corels
Done!
corelsTrainScore: 0.7369565217391304
corelsCvScore: 0.7186147186147186
corelsTestScore: 0.7272727272727273
Parsing CSV...
Reading file: ../tmp/pima-indians-diabetes.csv
Done!
Rows read: 768
Columns: 9
Column names:
0: 0
1: 1
2: 2
3: 3
4: 4
5: 5
6: 6
7: 7
8: 8

Done!
Splitting into training and test...
Done!
Constructing data matrices...
Done!
training corels
Done!
corelsTrainScore: 0.7521739130434782
corelsCvScore: 0.670995670995671
corelsTestScore: 0.6883116883116883
Parsing CSV...
Reading file: ../tmp/pima-indians-diabetes.csv
Done!
Rows read: 768
Columns: 9
Column names:
0: 0
1: 1
2: 2
3: 3
4: 4
5: 5
6: 6
7: 7
8: 8

Done!
Splitting into training and test...
Done!
Constructing data matrices...
Done!
training corels
Done!
corelsTrainScore: 0.7456521739130435
corelsCvScore: 0.7142857142857143
corelsTestScore: 0.7142857142857143
Parsing CSV...
Reading file: ../tmp/pima-indians-diabetes.csv
Done!
Rows read: 768
Columns: 9
Column names:
0: 0
1: 1
2: 2
3: 3
4: 4
5: 5
6: 6
7: 7
8: 8

Done!
Splitting into training and test...
Done!
Constructing data matrices...
Done!
training corels
Done!
corelsTrainScore: 0.7521739130434782
corelsCvScore: 0.6883116883116883
corelsTestScore: 0.7402597402597403
Parsing CSV...
Reading file: ../tmp/pima-indians-diabetes.csv
Done!
Rows read: 768
Columns: 9
Column names:
0: 0
1: 1
2: 2
3: 3
4: 4
5: 5
6: 6
7: 7
8: 8

Done!
Splitting into training and test...
Done!
Constructing data matrices...
Done!
training corels
Done!
corelsTrainScore: 0.7326086956521739
corelsCvScore: 0.7402597402597403
corelsTestScore: 0.7532467532467533
Averaged over 10 trials: corels train score: 0.7434782608695653
Averaged over 10 trials: corels cv score: 0.7134199134199134
Averaged over 10 trials: corels test score: 0.7220779220779221
