Parsing CSV...
Reading file: ../tmp/plrx.txt
Done!
Rows read: 182
Columns: 13
Column names:
0: 0
1: 1
2: 2
3: 3
4: 4
5: 5
6: 6
7: 7
8: 8
9: 9
10: 10
11: 11
12: 12

Done!
Splitting into training and test...
Done!
Constructing data matrices...
Done!
training corels
Done!
corelsTrainScore: 0.7777777777777778
corelsCvScore: 0.6909090909090909
corelsTestScore: 0.631578947368421
Parsing CSV...
Reading file: ../tmp/plrx.txt
Done!
Rows read: 182
Columns: 13
Column names:
0: 0
1: 1
2: 2
3: 3
4: 4
5: 5
6: 6
7: 7
8: 8
9: 9
10: 10
11: 11
12: 12

Done!
Splitting into training and test...
Done!
Constructing data matrices...
Done!
training corels
Done!
corelsTrainScore: 0.7870370370370371
corelsCvScore: 0.7454545454545455
corelsTestScore: 0.47368421052631576
Parsing CSV...
Reading file: ../tmp/plrx.txt
Done!
Rows read: 182
Columns: 13
Column names:
0: 0
1: 1
2: 2
3: 3
4: 4
5: 5
6: 6
7: 7
8: 8
9: 9
10: 10
11: 11
12: 12

Done!
Splitting into training and test...
Done!
Constructing data matrices...
Done!
training corels
Done!
corelsTrainScore: 0.7777777777777778
corelsCvScore: 0.6727272727272727
corelsTestScore: 0.6842105263157895
Parsing CSV...
Reading file: ../tmp/plrx.txt
Done!
Rows read: 182
Columns: 13
Column names:
0: 0
1: 1
2: 2
3: 3
4: 4
5: 5
6: 6
7: 7
8: 8
9: 9
10: 10
11: 11
12: 12

Done!
Splitting into training and test...
Done!
Constructing data matrices...
Done!
training corels
Done!
corelsTrainScore: 0.75
corelsCvScore: 0.6363636363636364
corelsTestScore: 0.8421052631578947
Parsing CSV...
Reading file: ../tmp/plrx.txt
Done!
Rows read: 182
Columns: 13
Column names:
0: 0
1: 1
2: 2
3: 3
4: 4
5: 5
6: 6
7: 7
8: 8
9: 9
10: 10
11: 11
12: 12

Done!
Splitting into training and test...
Done!
Constructing data matrices...
Done!
training corels
Done!
corelsTrainScore: 0.7037037037037037
corelsCvScore: 0.7454545454545455
corelsTestScore: 0.7894736842105263
Parsing CSV...
Reading file: ../tmp/plrx.txt
Done!
Rows read: 182
Columns: 13
Column names:
0: 0
1: 1
2: 2
3: 3
4: 4
5: 5
6: 6
7: 7
8: 8
9: 9
10: 10
11: 11
12: 12

Done!
Splitting into training and test...
Done!
Constructing data matrices...
Done!
training corels
Done!
corelsTrainScore: 0.7314814814814815
corelsCvScore: 0.7454545454545455
corelsTestScore: 0.7368421052631579
Parsing CSV...
Reading file: ../tmp/plrx.txt
Done!
Rows read: 182
Columns: 13
Column names:
0: 0
1: 1
2: 2
3: 3
4: 4
5: 5
6: 6
7: 7
8: 8
9: 9
10: 10
11: 11
12: 12

Done!
Splitting into training and test...
Done!
Constructing data matrices...
Done!
training corels
Done!
corelsTrainScore: 0.7870370370370371
corelsCvScore: 0.6545454545454545
corelsTestScore: 0.6842105263157895
Parsing CSV...
Reading file: ../tmp/plrx.txt
Done!
Rows read: 182
Columns: 13
Column names:
0: 0
1: 1
2: 2
3: 3
4: 4
5: 5
6: 6
7: 7
8: 8
9: 9
10: 10
11: 11
12: 12

Done!
Splitting into training and test...
Done!
Constructing data matrices...
Done!
training corels
Done!
corelsTrainScore: 0.7314814814814815
corelsCvScore: 0.6545454545454545
corelsTestScore: 0.631578947368421
Parsing CSV...
Reading file: ../tmp/plrx.txt
Done!
Rows read: 182
Columns: 13
Column names:
0: 0
1: 1
2: 2
3: 3
4: 4
5: 5
6: 6
7: 7
8: 8
9: 9
10: 10
11: 11
12: 12

Done!
Splitting into training and test...
Done!
Constructing data matrices...
Done!
training corels
Done!
corelsTrainScore: 0.7870370370370371
corelsCvScore: 0.6909090909090909
corelsTestScore: 0.5789473684210527
Parsing CSV...
Reading file: ../tmp/plrx.txt
Done!
Rows read: 182
Columns: 13
Column names:
0: 0
1: 1
2: 2
3: 3
4: 4
5: 5
6: 6
7: 7
8: 8
9: 9
10: 10
11: 11
12: 12

Done!
Splitting into training and test...
Done!
Constructing data matrices...
Done!
training corels
Done!
corelsTrainScore: 0.7129629629629629
corelsCvScore: 0.7454545454545455
corelsTestScore: 0.7368421052631579
Averaged over 10 trials: corels train score: 0.7546296296296297
Averaged over 10 trials: corels cv score: 0.6981818181818181
Averaged over 10 trials: corels test score: 0.6789473684210525
