Parsing CSV...
Reading file: ../tmp/seismic-bumps.arff
Done!
Rows read: 2584
Columns: 29
Column names:
0: 3
1: 4
2: 5
3: 6
4: 8
5: 9
6: 10
7: 11
8: 12
9: 13
10: 14
11: 15
12: 16
13: 17
14: 18
15: 0_a
16: 0_b
17: 0_nan
18: 1_a
19: 1_b
20: 1_c
21: 1_nan
22: 2_N
23: 2_W
24: 2_nan
25: 7_a
26: 7_b
27: 7_c
28: 7_nan

Done!
Splitting into training and test...
Done!
Constructing data matrices...
Done!
training corels
Done!
corelsTrainScore: 0.9335483870967742
corelsCvScore: 0.9380645161290323
corelsTestScore: 0.9266409266409267
Parsing CSV...
Reading file: ../tmp/seismic-bumps.arff
Done!
Rows read: 2584
Columns: 29
Column names:
0: 3
1: 4
2: 5
3: 6
4: 8
5: 9
6: 10
7: 11
8: 12
9: 13
10: 14
11: 15
12: 16
13: 17
14: 18
15: 0_a
16: 0_b
17: 0_nan
18: 1_a
19: 1_b
20: 1_c
21: 1_nan
22: 2_N
23: 2_W
24: 2_nan
25: 7_a
26: 7_b
27: 7_c
28: 7_nan

Done!
Splitting into training and test...
Done!
Constructing data matrices...
Done!
training corels
Done!
corelsTrainScore: 0.9316129032258065
corelsCvScore: 0.9341935483870968
corelsTestScore: 0.9498069498069498
Parsing CSV...
Reading file: ../tmp/seismic-bumps.arff
Done!
Rows read: 2584
Columns: 29
Column names:
0: 3
1: 4
2: 5
3: 6
4: 8
5: 9
6: 10
7: 11
8: 12
9: 13
10: 14
11: 15
12: 16
13: 17
14: 18
15: 0_a
16: 0_b
17: 0_nan
18: 1_a
19: 1_b
20: 1_c
21: 1_nan
22: 2_N
23: 2_W
24: 2_nan
25: 7_a
26: 7_b
27: 7_c
28: 7_nan

Done!
Splitting into training and test...
Done!
Constructing data matrices...
Done!
training corels
Done!
corelsTrainScore: 0.9335483870967742
corelsCvScore: 0.9316129032258065
corelsTestScore: 0.9459459459459459
Parsing CSV...
Reading file: ../tmp/seismic-bumps.arff
Done!
Rows read: 2584
Columns: 29
Column names:
0: 3
1: 4
2: 5
3: 6
4: 8
5: 9
6: 10
7: 11
8: 12
9: 13
10: 14
11: 15
12: 16
13: 17
14: 18
15: 0_a
16: 0_b
17: 0_nan
18: 1_a
19: 1_b
20: 1_c
21: 1_nan
22: 2_N
23: 2_W
24: 2_nan
25: 7_a
26: 7_b
27: 7_c
28: 7_nan

Done!
Splitting into training and test...
Done!
Constructing data matrices...
Done!
training corels
Done!
corelsTrainScore: 0.9354838709677419
corelsCvScore: 0.9354838709677419
corelsTestScore: 0.9227799227799228
Parsing CSV...
Reading file: ../tmp/seismic-bumps.arff
Done!
Rows read: 2584
Columns: 29
Column names:
0: 3
1: 4
2: 5
3: 6
4: 8
5: 9
6: 10
7: 11
8: 12
9: 13
10: 14
11: 15
12: 16
13: 17
14: 18
15: 0_a
16: 0_b
17: 0_nan
18: 1_a
19: 1_b
20: 1_c
21: 1_nan
22: 2_N
23: 2_W
24: 2_nan
25: 7_a
26: 7_b
27: 7_c
28: 7_nan

Done!
Splitting into training and test...
Done!
Constructing data matrices...
Done!
training corels
Done!
corelsTrainScore: 0.9316129032258065
corelsCvScore: 0.9290322580645162
corelsTestScore: 0.9652509652509652
Parsing CSV...
Reading file: ../tmp/seismic-bumps.arff
Done!
Rows read: 2584
Columns: 29
Column names:
0: 3
1: 4
2: 5
3: 6
4: 8
5: 9
6: 10
7: 11
8: 12
9: 13
10: 14
11: 15
12: 16
13: 17
14: 18
15: 0_a
16: 0_b
17: 0_nan
18: 1_a
19: 1_b
20: 1_c
21: 1_nan
22: 2_N
23: 2_W
24: 2_nan
25: 7_a
26: 7_b
27: 7_c
28: 7_nan

Done!
Splitting into training and test...
Done!
Constructing data matrices...
Done!
training corels
Done!
corelsTrainScore: 0.9335483870967742
corelsCvScore: 0.9341935483870968
corelsTestScore: 0.9382239382239382
Parsing CSV...
Reading file: ../tmp/seismic-bumps.arff
Done!
Rows read: 2584
Columns: 29
Column names:
0: 3
1: 4
2: 5
3: 6
4: 8
5: 9
6: 10
7: 11
8: 12
9: 13
10: 14
11: 15
12: 16
13: 17
14: 18
15: 0_a
16: 0_b
17: 0_nan
18: 1_a
19: 1_b
20: 1_c
21: 1_nan
22: 2_N
23: 2_W
24: 2_nan
25: 7_a
26: 7_b
27: 7_c
28: 7_nan

Done!
Splitting into training and test...
Done!
Constructing data matrices...
Done!
training corels
Done!
corelsTrainScore: 0.9329032258064516
corelsCvScore: 0.9303225806451613
corelsTestScore: 0.9536679536679536
Parsing CSV...
Reading file: ../tmp/seismic-bumps.arff
Done!
Rows read: 2584
Columns: 29
Column names:
0: 3
1: 4
2: 5
3: 6
4: 8
5: 9
6: 10
7: 11
8: 12
9: 13
10: 14
11: 15
12: 16
13: 17
14: 18
15: 0_a
16: 0_b
17: 0_nan
18: 1_a
19: 1_b
20: 1_c
21: 1_nan
22: 2_N
23: 2_W
24: 2_nan
25: 7_a
26: 7_b
27: 7_c
28: 7_nan

Done!
Splitting into training and test...
Done!
Constructing data matrices...
Done!
training corels
Done!
corelsTrainScore: 0.9348387096774193
corelsCvScore: 0.9329032258064516
corelsTestScore: 0.9343629343629344
Parsing CSV...
Reading file: ../tmp/seismic-bumps.arff
Done!
Rows read: 2584
Columns: 29
Column names:
0: 3
1: 4
2: 5
3: 6
4: 8
5: 9
6: 10
7: 11
8: 12
9: 13
10: 14
11: 15
12: 16
13: 17
14: 18
15: 0_a
16: 0_b
17: 0_nan
18: 1_a
19: 1_b
20: 1_c
21: 1_nan
22: 2_N
23: 2_W
24: 2_nan
25: 7_a
26: 7_b
27: 7_c
28: 7_nan

Done!
Splitting into training and test...
Done!
Constructing data matrices...
Done!
training corels
Done!
corelsTrainScore: 0.9258064516129032
corelsCvScore: 0.9496774193548387
corelsTestScore: 0.9382239382239382
Parsing CSV...
Reading file: ../tmp/seismic-bumps.arff
Done!
Rows read: 2584
Columns: 29
Column names:
0: 3
1: 4
2: 5
3: 6
4: 8
5: 9
6: 10
7: 11
8: 12
9: 13
10: 14
11: 15
12: 16
13: 17
14: 18
15: 0_a
16: 0_b
17: 0_nan
18: 1_a
19: 1_b
20: 1_c
21: 1_nan
22: 2_N
23: 2_W
24: 2_nan
25: 7_a
26: 7_b
27: 7_c
28: 7_nan

Done!
Splitting into training and test...
Done!
Constructing data matrices...
Done!
training corels
Done!
corelsTrainScore: 0.9329032258064516
corelsCvScore: 0.9341935483870968
corelsTestScore: 0.9420849420849421
Averaged over 10 trials: corels train score: 0.9325806451612904
Averaged over 10 trials: corels cv score: 0.9349677419354838
Averaged over 10 trials: corels test score: 0.9416988416988419
