Parsing CSV...
Reading file: ../tmp/SPECT.train
Done!
Rows read: 80
Columns: 67
Column names:
0: 0
1: 1_0
2: 1_1
3: 1_nan
4: 2_0
5: 2_1
6: 2_nan
7: 3_0
8: 3_1
9: 3_nan
10: 4_0
11: 4_1
12: 4_nan
13: 5_0
14: 5_1
15: 5_nan
16: 6_0
17: 6_1
18: 6_nan
19: 7_0
20: 7_1
21: 7_nan
22: 8_0
23: 8_1
24: 8_nan
25: 9_0
26: 9_1
27: 9_nan
28: 10_0
29: 10_1
30: 10_nan
31: 11_0
32: 11_1
33: 11_nan
34: 12_0
35: 12_1
36: 12_nan
37: 13_0
38: 13_1
39: 13_nan
40: 14_0
41: 14_1
42: 14_nan
43: 15_0
44: 15_1
45: 15_nan
46: 16_0
47: 16_1
48: 16_nan
49: 17_0
50: 17_1
51: 17_nan
52: 18_0
53: 18_1
54: 18_nan
55: 19_0
56: 19_1
57: 19_nan
58: 20_0
59: 20_1
60: 20_nan
61: 21_0
62: 21_1
63: 21_nan
64: 22_0
65: 22_1
66: 22_nan

Done!
Splitting into training and test...
Done!
Constructing data matrices...
Done!
training corels
Done!
corelsTrainScore: 0.8541666666666666
corelsCvScore: 0.4166666666666667
corelsTestScore: 0.75
Parsing CSV...
Reading file: ../tmp/SPECT.train
Done!
Rows read: 80
Columns: 67
Column names:
0: 0
1: 1_0
2: 1_1
3: 1_nan
4: 2_0
5: 2_1
6: 2_nan
7: 3_0
8: 3_1
9: 3_nan
10: 4_0
11: 4_1
12: 4_nan
13: 5_0
14: 5_1
15: 5_nan
16: 6_0
17: 6_1
18: 6_nan
19: 7_0
20: 7_1
21: 7_nan
22: 8_0
23: 8_1
24: 8_nan
25: 9_0
26: 9_1
27: 9_nan
28: 10_0
29: 10_1
30: 10_nan
31: 11_0
32: 11_1
33: 11_nan
34: 12_0
35: 12_1
36: 12_nan
37: 13_0
38: 13_1
39: 13_nan
40: 14_0
41: 14_1
42: 14_nan
43: 15_0
44: 15_1
45: 15_nan
46: 16_0
47: 16_1
48: 16_nan
49: 17_0
50: 17_1
51: 17_nan
52: 18_0
53: 18_1
54: 18_nan
55: 19_0
56: 19_1
57: 19_nan
58: 20_0
59: 20_1
60: 20_nan
61: 21_0
62: 21_1
63: 21_nan
64: 22_0
65: 22_1
66: 22_nan

Done!
Splitting into training and test...
Done!
Constructing data matrices...
Done!
training corels
Done!
corelsTrainScore: 0.8333333333333334
corelsCvScore: 0.625
corelsTestScore: 0.75
Parsing CSV...
Reading file: ../tmp/SPECT.train
Done!
Rows read: 80
Columns: 67
Column names:
0: 0
1: 1_0
2: 1_1
3: 1_nan
4: 2_0
5: 2_1
6: 2_nan
7: 3_0
8: 3_1
9: 3_nan
10: 4_0
11: 4_1
12: 4_nan
13: 5_0
14: 5_1
15: 5_nan
16: 6_0
17: 6_1
18: 6_nan
19: 7_0
20: 7_1
21: 7_nan
22: 8_0
23: 8_1
24: 8_nan
25: 9_0
26: 9_1
27: 9_nan
28: 10_0
29: 10_1
30: 10_nan
31: 11_0
32: 11_1
33: 11_nan
34: 12_0
35: 12_1
36: 12_nan
37: 13_0
38: 13_1
39: 13_nan
40: 14_0
41: 14_1
42: 14_nan
43: 15_0
44: 15_1
45: 15_nan
46: 16_0
47: 16_1
48: 16_nan
49: 17_0
50: 17_1
51: 17_nan
52: 18_0
53: 18_1
54: 18_nan
55: 19_0
56: 19_1
57: 19_nan
58: 20_0
59: 20_1
60: 20_nan
61: 21_0
62: 21_1
63: 21_nan
64: 22_0
65: 22_1
66: 22_nan

Done!
Splitting into training and test...
Done!
Constructing data matrices...
Done!
training corels
Done!
corelsTrainScore: 0.7916666666666666
corelsCvScore: 0.75
corelsTestScore: 0.875
Parsing CSV...
Reading file: ../tmp/SPECT.train
Done!
Rows read: 80
Columns: 67
Column names:
0: 0
1: 1_0
2: 1_1
3: 1_nan
4: 2_0
5: 2_1
6: 2_nan
7: 3_0
8: 3_1
9: 3_nan
10: 4_0
11: 4_1
12: 4_nan
13: 5_0
14: 5_1
15: 5_nan
16: 6_0
17: 6_1
18: 6_nan
19: 7_0
20: 7_1
21: 7_nan
22: 8_0
23: 8_1
24: 8_nan
25: 9_0
26: 9_1
27: 9_nan
28: 10_0
29: 10_1
30: 10_nan
31: 11_0
32: 11_1
33: 11_nan
34: 12_0
35: 12_1
36: 12_nan
37: 13_0
38: 13_1
39: 13_nan
40: 14_0
41: 14_1
42: 14_nan
43: 15_0
44: 15_1
45: 15_nan
46: 16_0
47: 16_1
48: 16_nan
49: 17_0
50: 17_1
51: 17_nan
52: 18_0
53: 18_1
54: 18_nan
55: 19_0
56: 19_1
57: 19_nan
58: 20_0
59: 20_1
60: 20_nan
61: 21_0
62: 21_1
63: 21_nan
64: 22_0
65: 22_1
66: 22_nan

Done!
Splitting into training and test...
Done!
Constructing data matrices...
Done!
training corels
Done!
corelsTrainScore: 0.8333333333333334
corelsCvScore: 0.6666666666666666
corelsTestScore: 0.375
Parsing CSV...
Reading file: ../tmp/SPECT.train
Done!
Rows read: 80
Columns: 67
Column names:
0: 0
1: 1_0
2: 1_1
3: 1_nan
4: 2_0
5: 2_1
6: 2_nan
7: 3_0
8: 3_1
9: 3_nan
10: 4_0
11: 4_1
12: 4_nan
13: 5_0
14: 5_1
15: 5_nan
16: 6_0
17: 6_1
18: 6_nan
19: 7_0
20: 7_1
21: 7_nan
22: 8_0
23: 8_1
24: 8_nan
25: 9_0
26: 9_1
27: 9_nan
28: 10_0
29: 10_1
30: 10_nan
31: 11_0
32: 11_1
33: 11_nan
34: 12_0
35: 12_1
36: 12_nan
37: 13_0
38: 13_1
39: 13_nan
40: 14_0
41: 14_1
42: 14_nan
43: 15_0
44: 15_1
45: 15_nan
46: 16_0
47: 16_1
48: 16_nan
49: 17_0
50: 17_1
51: 17_nan
52: 18_0
53: 18_1
54: 18_nan
55: 19_0
56: 19_1
57: 19_nan
58: 20_0
59: 20_1
60: 20_nan
61: 21_0
62: 21_1
63: 21_nan
64: 22_0
65: 22_1
66: 22_nan

Done!
Splitting into training and test...
Done!
Constructing data matrices...
Done!
training corels
Done!
corelsTrainScore: 0.8125
corelsCvScore: 0.625
corelsTestScore: 0.375
Parsing CSV...
Reading file: ../tmp/SPECT.train
Done!
Rows read: 80
Columns: 67
Column names:
0: 0
1: 1_0
2: 1_1
3: 1_nan
4: 2_0
5: 2_1
6: 2_nan
7: 3_0
8: 3_1
9: 3_nan
10: 4_0
11: 4_1
12: 4_nan
13: 5_0
14: 5_1
15: 5_nan
16: 6_0
17: 6_1
18: 6_nan
19: 7_0
20: 7_1
21: 7_nan
22: 8_0
23: 8_1
24: 8_nan
25: 9_0
26: 9_1
27: 9_nan
28: 10_0
29: 10_1
30: 10_nan
31: 11_0
32: 11_1
33: 11_nan
34: 12_0
35: 12_1
36: 12_nan
37: 13_0
38: 13_1
39: 13_nan
40: 14_0
41: 14_1
42: 14_nan
43: 15_0
44: 15_1
45: 15_nan
46: 16_0
47: 16_1
48: 16_nan
49: 17_0
50: 17_1
51: 17_nan
52: 18_0
53: 18_1
54: 18_nan
55: 19_0
56: 19_1
57: 19_nan
58: 20_0
59: 20_1
60: 20_nan
61: 21_0
62: 21_1
63: 21_nan
64: 22_0
65: 22_1
66: 22_nan

Done!
Splitting into training and test...
Done!
Constructing data matrices...
Done!
training corels
Done!
corelsTrainScore: 0.8333333333333334
corelsCvScore: 0.7083333333333334
corelsTestScore: 0.5
Parsing CSV...
Reading file: ../tmp/SPECT.train
Done!
Rows read: 80
Columns: 67
Column names:
0: 0
1: 1_0
2: 1_1
3: 1_nan
4: 2_0
5: 2_1
6: 2_nan
7: 3_0
8: 3_1
9: 3_nan
10: 4_0
11: 4_1
12: 4_nan
13: 5_0
14: 5_1
15: 5_nan
16: 6_0
17: 6_1
18: 6_nan
19: 7_0
20: 7_1
21: 7_nan
22: 8_0
23: 8_1
24: 8_nan
25: 9_0
26: 9_1
27: 9_nan
28: 10_0
29: 10_1
30: 10_nan
31: 11_0
32: 11_1
33: 11_nan
34: 12_0
35: 12_1
36: 12_nan
37: 13_0
38: 13_1
39: 13_nan
40: 14_0
41: 14_1
42: 14_nan
43: 15_0
44: 15_1
45: 15_nan
46: 16_0
47: 16_1
48: 16_nan
49: 17_0
50: 17_1
51: 17_nan
52: 18_0
53: 18_1
54: 18_nan
55: 19_0
56: 19_1
57: 19_nan
58: 20_0
59: 20_1
60: 20_nan
61: 21_0
62: 21_1
63: 21_nan
64: 22_0
65: 22_1
66: 22_nan

Done!
Splitting into training and test...
Done!
Constructing data matrices...
Done!
training corels
Done!
corelsTrainScore: 0.8958333333333334
corelsCvScore: 0.5833333333333334
corelsTestScore: 0.5
Parsing CSV...
Reading file: ../tmp/SPECT.train
Done!
Rows read: 80
Columns: 67
Column names:
0: 0
1: 1_0
2: 1_1
3: 1_nan
4: 2_0
5: 2_1
6: 2_nan
7: 3_0
8: 3_1
9: 3_nan
10: 4_0
11: 4_1
12: 4_nan
13: 5_0
14: 5_1
15: 5_nan
16: 6_0
17: 6_1
18: 6_nan
19: 7_0
20: 7_1
21: 7_nan
22: 8_0
23: 8_1
24: 8_nan
25: 9_0
26: 9_1
27: 9_nan
28: 10_0
29: 10_1
30: 10_nan
31: 11_0
32: 11_1
33: 11_nan
34: 12_0
35: 12_1
36: 12_nan
37: 13_0
38: 13_1
39: 13_nan
40: 14_0
41: 14_1
42: 14_nan
43: 15_0
44: 15_1
45: 15_nan
46: 16_0
47: 16_1
48: 16_nan
49: 17_0
50: 17_1
51: 17_nan
52: 18_0
53: 18_1
54: 18_nan
55: 19_0
56: 19_1
57: 19_nan
58: 20_0
59: 20_1
60: 20_nan
61: 21_0
62: 21_1
63: 21_nan
64: 22_0
65: 22_1
66: 22_nan

Done!
Splitting into training and test...
Done!
Constructing data matrices...
Done!
training corels
Done!
corelsTrainScore: 0.8541666666666666
corelsCvScore: 0.5416666666666666
corelsTestScore: 0.625
Parsing CSV...
Reading file: ../tmp/SPECT.train
Done!
Rows read: 80
Columns: 67
Column names:
0: 0
1: 1_0
2: 1_1
3: 1_nan
4: 2_0
5: 2_1
6: 2_nan
7: 3_0
8: 3_1
9: 3_nan
10: 4_0
11: 4_1
12: 4_nan
13: 5_0
14: 5_1
15: 5_nan
16: 6_0
17: 6_1
18: 6_nan
19: 7_0
20: 7_1
21: 7_nan
22: 8_0
23: 8_1
24: 8_nan
25: 9_0
26: 9_1
27: 9_nan
28: 10_0
29: 10_1
30: 10_nan
31: 11_0
32: 11_1
33: 11_nan
34: 12_0
35: 12_1
36: 12_nan
37: 13_0
38: 13_1
39: 13_nan
40: 14_0
41: 14_1
42: 14_nan
43: 15_0
44: 15_1
45: 15_nan
46: 16_0
47: 16_1
48: 16_nan
49: 17_0
50: 17_1
51: 17_nan
52: 18_0
53: 18_1
54: 18_nan
55: 19_0
56: 19_1
57: 19_nan
58: 20_0
59: 20_1
60: 20_nan
61: 21_0
62: 21_1
63: 21_nan
64: 22_0
65: 22_1
66: 22_nan

Done!
Splitting into training and test...
Done!
Constructing data matrices...
Done!
training corels
Done!
corelsTrainScore: 0.8541666666666666
corelsCvScore: 0.75
corelsTestScore: 0.375
Parsing CSV...
Reading file: ../tmp/SPECT.train
Done!
Rows read: 80
Columns: 67
Column names:
0: 0
1: 1_0
2: 1_1
3: 1_nan
4: 2_0
5: 2_1
6: 2_nan
7: 3_0
8: 3_1
9: 3_nan
10: 4_0
11: 4_1
12: 4_nan
13: 5_0
14: 5_1
15: 5_nan
16: 6_0
17: 6_1
18: 6_nan
19: 7_0
20: 7_1
21: 7_nan
22: 8_0
23: 8_1
24: 8_nan
25: 9_0
26: 9_1
27: 9_nan
28: 10_0
29: 10_1
30: 10_nan
31: 11_0
32: 11_1
33: 11_nan
34: 12_0
35: 12_1
36: 12_nan
37: 13_0
38: 13_1
39: 13_nan
40: 14_0
41: 14_1
42: 14_nan
43: 15_0
44: 15_1
45: 15_nan
46: 16_0
47: 16_1
48: 16_nan
49: 17_0
50: 17_1
51: 17_nan
52: 18_0
53: 18_1
54: 18_nan
55: 19_0
56: 19_1
57: 19_nan
58: 20_0
59: 20_1
60: 20_nan
61: 21_0
62: 21_1
63: 21_nan
64: 22_0
65: 22_1
66: 22_nan

Done!
Splitting into training and test...
Done!
Constructing data matrices...
Done!
training corels
Done!
corelsTrainScore: 0.8333333333333334
corelsCvScore: 0.5416666666666666
corelsTestScore: 0.25
Averaged over 10 trials: corels train score: 0.8395833333333333
Averaged over 10 trials: corels cv score: 0.6208333333333333
Averaged over 10 trials: corels test score: 0.5375
