Parsing CSV...
Reading file: ../tmp/ThoraricSurgery.arff
Done!
Rows read: 470
Columns: 51
Column names:
0: 1
1: 2
2: 15
3: 16
4: 0_DGN1
5: 0_DGN2
6: 0_DGN3
7: 0_DGN4
8: 0_DGN5
9: 0_DGN6
10: 0_DGN8
11: 0_nan
12: 3_PRZ0
13: 3_PRZ1
14: 3_PRZ2
15: 3_nan
16: 4_F
17: 4_T
18: 4_nan
19: 5_F
20: 5_T
21: 5_nan
22: 6_F
23: 6_T
24: 6_nan
25: 7_F
26: 7_T
27: 7_nan
28: 8_F
29: 8_T
30: 8_nan
31: 9_OC11
32: 9_OC12
33: 9_OC13
34: 9_OC14
35: 9_nan
36: 10_F
37: 10_T
38: 10_nan
39: 11_F
40: 11_T
41: 11_nan
42: 12_F
43: 12_T
44: 12_nan
45: 13_F
46: 13_T
47: 13_nan
48: 14_F
49: 14_T
50: 14_nan

Done!
Splitting into training and test...
Done!
Constructing data matrices...
Done!
training corels
Done!
corelsTrainScore: 0.8576512455516014
corelsCvScore: 0.8723404255319149
corelsTestScore: 0.7708333333333334
Parsing CSV...
Reading file: ../tmp/ThoraricSurgery.arff
Done!
Rows read: 470
Columns: 51
Column names:
0: 1
1: 2
2: 15
3: 16
4: 0_DGN1
5: 0_DGN2
6: 0_DGN3
7: 0_DGN4
8: 0_DGN5
9: 0_DGN6
10: 0_DGN8
11: 0_nan
12: 3_PRZ0
13: 3_PRZ1
14: 3_PRZ2
15: 3_nan
16: 4_F
17: 4_T
18: 4_nan
19: 5_F
20: 5_T
21: 5_nan
22: 6_F
23: 6_T
24: 6_nan
25: 7_F
26: 7_T
27: 7_nan
28: 8_F
29: 8_T
30: 8_nan
31: 9_OC11
32: 9_OC12
33: 9_OC13
34: 9_OC14
35: 9_nan
36: 10_F
37: 10_T
38: 10_nan
39: 11_F
40: 11_T
41: 11_nan
42: 12_F
43: 12_T
44: 12_nan
45: 13_F
46: 13_T
47: 13_nan
48: 14_F
49: 14_T
50: 14_nan

Done!
Splitting into training and test...
Done!
Constructing data matrices...
Done!
training corels
Done!
corelsTrainScore: 0.8505338078291815
corelsCvScore: 0.8652482269503546
corelsTestScore: 0.8125
Parsing CSV...
Reading file: ../tmp/ThoraricSurgery.arff
Done!
Rows read: 470
Columns: 51
Column names:
0: 1
1: 2
2: 15
3: 16
4: 0_DGN1
5: 0_DGN2
6: 0_DGN3
7: 0_DGN4
8: 0_DGN5
9: 0_DGN6
10: 0_DGN8
11: 0_nan
12: 3_PRZ0
13: 3_PRZ1
14: 3_PRZ2
15: 3_nan
16: 4_F
17: 4_T
18: 4_nan
19: 5_F
20: 5_T
21: 5_nan
22: 6_F
23: 6_T
24: 6_nan
25: 7_F
26: 7_T
27: 7_nan
28: 8_F
29: 8_T
30: 8_nan
31: 9_OC11
32: 9_OC12
33: 9_OC13
34: 9_OC14
35: 9_nan
36: 10_F
37: 10_T
38: 10_nan
39: 11_F
40: 11_T
41: 11_nan
42: 12_F
43: 12_T
44: 12_nan
45: 13_F
46: 13_T
47: 13_nan
48: 14_F
49: 14_T
50: 14_nan

Done!
Splitting into training and test...
Done!
Constructing data matrices...
Done!
training corels
Done!
corelsTrainScore: 0.8612099644128114
corelsCvScore: 0.8794326241134752
corelsTestScore: 0.75
Parsing CSV...
Reading file: ../tmp/ThoraricSurgery.arff
Done!
Rows read: 470
Columns: 51
Column names:
0: 1
1: 2
2: 15
3: 16
4: 0_DGN1
5: 0_DGN2
6: 0_DGN3
7: 0_DGN4
8: 0_DGN5
9: 0_DGN6
10: 0_DGN8
11: 0_nan
12: 3_PRZ0
13: 3_PRZ1
14: 3_PRZ2
15: 3_nan
16: 4_F
17: 4_T
18: 4_nan
19: 5_F
20: 5_T
21: 5_nan
22: 6_F
23: 6_T
24: 6_nan
25: 7_F
26: 7_T
27: 7_nan
28: 8_F
29: 8_T
30: 8_nan
31: 9_OC11
32: 9_OC12
33: 9_OC13
34: 9_OC14
35: 9_nan
36: 10_F
37: 10_T
38: 10_nan
39: 11_F
40: 11_T
41: 11_nan
42: 12_F
43: 12_T
44: 12_nan
45: 13_F
46: 13_T
47: 13_nan
48: 14_F
49: 14_T
50: 14_nan

Done!
Splitting into training and test...
Done!
Constructing data matrices...
Done!
training corels
Done!
corelsTrainScore: 0.8683274021352313
corelsCvScore: 0.8368794326241135
corelsTestScore: 0.8333333333333334
Parsing CSV...
Reading file: ../tmp/ThoraricSurgery.arff
Done!
Rows read: 470
Columns: 51
Column names:
0: 1
1: 2
2: 15
3: 16
4: 0_DGN1
5: 0_DGN2
6: 0_DGN3
7: 0_DGN4
8: 0_DGN5
9: 0_DGN6
10: 0_DGN8
11: 0_nan
12: 3_PRZ0
13: 3_PRZ1
14: 3_PRZ2
15: 3_nan
16: 4_F
17: 4_T
18: 4_nan
19: 5_F
20: 5_T
21: 5_nan
22: 6_F
23: 6_T
24: 6_nan
25: 7_F
26: 7_T
27: 7_nan
28: 8_F
29: 8_T
30: 8_nan
31: 9_OC11
32: 9_OC12
33: 9_OC13
34: 9_OC14
35: 9_nan
36: 10_F
37: 10_T
38: 10_nan
39: 11_F
40: 11_T
41: 11_nan
42: 12_F
43: 12_T
44: 12_nan
45: 13_F
46: 13_T
47: 13_nan
48: 14_F
49: 14_T
50: 14_nan

Done!
Splitting into training and test...
Done!
Constructing data matrices...
Done!
training corels
Done!
corelsTrainScore: 0.8505338078291815
corelsCvScore: 0.8652482269503546
corelsTestScore: 0.8541666666666666
Parsing CSV...
Reading file: ../tmp/ThoraricSurgery.arff
Done!
Rows read: 470
Columns: 51
Column names:
0: 1
1: 2
2: 15
3: 16
4: 0_DGN1
5: 0_DGN2
6: 0_DGN3
7: 0_DGN4
8: 0_DGN5
9: 0_DGN6
10: 0_DGN8
11: 0_nan
12: 3_PRZ0
13: 3_PRZ1
14: 3_PRZ2
15: 3_nan
16: 4_F
17: 4_T
18: 4_nan
19: 5_F
20: 5_T
21: 5_nan
22: 6_F
23: 6_T
24: 6_nan
25: 7_F
26: 7_T
27: 7_nan
28: 8_F
29: 8_T
30: 8_nan
31: 9_OC11
32: 9_OC12
33: 9_OC13
34: 9_OC14
35: 9_nan
36: 10_F
37: 10_T
38: 10_nan
39: 11_F
40: 11_T
41: 11_nan
42: 12_F
43: 12_T
44: 12_nan
45: 13_F
46: 13_T
47: 13_nan
48: 14_F
49: 14_T
50: 14_nan

Done!
Splitting into training and test...
Done!
Constructing data matrices...
Done!
training corels
Done!
corelsTrainScore: 0.8576512455516014
corelsCvScore: 0.8368794326241135
corelsTestScore: 0.875
Parsing CSV...
Reading file: ../tmp/ThoraricSurgery.arff
Done!
Rows read: 470
Columns: 51
Column names:
0: 1
1: 2
2: 15
3: 16
4: 0_DGN1
5: 0_DGN2
6: 0_DGN3
7: 0_DGN4
8: 0_DGN5
9: 0_DGN6
10: 0_DGN8
11: 0_nan
12: 3_PRZ0
13: 3_PRZ1
14: 3_PRZ2
15: 3_nan
16: 4_F
17: 4_T
18: 4_nan
19: 5_F
20: 5_T
21: 5_nan
22: 6_F
23: 6_T
24: 6_nan
25: 7_F
26: 7_T
27: 7_nan
28: 8_F
29: 8_T
30: 8_nan
31: 9_OC11
32: 9_OC12
33: 9_OC13
34: 9_OC14
35: 9_nan
36: 10_F
37: 10_T
38: 10_nan
39: 11_F
40: 11_T
41: 11_nan
42: 12_F
43: 12_T
44: 12_nan
45: 13_F
46: 13_T
47: 13_nan
48: 14_F
49: 14_T
50: 14_nan

Done!
Splitting into training and test...
Done!
Constructing data matrices...
Done!
training corels
Done!
corelsTrainScore: 0.8576512455516014
corelsCvScore: 0.8439716312056738
corelsTestScore: 0.8958333333333334
Parsing CSV...
Reading file: ../tmp/ThoraricSurgery.arff
Done!
Rows read: 470
Columns: 51
Column names:
0: 1
1: 2
2: 15
3: 16
4: 0_DGN1
5: 0_DGN2
6: 0_DGN3
7: 0_DGN4
8: 0_DGN5
9: 0_DGN6
10: 0_DGN8
11: 0_nan
12: 3_PRZ0
13: 3_PRZ1
14: 3_PRZ2
15: 3_nan
16: 4_F
17: 4_T
18: 4_nan
19: 5_F
20: 5_T
21: 5_nan
22: 6_F
23: 6_T
24: 6_nan
25: 7_F
26: 7_T
27: 7_nan
28: 8_F
29: 8_T
30: 8_nan
31: 9_OC11
32: 9_OC12
33: 9_OC13
34: 9_OC14
35: 9_nan
36: 10_F
37: 10_T
38: 10_nan
39: 11_F
40: 11_T
41: 11_nan
42: 12_F
43: 12_T
44: 12_nan
45: 13_F
46: 13_T
47: 13_nan
48: 14_F
49: 14_T
50: 14_nan

Done!
Splitting into training and test...
Done!
Constructing data matrices...
Done!
training corels
Done!
corelsTrainScore: 0.8647686832740213
corelsCvScore: 0.8226950354609929
corelsTestScore: 0.8958333333333334
Parsing CSV...
Reading file: ../tmp/ThoraricSurgery.arff
Done!
Rows read: 470
Columns: 51
Column names:
0: 1
1: 2
2: 15
3: 16
4: 0_DGN1
5: 0_DGN2
6: 0_DGN3
7: 0_DGN4
8: 0_DGN5
9: 0_DGN6
10: 0_DGN8
11: 0_nan
12: 3_PRZ0
13: 3_PRZ1
14: 3_PRZ2
15: 3_nan
16: 4_F
17: 4_T
18: 4_nan
19: 5_F
20: 5_T
21: 5_nan
22: 6_F
23: 6_T
24: 6_nan
25: 7_F
26: 7_T
27: 7_nan
28: 8_F
29: 8_T
30: 8_nan
31: 9_OC11
32: 9_OC12
33: 9_OC13
34: 9_OC14
35: 9_nan
36: 10_F
37: 10_T
38: 10_nan
39: 11_F
40: 11_T
41: 11_nan
42: 12_F
43: 12_T
44: 12_nan
45: 13_F
46: 13_T
47: 13_nan
48: 14_F
49: 14_T
50: 14_nan

Done!
Splitting into training and test...
Done!
Constructing data matrices...
Done!
training corels
Done!
corelsTrainScore: 0.8398576512455516
corelsCvScore: 0.8581560283687943
corelsTestScore: 0.9166666666666666
Parsing CSV...
Reading file: ../tmp/ThoraricSurgery.arff
Done!
Rows read: 470
Columns: 51
Column names:
0: 1
1: 2
2: 15
3: 16
4: 0_DGN1
5: 0_DGN2
6: 0_DGN3
7: 0_DGN4
8: 0_DGN5
9: 0_DGN6
10: 0_DGN8
11: 0_nan
12: 3_PRZ0
13: 3_PRZ1
14: 3_PRZ2
15: 3_nan
16: 4_F
17: 4_T
18: 4_nan
19: 5_F
20: 5_T
21: 5_nan
22: 6_F
23: 6_T
24: 6_nan
25: 7_F
26: 7_T
27: 7_nan
28: 8_F
29: 8_T
30: 8_nan
31: 9_OC11
32: 9_OC12
33: 9_OC13
34: 9_OC14
35: 9_nan
36: 10_F
37: 10_T
38: 10_nan
39: 11_F
40: 11_T
41: 11_nan
42: 12_F
43: 12_T
44: 12_nan
45: 13_F
46: 13_T
47: 13_nan
48: 14_F
49: 14_T
50: 14_nan

Done!
Splitting into training and test...
Done!
Constructing data matrices...
Done!
training corels
Done!
corelsTrainScore: 0.8469750889679716
corelsCvScore: 0.8439716312056738
corelsTestScore: 0.9375
Averaged over 10 trials: corels train score: 0.8555160142348752
Averaged over 10 trials: corels cv score: 0.8524822695035461
Averaged over 10 trials: corels test score: 0.8541666666666667
