Parsing CSV...
Reading file: ../tmp/tic-tac-toe.data
Done!
Rows read: 958
Columns: 37
Column names:
0: 9
1: 0_b
2: 0_o
3: 0_x
4: 0_nan
5: 1_b
6: 1_o
7: 1_x
8: 1_nan
9: 2_b
10: 2_o
11: 2_x
12: 2_nan
13: 3_b
14: 3_o
15: 3_x
16: 3_nan
17: 4_b
18: 4_o
19: 4_x
20: 4_nan
21: 5_b
22: 5_o
23: 5_x
24: 5_nan
25: 6_b
26: 6_o
27: 6_x
28: 6_nan
29: 7_b
30: 7_o
31: 7_x
32: 7_nan
33: 8_b
34: 8_o
35: 8_x
36: 8_nan

Done!
Splitting into training and test...
Done!
Constructing data matrices...
Done!
training corels
Done!
corelsTrainScore: 0.7317073170731707
corelsCvScore: 0.6770833333333334
corelsTestScore: 0.6354166666666666
Parsing CSV...
Reading file: ../tmp/tic-tac-toe.data
Done!
Rows read: 958
Columns: 37
Column names:
0: 9
1: 0_b
2: 0_o
3: 0_x
4: 0_nan
5: 1_b
6: 1_o
7: 1_x
8: 1_nan
9: 2_b
10: 2_o
11: 2_x
12: 2_nan
13: 3_b
14: 3_o
15: 3_x
16: 3_nan
17: 4_b
18: 4_o
19: 4_x
20: 4_nan
21: 5_b
22: 5_o
23: 5_x
24: 5_nan
25: 6_b
26: 6_o
27: 6_x
28: 6_nan
29: 7_b
30: 7_o
31: 7_x
32: 7_nan
33: 8_b
34: 8_o
35: 8_x
36: 8_nan

Done!
Splitting into training and test...
Done!
Constructing data matrices...
Done!
training corels
Done!
corelsTrainScore: 0.710801393728223
corelsCvScore: 0.7083333333333334
corelsTestScore: 0.6354166666666666
Parsing CSV...
Reading file: ../tmp/tic-tac-toe.data
Done!
Rows read: 958
Columns: 37
Column names:
0: 9
1: 0_b
2: 0_o
3: 0_x
4: 0_nan
5: 1_b
6: 1_o
7: 1_x
8: 1_nan
9: 2_b
10: 2_o
11: 2_x
12: 2_nan
13: 3_b
14: 3_o
15: 3_x
16: 3_nan
17: 4_b
18: 4_o
19: 4_x
20: 4_nan
21: 5_b
22: 5_o
23: 5_x
24: 5_nan
25: 6_b
26: 6_o
27: 6_x
28: 6_nan
29: 7_b
30: 7_o
31: 7_x
32: 7_nan
33: 8_b
34: 8_o
35: 8_x
36: 8_nan

Done!
Splitting into training and test...
Done!
Constructing data matrices...
Done!
training corels
Done!
corelsTrainScore: 0.735191637630662
corelsCvScore: 0.625
corelsTestScore: 0.6145833333333334
Parsing CSV...
Reading file: ../tmp/tic-tac-toe.data
Done!
Rows read: 958
Columns: 37
Column names:
0: 9
1: 0_b
2: 0_o
3: 0_x
4: 0_nan
5: 1_b
6: 1_o
7: 1_x
8: 1_nan
9: 2_b
10: 2_o
11: 2_x
12: 2_nan
13: 3_b
14: 3_o
15: 3_x
16: 3_nan
17: 4_b
18: 4_o
19: 4_x
20: 4_nan
21: 5_b
22: 5_o
23: 5_x
24: 5_nan
25: 6_b
26: 6_o
27: 6_x
28: 6_nan
29: 7_b
30: 7_o
31: 7_x
32: 7_nan
33: 8_b
34: 8_o
35: 8_x
36: 8_nan

Done!
Splitting into training and test...
Done!
Constructing data matrices...
Done!
training corels
Done!
corelsTrainScore: 0.6968641114982579
corelsCvScore: 0.7256944444444444
corelsTestScore: 0.6979166666666666
Parsing CSV...
Reading file: ../tmp/tic-tac-toe.data
Done!
Rows read: 958
Columns: 37
Column names:
0: 9
1: 0_b
2: 0_o
3: 0_x
4: 0_nan
5: 1_b
6: 1_o
7: 1_x
8: 1_nan
9: 2_b
10: 2_o
11: 2_x
12: 2_nan
13: 3_b
14: 3_o
15: 3_x
16: 3_nan
17: 4_b
18: 4_o
19: 4_x
20: 4_nan
21: 5_b
22: 5_o
23: 5_x
24: 5_nan
25: 6_b
26: 6_o
27: 6_x
28: 6_nan
29: 7_b
30: 7_o
31: 7_x
32: 7_nan
33: 8_b
34: 8_o
35: 8_x
36: 8_nan

Done!
Splitting into training and test...
Done!
Constructing data matrices...
Done!
training corels
Done!
corelsTrainScore: 0.7212543554006968
corelsCvScore: 0.6770833333333334
corelsTestScore: 0.6979166666666666
Parsing CSV...
Reading file: ../tmp/tic-tac-toe.data
Done!
Rows read: 958
Columns: 37
Column names:
0: 9
1: 0_b
2: 0_o
3: 0_x
4: 0_nan
5: 1_b
6: 1_o
7: 1_x
8: 1_nan
9: 2_b
10: 2_o
11: 2_x
12: 2_nan
13: 3_b
14: 3_o
15: 3_x
16: 3_nan
17: 4_b
18: 4_o
19: 4_x
20: 4_nan
21: 5_b
22: 5_o
23: 5_x
24: 5_nan
25: 6_b
26: 6_o
27: 6_x
28: 6_nan
29: 7_b
30: 7_o
31: 7_x
32: 7_nan
33: 8_b
34: 8_o
35: 8_x
36: 8_nan

Done!
Splitting into training and test...
Done!
Constructing data matrices...
Done!
training corels
Done!
corelsTrainScore: 0.7317073170731707
corelsCvScore: 0.6423611111111112
corelsTestScore: 0.7083333333333334
Parsing CSV...
Reading file: ../tmp/tic-tac-toe.data
Done!
Rows read: 958
Columns: 37
Column names:
0: 9
1: 0_b
2: 0_o
3: 0_x
4: 0_nan
5: 1_b
6: 1_o
7: 1_x
8: 1_nan
9: 2_b
10: 2_o
11: 2_x
12: 2_nan
13: 3_b
14: 3_o
15: 3_x
16: 3_nan
17: 4_b
18: 4_o
19: 4_x
20: 4_nan
21: 5_b
22: 5_o
23: 5_x
24: 5_nan
25: 6_b
26: 6_o
27: 6_x
28: 6_nan
29: 7_b
30: 7_o
31: 7_x
32: 7_nan
33: 8_b
34: 8_o
35: 8_x
36: 8_nan

Done!
Splitting into training and test...
Done!
Constructing data matrices...
Done!
training corels
Done!
corelsTrainScore: 0.705574912891986
corelsCvScore: 0.7118055555555556
corelsTestScore: 0.6875
Parsing CSV...
Reading file: ../tmp/tic-tac-toe.data
Done!
Rows read: 958
Columns: 37
Column names:
0: 9
1: 0_b
2: 0_o
3: 0_x
4: 0_nan
5: 1_b
6: 1_o
7: 1_x
8: 1_nan
9: 2_b
10: 2_o
11: 2_x
12: 2_nan
13: 3_b
14: 3_o
15: 3_x
16: 3_nan
17: 4_b
18: 4_o
19: 4_x
20: 4_nan
21: 5_b
22: 5_o
23: 5_x
24: 5_nan
25: 6_b
26: 6_o
27: 6_x
28: 6_nan
29: 7_b
30: 7_o
31: 7_x
32: 7_nan
33: 8_b
34: 8_o
35: 8_x
36: 8_nan

Done!
Splitting into training and test...
Done!
Constructing data matrices...
Done!
training corels
Done!
corelsTrainScore: 0.7177700348432056
corelsCvScore: 0.6770833333333334
corelsTestScore: 0.71875
Parsing CSV...
Reading file: ../tmp/tic-tac-toe.data
Done!
Rows read: 958
Columns: 37
Column names:
0: 9
1: 0_b
2: 0_o
3: 0_x
4: 0_nan
5: 1_b
6: 1_o
7: 1_x
8: 1_nan
9: 2_b
10: 2_o
11: 2_x
12: 2_nan
13: 3_b
14: 3_o
15: 3_x
16: 3_nan
17: 4_b
18: 4_o
19: 4_x
20: 4_nan
21: 5_b
22: 5_o
23: 5_x
24: 5_nan
25: 6_b
26: 6_o
27: 6_x
28: 6_nan
29: 7_b
30: 7_o
31: 7_x
32: 7_nan
33: 8_b
34: 8_o
35: 8_x
36: 8_nan

Done!
Splitting into training and test...
Done!
Constructing data matrices...
Done!
training corels
Done!
corelsTrainScore: 0.7299651567944251
corelsCvScore: 0.6458333333333334
corelsTestScore: 0.6770833333333334
Parsing CSV...
Reading file: ../tmp/tic-tac-toe.data
Done!
Rows read: 958
Columns: 37
Column names:
0: 9
1: 0_b
2: 0_o
3: 0_x
4: 0_nan
5: 1_b
6: 1_o
7: 1_x
8: 1_nan
9: 2_b
10: 2_o
11: 2_x
12: 2_nan
13: 3_b
14: 3_o
15: 3_x
16: 3_nan
17: 4_b
18: 4_o
19: 4_x
20: 4_nan
21: 5_b
22: 5_o
23: 5_x
24: 5_nan
25: 6_b
26: 6_o
27: 6_x
28: 6_nan
29: 7_b
30: 7_o
31: 7_x
32: 7_nan
33: 8_b
34: 8_o
35: 8_x
36: 8_nan

Done!
Splitting into training and test...
Done!
Constructing data matrices...
Done!
training corels
Done!
corelsTrainScore: 0.7195121951219512
corelsCvScore: 0.6979166666666666
corelsTestScore: 0.6458333333333334
Averaged over 10 trials: corels train score: 0.720034843205575
Averaged over 10 trials: corels cv score: 0.6788194444444444
Averaged over 10 trials: corels test score: 0.6718749999999999
