Parsing CSV...
Reading file: ../tmp/transfusion.data
Done!
Rows read: 748
Columns: 5
Column names:
0: 0
1: 1
2: 2
3: 3
4: 4

Done!
Splitting into training and test...
Done!
Constructing data matrices...
Done!
training corels
Done!
corelsTrainScore: 0.21875
corelsCvScore: 0.25333333333333335
corelsTestScore: 0.30666666666666664
Parsing CSV...
Reading file: ../tmp/transfusion.data
Done!
Rows read: 748
Columns: 5
Column names:
0: 0
1: 1
2: 2
3: 3
4: 4

Done!
Splitting into training and test...
Done!
Constructing data matrices...
Done!
training corels
Done!
corelsTrainScore: 0.7678571428571429
corelsCvScore: 0.8
corelsTestScore: 0.7866666666666666
Parsing CSV...
Reading file: ../tmp/transfusion.data
Done!
Rows read: 748
Columns: 5
Column names:
0: 0
1: 1
2: 2
3: 3
4: 4

Done!
Splitting into training and test...
Done!
Constructing data matrices...
Done!
training corels
Done!
corelsTrainScore: 0.78125
corelsCvScore: 0.7866666666666666
corelsTestScore: 0.7466666666666667
Parsing CSV...
Reading file: ../tmp/transfusion.data
Done!
Rows read: 748
Columns: 5
Column names:
0: 0
1: 1
2: 2
3: 3
4: 4

Done!
Splitting into training and test...
Done!
Constructing data matrices...
Done!
training corels
Done!
corelsTrainScore: 0.22991071428571427
corelsCvScore: 0.24888888888888888
corelsTestScore: 0.25333333333333335
Parsing CSV...
Reading file: ../tmp/transfusion.data
Done!
Rows read: 748
Columns: 5
Column names:
0: 0
1: 1
2: 2
3: 3
4: 4

Done!
Splitting into training and test...
Done!
Constructing data matrices...
Done!
training corels
Done!
corelsTrainScore: 0.7790178571428571
corelsCvScore: 0.7733333333333333
corelsTestScore: 0.8
Parsing CSV...
Reading file: ../tmp/transfusion.data
Done!
Rows read: 748
Columns: 5
Column names:
0: 0
1: 1
2: 2
3: 3
4: 4

Done!
Splitting into training and test...
Done!
Constructing data matrices...
Done!
training corels
Done!
corelsTrainScore: 0.7745535714285714
corelsCvScore: 0.7822222222222223
corelsTestScore: 0.8
Parsing CSV...
Reading file: ../tmp/transfusion.data
Done!
Rows read: 748
Columns: 5
Column names:
0: 0
1: 1
2: 2
3: 3
4: 4

Done!
Splitting into training and test...
Done!
Constructing data matrices...
Done!
training corels
Done!
corelsTrainScore: 0.21205357142857142
corelsCvScore: 0.25333333333333335
corelsTestScore: 0.3466666666666667
Parsing CSV...
Reading file: ../tmp/transfusion.data
Done!
Rows read: 748
Columns: 5
Column names:
0: 0
1: 1
2: 2
3: 3
4: 4

Done!
Splitting into training and test...
Done!
Constructing data matrices...
Done!
training corels
Done!
corelsTrainScore: 0.22767857142857142
corelsCvScore: 0.24
corelsTestScore: 0.29333333333333333
Parsing CSV...
Reading file: ../tmp/transfusion.data
Done!
Rows read: 748
Columns: 5
Column names:
0: 0
1: 1
2: 2
3: 3
4: 4

Done!
Splitting into training and test...
Done!
Constructing data matrices...
Done!
training corels
Done!
corelsTrainScore: 0.796875
corelsCvScore: 0.7511111111111111
corelsTestScore: 0.76
Parsing CSV...
Reading file: ../tmp/transfusion.data
Done!
Rows read: 748
Columns: 5
Column names:
0: 0
1: 1
2: 2
3: 3
4: 4

Done!
Splitting into training and test...
Done!
Constructing data matrices...
Done!
training corels
Done!
corelsTrainScore: 0.7991071428571429
corelsCvScore: 0.7377777777777778
corelsTestScore: 0.7866666666666666
Averaged over 10 trials: corels train score: 0.5587053571428572
Averaged over 10 trials: corels cv score: 0.5626666666666666
Averaged over 10 trials: corels test score: 0.5879999999999999
