Parsing CSV...
Reading file: ../tmp/data_banknote_authentication.txt
Done!
Rows read: 1372
Columns: 5
Column names:
0: 0
1: 1
2: 2
3: 3
4: 4

Done!
Splitting into training and test...
Done!
Constructing data matrices...
Done!
Training expertsys...
Done!
sklearnTrainScore: 0.9318734793187348
sklearnCvScore: 0.9029126213592233
sklearnTestScore: 0.927536231884058
Parsing CSV...
Reading file: ../tmp/data_banknote_authentication.txt
Done!
Rows read: 1372
Columns: 5
Column names:
0: 0
1: 1
2: 2
3: 3
4: 4

Done!
Splitting into training and test...
Done!
Constructing data matrices...
Done!
Training expertsys...
Done!
sklearnTrainScore: 0.9416058394160584
sklearnCvScore: 0.9344660194174758
sklearnTestScore: 0.927536231884058
Parsing CSV...
Reading file: ../tmp/data_banknote_authentication.txt
Done!
Rows read: 1372
Columns: 5
Column names:
0: 0
1: 1
2: 2
3: 3
4: 4

Done!
Splitting into training and test...
Done!
Constructing data matrices...
Done!
Training expertsys...
Done!
sklearnTrainScore: 0.927007299270073
sklearnCvScore: 0.9174757281553398
sklearnTestScore: 0.927536231884058
Parsing CSV...
Reading file: ../tmp/data_banknote_authentication.txt
Done!
Rows read: 1372
Columns: 5
Column names:
0: 0
1: 1
2: 2
3: 3
4: 4

Done!
Splitting into training and test...
Done!
Constructing data matrices...
Done!
Training expertsys...
Done!
sklearnTrainScore: 0.9720194647201946
sklearnCvScore: 0.9733009708737864
sklearnTestScore: 0.9637681159420289
Parsing CSV...
Reading file: ../tmp/data_banknote_authentication.txt
Done!
Rows read: 1372
Columns: 5
Column names:
0: 0
1: 1
2: 2
3: 3
4: 4

Done!
Splitting into training and test...
Done!
Constructing data matrices...
Done!
Training expertsys...
Done!
sklearnTrainScore: 0.9781021897810219
sklearnCvScore: 0.9684466019417476
sklearnTestScore: 0.9492753623188406
Parsing CSV...
Reading file: ../tmp/data_banknote_authentication.txt
Done!
Rows read: 1372
Columns: 5
Column names:
0: 0
1: 1
2: 2
3: 3
4: 4

Done!
Splitting into training and test...
Done!
Constructing data matrices...
Done!
Training expertsys...
Done!
sklearnTrainScore: 0.9440389294403893
sklearnCvScore: 0.9538834951456311
sklearnTestScore: 0.9420289855072463
Parsing CSV...
Reading file: ../tmp/data_banknote_authentication.txt
Done!
Rows read: 1372
Columns: 5
Column names:
0: 0
1: 1
2: 2
3: 3
4: 4

Done!
Splitting into training and test...
Done!
Constructing data matrices...
Done!
Training expertsys...
Done!
sklearnTrainScore: 0.9330900243309003
sklearnCvScore: 0.9441747572815534
sklearnTestScore: 0.9710144927536232
Parsing CSV...
Reading file: ../tmp/data_banknote_authentication.txt
Done!
Rows read: 1372
Columns: 5
Column names:
0: 0
1: 1
2: 2
3: 3
4: 4

Done!
Splitting into training and test...
Done!
Constructing data matrices...
Done!
Training expertsys...
Done!
sklearnTrainScore: 0.9379562043795621
sklearnCvScore: 0.9247572815533981
sklearnTestScore: 0.8913043478260869
Parsing CSV...
Reading file: ../tmp/data_banknote_authentication.txt
Done!
Rows read: 1372
Columns: 5
Column names:
0: 0
1: 1
2: 2
3: 3
4: 4

Done!
Splitting into training and test...
Done!
Constructing data matrices...
Done!
Training expertsys...
Done!
sklearnTrainScore: 0.9562043795620438
sklearnCvScore: 0.9296116504854369
sklearnTestScore: 0.9202898550724637
Parsing CSV...
Reading file: ../tmp/data_banknote_authentication.txt
Done!
Rows read: 1372
Columns: 5
Column names:
0: 0
1: 1
2: 2
3: 3
4: 4

Done!
Splitting into training and test...
Done!
Constructing data matrices...
Done!
Training expertsys...
Done!
sklearnTrainScore: 0.9781021897810219
sklearnCvScore: 0.9684466019417476
sklearnTestScore: 0.9202898550724637
Averaged over 10 trials: expertsys train score: 0.9500000000000002
Averaged over 10 trials: expertsys cv score: 0.941747572815534
Averaged over 10 trials: expertsys test score:0.9340579710144926
