Parsing CSV...
Reading file: ../tmp/breast_cancer_diag.data
Done!
Rows read: 569
Columns: 31
Column names:
0: 0
1: 1
2: 2
3: 3
4: 4
5: 5
6: 6
7: 7
8: 8
9: 9
10: 10
11: 11
12: 12
13: 13
14: 14
15: 15
16: 16
17: 17
18: 18
19: 19
20: 20
21: 21
22: 22
23: 23
24: 24
25: 25
26: 26
27: 27
28: 28
29: 29
30: 30

Done!
Splitting into training and test...
Done!
Constructing data matrices...
Done!
Training expertsys...
Done!
sklearnTrainScore: 0.9765395894428153
sklearnCvScore: 0.9239766081871345
sklearnTestScore: 0.9298245614035088
Parsing CSV...
Reading file: ../tmp/breast_cancer_diag.data
Done!
Rows read: 569
Columns: 31
Column names:
0: 0
1: 1
2: 2
3: 3
4: 4
5: 5
6: 6
7: 7
8: 8
9: 9
10: 10
11: 11
12: 12
13: 13
14: 14
15: 15
16: 16
17: 17
18: 18
19: 19
20: 20
21: 21
22: 22
23: 23
24: 24
25: 25
26: 26
27: 27
28: 28
29: 29
30: 30

Done!
Splitting into training and test...
Done!
Constructing data matrices...
Done!
Training expertsys...
Done!
sklearnTrainScore: 0.9912023460410557
sklearnCvScore: 0.9473684210526315
sklearnTestScore: 0.9649122807017544
Parsing CSV...
Reading file: ../tmp/breast_cancer_diag.data
Done!
Rows read: 569
Columns: 31
Column names:
0: 0
1: 1
2: 2
3: 3
4: 4
5: 5
6: 6
7: 7
8: 8
9: 9
10: 10
11: 11
12: 12
13: 13
14: 14
15: 15
16: 16
17: 17
18: 18
19: 19
20: 20
21: 21
22: 22
23: 23
24: 24
25: 25
26: 26
27: 27
28: 28
29: 29
30: 30

Done!
Splitting into training and test...
Done!
Constructing data matrices...
Done!
Training expertsys...
Done!
sklearnTrainScore: 0.9794721407624634
sklearnCvScore: 0.9532163742690059
sklearnTestScore: 0.9122807017543859
Parsing CSV...
Reading file: ../tmp/breast_cancer_diag.data
Done!
Rows read: 569
Columns: 31
Column names:
0: 0
1: 1
2: 2
3: 3
4: 4
5: 5
6: 6
7: 7
8: 8
9: 9
10: 10
11: 11
12: 12
13: 13
14: 14
15: 15
16: 16
17: 17
18: 18
19: 19
20: 20
21: 21
22: 22
23: 23
24: 24
25: 25
26: 26
27: 27
28: 28
29: 29
30: 30

Done!
Splitting into training and test...
Done!
Constructing data matrices...
Done!
Training expertsys...
Done!
sklearnTrainScore: 0.9824046920821115
sklearnCvScore: 0.9122807017543859
sklearnTestScore: 0.9473684210526315
Parsing CSV...
Reading file: ../tmp/breast_cancer_diag.data
Done!
Rows read: 569
Columns: 31
Column names:
0: 0
1: 1
2: 2
3: 3
4: 4
5: 5
6: 6
7: 7
8: 8
9: 9
10: 10
11: 11
12: 12
13: 13
14: 14
15: 15
16: 16
17: 17
18: 18
19: 19
20: 20
21: 21
22: 22
23: 23
24: 24
25: 25
26: 26
27: 27
28: 28
29: 29
30: 30

Done!
Splitting into training and test...
Done!
Constructing data matrices...
Done!
Training expertsys...
Done!
sklearnTrainScore: 0.9912023460410557
sklearnCvScore: 0.9415204678362573
sklearnTestScore: 0.9824561403508771
Parsing CSV...
Reading file: ../tmp/breast_cancer_diag.data
Done!
Rows read: 569
Columns: 31
Column names:
0: 0
1: 1
2: 2
3: 3
4: 4
5: 5
6: 6
7: 7
8: 8
9: 9
10: 10
11: 11
12: 12
13: 13
14: 14
15: 15
16: 16
17: 17
18: 18
19: 19
20: 20
21: 21
22: 22
23: 23
24: 24
25: 25
26: 26
27: 27
28: 28
29: 29
30: 30

Done!
Splitting into training and test...
Done!
Constructing data matrices...
Done!
Training expertsys...
Done!
sklearnTrainScore: 0.9765395894428153
sklearnCvScore: 0.9239766081871345
sklearnTestScore: 0.9649122807017544
Parsing CSV...
Reading file: ../tmp/breast_cancer_diag.data
Done!
Rows read: 569
Columns: 31
Column names:
0: 0
1: 1
2: 2
3: 3
4: 4
5: 5
6: 6
7: 7
8: 8
9: 9
10: 10
11: 11
12: 12
13: 13
14: 14
15: 15
16: 16
17: 17
18: 18
19: 19
20: 20
21: 21
22: 22
23: 23
24: 24
25: 25
26: 26
27: 27
28: 28
29: 29
30: 30

Done!
Splitting into training and test...
Done!
Constructing data matrices...
Done!
Training expertsys...
Done!
sklearnTrainScore: 0.9765395894428153
sklearnCvScore: 0.9473684210526315
sklearnTestScore: 0.9649122807017544
Parsing CSV...
Reading file: ../tmp/breast_cancer_diag.data
Done!
Rows read: 569
Columns: 31
Column names:
0: 0
1: 1
2: 2
3: 3
4: 4
5: 5
6: 6
7: 7
8: 8
9: 9
10: 10
11: 11
12: 12
13: 13
14: 14
15: 15
16: 16
17: 17
18: 18
19: 19
20: 20
21: 21
22: 22
23: 23
24: 24
25: 25
26: 26
27: 27
28: 28
29: 29
30: 30

Done!
Splitting into training and test...
Done!
Constructing data matrices...
Done!
Training expertsys...
Done!
sklearnTrainScore: 0.9706744868035191
sklearnCvScore: 0.9298245614035088
sklearnTestScore: 0.9649122807017544
Parsing CSV...
Reading file: ../tmp/breast_cancer_diag.data
Done!
Rows read: 569
Columns: 31
Column names:
0: 0
1: 1
2: 2
3: 3
4: 4
5: 5
6: 6
7: 7
8: 8
9: 9
10: 10
11: 11
12: 12
13: 13
14: 14
15: 15
16: 16
17: 17
18: 18
19: 19
20: 20
21: 21
22: 22
23: 23
24: 24
25: 25
26: 26
27: 27
28: 28
29: 29
30: 30

Done!
Splitting into training and test...
Done!
Constructing data matrices...
Done!
Training expertsys...
Done!
sklearnTrainScore: 0.9853372434017595
sklearnCvScore: 0.9181286549707602
sklearnTestScore: 0.9473684210526315
Parsing CSV...
Reading file: ../tmp/breast_cancer_diag.data
Done!
Rows read: 569
Columns: 31
Column names:
0: 0
1: 1
2: 2
3: 3
4: 4
5: 5
6: 6
7: 7
8: 8
9: 9
10: 10
11: 11
12: 12
13: 13
14: 14
15: 15
16: 16
17: 17
18: 18
19: 19
20: 20
21: 21
22: 22
23: 23
24: 24
25: 25
26: 26
27: 27
28: 28
29: 29
30: 30

Done!
Splitting into training and test...
Done!
Constructing data matrices...
Done!
Training expertsys...
Done!
sklearnTrainScore: 0.9648093841642229
sklearnCvScore: 0.9415204678362573
sklearnTestScore: 0.9473684210526315
Averaged over 10 trials: expertsys train score: 0.9794721407624634
Averaged over 10 trials: expertsys cv score: 0.9339181286549707
Averaged over 10 trials: expertsys test score:0.9526315789473683
