Parsing CSV...
Reading file: ../tmp/kr-vs-kp.data
Done!
Rows read: 3196
Columns: 110
Column names:
0: 36
1: 0_f
2: 0_t
3: 0_nan
4: 1_f
5: 1_t
6: 1_nan
7: 2_f
8: 2_t
9: 2_nan
10: 3_f
11: 3_t
12: 3_nan
13: 4_f
14: 4_t
15: 4_nan
16: 5_f
17: 5_t
18: 5_nan
19: 6_f
20: 6_t
21: 6_nan
22: 7_f
23: 7_t
24: 7_nan
25: 8_f
26: 8_t
27: 8_nan
28: 9_f
29: 9_t
30: 9_nan
31: 10_f
32: 10_t
33: 10_nan
34: 11_f
35: 11_t
36: 11_nan
37: 12_g
38: 12_l
39: 12_nan
40: 13_f
41: 13_t
42: 13_nan
43: 14_b
44: 14_n
45: 14_w
46: 14_nan
47: 15_f
48: 15_t
49: 15_nan
50: 16_f
51: 16_t
52: 16_nan
53: 17_f
54: 17_t
55: 17_nan
56: 18_f
57: 18_t
58: 18_nan
59: 19_f
60: 19_t
61: 19_nan
62: 20_f
63: 20_t
64: 20_nan
65: 21_f
66: 21_t
67: 21_nan
68: 22_f
69: 22_t
70: 22_nan
71: 23_f
72: 23_t
73: 23_nan
74: 24_f
75: 24_t
76: 24_nan
77: 25_f
78: 25_t
79: 25_nan
80: 26_f
81: 26_t
82: 26_nan
83: 27_f
84: 27_t
85: 27_nan
86: 28_f
87: 28_t
88: 28_nan
89: 29_f
90: 29_t
91: 29_nan
92: 30_f
93: 30_t
94: 30_nan
95: 31_f
96: 31_t
97: 31_nan
98: 32_f
99: 32_t
100: 32_nan
101: 33_f
102: 33_t
103: 33_nan
104: 34_f
105: 34_t
106: 34_nan
107: 35_n
108: 35_t
109: 35_nan

Done!
Splitting into training and test...
Done!
Constructing data matrices...
Done!
Training expertsys...
Done!
sklearnTrainScore: 0.9655712050078247
sklearnCvScore: 0.9614181438998958
sklearnTestScore: 0.940625
Parsing CSV...
Reading file: ../tmp/kr-vs-kp.data
Done!
Rows read: 3196
Columns: 110
Column names:
0: 36
1: 0_f
2: 0_t
3: 0_nan
4: 1_f
5: 1_t
6: 1_nan
7: 2_f
8: 2_t
9: 2_nan
10: 3_f
11: 3_t
12: 3_nan
13: 4_f
14: 4_t
15: 4_nan
16: 5_f
17: 5_t
18: 5_nan
19: 6_f
20: 6_t
21: 6_nan
22: 7_f
23: 7_t
24: 7_nan
25: 8_f
26: 8_t
27: 8_nan
28: 9_f
29: 9_t
30: 9_nan
31: 10_f
32: 10_t
33: 10_nan
34: 11_f
35: 11_t
36: 11_nan
37: 12_g
38: 12_l
39: 12_nan
40: 13_f
41: 13_t
42: 13_nan
43: 14_b
44: 14_n
45: 14_w
46: 14_nan
47: 15_f
48: 15_t
49: 15_nan
50: 16_f
51: 16_t
52: 16_nan
53: 17_f
54: 17_t
55: 17_nan
56: 18_f
57: 18_t
58: 18_nan
59: 19_f
60: 19_t
61: 19_nan
62: 20_f
63: 20_t
64: 20_nan
65: 21_f
66: 21_t
67: 21_nan
68: 22_f
69: 22_t
70: 22_nan
71: 23_f
72: 23_t
73: 23_nan
74: 24_f
75: 24_t
76: 24_nan
77: 25_f
78: 25_t
79: 25_nan
80: 26_f
81: 26_t
82: 26_nan
83: 27_f
84: 27_t
85: 27_nan
86: 28_f
87: 28_t
88: 28_nan
89: 29_f
90: 29_t
91: 29_nan
92: 30_f
93: 30_t
94: 30_nan
95: 31_f
96: 31_t
97: 31_nan
98: 32_f
99: 32_t
100: 32_nan
101: 33_f
102: 33_t
103: 33_nan
104: 34_f
105: 34_t
106: 34_nan
107: 35_n
108: 35_t
109: 35_nan

Done!
Splitting into training and test...
Done!
Constructing data matrices...
Done!
Training expertsys...
Done!
sklearnTrainScore: 0.9640062597809077
sklearnCvScore: 0.9582898852971846
sklearnTestScore: 0.959375
Parsing CSV...
Reading file: ../tmp/kr-vs-kp.data
Done!
Rows read: 3196
Columns: 110
Column names:
0: 36
1: 0_f
2: 0_t
3: 0_nan
4: 1_f
5: 1_t
6: 1_nan
7: 2_f
8: 2_t
9: 2_nan
10: 3_f
11: 3_t
12: 3_nan
13: 4_f
14: 4_t
15: 4_nan
16: 5_f
17: 5_t
18: 5_nan
19: 6_f
20: 6_t
21: 6_nan
22: 7_f
23: 7_t
24: 7_nan
25: 8_f
26: 8_t
27: 8_nan
28: 9_f
29: 9_t
30: 9_nan
31: 10_f
32: 10_t
33: 10_nan
34: 11_f
35: 11_t
36: 11_nan
37: 12_g
38: 12_l
39: 12_nan
40: 13_f
41: 13_t
42: 13_nan
43: 14_b
44: 14_n
45: 14_w
46: 14_nan
47: 15_f
48: 15_t
49: 15_nan
50: 16_f
51: 16_t
52: 16_nan
53: 17_f
54: 17_t
55: 17_nan
56: 18_f
57: 18_t
58: 18_nan
59: 19_f
60: 19_t
61: 19_nan
62: 20_f
63: 20_t
64: 20_nan
65: 21_f
66: 21_t
67: 21_nan
68: 22_f
69: 22_t
70: 22_nan
71: 23_f
72: 23_t
73: 23_nan
74: 24_f
75: 24_t
76: 24_nan
77: 25_f
78: 25_t
79: 25_nan
80: 26_f
81: 26_t
82: 26_nan
83: 27_f
84: 27_t
85: 27_nan
86: 28_f
87: 28_t
88: 28_nan
89: 29_f
90: 29_t
91: 29_nan
92: 30_f
93: 30_t
94: 30_nan
95: 31_f
96: 31_t
97: 31_nan
98: 32_f
99: 32_t
100: 32_nan
101: 33_f
102: 33_t
103: 33_nan
104: 34_f
105: 34_t
106: 34_nan
107: 35_n
108: 35_t
109: 35_nan

Done!
Splitting into training and test...
Done!
Constructing data matrices...
Done!
Training expertsys...
Done!
sklearnTrainScore: 0.9582681272822118
sklearnCvScore: 0.9582898852971846
sklearnTestScore: 0.95625
Parsing CSV...
Reading file: ../tmp/kr-vs-kp.data
Done!
Rows read: 3196
Columns: 110
Column names:
0: 36
1: 0_f
2: 0_t
3: 0_nan
4: 1_f
5: 1_t
6: 1_nan
7: 2_f
8: 2_t
9: 2_nan
10: 3_f
11: 3_t
12: 3_nan
13: 4_f
14: 4_t
15: 4_nan
16: 5_f
17: 5_t
18: 5_nan
19: 6_f
20: 6_t
21: 6_nan
22: 7_f
23: 7_t
24: 7_nan
25: 8_f
26: 8_t
27: 8_nan
28: 9_f
29: 9_t
30: 9_nan
31: 10_f
32: 10_t
33: 10_nan
34: 11_f
35: 11_t
36: 11_nan
37: 12_g
38: 12_l
39: 12_nan
40: 13_f
41: 13_t
42: 13_nan
43: 14_b
44: 14_n
45: 14_w
46: 14_nan
47: 15_f
48: 15_t
49: 15_nan
50: 16_f
51: 16_t
52: 16_nan
53: 17_f
54: 17_t
55: 17_nan
56: 18_f
57: 18_t
58: 18_nan
59: 19_f
60: 19_t
61: 19_nan
62: 20_f
63: 20_t
64: 20_nan
65: 21_f
66: 21_t
67: 21_nan
68: 22_f
69: 22_t
70: 22_nan
71: 23_f
72: 23_t
73: 23_nan
74: 24_f
75: 24_t
76: 24_nan
77: 25_f
78: 25_t
79: 25_nan
80: 26_f
81: 26_t
82: 26_nan
83: 27_f
84: 27_t
85: 27_nan
86: 28_f
87: 28_t
88: 28_nan
89: 29_f
90: 29_t
91: 29_nan
92: 30_f
93: 30_t
94: 30_nan
95: 31_f
96: 31_t
97: 31_nan
98: 32_f
99: 32_t
100: 32_nan
101: 33_f
102: 33_t
103: 33_nan
104: 34_f
105: 34_t
106: 34_nan
107: 35_n
108: 35_t
109: 35_nan

Done!
Splitting into training and test...
Done!
Constructing data matrices...
Done!
Training expertsys...
Done!
sklearnTrainScore: 0.9540949400104329
sklearnCvScore: 0.97288842544317
sklearnTestScore: 0.975
Parsing CSV...
Reading file: ../tmp/kr-vs-kp.data
Done!
Rows read: 3196
Columns: 110
Column names:
0: 36
1: 0_f
2: 0_t
3: 0_nan
4: 1_f
5: 1_t
6: 1_nan
7: 2_f
8: 2_t
9: 2_nan
10: 3_f
11: 3_t
12: 3_nan
13: 4_f
14: 4_t
15: 4_nan
16: 5_f
17: 5_t
18: 5_nan
19: 6_f
20: 6_t
21: 6_nan
22: 7_f
23: 7_t
24: 7_nan
25: 8_f
26: 8_t
27: 8_nan
28: 9_f
29: 9_t
30: 9_nan
31: 10_f
32: 10_t
33: 10_nan
34: 11_f
35: 11_t
36: 11_nan
37: 12_g
38: 12_l
39: 12_nan
40: 13_f
41: 13_t
42: 13_nan
43: 14_b
44: 14_n
45: 14_w
46: 14_nan
47: 15_f
48: 15_t
49: 15_nan
50: 16_f
51: 16_t
52: 16_nan
53: 17_f
54: 17_t
55: 17_nan
56: 18_f
57: 18_t
58: 18_nan
59: 19_f
60: 19_t
61: 19_nan
62: 20_f
63: 20_t
64: 20_nan
65: 21_f
66: 21_t
67: 21_nan
68: 22_f
69: 22_t
70: 22_nan
71: 23_f
72: 23_t
73: 23_nan
74: 24_f
75: 24_t
76: 24_nan
77: 25_f
78: 25_t
79: 25_nan
80: 26_f
81: 26_t
82: 26_nan
83: 27_f
84: 27_t
85: 27_nan
86: 28_f
87: 28_t
88: 28_nan
89: 29_f
90: 29_t
91: 29_nan
92: 30_f
93: 30_t
94: 30_nan
95: 31_f
96: 31_t
97: 31_nan
98: 32_f
99: 32_t
100: 32_nan
101: 33_f
102: 33_t
103: 33_nan
104: 34_f
105: 34_t
106: 34_nan
107: 35_n
108: 35_t
109: 35_nan

Done!
Splitting into training and test...
Done!
Constructing data matrices...
Done!
Training expertsys...
Done!
sklearnTrainScore: 0.9629629629629629
sklearnCvScore: 0.959332638164755
sklearnTestScore: 0.9625
Parsing CSV...
Reading file: ../tmp/kr-vs-kp.data
Done!
Rows read: 3196
Columns: 110
Column names:
0: 36
1: 0_f
2: 0_t
3: 0_nan
4: 1_f
5: 1_t
6: 1_nan
7: 2_f
8: 2_t
9: 2_nan
10: 3_f
11: 3_t
12: 3_nan
13: 4_f
14: 4_t
15: 4_nan
16: 5_f
17: 5_t
18: 5_nan
19: 6_f
20: 6_t
21: 6_nan
22: 7_f
23: 7_t
24: 7_nan
25: 8_f
26: 8_t
27: 8_nan
28: 9_f
29: 9_t
30: 9_nan
31: 10_f
32: 10_t
33: 10_nan
34: 11_f
35: 11_t
36: 11_nan
37: 12_g
38: 12_l
39: 12_nan
40: 13_f
41: 13_t
42: 13_nan
43: 14_b
44: 14_n
45: 14_w
46: 14_nan
47: 15_f
48: 15_t
49: 15_nan
50: 16_f
51: 16_t
52: 16_nan
53: 17_f
54: 17_t
55: 17_nan
56: 18_f
57: 18_t
58: 18_nan
59: 19_f
60: 19_t
61: 19_nan
62: 20_f
63: 20_t
64: 20_nan
65: 21_f
66: 21_t
67: 21_nan
68: 22_f
69: 22_t
70: 22_nan
71: 23_f
72: 23_t
73: 23_nan
74: 24_f
75: 24_t
76: 24_nan
77: 25_f
78: 25_t
79: 25_nan
80: 26_f
81: 26_t
82: 26_nan
83: 27_f
84: 27_t
85: 27_nan
86: 28_f
87: 28_t
88: 28_nan
89: 29_f
90: 29_t
91: 29_nan
92: 30_f
93: 30_t
94: 30_nan
95: 31_f
96: 31_t
97: 31_nan
98: 32_f
99: 32_t
100: 32_nan
101: 33_f
102: 33_t
103: 33_nan
104: 34_f
105: 34_t
106: 34_nan
107: 35_n
108: 35_t
109: 35_nan

Done!
Splitting into training and test...
Done!
Constructing data matrices...
Done!
Training expertsys...
Done!
sklearnTrainScore: 0.9587897756911842
sklearnCvScore: 0.9666319082377477
sklearnTestScore: 0.965625
Parsing CSV...
Reading file: ../tmp/kr-vs-kp.data
Done!
Rows read: 3196
Columns: 110
Column names:
0: 36
1: 0_f
2: 0_t
3: 0_nan
4: 1_f
5: 1_t
6: 1_nan
7: 2_f
8: 2_t
9: 2_nan
10: 3_f
11: 3_t
12: 3_nan
13: 4_f
14: 4_t
15: 4_nan
16: 5_f
17: 5_t
18: 5_nan
19: 6_f
20: 6_t
21: 6_nan
22: 7_f
23: 7_t
24: 7_nan
25: 8_f
26: 8_t
27: 8_nan
28: 9_f
29: 9_t
30: 9_nan
31: 10_f
32: 10_t
33: 10_nan
34: 11_f
35: 11_t
36: 11_nan
37: 12_g
38: 12_l
39: 12_nan
40: 13_f
41: 13_t
42: 13_nan
43: 14_b
44: 14_n
45: 14_w
46: 14_nan
47: 15_f
48: 15_t
49: 15_nan
50: 16_f
51: 16_t
52: 16_nan
53: 17_f
54: 17_t
55: 17_nan
56: 18_f
57: 18_t
58: 18_nan
59: 19_f
60: 19_t
61: 19_nan
62: 20_f
63: 20_t
64: 20_nan
65: 21_f
66: 21_t
67: 21_nan
68: 22_f
69: 22_t
70: 22_nan
71: 23_f
72: 23_t
73: 23_nan
74: 24_f
75: 24_t
76: 24_nan
77: 25_f
78: 25_t
79: 25_nan
80: 26_f
81: 26_t
82: 26_nan
83: 27_f
84: 27_t
85: 27_nan
86: 28_f
87: 28_t
88: 28_nan
89: 29_f
90: 29_t
91: 29_nan
92: 30_f
93: 30_t
94: 30_nan
95: 31_f
96: 31_t
97: 31_nan
98: 32_f
99: 32_t
100: 32_nan
101: 33_f
102: 33_t
103: 33_nan
104: 34_f
105: 34_t
106: 34_nan
107: 35_n
108: 35_t
109: 35_nan

Done!
Splitting into training and test...
Done!
Constructing data matrices...
Done!
Training expertsys...
Done!
sklearnTrainScore: 0.9619196661450182
sklearnCvScore: 0.9614181438998958
sklearnTestScore: 0.9625
Parsing CSV...
Reading file: ../tmp/kr-vs-kp.data
Done!
Rows read: 3196
Columns: 110
Column names:
0: 36
1: 0_f
2: 0_t
3: 0_nan
4: 1_f
5: 1_t
6: 1_nan
7: 2_f
8: 2_t
9: 2_nan
10: 3_f
11: 3_t
12: 3_nan
13: 4_f
14: 4_t
15: 4_nan
16: 5_f
17: 5_t
18: 5_nan
19: 6_f
20: 6_t
21: 6_nan
22: 7_f
23: 7_t
24: 7_nan
25: 8_f
26: 8_t
27: 8_nan
28: 9_f
29: 9_t
30: 9_nan
31: 10_f
32: 10_t
33: 10_nan
34: 11_f
35: 11_t
36: 11_nan
37: 12_g
38: 12_l
39: 12_nan
40: 13_f
41: 13_t
42: 13_nan
43: 14_b
44: 14_n
45: 14_w
46: 14_nan
47: 15_f
48: 15_t
49: 15_nan
50: 16_f
51: 16_t
52: 16_nan
53: 17_f
54: 17_t
55: 17_nan
56: 18_f
57: 18_t
58: 18_nan
59: 19_f
60: 19_t
61: 19_nan
62: 20_f
63: 20_t
64: 20_nan
65: 21_f
66: 21_t
67: 21_nan
68: 22_f
69: 22_t
70: 22_nan
71: 23_f
72: 23_t
73: 23_nan
74: 24_f
75: 24_t
76: 24_nan
77: 25_f
78: 25_t
79: 25_nan
80: 26_f
81: 26_t
82: 26_nan
83: 27_f
84: 27_t
85: 27_nan
86: 28_f
87: 28_t
88: 28_nan
89: 29_f
90: 29_t
91: 29_nan
92: 30_f
93: 30_t
94: 30_nan
95: 31_f
96: 31_t
97: 31_nan
98: 32_f
99: 32_t
100: 32_nan
101: 33_f
102: 33_t
103: 33_nan
104: 34_f
105: 34_t
106: 34_nan
107: 35_n
108: 35_t
109: 35_nan

Done!
Splitting into training and test...
Done!
Constructing data matrices...
Done!
Training expertsys...
Done!
sklearnTrainScore: 0.9629629629629629
sklearnCvScore: 0.9603753910323254
sklearnTestScore: 0.959375
Parsing CSV...
Reading file: ../tmp/kr-vs-kp.data
Done!
Rows read: 3196
Columns: 110
Column names:
0: 36
1: 0_f
2: 0_t
3: 0_nan
4: 1_f
5: 1_t
6: 1_nan
7: 2_f
8: 2_t
9: 2_nan
10: 3_f
11: 3_t
12: 3_nan
13: 4_f
14: 4_t
15: 4_nan
16: 5_f
17: 5_t
18: 5_nan
19: 6_f
20: 6_t
21: 6_nan
22: 7_f
23: 7_t
24: 7_nan
25: 8_f
26: 8_t
27: 8_nan
28: 9_f
29: 9_t
30: 9_nan
31: 10_f
32: 10_t
33: 10_nan
34: 11_f
35: 11_t
36: 11_nan
37: 12_g
38: 12_l
39: 12_nan
40: 13_f
41: 13_t
42: 13_nan
43: 14_b
44: 14_n
45: 14_w
46: 14_nan
47: 15_f
48: 15_t
49: 15_nan
50: 16_f
51: 16_t
52: 16_nan
53: 17_f
54: 17_t
55: 17_nan
56: 18_f
57: 18_t
58: 18_nan
59: 19_f
60: 19_t
61: 19_nan
62: 20_f
63: 20_t
64: 20_nan
65: 21_f
66: 21_t
67: 21_nan
68: 22_f
69: 22_t
70: 22_nan
71: 23_f
72: 23_t
73: 23_nan
74: 24_f
75: 24_t
76: 24_nan
77: 25_f
78: 25_t
79: 25_nan
80: 26_f
81: 26_t
82: 26_nan
83: 27_f
84: 27_t
85: 27_nan
86: 28_f
87: 28_t
88: 28_nan
89: 29_f
90: 29_t
91: 29_nan
92: 30_f
93: 30_t
94: 30_nan
95: 31_f
96: 31_t
97: 31_nan
98: 32_f
99: 32_t
100: 32_nan
101: 33_f
102: 33_t
103: 33_nan
104: 34_f
105: 34_t
106: 34_nan
107: 35_n
108: 35_t
109: 35_nan

Done!
Splitting into training and test...
Done!
Constructing data matrices...
Done!
Training expertsys...
Done!
sklearnTrainScore: 0.9603547209181011
sklearnCvScore: 0.9655891553701773
sklearnTestScore: 0.959375
Parsing CSV...
Reading file: ../tmp/kr-vs-kp.data
Done!
Rows read: 3196
Columns: 110
Column names:
0: 36
1: 0_f
2: 0_t
3: 0_nan
4: 1_f
5: 1_t
6: 1_nan
7: 2_f
8: 2_t
9: 2_nan
10: 3_f
11: 3_t
12: 3_nan
13: 4_f
14: 4_t
15: 4_nan
16: 5_f
17: 5_t
18: 5_nan
19: 6_f
20: 6_t
21: 6_nan
22: 7_f
23: 7_t
24: 7_nan
25: 8_f
26: 8_t
27: 8_nan
28: 9_f
29: 9_t
30: 9_nan
31: 10_f
32: 10_t
33: 10_nan
34: 11_f
35: 11_t
36: 11_nan
37: 12_g
38: 12_l
39: 12_nan
40: 13_f
41: 13_t
42: 13_nan
43: 14_b
44: 14_n
45: 14_w
46: 14_nan
47: 15_f
48: 15_t
49: 15_nan
50: 16_f
51: 16_t
52: 16_nan
53: 17_f
54: 17_t
55: 17_nan
56: 18_f
57: 18_t
58: 18_nan
59: 19_f
60: 19_t
61: 19_nan
62: 20_f
63: 20_t
64: 20_nan
65: 21_f
66: 21_t
67: 21_nan
68: 22_f
69: 22_t
70: 22_nan
71: 23_f
72: 23_t
73: 23_nan
74: 24_f
75: 24_t
76: 24_nan
77: 25_f
78: 25_t
79: 25_nan
80: 26_f
81: 26_t
82: 26_nan
83: 27_f
84: 27_t
85: 27_nan
86: 28_f
87: 28_t
88: 28_nan
89: 29_f
90: 29_t
91: 29_nan
92: 30_f
93: 30_t
94: 30_nan
95: 31_f
96: 31_t
97: 31_nan
98: 32_f
99: 32_t
100: 32_nan
101: 33_f
102: 33_t
103: 33_nan
104: 34_f
105: 34_t
106: 34_nan
107: 35_n
108: 35_t
109: 35_nan

Done!
Splitting into training and test...
Done!
Constructing data matrices...
Done!
Training expertsys...
Done!
sklearnTrainScore: 0.9593114241001565
sklearnCvScore: 0.9614181438998958
sklearnTestScore: 0.978125
Averaged over 10 trials: expertsys train score: 0.9608242044861764
Averaged over 10 trials: expertsys cv score: 0.9625651720542232
Averaged over 10 trials: expertsys test score:0.961875
