Parsing CSV...
Reading file: ../tmp/pop_failures.dat
Done!
Rows read: 540
Columns: 19
Column names:
0: 0
1: 1
2: 2
3: 3
4: 4
5: 5
6: 6
7: 7
8: 8
9: 9
10: 10
11: 11
12: 12
13: 13
14: 14
15: 15
16: 16
17: 17
18: 18

Done!
Splitting into training and test...
Done!
Constructing data matrices...
Done!
Training expertsys...
Done!
sklearnTrainScore: 0.9690402476780186
sklearnCvScore: 0.9320987654320988
sklearnTestScore: 0.8909090909090909
Parsing CSV...
Reading file: ../tmp/pop_failures.dat
Done!
Rows read: 540
Columns: 19
Column names:
0: 0
1: 1
2: 2
3: 3
4: 4
5: 5
6: 6
7: 7
8: 8
9: 9
10: 10
11: 11
12: 12
13: 13
14: 14
15: 15
16: 16
17: 17
18: 18

Done!
Splitting into training and test...
Done!
Constructing data matrices...
Done!
Training expertsys...
Done!
sklearnTrainScore: 0.9380804953560371
sklearnCvScore: 0.8888888888888888
sklearnTestScore: 0.9090909090909091
Parsing CSV...
Reading file: ../tmp/pop_failures.dat
Done!
Rows read: 540
Columns: 19
Column names:
0: 0
1: 1
2: 2
3: 3
4: 4
5: 5
6: 6
7: 7
8: 8
9: 9
10: 10
11: 11
12: 12
13: 13
14: 14
15: 15
16: 16
17: 17
18: 18

Done!
Splitting into training and test...
Done!
Constructing data matrices...
Done!
Training expertsys...
Done!
sklearnTrainScore: 0.9256965944272446
sklearnCvScore: 0.9259259259259259
sklearnTestScore: 0.9272727272727272
Parsing CSV...
Reading file: ../tmp/pop_failures.dat
Done!
Rows read: 540
Columns: 19
Column names:
0: 0
1: 1
2: 2
3: 3
4: 4
5: 5
6: 6
7: 7
8: 8
9: 9
10: 10
11: 11
12: 12
13: 13
14: 14
15: 15
16: 16
17: 17
18: 18

Done!
Splitting into training and test...
Done!
Constructing data matrices...
Done!
Training expertsys...
Done!
sklearnTrainScore: 0.9411764705882353
sklearnCvScore: 0.8950617283950617
sklearnTestScore: 0.9272727272727272
Parsing CSV...
Reading file: ../tmp/pop_failures.dat
Done!
Rows read: 540
Columns: 19
Column names:
0: 0
1: 1
2: 2
3: 3
4: 4
5: 5
6: 6
7: 7
8: 8
9: 9
10: 10
11: 11
12: 12
13: 13
14: 14
15: 15
16: 16
17: 17
18: 18

Done!
Splitting into training and test...
Done!
Constructing data matrices...
Done!
Training expertsys...
Done!
sklearnTrainScore: 0.9040247678018576
sklearnCvScore: 0.9382716049382716
sklearnTestScore: 0.9090909090909091
Parsing CSV...
Reading file: ../tmp/pop_failures.dat
Done!
Rows read: 540
Columns: 19
Column names:
0: 0
1: 1
2: 2
3: 3
4: 4
5: 5
6: 6
7: 7
8: 8
9: 9
10: 10
11: 11
12: 12
13: 13
14: 14
15: 15
16: 16
17: 17
18: 18

Done!
Splitting into training and test...
Done!
Constructing data matrices...
Done!
Training expertsys...
Done!
sklearnTrainScore: 0.9566563467492261
sklearnCvScore: 0.9012345679012346
sklearnTestScore: 0.8727272727272727
Parsing CSV...
Reading file: ../tmp/pop_failures.dat
Done!
Rows read: 540
Columns: 19
Column names:
0: 0
1: 1
2: 2
3: 3
4: 4
5: 5
6: 6
7: 7
8: 8
9: 9
10: 10
11: 11
12: 12
13: 13
14: 14
15: 15
16: 16
17: 17
18: 18

Done!
Splitting into training and test...
Done!
Constructing data matrices...
Done!
Training expertsys...
Done!
sklearnTrainScore: 0.9504643962848297
sklearnCvScore: 0.8888888888888888
sklearnTestScore: 1.0
Parsing CSV...
Reading file: ../tmp/pop_failures.dat
Done!
Rows read: 540
Columns: 19
Column names:
0: 0
1: 1
2: 2
3: 3
4: 4
5: 5
6: 6
7: 7
8: 8
9: 9
10: 10
11: 11
12: 12
13: 13
14: 14
15: 15
16: 16
17: 17
18: 18

Done!
Splitting into training and test...
Done!
Constructing data matrices...
Done!
Training expertsys...
Done!
sklearnTrainScore: 0.9226006191950464
sklearnCvScore: 0.9259259259259259
sklearnTestScore: 0.9454545454545454
Parsing CSV...
Reading file: ../tmp/pop_failures.dat
Done!
Rows read: 540
Columns: 19
Column names:
0: 0
1: 1
2: 2
3: 3
4: 4
5: 5
6: 6
7: 7
8: 8
9: 9
10: 10
11: 11
12: 12
13: 13
14: 14
15: 15
16: 16
17: 17
18: 18

Done!
Splitting into training and test...
Done!
Constructing data matrices...
Done!
Training expertsys...
Done!
sklearnTrainScore: 0.9535603715170279
sklearnCvScore: 0.9567901234567902
sklearnTestScore: 0.9272727272727272
Parsing CSV...
Reading file: ../tmp/pop_failures.dat
Done!
Rows read: 540
Columns: 19
Column names:
0: 0
1: 1
2: 2
3: 3
4: 4
5: 5
6: 6
7: 7
8: 8
9: 9
10: 10
11: 11
12: 12
13: 13
14: 14
15: 15
16: 16
17: 17
18: 18

Done!
Splitting into training and test...
Done!
Constructing data matrices...
Done!
Training expertsys...
Done!
sklearnTrainScore: 0.9535603715170279
sklearnCvScore: 0.8950617283950617
sklearnTestScore: 0.8727272727272727
Averaged over 10 trials: expertsys train score: 0.9414860681114552
Averaged over 10 trials: expertsys cv score: 0.9148148148148147
Averaged over 10 trials: expertsys test score:0.9181818181818182
