Parsing CSV...
Reading file: ../tmp/crx.data
Done!
Rows read: 690
Columns: 56
Column names:
0: 1
1: 2
2: 7
3: 10
4: 13
5: 14
6: 15
7: 0_a
8: 0_b
9: 0_nan
10: 3_l
11: 3_u
12: 3_y
13: 3_nan
14: 4_g
15: 4_gg
16: 4_p
17: 4_nan
18: 5_aa
19: 5_c
20: 5_cc
21: 5_d
22: 5_e
23: 5_ff
24: 5_i
25: 5_j
26: 5_k
27: 5_m
28: 5_q
29: 5_r
30: 5_w
31: 5_x
32: 5_nan
33: 6_bb
34: 6_dd
35: 6_ff
36: 6_h
37: 6_j
38: 6_n
39: 6_o
40: 6_v
41: 6_z
42: 6_nan
43: 8_f
44: 8_t
45: 8_nan
46: 9_f
47: 9_t
48: 9_nan
49: 11_f
50: 11_t
51: 11_nan
52: 12_g
53: 12_p
54: 12_s
55: 12_nan

Done!
Splitting into training and test...
Done!
Constructing data matrices...
Done!
Training expertsys...
Done!
sklearnTrainScore: 0.8910411622276029
sklearnCvScore: 0.8405797101449275
sklearnTestScore: 0.8142857142857143
Parsing CSV...
Reading file: ../tmp/crx.data
Done!
Rows read: 690
Columns: 56
Column names:
0: 1
1: 2
2: 7
3: 10
4: 13
5: 14
6: 15
7: 0_a
8: 0_b
9: 0_nan
10: 3_l
11: 3_u
12: 3_y
13: 3_nan
14: 4_g
15: 4_gg
16: 4_p
17: 4_nan
18: 5_aa
19: 5_c
20: 5_cc
21: 5_d
22: 5_e
23: 5_ff
24: 5_i
25: 5_j
26: 5_k
27: 5_m
28: 5_q
29: 5_r
30: 5_w
31: 5_x
32: 5_nan
33: 6_bb
34: 6_dd
35: 6_ff
36: 6_h
37: 6_j
38: 6_n
39: 6_o
40: 6_v
41: 6_z
42: 6_nan
43: 8_f
44: 8_t
45: 8_nan
46: 9_f
47: 9_t
48: 9_nan
49: 11_f
50: 11_t
51: 11_nan
52: 12_g
53: 12_p
54: 12_s
55: 12_nan

Done!
Splitting into training and test...
Done!
Constructing data matrices...
Done!
Training expertsys...
Done!
sklearnTrainScore: 0.8692493946731235
sklearnCvScore: 0.8405797101449275
sklearnTestScore: 0.7857142857142857
Parsing CSV...
Reading file: ../tmp/crx.data
Done!
Rows read: 690
Columns: 56
Column names:
0: 1
1: 2
2: 7
3: 10
4: 13
5: 14
6: 15
7: 0_a
8: 0_b
9: 0_nan
10: 3_l
11: 3_u
12: 3_y
13: 3_nan
14: 4_g
15: 4_gg
16: 4_p
17: 4_nan
18: 5_aa
19: 5_c
20: 5_cc
21: 5_d
22: 5_e
23: 5_ff
24: 5_i
25: 5_j
26: 5_k
27: 5_m
28: 5_q
29: 5_r
30: 5_w
31: 5_x
32: 5_nan
33: 6_bb
34: 6_dd
35: 6_ff
36: 6_h
37: 6_j
38: 6_n
39: 6_o
40: 6_v
41: 6_z
42: 6_nan
43: 8_f
44: 8_t
45: 8_nan
46: 9_f
47: 9_t
48: 9_nan
49: 11_f
50: 11_t
51: 11_nan
52: 12_g
53: 12_p
54: 12_s
55: 12_nan

Done!
Splitting into training and test...
Done!
Constructing data matrices...
Done!
Training expertsys...
Done!
sklearnTrainScore: 0.8523002421307506
sklearnCvScore: 0.855072463768116
sklearnTestScore: 0.8428571428571429
Parsing CSV...
Reading file: ../tmp/crx.data
Done!
Rows read: 690
Columns: 56
Column names:
0: 1
1: 2
2: 7
3: 10
4: 13
5: 14
6: 15
7: 0_a
8: 0_b
9: 0_nan
10: 3_l
11: 3_u
12: 3_y
13: 3_nan
14: 4_g
15: 4_gg
16: 4_p
17: 4_nan
18: 5_aa
19: 5_c
20: 5_cc
21: 5_d
22: 5_e
23: 5_ff
24: 5_i
25: 5_j
26: 5_k
27: 5_m
28: 5_q
29: 5_r
30: 5_w
31: 5_x
32: 5_nan
33: 6_bb
34: 6_dd
35: 6_ff
36: 6_h
37: 6_j
38: 6_n
39: 6_o
40: 6_v
41: 6_z
42: 6_nan
43: 8_f
44: 8_t
45: 8_nan
46: 9_f
47: 9_t
48: 9_nan
49: 11_f
50: 11_t
51: 11_nan
52: 12_g
53: 12_p
54: 12_s
55: 12_nan

Done!
Splitting into training and test...
Done!
Constructing data matrices...
Done!
Training expertsys...
Done!
sklearnTrainScore: 0.8716707021791767
sklearnCvScore: 0.8309178743961353
sklearnTestScore: 0.8571428571428571
Parsing CSV...
Reading file: ../tmp/crx.data
Done!
Rows read: 690
Columns: 56
Column names:
0: 1
1: 2
2: 7
3: 10
4: 13
5: 14
6: 15
7: 0_a
8: 0_b
9: 0_nan
10: 3_l
11: 3_u
12: 3_y
13: 3_nan
14: 4_g
15: 4_gg
16: 4_p
17: 4_nan
18: 5_aa
19: 5_c
20: 5_cc
21: 5_d
22: 5_e
23: 5_ff
24: 5_i
25: 5_j
26: 5_k
27: 5_m
28: 5_q
29: 5_r
30: 5_w
31: 5_x
32: 5_nan
33: 6_bb
34: 6_dd
35: 6_ff
36: 6_h
37: 6_j
38: 6_n
39: 6_o
40: 6_v
41: 6_z
42: 6_nan
43: 8_f
44: 8_t
45: 8_nan
46: 9_f
47: 9_t
48: 9_nan
49: 11_f
50: 11_t
51: 11_nan
52: 12_g
53: 12_p
54: 12_s
55: 12_nan

Done!
Splitting into training and test...
Done!
Constructing data matrices...
Done!
Training expertsys...
Done!
sklearnTrainScore: 0.87409200968523
sklearnCvScore: 0.8647342995169082
sklearnTestScore: 0.8428571428571429
Parsing CSV...
Reading file: ../tmp/crx.data
Done!
Rows read: 690
Columns: 56
Column names:
0: 1
1: 2
2: 7
3: 10
4: 13
5: 14
6: 15
7: 0_a
8: 0_b
9: 0_nan
10: 3_l
11: 3_u
12: 3_y
13: 3_nan
14: 4_g
15: 4_gg
16: 4_p
17: 4_nan
18: 5_aa
19: 5_c
20: 5_cc
21: 5_d
22: 5_e
23: 5_ff
24: 5_i
25: 5_j
26: 5_k
27: 5_m
28: 5_q
29: 5_r
30: 5_w
31: 5_x
32: 5_nan
33: 6_bb
34: 6_dd
35: 6_ff
36: 6_h
37: 6_j
38: 6_n
39: 6_o
40: 6_v
41: 6_z
42: 6_nan
43: 8_f
44: 8_t
45: 8_nan
46: 9_f
47: 9_t
48: 9_nan
49: 11_f
50: 11_t
51: 11_nan
52: 12_g
53: 12_p
54: 12_s
55: 12_nan

Done!
Splitting into training and test...
Done!
Constructing data matrices...
Done!
Training expertsys...
Done!
sklearnTrainScore: 0.8668280871670703
sklearnCvScore: 0.8164251207729468
sklearnTestScore: 0.8714285714285714
Parsing CSV...
Reading file: ../tmp/crx.data
Done!
Rows read: 690
Columns: 56
Column names:
0: 1
1: 2
2: 7
3: 10
4: 13
5: 14
6: 15
7: 0_a
8: 0_b
9: 0_nan
10: 3_l
11: 3_u
12: 3_y
13: 3_nan
14: 4_g
15: 4_gg
16: 4_p
17: 4_nan
18: 5_aa
19: 5_c
20: 5_cc
21: 5_d
22: 5_e
23: 5_ff
24: 5_i
25: 5_j
26: 5_k
27: 5_m
28: 5_q
29: 5_r
30: 5_w
31: 5_x
32: 5_nan
33: 6_bb
34: 6_dd
35: 6_ff
36: 6_h
37: 6_j
38: 6_n
39: 6_o
40: 6_v
41: 6_z
42: 6_nan
43: 8_f
44: 8_t
45: 8_nan
46: 9_f
47: 9_t
48: 9_nan
49: 11_f
50: 11_t
51: 11_nan
52: 12_g
53: 12_p
54: 12_s
55: 12_nan

Done!
Splitting into training and test...
Done!
Constructing data matrices...
Done!
Training expertsys...
Done!
sklearnTrainScore: 0.8668280871670703
sklearnCvScore: 0.8695652173913043
sklearnTestScore: 0.7714285714285715
Parsing CSV...
Reading file: ../tmp/crx.data
Done!
Rows read: 690
Columns: 56
Column names:
0: 1
1: 2
2: 7
3: 10
4: 13
5: 14
6: 15
7: 0_a
8: 0_b
9: 0_nan
10: 3_l
11: 3_u
12: 3_y
13: 3_nan
14: 4_g
15: 4_gg
16: 4_p
17: 4_nan
18: 5_aa
19: 5_c
20: 5_cc
21: 5_d
22: 5_e
23: 5_ff
24: 5_i
25: 5_j
26: 5_k
27: 5_m
28: 5_q
29: 5_r
30: 5_w
31: 5_x
32: 5_nan
33: 6_bb
34: 6_dd
35: 6_ff
36: 6_h
37: 6_j
38: 6_n
39: 6_o
40: 6_v
41: 6_z
42: 6_nan
43: 8_f
44: 8_t
45: 8_nan
46: 9_f
47: 9_t
48: 9_nan
49: 11_f
50: 11_t
51: 11_nan
52: 12_g
53: 12_p
54: 12_s
55: 12_nan

Done!
Splitting into training and test...
Done!
Constructing data matrices...
Done!
Training expertsys...
Done!
sklearnTrainScore: 0.8692493946731235
sklearnCvScore: 0.821256038647343
sklearnTestScore: 0.9
Parsing CSV...
Reading file: ../tmp/crx.data
Done!
Rows read: 690
Columns: 56
Column names:
0: 1
1: 2
2: 7
3: 10
4: 13
5: 14
6: 15
7: 0_a
8: 0_b
9: 0_nan
10: 3_l
11: 3_u
12: 3_y
13: 3_nan
14: 4_g
15: 4_gg
16: 4_p
17: 4_nan
18: 5_aa
19: 5_c
20: 5_cc
21: 5_d
22: 5_e
23: 5_ff
24: 5_i
25: 5_j
26: 5_k
27: 5_m
28: 5_q
29: 5_r
30: 5_w
31: 5_x
32: 5_nan
33: 6_bb
34: 6_dd
35: 6_ff
36: 6_h
37: 6_j
38: 6_n
39: 6_o
40: 6_v
41: 6_z
42: 6_nan
43: 8_f
44: 8_t
45: 8_nan
46: 9_f
47: 9_t
48: 9_nan
49: 11_f
50: 11_t
51: 11_nan
52: 12_g
53: 12_p
54: 12_s
55: 12_nan

Done!
Splitting into training and test...
Done!
Constructing data matrices...
Done!
Training expertsys...
Done!
sklearnTrainScore: 0.8789346246973365
sklearnCvScore: 0.8067632850241546
sklearnTestScore: 0.8285714285714286
Parsing CSV...
Reading file: ../tmp/crx.data
Done!
Rows read: 690
Columns: 56
Column names:
0: 1
1: 2
2: 7
3: 10
4: 13
5: 14
6: 15
7: 0_a
8: 0_b
9: 0_nan
10: 3_l
11: 3_u
12: 3_y
13: 3_nan
14: 4_g
15: 4_gg
16: 4_p
17: 4_nan
18: 5_aa
19: 5_c
20: 5_cc
21: 5_d
22: 5_e
23: 5_ff
24: 5_i
25: 5_j
26: 5_k
27: 5_m
28: 5_q
29: 5_r
30: 5_w
31: 5_x
32: 5_nan
33: 6_bb
34: 6_dd
35: 6_ff
36: 6_h
37: 6_j
38: 6_n
39: 6_o
40: 6_v
41: 6_z
42: 6_nan
43: 8_f
44: 8_t
45: 8_nan
46: 9_f
47: 9_t
48: 9_nan
49: 11_f
50: 11_t
51: 11_nan
52: 12_g
53: 12_p
54: 12_s
55: 12_nan

Done!
Splitting into training and test...
Done!
Constructing data matrices...
Done!
Training expertsys...
Done!
sklearnTrainScore: 0.8716707021791767
sklearnCvScore: 0.8888888888888888
sklearnTestScore: 0.8571428571428571
Averaged over 10 trials: expertsys train score: 0.8711864406779659
Averaged over 10 trials: expertsys cv score: 0.8434782608695652
Averaged over 10 trials: expertsys test score:0.8371428571428572
