Parsing CSV...
Reading file: ../tmp/echocardiogram.data
Done!
Rows read: 132
Columns: 15
Column names:
0: 0
1: 1
2: 2
3: 4
4: 5
5: 6
6: 7
7: 3_0
8: 3_1
9: 3_77
10: 3_nan
11: 8_0
12: 8_1
13: 8_2
14: 8_nan

Done!
Splitting into training and test...
Done!
Constructing data matrices...
Done!
Training expertsys...
Done!
sklearnTrainScore: 0.9358974358974359
sklearnCvScore: 0.9
sklearnTestScore: 0.9285714285714286
Parsing CSV...
Reading file: ../tmp/echocardiogram.data
Done!
Rows read: 132
Columns: 15
Column names:
0: 0
1: 1
2: 2
3: 4
4: 5
5: 6
6: 7
7: 3_0
8: 3_1
9: 3_77
10: 3_nan
11: 8_0
12: 8_1
13: 8_2
14: 8_nan

Done!
Splitting into training and test...
Done!
Constructing data matrices...
Done!
Training expertsys...
