Parsing CSV...
Reading file: ../tmp/haberman.data
Done!
Rows read: 306
Columns: 4
Column names:
0: 0
1: 1
2: 2
3: 3

Done!
Splitting into training and test...
Done!
Constructing data matrices...
Done!
Training expertsys...
Done!
sklearnTrainScore: 0.21311475409836064
sklearnCvScore: 0.34782608695652173
sklearnTestScore: 0.3225806451612903
Parsing CSV...
Reading file: ../tmp/haberman.data
Done!
Rows read: 306
Columns: 4
Column names:
0: 0
1: 1
2: 2
3: 3

Done!
Splitting into training and test...
Done!
Constructing data matrices...
Done!
Training expertsys...
Done!
sklearnTrainScore: 0.273224043715847
sklearnCvScore: 0.2391304347826087
sklearnTestScore: 0.2903225806451613
Parsing CSV...
Reading file: ../tmp/haberman.data
Done!
Rows read: 306
Columns: 4
Column names:
0: 0
1: 1
2: 2
3: 3

Done!
Splitting into training and test...
Done!
Constructing data matrices...
Done!
Training expertsys...
Done!
sklearnTrainScore: 0.25136612021857924
sklearnCvScore: 0.31521739130434784
sklearnTestScore: 0.1935483870967742
Parsing CSV...
Reading file: ../tmp/haberman.data
Done!
Rows read: 306
Columns: 4
Column names:
0: 0
1: 1
2: 2
3: 3

Done!
Splitting into training and test...
Done!
Constructing data matrices...
Done!
Training expertsys...
