Parsing CSV...
Reading file: ../tmp/ilp.csv
Done!
Rows read: 583
Columns: 13
Column names:
0: 0
1: 2
2: 3
3: 4
4: 5
5: 6
6: 7
7: 8
8: 9
9: 10
10: 1_Female
11: 1_Male
12: 1_nan

Done!
Splitting into training and test...
Done!
Constructing data matrices...
Done!
Training expertsys...
Done!
sklearnTrainScore: 0.7048710601719198
sklearnCvScore: 0.6457142857142857
sklearnTestScore: 0.6271186440677966
Parsing CSV...
Reading file: ../tmp/ilp.csv
Done!
Rows read: 583
Columns: 13
Column names:
0: 0
1: 2
2: 3
3: 4
4: 5
5: 6
6: 7
7: 8
8: 9
9: 10
10: 1_Female
11: 1_Male
12: 1_nan

Done!
Splitting into training and test...
Done!
Constructing data matrices...
Done!
Training expertsys...
Done!
sklearnTrainScore: 0.7249283667621776
sklearnCvScore: 0.6857142857142857
sklearnTestScore: 0.7288135593220338
Parsing CSV...
Reading file: ../tmp/ilp.csv
Done!
Rows read: 583
Columns: 13
Column names:
0: 0
1: 2
2: 3
3: 4
4: 5
5: 6
6: 7
7: 8
8: 9
9: 10
10: 1_Female
11: 1_Male
12: 1_nan

Done!
Splitting into training and test...
Done!
Constructing data matrices...
Done!
Training expertsys...
Done!
sklearnTrainScore: 0.6905444126074498
sklearnCvScore: 0.7657142857142857
sklearnTestScore: 0.6949152542372882
Parsing CSV...
Reading file: ../tmp/ilp.csv
Done!
Rows read: 583
Columns: 13
Column names:
0: 0
1: 2
2: 3
3: 4
4: 5
5: 6
6: 7
7: 8
8: 9
9: 10
10: 1_Female
11: 1_Male
12: 1_nan

Done!
Splitting into training and test...
Done!
Constructing data matrices...
Done!
Training expertsys...
Done!
sklearnTrainScore: 0.7020057306590258
sklearnCvScore: 0.7485714285714286
sklearnTestScore: 0.6779661016949152
Parsing CSV...
Reading file: ../tmp/ilp.csv
Done!
Rows read: 583
Columns: 13
Column names:
0: 0
1: 2
2: 3
3: 4
4: 5
5: 6
6: 7
7: 8
8: 9
9: 10
10: 1_Female
11: 1_Male
12: 1_nan

Done!
Splitting into training and test...
Done!
Constructing data matrices...
Done!
Training expertsys...
Done!
sklearnTrainScore: 0.7163323782234957
sklearnCvScore: 0.7085714285714285
sklearnTestScore: 0.711864406779661
Parsing CSV...
Reading file: ../tmp/ilp.csv
Done!
Rows read: 583
Columns: 13
Column names:
0: 0
1: 2
2: 3
3: 4
4: 5
5: 6
6: 7
7: 8
8: 9
9: 10
10: 1_Female
11: 1_Male
12: 1_nan

Done!
Splitting into training and test...
Done!
Constructing data matrices...
Done!
Training expertsys...
Done!
sklearnTrainScore: 0.7048710601719198
sklearnCvScore: 0.68
sklearnTestScore: 0.7457627118644068
Parsing CSV...
Reading file: ../tmp/ilp.csv
Done!
Rows read: 583
Columns: 13
Column names:
0: 0
1: 2
2: 3
3: 4
4: 5
5: 6
6: 7
7: 8
8: 9
9: 10
10: 1_Female
11: 1_Male
12: 1_nan

Done!
Splitting into training and test...
Done!
Constructing data matrices...
Done!
Training expertsys...
Done!
sklearnTrainScore: 0.7679083094555874
sklearnCvScore: 0.6914285714285714
sklearnTestScore: 0.6440677966101694
Parsing CSV...
Reading file: ../tmp/ilp.csv
Done!
Rows read: 583
Columns: 13
Column names:
0: 0
1: 2
2: 3
3: 4
4: 5
5: 6
6: 7
7: 8
8: 9
9: 10
10: 1_Female
11: 1_Male
12: 1_nan

Done!
Splitting into training and test...
Done!
Constructing data matrices...
Done!
Training expertsys...
Done!
sklearnTrainScore: 0.7163323782234957
sklearnCvScore: 0.72
sklearnTestScore: 0.6779661016949152
Parsing CSV...
Reading file: ../tmp/ilp.csv
Done!
Rows read: 583
Columns: 13
Column names:
0: 0
1: 2
2: 3
3: 4
4: 5
5: 6
6: 7
7: 8
8: 9
9: 10
10: 1_Female
11: 1_Male
12: 1_nan

Done!
Splitting into training and test...
Done!
Constructing data matrices...
Done!
Training expertsys...
Done!
sklearnTrainScore: 0.7249283667621776
sklearnCvScore: 0.6914285714285714
sklearnTestScore: 0.6949152542372882
Parsing CSV...
Reading file: ../tmp/ilp.csv
Done!
Rows read: 583
Columns: 13
Column names:
0: 0
1: 2
2: 3
3: 4
4: 5
5: 6
6: 7
7: 8
8: 9
9: 10
10: 1_Female
11: 1_Male
12: 1_nan

Done!
Splitting into training and test...
Done!
Constructing data matrices...
Done!
Training expertsys...
Done!
sklearnTrainScore: 0.7306590257879656
sklearnCvScore: 0.6857142857142857
sklearnTestScore: 0.6949152542372882
Averaged over 10 trials: expertsys train score: 0.7183381088825216
Averaged over 10 trials: expertsys cv score: 0.7022857142857142
Averaged over 10 trials: expertsys test score:0.6898305084745762
