Parsing CSV...
Reading file: ../tmp/mammographic_masses.data
Done!
Rows read: 961
Columns: 26
Column names:
0: 1
1: 5
2: 0_0
3: 0_2
4: 0_3
5: 0_4
6: 0_5
7: 0_55
8: 0_6
9: 0_nan
10: 2_1
11: 2_2
12: 2_3
13: 2_4
14: 2_nan
15: 3_1
16: 3_2
17: 3_3
18: 3_4
19: 3_5
20: 3_nan
21: 4_1
22: 4_2
23: 4_3
24: 4_4
25: 4_nan

Done!
Splitting into training and test...
Done!
Constructing data matrices...
Done!
Training expertsys...
Done!
sklearnTrainScore: 0.8402777777777778
sklearnCvScore: 0.8229166666666666
sklearnTestScore: 0.8969072164948454
Parsing CSV...
Reading file: ../tmp/mammographic_masses.data
Done!
Rows read: 961
Columns: 26
Column names:
0: 1
1: 5
2: 0_0
3: 0_2
4: 0_3
5: 0_4
6: 0_5
7: 0_55
8: 0_6
9: 0_nan
10: 2_1
11: 2_2
12: 2_3
13: 2_4
14: 2_nan
15: 3_1
16: 3_2
17: 3_3
18: 3_4
19: 3_5
20: 3_nan
21: 4_1
22: 4_2
23: 4_3
24: 4_4
25: 4_nan

Done!
Splitting into training and test...
Done!
Constructing data matrices...
Done!
Training expertsys...
Done!
sklearnTrainScore: 0.8611111111111112
sklearnCvScore: 0.7881944444444444
sklearnTestScore: 0.8762886597938144
Parsing CSV...
Reading file: ../tmp/mammographic_masses.data
Done!
Rows read: 961
Columns: 26
Column names:
0: 1
1: 5
2: 0_0
3: 0_2
4: 0_3
5: 0_4
6: 0_5
7: 0_55
8: 0_6
9: 0_nan
10: 2_1
11: 2_2
12: 2_3
13: 2_4
14: 2_nan
15: 3_1
16: 3_2
17: 3_3
18: 3_4
19: 3_5
20: 3_nan
21: 4_1
22: 4_2
23: 4_3
24: 4_4
25: 4_nan

Done!
Splitting into training and test...
Done!
Constructing data matrices...
Done!
Training expertsys...
Done!
sklearnTrainScore: 0.8211805555555556
sklearnCvScore: 0.8402777777777778
sklearnTestScore: 0.865979381443299
Parsing CSV...
Reading file: ../tmp/mammographic_masses.data
Done!
Rows read: 961
Columns: 26
Column names:
0: 1
1: 5
2: 0_0
3: 0_2
4: 0_3
5: 0_4
6: 0_5
7: 0_55
8: 0_6
9: 0_nan
10: 2_1
11: 2_2
12: 2_3
13: 2_4
14: 2_nan
15: 3_1
16: 3_2
17: 3_3
18: 3_4
19: 3_5
20: 3_nan
21: 4_1
22: 4_2
23: 4_3
24: 4_4
25: 4_nan

Done!
Splitting into training and test...
Done!
Constructing data matrices...
Done!
Training expertsys...
Done!
sklearnTrainScore: 0.8541666666666666
sklearnCvScore: 0.8020833333333334
sklearnTestScore: 0.7835051546391752
Parsing CSV...
Reading file: ../tmp/mammographic_masses.data
Done!
Rows read: 961
Columns: 26
Column names:
0: 1
1: 5
2: 0_0
3: 0_2
4: 0_3
5: 0_4
6: 0_5
7: 0_55
8: 0_6
9: 0_nan
10: 2_1
11: 2_2
12: 2_3
13: 2_4
14: 2_nan
15: 3_1
16: 3_2
17: 3_3
18: 3_4
19: 3_5
20: 3_nan
21: 4_1
22: 4_2
23: 4_3
24: 4_4
25: 4_nan

Done!
Splitting into training and test...
Done!
Constructing data matrices...
Done!
Training expertsys...
Done!
sklearnTrainScore: 0.8454861111111112
sklearnCvScore: 0.7916666666666666
sklearnTestScore: 0.8350515463917526
Parsing CSV...
Reading file: ../tmp/mammographic_masses.data
Done!
Rows read: 961
Columns: 26
Column names:
0: 1
1: 5
2: 0_0
3: 0_2
4: 0_3
5: 0_4
6: 0_5
7: 0_55
8: 0_6
9: 0_nan
10: 2_1
11: 2_2
12: 2_3
13: 2_4
14: 2_nan
15: 3_1
16: 3_2
17: 3_3
18: 3_4
19: 3_5
20: 3_nan
21: 4_1
22: 4_2
23: 4_3
24: 4_4
25: 4_nan

Done!
Splitting into training and test...
Done!
Constructing data matrices...
Done!
Training expertsys...
Done!
sklearnTrainScore: 0.8194444444444444
sklearnCvScore: 0.8506944444444444
sklearnTestScore: 0.865979381443299
Parsing CSV...
Reading file: ../tmp/mammographic_masses.data
Done!
Rows read: 961
Columns: 26
Column names:
0: 1
1: 5
2: 0_0
3: 0_2
4: 0_3
5: 0_4
6: 0_5
7: 0_55
8: 0_6
9: 0_nan
10: 2_1
11: 2_2
12: 2_3
13: 2_4
14: 2_nan
15: 3_1
16: 3_2
17: 3_3
18: 3_4
19: 3_5
20: 3_nan
21: 4_1
22: 4_2
23: 4_3
24: 4_4
25: 4_nan

Done!
Splitting into training and test...
Done!
Constructing data matrices...
Done!
Training expertsys...
Done!
sklearnTrainScore: 0.8107638888888888
sklearnCvScore: 0.8263888888888888
sklearnTestScore: 0.7835051546391752
Parsing CSV...
Reading file: ../tmp/mammographic_masses.data
Done!
Rows read: 961
Columns: 26
Column names:
0: 1
1: 5
2: 0_0
3: 0_2
4: 0_3
5: 0_4
6: 0_5
7: 0_55
8: 0_6
9: 0_nan
10: 2_1
11: 2_2
12: 2_3
13: 2_4
14: 2_nan
15: 3_1
16: 3_2
17: 3_3
18: 3_4
19: 3_5
20: 3_nan
21: 4_1
22: 4_2
23: 4_3
24: 4_4
25: 4_nan

Done!
Splitting into training and test...
Done!
Constructing data matrices...
Done!
Training expertsys...
Done!
sklearnTrainScore: 0.8298611111111112
sklearnCvScore: 0.8333333333333334
sklearnTestScore: 0.865979381443299
Parsing CSV...
Reading file: ../tmp/mammographic_masses.data
Done!
Rows read: 961
Columns: 26
Column names:
0: 1
1: 5
2: 0_0
3: 0_2
4: 0_3
5: 0_4
6: 0_5
7: 0_55
8: 0_6
9: 0_nan
10: 2_1
11: 2_2
12: 2_3
13: 2_4
14: 2_nan
15: 3_1
16: 3_2
17: 3_3
18: 3_4
19: 3_5
20: 3_nan
21: 4_1
22: 4_2
23: 4_3
24: 4_4
25: 4_nan

Done!
Splitting into training and test...
Done!
Constructing data matrices...
Done!
Training expertsys...
Done!
sklearnTrainScore: 0.8333333333333334
sklearnCvScore: 0.8541666666666666
sklearnTestScore: 0.845360824742268
Parsing CSV...
Reading file: ../tmp/mammographic_masses.data
Done!
Rows read: 961
Columns: 26
Column names:
0: 1
1: 5
2: 0_0
3: 0_2
4: 0_3
5: 0_4
6: 0_5
7: 0_55
8: 0_6
9: 0_nan
10: 2_1
11: 2_2
12: 2_3
13: 2_4
14: 2_nan
15: 3_1
16: 3_2
17: 3_3
18: 3_4
19: 3_5
20: 3_nan
21: 4_1
22: 4_2
23: 4_3
24: 4_4
25: 4_nan

Done!
Splitting into training and test...
Done!
Constructing data matrices...
Done!
Training expertsys...
Done!
sklearnTrainScore: 0.8559027777777778
sklearnCvScore: 0.7986111111111112
sklearnTestScore: 0.8144329896907216
Averaged over 10 trials: expertsys train score: 0.8371527777777776
Averaged over 10 trials: expertsys cv score: 0.8208333333333334
Averaged over 10 trials: expertsys test score:0.8432989690721648
