Parsing CSV...
Reading file: ../tmp/monks-1-clean.csv
Done!
Rows read: 557
Columns: 28
Column names:
0: 0
1: 1_1
2: 1_2
3: 1_3
4: 1_nan
5: 2_1
6: 2_2
7: 2_3
8: 2_nan
9: 3_1
10: 3_2
11: 3_4
12: 3_nan
13: 4_1
14: 4_2
15: 4_3
16: 4_5
17: 4_nan
18: 5_1
19: 5_2
20: 5_3
21: 5_4
22: 5_6
23: 5_nan
24: 6_1
25: 6_2
26: 6_7
27: 6_nan

Done!
Splitting into training and test...
Done!
Constructing data matrices...
Done!
Training expertsys...
Done!
sklearnTrainScore: 0.7485029940119761
sklearnCvScore: 0.7365269461077845
sklearnTestScore: 0.75
Parsing CSV...
Reading file: ../tmp/monks-1-clean.csv
Done!
Rows read: 557
Columns: 28
Column names:
0: 0
1: 1_1
2: 1_2
3: 1_3
4: 1_nan
5: 2_1
6: 2_2
7: 2_3
8: 2_nan
9: 3_1
10: 3_2
11: 3_4
12: 3_nan
13: 4_1
14: 4_2
15: 4_3
16: 4_5
17: 4_nan
18: 5_1
19: 5_2
20: 5_3
21: 5_4
22: 5_6
23: 5_nan
24: 6_1
25: 6_2
26: 6_7
27: 6_nan

Done!
Splitting into training and test...
Done!
Constructing data matrices...
Done!
Training expertsys...
Done!
sklearnTrainScore: 0.7904191616766467
sklearnCvScore: 0.6826347305389222
sklearnTestScore: 0.6607142857142857
Parsing CSV...
Reading file: ../tmp/monks-1-clean.csv
Done!
Rows read: 557
Columns: 28
Column names:
0: 0
1: 1_1
2: 1_2
3: 1_3
4: 1_nan
5: 2_1
6: 2_2
7: 2_3
8: 2_nan
9: 3_1
10: 3_2
11: 3_4
12: 3_nan
13: 4_1
14: 4_2
15: 4_3
16: 4_5
17: 4_nan
18: 5_1
19: 5_2
20: 5_3
21: 5_4
22: 5_6
23: 5_nan
24: 6_1
25: 6_2
26: 6_7
27: 6_nan

Done!
Splitting into training and test...
Done!
Constructing data matrices...
Done!
Training expertsys...
Done!
sklearnTrainScore: 0.7395209580838323
sklearnCvScore: 0.7544910179640718
sklearnTestScore: 0.75
Parsing CSV...
Reading file: ../tmp/monks-1-clean.csv
Done!
Rows read: 557
Columns: 28
Column names:
0: 0
1: 1_1
2: 1_2
3: 1_3
4: 1_nan
5: 2_1
6: 2_2
7: 2_3
8: 2_nan
9: 3_1
10: 3_2
11: 3_4
12: 3_nan
13: 4_1
14: 4_2
15: 4_3
16: 4_5
17: 4_nan
18: 5_1
19: 5_2
20: 5_3
21: 5_4
22: 5_6
23: 5_nan
24: 6_1
25: 6_2
26: 6_7
27: 6_nan

Done!
Splitting into training and test...
Done!
Constructing data matrices...
Done!
Training expertsys...
Done!
sklearnTrainScore: 0.7604790419161677
sklearnCvScore: 0.7125748502994012
sklearnTestScore: 0.75
Parsing CSV...
Reading file: ../tmp/monks-1-clean.csv
Done!
Rows read: 557
Columns: 28
Column names:
0: 0
1: 1_1
2: 1_2
3: 1_3
4: 1_nan
5: 2_1
6: 2_2
7: 2_3
8: 2_nan
9: 3_1
10: 3_2
11: 3_4
12: 3_nan
13: 4_1
14: 4_2
15: 4_3
16: 4_5
17: 4_nan
18: 5_1
19: 5_2
20: 5_3
21: 5_4
22: 5_6
23: 5_nan
24: 6_1
25: 6_2
26: 6_7
27: 6_nan

Done!
Splitting into training and test...
Done!
Constructing data matrices...
Done!
Training expertsys...
Done!
sklearnTrainScore: 0.7485029940119761
sklearnCvScore: 0.7305389221556886
sklearnTestScore: 0.7678571428571429
Parsing CSV...
Reading file: ../tmp/monks-1-clean.csv
Done!
Rows read: 557
Columns: 28
Column names:
0: 0
1: 1_1
2: 1_2
3: 1_3
4: 1_nan
5: 2_1
6: 2_2
7: 2_3
8: 2_nan
9: 3_1
10: 3_2
11: 3_4
12: 3_nan
13: 4_1
14: 4_2
15: 4_3
16: 4_5
17: 4_nan
18: 5_1
19: 5_2
20: 5_3
21: 5_4
22: 5_6
23: 5_nan
24: 6_1
25: 6_2
26: 6_7
27: 6_nan

Done!
Splitting into training and test...
Done!
Constructing data matrices...
Done!
Training expertsys...
Done!
sklearnTrainScore: 0.7155688622754491
sklearnCvScore: 0.7904191616766467
sklearnTestScore: 0.7857142857142857
Parsing CSV...
Reading file: ../tmp/monks-1-clean.csv
Done!
Rows read: 557
Columns: 28
Column names:
0: 0
1: 1_1
2: 1_2
3: 1_3
4: 1_nan
5: 2_1
6: 2_2
7: 2_3
8: 2_nan
9: 3_1
10: 3_2
11: 3_4
12: 3_nan
13: 4_1
14: 4_2
15: 4_3
16: 4_5
17: 4_nan
18: 5_1
19: 5_2
20: 5_3
21: 5_4
22: 5_6
23: 5_nan
24: 6_1
25: 6_2
26: 6_7
27: 6_nan

Done!
Splitting into training and test...
Done!
Constructing data matrices...
Done!
Training expertsys...
Done!
sklearnTrainScore: 0.7275449101796407
sklearnCvScore: 0.7604790419161677
sklearnTestScore: 0.8035714285714286
Parsing CSV...
Reading file: ../tmp/monks-1-clean.csv
Done!
Rows read: 557
Columns: 28
Column names:
0: 0
1: 1_1
2: 1_2
3: 1_3
4: 1_nan
5: 2_1
6: 2_2
7: 2_3
8: 2_nan
9: 3_1
10: 3_2
11: 3_4
12: 3_nan
13: 4_1
14: 4_2
15: 4_3
16: 4_5
17: 4_nan
18: 5_1
19: 5_2
20: 5_3
21: 5_4
22: 5_6
23: 5_nan
24: 6_1
25: 6_2
26: 6_7
27: 6_nan

Done!
Splitting into training and test...
Done!
Constructing data matrices...
Done!
Training expertsys...
Done!
sklearnTrainScore: 0.7215568862275449
sklearnCvScore: 0.7844311377245509
sklearnTestScore: 0.7678571428571429
Parsing CSV...
Reading file: ../tmp/monks-1-clean.csv
Done!
Rows read: 557
Columns: 28
Column names:
0: 0
1: 1_1
2: 1_2
3: 1_3
4: 1_nan
5: 2_1
6: 2_2
7: 2_3
8: 2_nan
9: 3_1
10: 3_2
11: 3_4
12: 3_nan
13: 4_1
14: 4_2
15: 4_3
16: 4_5
17: 4_nan
18: 5_1
19: 5_2
20: 5_3
21: 5_4
22: 5_6
23: 5_nan
24: 6_1
25: 6_2
26: 6_7
27: 6_nan

Done!
Splitting into training and test...
Done!
Constructing data matrices...
Done!
Training expertsys...
Done!
sklearnTrainScore: 0.7275449101796407
sklearnCvScore: 0.7485029940119761
sklearnTestScore: 0.8392857142857143
Parsing CSV...
Reading file: ../tmp/monks-1-clean.csv
Done!
Rows read: 557
Columns: 28
Column names:
0: 0
1: 1_1
2: 1_2
3: 1_3
4: 1_nan
5: 2_1
6: 2_2
7: 2_3
8: 2_nan
9: 3_1
10: 3_2
11: 3_4
12: 3_nan
13: 4_1
14: 4_2
15: 4_3
16: 4_5
17: 4_nan
18: 5_1
19: 5_2
20: 5_3
21: 5_4
22: 5_6
23: 5_nan
24: 6_1
25: 6_2
26: 6_7
27: 6_nan

Done!
Splitting into training and test...
Done!
Constructing data matrices...
Done!
Training expertsys...
Done!
sklearnTrainScore: 0.7245508982035929
sklearnCvScore: 0.7904191616766467
sklearnTestScore: 0.7321428571428571
Averaged over 10 trials: expertsys train score: 0.7404191616766468
Averaged over 10 trials: expertsys cv score: 0.7491017964071854
Averaged over 10 trials: expertsys test score:0.7607142857142858
