Parsing CSV...
Reading file: ../tmp/parkinsons.data
Done!
Rows read: 195
Columns: 23
Column names:
0: 0
1: 1
2: 2
3: 3
4: 4
5: 5
6: 6
7: 7
8: 8
9: 9
10: 10
11: 11
12: 12
13: 13
14: 14
15: 15
16: 16
17: 17
18: 18
19: 19
20: 20
21: 21
22: 22

Done!
Splitting into training and test...
Done!
Constructing data matrices...
Done!
Training expertsys...
Done!
sklearnTrainScore: 0.9137931034482759
sklearnCvScore: 0.847457627118644
sklearnTestScore: 0.85
Parsing CSV...
Reading file: ../tmp/parkinsons.data
Done!
Rows read: 195
Columns: 23
Column names:
0: 0
1: 1
2: 2
3: 3
4: 4
5: 5
6: 6
7: 7
8: 8
9: 9
10: 10
11: 11
12: 12
13: 13
14: 14
15: 15
16: 16
17: 17
18: 18
19: 19
20: 20
21: 21
22: 22

Done!
Splitting into training and test...
Done!
Constructing data matrices...
Done!
Training expertsys...
Done!
sklearnTrainScore: 0.896551724137931
sklearnCvScore: 0.711864406779661
sklearnTestScore: 0.8
Parsing CSV...
Reading file: ../tmp/parkinsons.data
Done!
Rows read: 195
Columns: 23
Column names:
0: 0
1: 1
2: 2
3: 3
4: 4
5: 5
6: 6
7: 7
8: 8
9: 9
10: 10
11: 11
12: 12
13: 13
14: 14
15: 15
16: 16
17: 17
18: 18
19: 19
20: 20
21: 21
22: 22

Done!
Splitting into training and test...
Done!
Constructing data matrices...
Done!
Training expertsys...
Done!
sklearnTrainScore: 0.9051724137931034
sklearnCvScore: 0.8135593220338984
sklearnTestScore: 0.7
Parsing CSV...
Reading file: ../tmp/parkinsons.data
Done!
Rows read: 195
Columns: 23
Column names:
0: 0
1: 1
2: 2
3: 3
4: 4
5: 5
6: 6
7: 7
8: 8
9: 9
10: 10
11: 11
12: 12
13: 13
14: 14
15: 15
16: 16
17: 17
18: 18
19: 19
20: 20
21: 21
22: 22

Done!
Splitting into training and test...
Done!
Constructing data matrices...
Done!
Training expertsys...
Done!
sklearnTrainScore: 0.9137931034482759
sklearnCvScore: 0.847457627118644
sklearnTestScore: 0.9
Parsing CSV...
Reading file: ../tmp/parkinsons.data
Done!
Rows read: 195
Columns: 23
Column names:
0: 0
1: 1
2: 2
3: 3
4: 4
5: 5
6: 6
7: 7
8: 8
9: 9
10: 10
11: 11
12: 12
13: 13
14: 14
15: 15
16: 16
17: 17
18: 18
19: 19
20: 20
21: 21
22: 22

Done!
Splitting into training and test...
Done!
Constructing data matrices...
Done!
Training expertsys...
Done!
sklearnTrainScore: 0.9482758620689655
sklearnCvScore: 0.864406779661017
sklearnTestScore: 0.85
Parsing CSV...
Reading file: ../tmp/parkinsons.data
Done!
Rows read: 195
Columns: 23
Column names:
0: 0
1: 1
2: 2
3: 3
4: 4
5: 5
6: 6
7: 7
8: 8
9: 9
10: 10
11: 11
12: 12
13: 13
14: 14
15: 15
16: 16
17: 17
18: 18
19: 19
20: 20
21: 21
22: 22

Done!
Splitting into training and test...
Done!
Constructing data matrices...
Done!
Training expertsys...
Done!
sklearnTrainScore: 0.9482758620689655
sklearnCvScore: 0.7288135593220338
sklearnTestScore: 0.95
Parsing CSV...
Reading file: ../tmp/parkinsons.data
Done!
Rows read: 195
Columns: 23
Column names:
0: 0
1: 1
2: 2
3: 3
4: 4
5: 5
6: 6
7: 7
8: 8
9: 9
10: 10
11: 11
12: 12
13: 13
14: 14
15: 15
16: 16
17: 17
18: 18
19: 19
20: 20
21: 21
22: 22

Done!
Splitting into training and test...
Done!
Constructing data matrices...
Done!
Training expertsys...
Done!
sklearnTrainScore: 0.7844827586206896
sklearnCvScore: 0.6949152542372882
sklearnTestScore: 0.85
Parsing CSV...
Reading file: ../tmp/parkinsons.data
Done!
Rows read: 195
Columns: 23
Column names:
0: 0
1: 1
2: 2
3: 3
4: 4
5: 5
6: 6
7: 7
8: 8
9: 9
10: 10
11: 11
12: 12
13: 13
14: 14
15: 15
16: 16
17: 17
18: 18
19: 19
20: 20
21: 21
22: 22

Done!
Splitting into training and test...
Done!
Constructing data matrices...
Done!
Training expertsys...
Done!
sklearnTrainScore: 0.9310344827586207
sklearnCvScore: 0.847457627118644
sklearnTestScore: 0.8
Parsing CSV...
Reading file: ../tmp/parkinsons.data
Done!
Rows read: 195
Columns: 23
Column names:
0: 0
1: 1
2: 2
3: 3
4: 4
5: 5
6: 6
7: 7
8: 8
9: 9
10: 10
11: 11
12: 12
13: 13
14: 14
15: 15
16: 16
17: 17
18: 18
19: 19
20: 20
21: 21
22: 22

Done!
Splitting into training and test...
Done!
Constructing data matrices...
Done!
Training expertsys...
Done!
sklearnTrainScore: 0.8448275862068966
sklearnCvScore: 0.864406779661017
sklearnTestScore: 0.7
Parsing CSV...
Reading file: ../tmp/parkinsons.data
Done!
Rows read: 195
Columns: 23
Column names:
0: 0
1: 1
2: 2
3: 3
4: 4
5: 5
6: 6
7: 7
8: 8
9: 9
10: 10
11: 11
12: 12
13: 13
14: 14
15: 15
16: 16
17: 17
18: 18
19: 19
20: 20
21: 21
22: 22

Done!
Splitting into training and test...
Done!
Constructing data matrices...
Done!
Training expertsys...
Done!
sklearnTrainScore: 0.8448275862068966
sklearnCvScore: 0.6949152542372882
sklearnTestScore: 0.7
Averaged over 10 trials: expertsys train score: 0.8931034482758621
Averaged over 10 trials: expertsys cv score: 0.7915254237288136
Averaged over 10 trials: expertsys test score:0.8099999999999999
