Parsing CSV...
Reading file: ../tmp/pima-indians-diabetes.csv
Done!
Rows read: 768
Columns: 9
Column names:
0: 0
1: 1
2: 2
3: 3
4: 4
5: 5
6: 6
7: 7
8: 8

Done!
Splitting into training and test...
Done!
Constructing data matrices...
Done!
Training expertsys...
Done!
sklearnTrainScore: 0.782608695652174
sklearnCvScore: 0.7272727272727273
sklearnTestScore: 0.7012987012987013
Parsing CSV...
Reading file: ../tmp/pima-indians-diabetes.csv
Done!
Rows read: 768
Columns: 9
Column names:
0: 0
1: 1
2: 2
3: 3
4: 4
5: 5
6: 6
7: 7
8: 8

Done!
Splitting into training and test...
Done!
Constructing data matrices...
Done!
Training expertsys...
Done!
sklearnTrainScore: 0.7630434782608696
sklearnCvScore: 0.7316017316017316
sklearnTestScore: 0.7662337662337663
Parsing CSV...
Reading file: ../tmp/pima-indians-diabetes.csv
Done!
Rows read: 768
Columns: 9
Column names:
0: 0
1: 1
2: 2
3: 3
4: 4
5: 5
6: 6
7: 7
8: 8

Done!
Splitting into training and test...
Done!
Constructing data matrices...
Done!
Training expertsys...
Done!
sklearnTrainScore: 0.7043478260869566
sklearnCvScore: 0.6883116883116883
sklearnTestScore: 0.7012987012987013
Parsing CSV...
Reading file: ../tmp/pima-indians-diabetes.csv
Done!
Rows read: 768
Columns: 9
Column names:
0: 0
1: 1
2: 2
3: 3
4: 4
5: 5
6: 6
7: 7
8: 8

Done!
Splitting into training and test...
Done!
Constructing data matrices...
Done!
Training expertsys...
Done!
sklearnTrainScore: 0.7
sklearnCvScore: 0.6536796536796536
sklearnTestScore: 0.7662337662337663
Parsing CSV...
Reading file: ../tmp/pima-indians-diabetes.csv
Done!
Rows read: 768
Columns: 9
Column names:
0: 0
1: 1
2: 2
3: 3
4: 4
5: 5
6: 6
7: 7
8: 8

Done!
Splitting into training and test...
Done!
Constructing data matrices...
Done!
Training expertsys...
Done!
sklearnTrainScore: 0.6782608695652174
sklearnCvScore: 0.7229437229437229
sklearnTestScore: 0.5844155844155844
Parsing CSV...
Reading file: ../tmp/pima-indians-diabetes.csv
Done!
Rows read: 768
Columns: 9
Column names:
0: 0
1: 1
2: 2
3: 3
4: 4
5: 5
6: 6
7: 7
8: 8

Done!
Splitting into training and test...
Done!
Constructing data matrices...
Done!
Training expertsys...
Done!
sklearnTrainScore: 0.7673913043478261
sklearnCvScore: 0.7272727272727273
sklearnTestScore: 0.7532467532467533
Parsing CSV...
Reading file: ../tmp/pima-indians-diabetes.csv
Done!
Rows read: 768
Columns: 9
Column names:
0: 0
1: 1
2: 2
3: 3
4: 4
5: 5
6: 6
7: 7
8: 8

Done!
Splitting into training and test...
Done!
Constructing data matrices...
Done!
Training expertsys...
Done!
sklearnTrainScore: 0.7934782608695652
sklearnCvScore: 0.7619047619047619
sklearnTestScore: 0.7142857142857143
Parsing CSV...
Reading file: ../tmp/pima-indians-diabetes.csv
Done!
Rows read: 768
Columns: 9
Column names:
0: 0
1: 1
2: 2
3: 3
4: 4
5: 5
6: 6
7: 7
8: 8

Done!
Splitting into training and test...
Done!
Constructing data matrices...
Done!
Training expertsys...
Done!
sklearnTrainScore: 0.7652173913043478
sklearnCvScore: 0.7316017316017316
sklearnTestScore: 0.6883116883116883
Parsing CSV...
Reading file: ../tmp/pima-indians-diabetes.csv
Done!
Rows read: 768
Columns: 9
Column names:
0: 0
1: 1
2: 2
3: 3
4: 4
5: 5
6: 6
7: 7
8: 8

Done!
Splitting into training and test...
Done!
Constructing data matrices...
Done!
Training expertsys...
Done!
sklearnTrainScore: 0.7847826086956522
sklearnCvScore: 0.6363636363636364
sklearnTestScore: 0.6883116883116883
Parsing CSV...
Reading file: ../tmp/pima-indians-diabetes.csv
Done!
Rows read: 768
Columns: 9
Column names:
0: 0
1: 1
2: 2
3: 3
4: 4
5: 5
6: 6
7: 7
8: 8

Done!
Splitting into training and test...
Done!
Constructing data matrices...
Done!
Training expertsys...
Done!
sklearnTrainScore: 0.7282608695652174
sklearnCvScore: 0.658008658008658
sklearnTestScore: 0.6623376623376623
Averaged over 10 trials: expertsys train score: 0.7467391304347827
Averaged over 10 trials: expertsys cv score: 0.7038961038961039
Averaged over 10 trials: expertsys test score:0.7025974025974027
