Parsing CSV...
Reading file: ../tmp/biodeg.csv
Done!
Rows read: 1055
Columns: 42
Column names:
0: 0
1: 1
2: 2
3: 3
4: 4
5: 5
6: 6
7: 7
8: 8
9: 9
10: 10
11: 11
12: 12
13: 13
14: 14
15: 15
16: 16
17: 17
18: 18
19: 19
20: 20
21: 21
22: 22
23: 23
24: 24
25: 25
26: 26
27: 27
28: 28
29: 29
30: 30
31: 31
32: 32
33: 33
34: 34
35: 35
36: 36
37: 37
38: 38
39: 39
40: 40
41: 41

Done!
Splitting into training and test...
Done!
Constructing data matrices...
Done!
Training expertsys...
Done!
sklearnTrainScore: 0.8860759493670886
sklearnCvScore: 0.8296529968454258
sklearnTestScore: 0.8962264150943396
Parsing CSV...
Reading file: ../tmp/biodeg.csv
Done!
Rows read: 1055
Columns: 42
Column names:
0: 0
1: 1
2: 2
3: 3
4: 4
5: 5
6: 6
7: 7
8: 8
9: 9
10: 10
11: 11
12: 12
13: 13
14: 14
15: 15
16: 16
17: 17
18: 18
19: 19
20: 20
21: 21
22: 22
23: 23
24: 24
25: 25
26: 26
27: 27
28: 28
29: 29
30: 30
31: 31
32: 32
33: 33
34: 34
35: 35
36: 36
37: 37
38: 38
39: 39
40: 40
41: 41

Done!
Splitting into training and test...
Done!
Constructing data matrices...
Done!
Training expertsys...
Done!
sklearnTrainScore: 0.870253164556962
sklearnCvScore: 0.8012618296529969
sklearnTestScore: 0.8301886792452831
Parsing CSV...
Reading file: ../tmp/biodeg.csv
Done!
Rows read: 1055
Columns: 42
Column names:
0: 0
1: 1
2: 2
3: 3
4: 4
5: 5
6: 6
7: 7
8: 8
9: 9
10: 10
11: 11
12: 12
13: 13
14: 14
15: 15
16: 16
17: 17
18: 18
19: 19
20: 20
21: 21
22: 22
23: 23
24: 24
25: 25
26: 26
27: 27
28: 28
29: 29
30: 30
31: 31
32: 32
33: 33
34: 34
35: 35
36: 36
37: 37
38: 38
39: 39
40: 40
41: 41

Done!
Splitting into training and test...
Done!
Constructing data matrices...
Done!
Training expertsys...
Done!
sklearnTrainScore: 0.8528481012658228
sklearnCvScore: 0.8422712933753943
sklearnTestScore: 0.8301886792452831
Parsing CSV...
Reading file: ../tmp/biodeg.csv
Done!
Rows read: 1055
Columns: 42
Column names:
0: 0
1: 1
2: 2
3: 3
4: 4
5: 5
6: 6
7: 7
8: 8
9: 9
10: 10
11: 11
12: 12
13: 13
14: 14
15: 15
16: 16
17: 17
18: 18
19: 19
20: 20
21: 21
22: 22
23: 23
24: 24
25: 25
26: 26
27: 27
28: 28
29: 29
30: 30
31: 31
32: 32
33: 33
34: 34
35: 35
36: 36
37: 37
38: 38
39: 39
40: 40
41: 41

Done!
Splitting into training and test...
Done!
Constructing data matrices...
Done!
Training expertsys...
Done!
sklearnTrainScore: 0.8575949367088608
sklearnCvScore: 0.8264984227129337
sklearnTestScore: 0.8018867924528302
Parsing CSV...
Reading file: ../tmp/biodeg.csv
Done!
Rows read: 1055
Columns: 42
Column names:
0: 0
1: 1
2: 2
3: 3
4: 4
5: 5
6: 6
7: 7
8: 8
9: 9
10: 10
11: 11
12: 12
13: 13
14: 14
15: 15
16: 16
17: 17
18: 18
19: 19
20: 20
21: 21
22: 22
23: 23
24: 24
25: 25
26: 26
27: 27
28: 28
29: 29
30: 30
31: 31
32: 32
33: 33
34: 34
35: 35
36: 36
37: 37
38: 38
39: 39
40: 40
41: 41

Done!
Splitting into training and test...
Done!
Constructing data matrices...
Done!
Training expertsys...
Done!
sklearnTrainScore: 0.8544303797468354
sklearnCvScore: 0.8359621451104101
sklearnTestScore: 0.7830188679245284
Parsing CSV...
Reading file: ../tmp/biodeg.csv
Done!
Rows read: 1055
Columns: 42
Column names:
0: 0
1: 1
2: 2
3: 3
4: 4
5: 5
6: 6
7: 7
8: 8
9: 9
10: 10
11: 11
12: 12
13: 13
14: 14
15: 15
16: 16
17: 17
18: 18
19: 19
20: 20
21: 21
22: 22
23: 23
24: 24
25: 25
26: 26
27: 27
28: 28
29: 29
30: 30
31: 31
32: 32
33: 33
34: 34
35: 35
36: 36
37: 37
38: 38
39: 39
40: 40
41: 41

Done!
Splitting into training and test...
Done!
Constructing data matrices...
Done!
Training expertsys...
Done!
sklearnTrainScore: 0.8734177215189873
sklearnCvScore: 0.8359621451104101
sklearnTestScore: 0.8301886792452831
Parsing CSV...
Reading file: ../tmp/biodeg.csv
Done!
Rows read: 1055
Columns: 42
Column names:
0: 0
1: 1
2: 2
3: 3
4: 4
5: 5
6: 6
7: 7
8: 8
9: 9
10: 10
11: 11
12: 12
13: 13
14: 14
15: 15
16: 16
17: 17
18: 18
19: 19
20: 20
21: 21
22: 22
23: 23
24: 24
25: 25
26: 26
27: 27
28: 28
29: 29
30: 30
31: 31
32: 32
33: 33
34: 34
35: 35
36: 36
37: 37
38: 38
39: 39
40: 40
41: 41

Done!
Splitting into training and test...
Done!
Constructing data matrices...
Done!
Training expertsys...
Done!
sklearnTrainScore: 0.865506329113924
sklearnCvScore: 0.8170347003154574
sklearnTestScore: 0.8773584905660378
Parsing CSV...
Reading file: ../tmp/biodeg.csv
Done!
Rows read: 1055
Columns: 42
Column names:
0: 0
1: 1
2: 2
3: 3
4: 4
5: 5
6: 6
7: 7
8: 8
9: 9
10: 10
11: 11
12: 12
13: 13
14: 14
15: 15
16: 16
17: 17
18: 18
19: 19
20: 20
21: 21
22: 22
23: 23
24: 24
25: 25
26: 26
27: 27
28: 28
29: 29
30: 30
31: 31
32: 32
33: 33
34: 34
35: 35
36: 36
37: 37
38: 38
39: 39
40: 40
41: 41

Done!
Splitting into training and test...
Done!
Constructing data matrices...
Done!
Training expertsys...
Done!
sklearnTrainScore: 0.8560126582278481
sklearnCvScore: 0.8138801261829653
sklearnTestScore: 0.8018867924528302
Parsing CSV...
Reading file: ../tmp/biodeg.csv
Done!
Rows read: 1055
Columns: 42
Column names:
0: 0
1: 1
2: 2
3: 3
4: 4
5: 5
6: 6
7: 7
8: 8
9: 9
10: 10
11: 11
12: 12
13: 13
14: 14
15: 15
16: 16
17: 17
18: 18
19: 19
20: 20
21: 21
22: 22
23: 23
24: 24
25: 25
26: 26
27: 27
28: 28
29: 29
30: 30
31: 31
32: 32
33: 33
34: 34
35: 35
36: 36
37: 37
38: 38
39: 39
40: 40
41: 41

Done!
Splitting into training and test...
Done!
Constructing data matrices...
Done!
Training expertsys...
Done!
sklearnTrainScore: 0.870253164556962
sklearnCvScore: 0.8296529968454258
sklearnTestScore: 0.8207547169811321
Parsing CSV...
Reading file: ../tmp/biodeg.csv
Done!
Rows read: 1055
Columns: 42
Column names:
0: 0
1: 1
2: 2
3: 3
4: 4
5: 5
6: 6
7: 7
8: 8
9: 9
10: 10
11: 11
12: 12
13: 13
14: 14
15: 15
16: 16
17: 17
18: 18
19: 19
20: 20
21: 21
22: 22
23: 23
24: 24
25: 25
26: 26
27: 27
28: 28
29: 29
30: 30
31: 31
32: 32
33: 33
34: 34
35: 35
36: 36
37: 37
38: 38
39: 39
40: 40
41: 41

Done!
Splitting into training and test...
Done!
Constructing data matrices...
Done!
Training expertsys...
Done!
sklearnTrainScore: 0.8765822784810127
sklearnCvScore: 0.7728706624605678
sklearnTestScore: 0.8113207547169812
Averaged over 10 trials: expertsys train score: 0.8662974683544304
Averaged over 10 trials: expertsys cv score: 0.8205047318611989
Averaged over 10 trials: expertsys test score:0.8283018867924528
