Parsing CSV...
Reading file: ../tmp/seismic-bumps.arff
Done!
Rows read: 2584
Columns: 29
Column names:
0: 3
1: 4
2: 5
3: 6
4: 8
5: 9
6: 10
7: 11
8: 12
9: 13
10: 14
11: 15
12: 16
13: 17
14: 18
15: 0_a
16: 0_b
17: 0_nan
18: 1_a
19: 1_b
20: 1_c
21: 1_nan
22: 2_N
23: 2_W
24: 2_nan
25: 7_a
26: 7_b
27: 7_c
28: 7_nan

Done!
Splitting into training and test...
Done!
Constructing data matrices...
Done!
Training expertsys...
Done!
sklearnTrainScore: 0.9348387096774193
sklearnCvScore: 0.9264516129032258
sklearnTestScore: 0.9536679536679536
Parsing CSV...
Reading file: ../tmp/seismic-bumps.arff
Done!
Rows read: 2584
Columns: 29
Column names:
0: 3
1: 4
2: 5
3: 6
4: 8
5: 9
6: 10
7: 11
8: 12
9: 13
10: 14
11: 15
12: 16
13: 17
14: 18
15: 0_a
16: 0_b
17: 0_nan
18: 1_a
19: 1_b
20: 1_c
21: 1_nan
22: 2_N
23: 2_W
24: 2_nan
25: 7_a
26: 7_b
27: 7_c
28: 7_nan

Done!
Splitting into training and test...
Done!
Constructing data matrices...
Done!
Training expertsys...
Done!
sklearnTrainScore: 0.9270967741935484
sklearnCvScore: 0.9458064516129032
sklearnTestScore: 0.9420849420849421
Parsing CSV...
Reading file: ../tmp/seismic-bumps.arff
Done!
Rows read: 2584
Columns: 29
Column names:
0: 3
1: 4
2: 5
3: 6
4: 8
5: 9
6: 10
7: 11
8: 12
9: 13
10: 14
11: 15
12: 16
13: 17
14: 18
15: 0_a
16: 0_b
17: 0_nan
18: 1_a
19: 1_b
20: 1_c
21: 1_nan
22: 2_N
23: 2_W
24: 2_nan
25: 7_a
26: 7_b
27: 7_c
28: 7_nan

Done!
Splitting into training and test...
Done!
Constructing data matrices...
Done!
Training expertsys...
Done!
sklearnTrainScore: 0.932258064516129
sklearnCvScore: 0.9367741935483871
sklearnTestScore: 0.9382239382239382
Parsing CSV...
Reading file: ../tmp/seismic-bumps.arff
Done!
Rows read: 2584
Columns: 29
Column names:
0: 3
1: 4
2: 5
3: 6
4: 8
5: 9
6: 10
7: 11
8: 12
9: 13
10: 14
11: 15
12: 16
13: 17
14: 18
15: 0_a
16: 0_b
17: 0_nan
18: 1_a
19: 1_b
20: 1_c
21: 1_nan
22: 2_N
23: 2_W
24: 2_nan
25: 7_a
26: 7_b
27: 7_c
28: 7_nan

Done!
Splitting into training and test...
Done!
Constructing data matrices...
Done!
Training expertsys...
Done!
sklearnTrainScore: 0.9296774193548387
sklearnCvScore: 0.9509677419354838
sklearnTestScore: 0.9111969111969112
Parsing CSV...
Reading file: ../tmp/seismic-bumps.arff
Done!
Rows read: 2584
Columns: 29
Column names:
0: 3
1: 4
2: 5
3: 6
4: 8
5: 9
6: 10
7: 11
8: 12
9: 13
10: 14
11: 15
12: 16
13: 17
14: 18
15: 0_a
16: 0_b
17: 0_nan
18: 1_a
19: 1_b
20: 1_c
21: 1_nan
22: 2_N
23: 2_W
24: 2_nan
25: 7_a
26: 7_b
27: 7_c
28: 7_nan

Done!
Splitting into training and test...
Done!
Constructing data matrices...
Done!
Training expertsys...
Done!
sklearnTrainScore: 0.9367741935483871
sklearnCvScore: 0.9303225806451613
sklearnTestScore: 0.9266409266409267
Parsing CSV...
Reading file: ../tmp/seismic-bumps.arff
Done!
Rows read: 2584
Columns: 29
Column names:
0: 3
1: 4
2: 5
3: 6
4: 8
5: 9
6: 10
7: 11
8: 12
9: 13
10: 14
11: 15
12: 16
13: 17
14: 18
15: 0_a
16: 0_b
17: 0_nan
18: 1_a
19: 1_b
20: 1_c
21: 1_nan
22: 2_N
23: 2_W
24: 2_nan
25: 7_a
26: 7_b
27: 7_c
28: 7_nan

Done!
Splitting into training and test...
Done!
Constructing data matrices...
Done!
Training expertsys...
Done!
sklearnTrainScore: 0.9361290322580645
sklearnCvScore: 0.9367741935483871
sklearnTestScore: 0.915057915057915
Parsing CSV...
Reading file: ../tmp/seismic-bumps.arff
Done!
Rows read: 2584
Columns: 29
Column names:
0: 3
1: 4
2: 5
3: 6
4: 8
5: 9
6: 10
7: 11
8: 12
9: 13
10: 14
11: 15
12: 16
13: 17
14: 18
15: 0_a
16: 0_b
17: 0_nan
18: 1_a
19: 1_b
20: 1_c
21: 1_nan
22: 2_N
23: 2_W
24: 2_nan
25: 7_a
26: 7_b
27: 7_c
28: 7_nan

Done!
Splitting into training and test...
Done!
Constructing data matrices...
Done!
Training expertsys...
Done!
sklearnTrainScore: 0.9316129032258065
sklearnCvScore: 0.9316129032258065
sklearnTestScore: 0.9575289575289575
Parsing CSV...
Reading file: ../tmp/seismic-bumps.arff
Done!
Rows read: 2584
Columns: 29
Column names:
0: 3
1: 4
2: 5
3: 6
4: 8
5: 9
6: 10
7: 11
8: 12
9: 13
10: 14
11: 15
12: 16
13: 17
14: 18
15: 0_a
16: 0_b
17: 0_nan
18: 1_a
19: 1_b
20: 1_c
21: 1_nan
22: 2_N
23: 2_W
24: 2_nan
25: 7_a
26: 7_b
27: 7_c
28: 7_nan

Done!
Splitting into training and test...
Done!
Constructing data matrices...
Done!
Training expertsys...
Done!
sklearnTrainScore: 0.9335483870967742
sklearnCvScore: 0.9380645161290323
sklearnTestScore: 0.9266409266409267
Parsing CSV...
Reading file: ../tmp/seismic-bumps.arff
Done!
Rows read: 2584
Columns: 29
Column names:
0: 3
1: 4
2: 5
3: 6
4: 8
5: 9
6: 10
7: 11
8: 12
9: 13
10: 14
11: 15
12: 16
13: 17
14: 18
15: 0_a
16: 0_b
17: 0_nan
18: 1_a
19: 1_b
20: 1_c
21: 1_nan
22: 2_N
23: 2_W
24: 2_nan
25: 7_a
26: 7_b
27: 7_c
28: 7_nan

Done!
Splitting into training and test...
Done!
Constructing data matrices...
Done!
Training expertsys...
Done!
sklearnTrainScore: 0.9367741935483871
sklearnCvScore: 0.9290322580645162
sklearnTestScore: 0.9343629343629344
Parsing CSV...
Reading file: ../tmp/seismic-bumps.arff
Done!
Rows read: 2584
Columns: 29
Column names:
0: 3
1: 4
2: 5
3: 6
4: 8
5: 9
6: 10
7: 11
8: 12
9: 13
10: 14
11: 15
12: 16
13: 17
14: 18
15: 0_a
16: 0_b
17: 0_nan
18: 1_a
19: 1_b
20: 1_c
21: 1_nan
22: 2_N
23: 2_W
24: 2_nan
25: 7_a
26: 7_b
27: 7_c
28: 7_nan

Done!
Splitting into training and test...
Done!
Constructing data matrices...
Done!
Training expertsys...
Done!
sklearnTrainScore: 0.932258064516129
sklearnCvScore: 0.9380645161290323
sklearnTestScore: 0.9343629343629344
Averaged over 10 trials: expertsys train score: 0.9330967741935483
Averaged over 10 trials: expertsys cv score: 0.9363870967741935
Averaged over 10 trials: expertsys test score:0.933976833976834
