Parsing CSV...
Reading file: ../tmp/spambase.data
Done!
Rows read: 4601
Columns: 58
Column names:
0: 0
1: 1
2: 2
3: 3
4: 4
5: 5
6: 6
7: 7
8: 8
9: 9
10: 10
11: 11
12: 12
13: 13
14: 14
15: 15
16: 16
17: 17
18: 18
19: 19
20: 20
21: 21
22: 22
23: 23
24: 24
25: 25
26: 26
27: 27
28: 28
29: 29
30: 30
31: 31
32: 32
33: 33
34: 34
35: 35
36: 36
37: 37
38: 38
39: 39
40: 40
41: 41
42: 42
43: 43
44: 44
45: 45
46: 46
47: 47
48: 48
49: 49
50: 50
51: 51
52: 52
53: 53
54: 54
55: 55
56: 56
57: 57

Done!
Splitting into training and test...
Done!
Constructing data matrices...
Done!
Training expertsys...
Done!
sklearnTrainScore: 0.9347826086956522
sklearnCvScore: 0.9297101449275362
sklearnTestScore: 0.9197396963123644
Parsing CSV...
Reading file: ../tmp/spambase.data
Done!
Rows read: 4601
Columns: 58
Column names:
0: 0
1: 1
2: 2
3: 3
4: 4
5: 5
6: 6
7: 7
8: 8
9: 9
10: 10
11: 11
12: 12
13: 13
14: 14
15: 15
16: 16
17: 17
18: 18
19: 19
20: 20
21: 21
22: 22
23: 23
24: 24
25: 25
26: 26
27: 27
28: 28
29: 29
30: 30
31: 31
32: 32
33: 33
34: 34
35: 35
36: 36
37: 37
38: 38
39: 39
40: 40
41: 41
42: 42
43: 43
44: 44
45: 45
46: 46
47: 47
48: 48
49: 49
50: 50
51: 51
52: 52
53: 53
54: 54
55: 55
56: 56
57: 57

Done!
Splitting into training and test...
Done!
Constructing data matrices...
Done!
Training expertsys...
Done!
sklearnTrainScore: 0.9398550724637681
sklearnCvScore: 0.9260869565217391
sklearnTestScore: 0.9154013015184381
Parsing CSV...
Reading file: ../tmp/spambase.data
Done!
Rows read: 4601
Columns: 58
Column names:
0: 0
1: 1
2: 2
3: 3
4: 4
5: 5
6: 6
7: 7
8: 8
9: 9
10: 10
11: 11
12: 12
13: 13
14: 14
15: 15
16: 16
17: 17
18: 18
19: 19
20: 20
21: 21
22: 22
23: 23
24: 24
25: 25
26: 26
27: 27
28: 28
29: 29
30: 30
31: 31
32: 32
33: 33
34: 34
35: 35
36: 36
37: 37
38: 38
39: 39
40: 40
41: 41
42: 42
43: 43
44: 44
45: 45
46: 46
47: 47
48: 48
49: 49
50: 50
51: 51
52: 52
53: 53
54: 54
55: 55
56: 56
57: 57

Done!
Splitting into training and test...
Done!
Constructing data matrices...
Done!
Training expertsys...
Done!
sklearnTrainScore: 0.9282608695652174
sklearnCvScore: 0.9159420289855073
sklearnTestScore: 0.9219088937093276
Parsing CSV...
Reading file: ../tmp/spambase.data
Done!
Rows read: 4601
Columns: 58
Column names:
0: 0
1: 1
2: 2
3: 3
4: 4
5: 5
6: 6
7: 7
8: 8
9: 9
10: 10
11: 11
12: 12
13: 13
14: 14
15: 15
16: 16
17: 17
18: 18
19: 19
20: 20
21: 21
22: 22
23: 23
24: 24
25: 25
26: 26
27: 27
28: 28
29: 29
30: 30
31: 31
32: 32
33: 33
34: 34
35: 35
36: 36
37: 37
38: 38
39: 39
40: 40
41: 41
42: 42
43: 43
44: 44
45: 45
46: 46
47: 47
48: 48
49: 49
50: 50
51: 51
52: 52
53: 53
54: 54
55: 55
56: 56
57: 57

Done!
Splitting into training and test...
Done!
Constructing data matrices...
Done!
Training expertsys...
Done!
sklearnTrainScore: 0.9380434782608695
sklearnCvScore: 0.9260869565217391
sklearnTestScore: 0.9414316702819957
Parsing CSV...
Reading file: ../tmp/spambase.data
Done!
Rows read: 4601
Columns: 58
Column names:
0: 0
1: 1
2: 2
3: 3
4: 4
5: 5
6: 6
7: 7
8: 8
9: 9
10: 10
11: 11
12: 12
13: 13
14: 14
15: 15
16: 16
17: 17
18: 18
19: 19
20: 20
21: 21
22: 22
23: 23
24: 24
25: 25
26: 26
27: 27
28: 28
29: 29
30: 30
31: 31
32: 32
33: 33
34: 34
35: 35
36: 36
37: 37
38: 38
39: 39
40: 40
41: 41
42: 42
43: 43
44: 44
45: 45
46: 46
47: 47
48: 48
49: 49
50: 50
51: 51
52: 52
53: 53
54: 54
55: 55
56: 56
57: 57

Done!
Splitting into training and test...
Done!
Constructing data matrices...
Done!
Training expertsys...
Done!
sklearnTrainScore: 0.9358695652173913
sklearnCvScore: 0.9188405797101449
sklearnTestScore: 0.9023861171366594
Parsing CSV...
Reading file: ../tmp/spambase.data
Done!
Rows read: 4601
Columns: 58
Column names:
0: 0
1: 1
2: 2
3: 3
4: 4
5: 5
6: 6
7: 7
8: 8
9: 9
10: 10
11: 11
12: 12
13: 13
14: 14
15: 15
16: 16
17: 17
18: 18
19: 19
20: 20
21: 21
22: 22
23: 23
24: 24
25: 25
26: 26
27: 27
28: 28
29: 29
30: 30
31: 31
32: 32
33: 33
34: 34
35: 35
36: 36
37: 37
38: 38
39: 39
40: 40
41: 41
42: 42
43: 43
44: 44
45: 45
46: 46
47: 47
48: 48
49: 49
50: 50
51: 51
52: 52
53: 53
54: 54
55: 55
56: 56
57: 57

Done!
Splitting into training and test...
Done!
Constructing data matrices...
Done!
Training expertsys...
Done!
sklearnTrainScore: 0.936231884057971
sklearnCvScore: 0.9246376811594202
sklearnTestScore: 0.9262472885032538
Parsing CSV...
Reading file: ../tmp/spambase.data
Done!
Rows read: 4601
Columns: 58
Column names:
0: 0
1: 1
2: 2
3: 3
4: 4
5: 5
6: 6
7: 7
8: 8
9: 9
10: 10
11: 11
12: 12
13: 13
14: 14
15: 15
16: 16
17: 17
18: 18
19: 19
20: 20
21: 21
22: 22
23: 23
24: 24
25: 25
26: 26
27: 27
28: 28
29: 29
30: 30
31: 31
32: 32
33: 33
34: 34
35: 35
36: 36
37: 37
38: 38
39: 39
40: 40
41: 41
42: 42
43: 43
44: 44
45: 45
46: 46
47: 47
48: 48
49: 49
50: 50
51: 51
52: 52
53: 53
54: 54
55: 55
56: 56
57: 57

Done!
Splitting into training and test...
Done!
Constructing data matrices...
Done!
Training expertsys...
Done!
sklearnTrainScore: 0.9380434782608695
sklearnCvScore: 0.9340579710144927
sklearnTestScore: 0.9327548806941431
Parsing CSV...
Reading file: ../tmp/spambase.data
Done!
Rows read: 4601
Columns: 58
Column names:
0: 0
1: 1
2: 2
3: 3
4: 4
5: 5
6: 6
7: 7
8: 8
9: 9
10: 10
11: 11
12: 12
13: 13
14: 14
15: 15
16: 16
17: 17
18: 18
19: 19
20: 20
21: 21
22: 22
23: 23
24: 24
25: 25
26: 26
27: 27
28: 28
29: 29
30: 30
31: 31
32: 32
33: 33
34: 34
35: 35
36: 36
37: 37
38: 38
39: 39
40: 40
41: 41
42: 42
43: 43
44: 44
45: 45
46: 46
47: 47
48: 48
49: 49
50: 50
51: 51
52: 52
53: 53
54: 54
55: 55
56: 56
57: 57

Done!
Splitting into training and test...
Done!
Constructing data matrices...
Done!
Training expertsys...
Done!
sklearnTrainScore: 0.938768115942029
sklearnCvScore: 0.9094202898550725
sklearnTestScore: 0.9088937093275488
Parsing CSV...
Reading file: ../tmp/spambase.data
Done!
Rows read: 4601
Columns: 58
Column names:
0: 0
1: 1
2: 2
3: 3
4: 4
5: 5
6: 6
7: 7
8: 8
9: 9
10: 10
11: 11
12: 12
13: 13
14: 14
15: 15
16: 16
17: 17
18: 18
19: 19
20: 20
21: 21
22: 22
23: 23
24: 24
25: 25
26: 26
27: 27
28: 28
29: 29
30: 30
31: 31
32: 32
33: 33
34: 34
35: 35
36: 36
37: 37
38: 38
39: 39
40: 40
41: 41
42: 42
43: 43
44: 44
45: 45
46: 46
47: 47
48: 48
49: 49
50: 50
51: 51
52: 52
53: 53
54: 54
55: 55
56: 56
57: 57

Done!
Splitting into training and test...
Done!
Constructing data matrices...
Done!
Training expertsys...
Done!
sklearnTrainScore: 0.9431159420289855
sklearnCvScore: 0.9326086956521739
sklearnTestScore: 0.9240780911062907
Parsing CSV...
Reading file: ../tmp/spambase.data
Done!
Rows read: 4601
Columns: 58
Column names:
0: 0
1: 1
2: 2
3: 3
4: 4
5: 5
6: 6
7: 7
8: 8
9: 9
10: 10
11: 11
12: 12
13: 13
14: 14
15: 15
16: 16
17: 17
18: 18
19: 19
20: 20
21: 21
22: 22
23: 23
24: 24
25: 25
26: 26
27: 27
28: 28
29: 29
30: 30
31: 31
32: 32
33: 33
34: 34
35: 35
36: 36
37: 37
38: 38
39: 39
40: 40
41: 41
42: 42
43: 43
44: 44
45: 45
46: 46
47: 47
48: 48
49: 49
50: 50
51: 51
52: 52
53: 53
54: 54
55: 55
56: 56
57: 57

Done!
Splitting into training and test...
Done!
Constructing data matrices...
Done!
Training expertsys...
Done!
sklearnTrainScore: 0.9369565217391305
sklearnCvScore: 0.9173913043478261
sklearnTestScore: 0.9370932754880694
Averaged over 10 trials: expertsys train score: 0.9369927536231885
Averaged over 10 trials: expertsys cv score: 0.9234782608695651
Averaged over 10 trials: expertsys test score:0.922993492407809
