Parsing CSV...
Reading file: ../tmp/SPECTF.train
Done!
Rows read: 80
Columns: 45
Column names:
0: 0
1: 1
2: 2
3: 3
4: 4
5: 5
6: 6
7: 7
8: 8
9: 9
10: 10
11: 11
12: 12
13: 13
14: 14
15: 15
16: 16
17: 17
18: 18
19: 19
20: 20
21: 21
22: 22
23: 23
24: 24
25: 25
26: 26
27: 27
28: 28
29: 29
30: 30
31: 31
32: 32
33: 33
34: 34
35: 35
36: 36
37: 37
38: 38
39: 39
40: 40
41: 41
42: 42
43: 43
44: 44

Done!
Splitting into training and test...
Done!
Constructing data matrices...
Done!
Training expertsys...
Done!
sklearnTrainScore: 0.9583333333333334
sklearnCvScore: 0.5833333333333334
sklearnTestScore: 0.5
Parsing CSV...
Reading file: ../tmp/SPECTF.train
Done!
Rows read: 80
Columns: 45
Column names:
0: 0
1: 1
2: 2
3: 3
4: 4
5: 5
6: 6
7: 7
8: 8
9: 9
10: 10
11: 11
12: 12
13: 13
14: 14
15: 15
16: 16
17: 17
18: 18
19: 19
20: 20
21: 21
22: 22
23: 23
24: 24
25: 25
26: 26
27: 27
28: 28
29: 29
30: 30
31: 31
32: 32
33: 33
34: 34
35: 35
36: 36
37: 37
38: 38
39: 39
40: 40
41: 41
42: 42
43: 43
44: 44

Done!
Splitting into training and test...
Done!
Constructing data matrices...
Done!
Training expertsys...
Done!
sklearnTrainScore: 0.8958333333333334
sklearnCvScore: 0.75
sklearnTestScore: 0.75
Parsing CSV...
Reading file: ../tmp/SPECTF.train
Done!
Rows read: 80
Columns: 45
Column names:
0: 0
1: 1
2: 2
3: 3
4: 4
5: 5
6: 6
7: 7
8: 8
9: 9
10: 10
11: 11
12: 12
13: 13
14: 14
15: 15
16: 16
17: 17
18: 18
19: 19
20: 20
21: 21
22: 22
23: 23
24: 24
25: 25
26: 26
27: 27
28: 28
29: 29
30: 30
31: 31
32: 32
33: 33
34: 34
35: 35
36: 36
37: 37
38: 38
39: 39
40: 40
41: 41
42: 42
43: 43
44: 44

Done!
Splitting into training and test...
Done!
Constructing data matrices...
Done!
Training expertsys...
Done!
sklearnTrainScore: 0.8333333333333334
sklearnCvScore: 0.7916666666666666
sklearnTestScore: 0.75
Parsing CSV...
Reading file: ../tmp/SPECTF.train
Done!
Rows read: 80
Columns: 45
Column names:
0: 0
1: 1
2: 2
3: 3
4: 4
5: 5
6: 6
7: 7
8: 8
9: 9
10: 10
11: 11
12: 12
13: 13
14: 14
15: 15
16: 16
17: 17
18: 18
19: 19
20: 20
21: 21
22: 22
23: 23
24: 24
25: 25
26: 26
27: 27
28: 28
29: 29
30: 30
31: 31
32: 32
33: 33
34: 34
35: 35
36: 36
37: 37
38: 38
39: 39
40: 40
41: 41
42: 42
43: 43
44: 44

Done!
Splitting into training and test...
Done!
Constructing data matrices...
Done!
Training expertsys...
Done!
sklearnTrainScore: 0.9166666666666666
sklearnCvScore: 0.625
sklearnTestScore: 0.375
Parsing CSV...
Reading file: ../tmp/SPECTF.train
Done!
Rows read: 80
Columns: 45
Column names:
0: 0
1: 1
2: 2
3: 3
4: 4
5: 5
6: 6
7: 7
8: 8
9: 9
10: 10
11: 11
12: 12
13: 13
14: 14
15: 15
16: 16
17: 17
18: 18
19: 19
20: 20
21: 21
22: 22
23: 23
24: 24
25: 25
26: 26
27: 27
28: 28
29: 29
30: 30
31: 31
32: 32
33: 33
34: 34
35: 35
36: 36
37: 37
38: 38
39: 39
40: 40
41: 41
42: 42
43: 43
44: 44

Done!
Splitting into training and test...
Done!
Constructing data matrices...
Done!
Training expertsys...
Done!
sklearnTrainScore: 0.9791666666666666
sklearnCvScore: 0.625
sklearnTestScore: 0.625
Parsing CSV...
Reading file: ../tmp/SPECTF.train
Done!
Rows read: 80
Columns: 45
Column names:
0: 0
1: 1
2: 2
3: 3
4: 4
5: 5
6: 6
7: 7
8: 8
9: 9
10: 10
11: 11
12: 12
13: 13
14: 14
15: 15
16: 16
17: 17
18: 18
19: 19
20: 20
21: 21
22: 22
23: 23
24: 24
25: 25
26: 26
27: 27
28: 28
29: 29
30: 30
31: 31
32: 32
33: 33
34: 34
35: 35
36: 36
37: 37
38: 38
39: 39
40: 40
41: 41
42: 42
43: 43
44: 44

Done!
Splitting into training and test...
Done!
Constructing data matrices...
Done!
Training expertsys...
Done!
sklearnTrainScore: 0.8958333333333334
sklearnCvScore: 0.7916666666666666
sklearnTestScore: 1.0
Parsing CSV...
Reading file: ../tmp/SPECTF.train
Done!
Rows read: 80
Columns: 45
Column names:
0: 0
1: 1
2: 2
3: 3
4: 4
5: 5
6: 6
7: 7
8: 8
9: 9
10: 10
11: 11
12: 12
13: 13
14: 14
15: 15
16: 16
17: 17
18: 18
19: 19
20: 20
21: 21
22: 22
23: 23
24: 24
25: 25
26: 26
27: 27
28: 28
29: 29
30: 30
31: 31
32: 32
33: 33
34: 34
35: 35
36: 36
37: 37
38: 38
39: 39
40: 40
41: 41
42: 42
43: 43
44: 44

Done!
Splitting into training and test...
Done!
Constructing data matrices...
Done!
Training expertsys...
Done!
sklearnTrainScore: 0.9375
sklearnCvScore: 0.9166666666666666
sklearnTestScore: 0.5
Parsing CSV...
Reading file: ../tmp/SPECTF.train
Done!
Rows read: 80
Columns: 45
Column names:
0: 0
1: 1
2: 2
3: 3
4: 4
5: 5
6: 6
7: 7
8: 8
9: 9
10: 10
11: 11
12: 12
13: 13
14: 14
15: 15
16: 16
17: 17
18: 18
19: 19
20: 20
21: 21
22: 22
23: 23
24: 24
25: 25
26: 26
27: 27
28: 28
29: 29
30: 30
31: 31
32: 32
33: 33
34: 34
35: 35
36: 36
37: 37
38: 38
39: 39
40: 40
41: 41
42: 42
43: 43
44: 44

Done!
Splitting into training and test...
Done!
Constructing data matrices...
Done!
Training expertsys...
Done!
sklearnTrainScore: 0.9166666666666666
sklearnCvScore: 0.75
sklearnTestScore: 0.625
Parsing CSV...
Reading file: ../tmp/SPECTF.train
Done!
Rows read: 80
Columns: 45
Column names:
0: 0
1: 1
2: 2
3: 3
4: 4
5: 5
6: 6
7: 7
8: 8
9: 9
10: 10
11: 11
12: 12
13: 13
14: 14
15: 15
16: 16
17: 17
18: 18
19: 19
20: 20
21: 21
22: 22
23: 23
24: 24
25: 25
26: 26
27: 27
28: 28
29: 29
30: 30
31: 31
32: 32
33: 33
34: 34
35: 35
36: 36
37: 37
38: 38
39: 39
40: 40
41: 41
42: 42
43: 43
44: 44

Done!
Splitting into training and test...
Done!
Constructing data matrices...
Done!
Training expertsys...
Done!
sklearnTrainScore: 0.9166666666666666
sklearnCvScore: 0.7916666666666666
sklearnTestScore: 0.75
Parsing CSV...
Reading file: ../tmp/SPECTF.train
Done!
Rows read: 80
Columns: 45
Column names:
0: 0
1: 1
2: 2
3: 3
4: 4
5: 5
6: 6
7: 7
8: 8
9: 9
10: 10
11: 11
12: 12
13: 13
14: 14
15: 15
16: 16
17: 17
18: 18
19: 19
20: 20
21: 21
22: 22
23: 23
24: 24
25: 25
26: 26
27: 27
28: 28
29: 29
30: 30
31: 31
32: 32
33: 33
34: 34
35: 35
36: 36
37: 37
38: 38
39: 39
40: 40
41: 41
42: 42
43: 43
44: 44

Done!
Splitting into training and test...
Done!
Constructing data matrices...
Done!
Training expertsys...
Done!
sklearnTrainScore: 0.9166666666666666
sklearnCvScore: 0.7083333333333334
sklearnTestScore: 0.75
Averaged over 10 trials: expertsys train score: 0.9166666666666666
Averaged over 10 trials: expertsys cv score: 0.7333333333333334
Averaged over 10 trials: expertsys test score:0.6625
