Parsing CSV...
Reading file: ../tmp/transfusion.data
Done!
Rows read: 748
Columns: 5
Column names:
0: 0
1: 1
2: 2
3: 3
4: 4

Done!
Splitting into training and test...
Done!
Constructing data matrices...
Done!
Training expertsys...
Done!
sklearnTrainScore: 0.7767857142857143
sklearnCvScore: 0.7377777777777778
sklearnTestScore: 0.7466666666666667
Parsing CSV...
Reading file: ../tmp/transfusion.data
Done!
Rows read: 748
Columns: 5
Column names:
0: 0
1: 1
2: 2
3: 3
4: 4

Done!
Splitting into training and test...
Done!
Constructing data matrices...
Done!
Training expertsys...
Done!
sklearnTrainScore: 0.7633928571428571
sklearnCvScore: 0.76
sklearnTestScore: 0.76
Parsing CSV...
Reading file: ../tmp/transfusion.data
Done!
Rows read: 748
Columns: 5
Column names:
0: 0
1: 1
2: 2
3: 3
4: 4

Done!
Splitting into training and test...
Done!
Constructing data matrices...
Done!
Training expertsys...
Done!
sklearnTrainScore: 0.7433035714285714
sklearnCvScore: 0.7777777777777778
sklearnTestScore: 0.8266666666666667
Parsing CSV...
Reading file: ../tmp/transfusion.data
Done!
Rows read: 748
Columns: 5
Column names:
0: 0
1: 1
2: 2
3: 3
4: 4

Done!
Splitting into training and test...
Done!
Constructing data matrices...
Done!
Training expertsys...
Done!
sklearnTrainScore: 0.7723214285714286
sklearnCvScore: 0.7333333333333333
sklearnTestScore: 0.7866666666666666
Parsing CSV...
Reading file: ../tmp/transfusion.data
Done!
Rows read: 748
Columns: 5
Column names:
0: 0
1: 1
2: 2
3: 3
4: 4

Done!
Splitting into training and test...
Done!
Constructing data matrices...
Done!
Training expertsys...
Done!
sklearnTrainScore: 0.7700892857142857
sklearnCvScore: 0.7377777777777778
sklearnTestScore: 0.7066666666666667
Parsing CSV...
Reading file: ../tmp/transfusion.data
Done!
Rows read: 748
Columns: 5
Column names:
0: 0
1: 1
2: 2
3: 3
4: 4

Done!
Splitting into training and test...
Done!
Constructing data matrices...
Done!
Training expertsys...
Done!
sklearnTrainScore: 0.7522321428571429
sklearnCvScore: 0.7866666666666666
sklearnTestScore: 0.7466666666666667
Parsing CSV...
Reading file: ../tmp/transfusion.data
Done!
Rows read: 748
Columns: 5
Column names:
0: 0
1: 1
2: 2
3: 3
4: 4

Done!
Splitting into training and test...
Done!
Constructing data matrices...
Done!
Training expertsys...
Done!
sklearnTrainScore: 0.7700892857142857
sklearnCvScore: 0.76
sklearnTestScore: 0.72
Parsing CSV...
Reading file: ../tmp/transfusion.data
Done!
Rows read: 748
Columns: 5
Column names:
0: 0
1: 1
2: 2
3: 3
4: 4

Done!
Splitting into training and test...
Done!
Constructing data matrices...
Done!
Training expertsys...
Done!
sklearnTrainScore: 0.7589285714285714
sklearnCvScore: 0.7866666666666666
sklearnTestScore: 0.7066666666666667
Parsing CSV...
Reading file: ../tmp/transfusion.data
Done!
Rows read: 748
Columns: 5
Column names:
0: 0
1: 1
2: 2
3: 3
4: 4

Done!
Splitting into training and test...
Done!
Constructing data matrices...
Done!
Training expertsys...
Done!
sklearnTrainScore: 0.7700892857142857
sklearnCvScore: 0.7333333333333333
sklearnTestScore: 0.8
Parsing CSV...
Reading file: ../tmp/transfusion.data
Done!
Rows read: 748
Columns: 5
Column names:
0: 0
1: 1
2: 2
3: 3
4: 4

Done!
Splitting into training and test...
Done!
Constructing data matrices...
Done!
Training expertsys...
Done!
sklearnTrainScore: 0.75
sklearnCvScore: 0.7911111111111111
sklearnTestScore: 0.7466666666666667
Averaged over 10 trials: expertsys train score: 0.7627232142857142
Averaged over 10 trials: expertsys cv score: 0.7604444444444445
Averaged over 10 trials: expertsys test score:0.7546666666666667
