Parsing CSV...
Reading file: ../tmp/breast_cancer_prog.data
Done!
Rows read: 198
Columns: 33
Column names:
0: 0
1: 1
2: 2
3: 3
4: 4
5: 5
6: 6
7: 7
8: 8
9: 9
10: 10
11: 11
12: 12
13: 13
14: 14
15: 15
16: 16
17: 17
18: 18
19: 19
20: 20
21: 21
22: 22
23: 23
24: 24
25: 25
26: 26
27: 27
28: 28
29: 29
30: 30
31: 31
32: 32

Done!
Splitting into training and test...
Done!
Constructing data matrices...
Done!
Training random forest...
Done!
Fitting Gaussian mixture with 20 components...
Done!
Sampling 1500 points
Done! Sampled 1500 points
Generating internal node with number of samples 1500...
Done!
Invalid internal node, node count: 1
Generating leaf with number of samples 1500...
Done!
Current mass: 1.0000000000000002
Sampling 1500 test points
Done! Sampled 1500 test points
Computed internal score: 1.0000000000000002
Computed leaf score: 1.0000000000000002
Internal node index: 0
No internal data!
Internal node index: 0
No internal data!
No internal nodes remaining, ending!
Leaf node index: 0
Decision tree:
0
Node count: 1
DTExtract Relative training score: 1.0
DTExtract Relative CV score: 1.0
DTExtract Relative test score: 1.0
DTExtract Training score: 0.754237288136
DTExtract CV score: 0.783333333333
DTExtract Test score: 0.75
Training greedy decision tree, best of: 1
Done!
Node count: 31
GreedyTree Training score: 1.0
GreedyTree CV score: 0.6666666666666666
GreedyTree Test score: 0.65
MLP Training score: 0.7542372881355932
MLP CV score: 0.7833333333333333
MLP Test score: 0.75
Random Forest Training score: 1.0
Random Forest CV score: 0.75
Random Forest Test score: 0.75
Parsing CSV...
Reading file: ../tmp/breast_cancer_prog.data
Done!
Rows read: 198
Columns: 33
Column names:
0: 0
1: 1
2: 2
3: 3
4: 4
5: 5
6: 6
7: 7
8: 8
9: 9
10: 10
11: 11
12: 12
13: 13
14: 14
15: 15
16: 16
17: 17
18: 18
19: 19
20: 20
21: 21
22: 22
23: 23
24: 24
25: 25
26: 26
27: 27
28: 28
29: 29
30: 30
31: 31
32: 32

Done!
Splitting into training and test...
Done!
Constructing data matrices...
Done!
Training random forest...
Done!
Fitting Gaussian mixture with 20 components...
Done!
Sampling 1500 points
Done! Sampled 1500 points
Generating internal node with number of samples 1500...
Done!
Invalid internal node, node count: 1
Generating leaf with number of samples 1500...
Done!
Current mass: 1.0000000000000002
Sampling 1500 test points
Done! Sampled 1500 test points
Computed internal score: 1.0000000000000002
Computed leaf score: 1.0000000000000002
Internal node index: 0
No internal data!
Internal node index: 0
No internal data!
No internal nodes remaining, ending!
Leaf node index: 0
Decision tree:
0
Node count: 1
DTExtract Relative training score: 1.0
DTExtract Relative CV score: 1.0
DTExtract Relative test score: 1.0
DTExtract Training score: 0.78813559322
DTExtract CV score: 0.7
DTExtract Test score: 0.8
Training greedy decision tree, best of: 1
Done!
Node count: 33
GreedyTree Training score: 0.9576271186440678
GreedyTree CV score: 0.6166666666666667
GreedyTree Test score: 0.65
MLP Training score: 0.788135593220339
MLP CV score: 0.7
MLP Test score: 0.8
Random Forest Training score: 1.0
Random Forest CV score: 0.7
Random Forest Test score: 0.75
Parsing CSV...
Reading file: ../tmp/breast_cancer_prog.data
Done!
Rows read: 198
Columns: 33
Column names:
0: 0
1: 1
2: 2
3: 3
4: 4
5: 5
6: 6
7: 7
8: 8
9: 9
10: 10
11: 11
12: 12
13: 13
14: 14
15: 15
16: 16
17: 17
18: 18
19: 19
20: 20
21: 21
22: 22
23: 23
24: 24
25: 25
26: 26
27: 27
28: 28
29: 29
30: 30
31: 31
32: 32

Done!
Splitting into training and test...
Done!
Constructing data matrices...
Done!
Training random forest...
Done!
Fitting Gaussian mixture with 20 components...
Done!
Sampling 1500 points
Done! Sampled 1500 points
Generating internal node with number of samples 1500...
Done!
Generating leaf with number of samples 1500...
Done!
Current mass: 1.0000000000000004
Sampling 1500 test points
Done! Sampled 1500 test points
Computed internal score: 0.8893333333333338
Computed leaf score: 0.8920000000000005
Internal node index: 0
Sampling 1500 points
Done! Sampled 1500 points
Generating internal node with number of samples 1500...
Done!
Generating leaf with number of samples 1500...
Done!
Current mass: 0.8502915100524132
Sampling 1500 test points
Done! Sampled 1500 test points
Computed internal score: 0.7902042433420426
Computed leaf score: 0.7902042433420426
Sampling 1500 points
Done! Sampled 1500 points
Generating internal node with number of samples 1500...
Done!
Generating leaf with number of samples 1500...
Done!
Current mass: 0.14970848994758718
Sampling 1500 test points
Done! Sampled 1500 test points
Computed internal score: 0.08473500531033433
Computed leaf score: 0.07894627703236097
Current gain: -0.002666666666666706
Current score: 0.8893333333333338
Current size: 3
Internal node index: 2
Sampling 1500 points
Done! Sampled 1500 points
Generating internal node with number of samples 1500...
Done!
Generating leaf with number of samples 1500...
Done!
Current mass: 0.13292521335877094
Sampling 1500 test points
Done! Sampled 1500 test points
Computed internal score: 0.08905989295037654
Computed leaf score: 0.07018451265343106
Sampling 1500 points
Done! Sampled 1500 points
Generating internal node with number of samples 1500...
Done!
Generating leaf with number of samples 1500...
Done!
Current mass: 0.016783276588816235
Sampling 1500 test points
Done! Sampled 1500 test points
Computed internal score: 0.01659306612080965
Computed leaf score: 0.01655949956763202
Current gain: 0.0057887282779733595
Current score: 0.8951220616113071
Current size: 5
Internal node index: 5
Sampling 1500 points
Done! Sampled 1500 points
Generating internal node with number of samples 1500...
Done!
Generating leaf with number of samples 1500...
Done!
Current mass: 0.06814117875166406
Sampling 1500 test points
Done! Sampled 1500 test points
Computed internal score: 0.04956135067871033
Computed leaf score: 0.04669942117114044
Sampling 1500 points
Done! Sampled 1500 points
Generating internal node with number of samples 1500...
Done!
Generating leaf with number of samples 1500...
Done!
Current mass: 0.0647840346071069
Sampling 1500 test points
Done! Sampled 1500 test points
Computed internal score: 0.040209290812811015
Computed leaf score: 0.042325569276643174
Current gain: 0.01887538029694548
Current score: 0.9139974419082526
Current size: 7
Internal node index: 11
Sampling 1500 points
Done! Sampled 1500 points
Generating internal node with number of samples 1500...
Done!
Generating leaf with number of samples 1500...
Done!
Current mass: 0.01118197853113188
Sampling 1500 test points
Done! Sampled 1500 test points
Computed internal score: 0.007342832568776601
Computed leaf score: 0.007432288397025656
Sampling 1500 points
Done! Sampled 1500 points
Generating internal node with number of samples 1500...
Done!
Generating leaf with number of samples 1500...
Done!
Current mass: 0.05695920022053218
Sampling 1500 test points
Done! Sampled 1500 test points
Computed internal score: 0.04188399856216466
Computed leaf score: 0.04188399856216466
Current gain: 0.002861929507569888
Current score: 0.9168593714158225
Current size: 9
Internal node index: 6
Sampling 1500 points
Done! Sampled 1500 points
Generating internal node with number of samples 1500...
Done!
Generating leaf with number of samples 1500...
Done!
Current mass: 0.01646723309658437
Sampling 1500 test points
Done! Sampled 1500 test points
Computed internal score: 0.016401364164198032
Computed leaf score: 0.016401364164198032
Sampling 1500 points
Done! Sampled 1500 points
Generating internal node with number of samples 1500...
Done!
Generating leaf with number of samples 1500...
Done!
Current mass: 0.0003160434922318632
Sampling 1500 test points
Done! Sampled 1500 test points
Computed internal score: 0.0002321866189596755
Computed leaf score: 0.00017319183374306103
Current gain: 3.356655317763094e-05
Current score: 0.9168929379690002
Current size: 11
Internal node index: 14
Sampling 1500 points
Done! Sampled 1500 points
Generating internal node with number of samples 1500...
Done!
Generating leaf with number of samples 1500...
Done!
Current mass: 0.00012899164969857677
Sampling 1500 test points
Done! Sampled 1500 test points
Computed internal score: 9.201404345165143e-05
Computed leaf score: 9.201404345165143e-05
Sampling 1500 points
Done! Sampled 1500 points
Generating internal node with number of samples 1500...
Done!
Generating leaf with number of samples 1500...
Done!
Current mass: 0.00018705184253328647
Sampling 1500 test points
Done! Sampled 1500 test points
Computed internal score: 0.00013604904013587703
Computed leaf score: 0.00013604904013587703
Current gain: 5.899478521661448e-05
Current score: 0.9169519327542168
Current size: 13
Internal node index: 1
Sampling 1500 points
Done! Sampled 1500 points
Generating internal node with number of samples 1500...
Done!
Generating leaf with number of samples 1500...
Done!
Current mass: 0.7077084474859652
Sampling 1500 test points
Done! Sampled 1500 test points
Computed internal score: 0.6883644165880155
Computed leaf score: 0.6883644165880155
Sampling 1500 points
Done! Sampled 1500 points
Generating internal node with number of samples 1500...
Done!
Generating leaf with number of samples 1500...
Done!
Current mass: 0.1425830625664481
Sampling 1500 test points
Done! Sampled 1500 test points
Computed internal score: 0.11511205917864577
Computed leaf score: 0.11511205917864577
Current gain: 0.0
Current score: 0.9169519327542168
Current size: 15
Internal node index: 24
Sampling 1500 points
Done! Sampled 1500 points
Generating internal node with number of samples 1500...
Done!
Generating leaf with number of samples 1500...
Done!
Current mass: 0.03913006621661109
Sampling 1500 test points
Done! Sampled 1500 test points
Computed internal score: 0.032243174562487535
Computed leaf score: 0.032243174562487535
Sampling 1500 points
Done! Sampled 1500 points
Generating internal node with number of samples 1500...
Done!
Generating leaf with number of samples 1500...
Done!
Current mass: 0.017829134003921093
Sampling 1500 test points
Done! Sampled 1500 test points
Computed internal score: 0.01473875077657477
Computed leaf score: 0.009817909791492548
Current gain: 0.0
Current score: 0.9169519327542168
Current size: 17
Internal node index: 50
Sampling 1500 points
Done! Sampled 1500 points
Generating internal node with number of samples 1500...
Done!
Generating leaf with number of samples 1500...
Done!
Current mass: 0.009937873370358641
Sampling 1500 test points
Done! Sampled 1500 test points
Computed internal score: 0.008096054172385507
Computed leaf score: 0.008096054172385507
Sampling 1500 points
Done! Sampled 1500 points
Generating internal node with number of samples 1500...
Done!
Generating leaf with number of samples 1500...
Done!
Current mass: 0.007891260633562451
Sampling 1500 test points
Done! Sampled 1500 test points
Computed internal score: 0.0066812673364162085
Computed leaf score: 0.00667074565557146
Current gain: 0.004920840985082222
Current score: 0.9218727737392991
Current size: 19
Internal node index: 102
Sampling 1500 points
Done! Sampled 1500 points
Generating internal node with number of samples 1500...
Done!
Generating leaf with number of samples 1500...
Done!
Current mass: 0.006735844384059276
Sampling 1500 test points
Done! Sampled 1500 test points
Computed internal score: 0.006102675011957704
Computed leaf score: 0.006102675011957704
Sampling 1500 points
Done! Sampled 1500 points
Generating internal node with number of samples 1500...
Done!
Generating leaf with number of samples 1500...
Done!
Current mass: 0.001155416249503175
Sampling 1500 test points
Done! Sampled 1500 test points
Computed internal score: 0.0007833722171631528
Computed leaf score: 0.0006208436647330394
Current gain: 1.052168084474895e-05
Current score: 0.9218832954201438
Current size: 21
Internal node index: 206
Sampling 1500 points
Done! Sampled 1500 points
Generating internal node with number of samples 1500...
Done!
Generating leaf with number of samples 1500...
Done!
Current mass: 0.0005224888500904205
Sampling 1500 test points
Done! Sampled 1500 test points
Computed internal score: 0.00037758527566534385
Computed leaf score: 0.00037758527566534385
Sampling 1500 points
Done! Sampled 1500 points
Generating internal node with number of samples 1500...
Done!
Generating leaf with number of samples 1500...
Done!
Current mass: 0.0006329273994127546
Sampling 1500 test points
Done! Sampled 1500 test points
Computed internal score: 0.00044093942159088574
Computed leaf score: 0.00041604427721398404
Current gain: 0.00016252855243011337
Current score: 0.922045823972574
Current size: 23
Internal node index: 414
Sampling 1500 points
Done! Sampled 1500 points
Generating internal node with number of samples 1500...
Done!
Generating leaf with number of samples 1500...
Done!
Current mass: 0.0004436292950729774
Sampling 1500 test points
Done! Sampled 1500 test points
Computed internal score: 0.00033893278143575477
Computed leaf score: 0.00033893278143575477
Sampling 1500 points
Done! Sampled 1500 points
Generating internal node with number of samples 1500...
Done!
Generating leaf with number of samples 1500...
Done!
Current mass: 0.00018929810433977701
Sampling 1500 test points
Done! Sampled 1500 test points
Computed internal score: 0.00011395745881254576
Computed leaf score: 0.00011067629167065629
Current gain: 2.4895144376901694e-05
Current score: 0.9220707191169508
Current size: 25
Internal node index: 830
Sampling 1500 points
Done! Sampled 1500 points
Generating internal node with number of samples 1500...
Done!
Generating leaf with number of samples 1500...
Done!
Current mass: 0.00011588598999998177
Sampling 1500 test points
Done! Sampled 1500 test points
Computed internal score: 8.057939171332066e-05
Computed leaf score: 5.585704717999121e-05
Sampling 1500 points
Done! Sampled 1500 points
Generating internal node with number of samples 1500...
Done!
Generating leaf with number of samples 1500...
Done!
Current mass: 7.341211433979528e-05
Sampling 1500 test points
Done! Sampled 1500 test points
Computed internal score: 5.84849844240369e-05
Computed leaf score: 5.84849844240369e-05
Current gain: 3.2811671418894652e-06
Current score: 0.9220740002840927
Current size: 27
Internal node index: 1661
Sampling 1500 points
Done! Sampled 1500 points
Generating internal node with number of samples 1500...
Done!
Generating leaf with number of samples 1500...
Done!
Current mass: 4.817956908187432e-05
Sampling 1500 test points
Done! Sampled 1500 test points
Computed internal score: 3.372569835731202e-05
Computed leaf score: 3.372569835731202e-05
Sampling 1500 points
Done! Sampled 1500 points
Generating internal node with number of samples 1500...
Done!
Generating leaf with number of samples 1500...
Done!
Current mass: 6.770642091810744e-05
Sampling 1500 test points
Done! Sampled 1500 test points
Computed internal score: 4.6717430433494125e-05
Computed leaf score: 4.3196696545752545e-05
Current gain: 2.4722344533329456e-05
Current score: 0.922098722628626
Current size: 29
Internal node index: 3324
Sampling 1500 points
Done! Sampled 1500 points
Generating internal node with number of samples 1500...
Done!
Generating leaf with number of samples 1500...
Done!
Current mass: 3.908785965783451e-05
Sampling 1500 test points
Done! Sampled 1500 test points
Computed internal score: 3.153087345731984e-05
Computed leaf score: 3.153087345731984e-05
Sampling 1500 points
Done! Sampled 1500 points
Generating internal node with number of samples 1500...
Done!
Generating leaf with number of samples 1500...
Done!
Current mass: 2.8618561260272924e-05
Sampling 1500 test points
Done! Sampled 1500 test points
Computed internal score: 1.7896140308090666e-05
Computed leaf score: 1.5396785958026834e-05
Current gain: 3.5207338877415797e-06
Current score: 0.9221022433625138
Current size: 31
Internal node index: 6650
Sampling 1500 points
Done! Sampled 1500 points
Generating internal node with number of samples 1500...
Done!
Generating leaf with number of samples 1500...
Done!
Current mass: 1.3834644613266885e-05
Sampling 1500 test points
Done! Sampled 1500 test points
Computed internal score: 9.379889047794948e-06
Computed leaf score: 8.743495395584671e-06
Sampling 1500 points
Done! Sampled 1500 points
Generating internal node with number of samples 1500...
Done!
Generating leaf with number of samples 1500...
Done!
Current mass: 1.4783916647006042e-05
Sampling 1500 test points
Done! Sampled 1500 test points
Computed internal score: 9.934791986788061e-06
Computed leaf score: 9.934791986788061e-06
Current gain: 2.4993543500638324e-06
Current score: 0.9221047427168638
Current size: 33
Reached maximum size, ending!
Leaf node index: 13301
Leaf node index: 49
Leaf node index: 205
Leaf node index: 4
Leaf node index: 101
Leaf node index: 30
Leaf node index: 413
Leaf node index: 1662
Leaf node index: 3
Leaf node index: 29
Leaf node index: 829
Leaf node index: 13
Leaf node index: 3323
Leaf node index: 13302
Leaf node index: 6649
Leaf node index: 23
Leaf node index: 12
Decision tree:
(x[23] <= 1983.2632446289062
    (x[23] <= 1622.1444702148438
        0
        0)
    (x[22] <= 214.552978515625
        (x[31] <= 2.0041218996047974
            (x[13] <= 96.58340072631836
                1
                (x[2] <= 149.3086166381836
                    0
                    (x[23] <= 2700.740234375
                        0
                        (x[13] <= 225.86781311035156
                            1
                            (x[23] <= 2830.2957763671875
                                0
                                (x[13] <= 254.80912017822266
                                    1
                                    (x[13] <= 273.0266418457031
                                        (x[3] <= 1727.0952758789062
                                            0
                                            (x[21] <= 34.51873779296875
                                                1
                                                (x[1] <= 26.487635612487793
                                                    1
                                                    0)))
                                        0)))))))
            1)
        (x[3] <= 2358.7308349609375
            1
            (x[13] <= 138.06571197509766
                1
                0))))
Node count: 33
DTExtract Relative training score: 0.957627118644
DTExtract Relative CV score: 0.95
DTExtract Relative test score: 1.0
DTExtract Training score: 0.78813559322
DTExtract CV score: 0.766666666667
DTExtract Test score: 0.7
Training greedy decision tree, best of: 1
Done!
Node count: 33
GreedyTree Training score: 1.0
GreedyTree CV score: 0.6666666666666666
GreedyTree Test score: 0.55
MLP Training score: 0.7796610169491526
MLP CV score: 0.7833333333333333
MLP Test score: 0.7
Random Forest Training score: 1.0
Random Forest CV score: 0.7666666666666667
Random Forest Test score: 0.75
Parsing CSV...
Reading file: ../tmp/breast_cancer_prog.data
Done!
Rows read: 198
Columns: 33
Column names:
0: 0
1: 1
2: 2
3: 3
4: 4
5: 5
6: 6
7: 7
8: 8
9: 9
10: 10
11: 11
12: 12
13: 13
14: 14
15: 15
16: 16
17: 17
18: 18
19: 19
20: 20
21: 21
22: 22
23: 23
24: 24
25: 25
26: 26
27: 27
28: 28
29: 29
30: 30
31: 31
32: 32

Done!
Splitting into training and test...
Done!
Constructing data matrices...
Done!
Training random forest...
Done!
Fitting Gaussian mixture with 20 components...
Done!
Sampling 1500 points
Done! Sampled 1500 points
Generating internal node with number of samples 1500...
Done!
Generating leaf with number of samples 1500...
Done!
Current mass: 1.0000000000000002
Sampling 1500 test points
Done! Sampled 1500 test points
Computed internal score: 0.8533333333333336
Computed leaf score: 0.8353333333333336
Internal node index: 0
Sampling 1500 points
Done! Sampled 1500 points
Generating internal node with number of samples 1500...
Done!
Generating leaf with number of samples 1500...
Done!
Current mass: 0.8570208231563269
Sampling 1500 test points
Done! Sampled 1500 test points
Computed internal score: 0.7787462546413824
Computed leaf score: 0.7787462546413824
Sampling 1500 points
Done! Sampled 1500 points
Generating internal node with number of samples 1500...
Done!
Generating leaf with number of samples 1500...
Done!
Current mass: 0.14297917684367326
Sampling 1500 test points
Done! Sampled 1500 test points
Computed internal score: 0.09665392354632313
Computed leaf score: 0.0787338667152494
Current gain: 0.018000000000000016
Current score: 0.8533333333333336
Current size: 3
Internal node index: 2
Sampling 1500 points
Done! Sampled 1500 points
Generating internal node with number of samples 1500...
Done!
Generating leaf with number of samples 1500...
Done!
Current mass: 0.1189387521188123
Sampling 1500 test points
Done! Sampled 1500 test points
Computed internal score: 0.07524858384050193
Computed leaf score: 0.07128395876987484
Sampling 1500 points
Done! Sampled 1500 points
Generating internal node with number of samples 1500...
Done!
Generating leaf with number of samples 1500...
Done!
Current mass: 0.024040424724860957
Sampling 1500 test points
Done! Sampled 1500 test points
Computed internal score: 0.02146008580439255
Computed leaf score: 0.02146008580439255
Current gain: 0.017920056831073727
Current score: 0.8712533901644073
Current size: 5
Internal node index: 5
Sampling 1500 points
Done! Sampled 1500 points
Generating internal node with number of samples 1500...
Done!
Generating leaf with number of samples 1500...
Done!
Current mass: 0.08848471526139827
Sampling 1500 test points
Done! Sampled 1500 test points
Computed internal score: 0.06064152485914495
Computed leaf score: 0.04730982775976094
Sampling 1500 points
Done! Sampled 1500 points
Generating internal node with number of samples 1500...
Done!
Generating leaf with number of samples 1500...
Done!
Current mass: 0.03045403685741402
Sampling 1500 test points
Done! Sampled 1500 test points
Computed internal score: 0.029520113060453324
Computed leaf score: 0.029520113060453324
Current gain: 0.003964625070627087
Current score: 0.8752180152350344
Current size: 7
Internal node index: 11
Sampling 1500 points
Done! Sampled 1500 points
Generating internal node with number of samples 1500...
Done!
Generating leaf with number of samples 1500...
Done!
Current mass: 0.049524852047160436
Sampling 1500 test points
Done! Sampled 1500 test points
Computed internal score: 0.034601363296949426
Computed leaf score: 0.034601363296949426
Sampling 1500 points
Done! Sampled 1500 points
Generating internal node with number of samples 1500...
Done!
Generating leaf with number of samples 1500...
Done!
Current mass: 0.03895986321423785
Sampling 1500 test points
Done! Sampled 1500 test points
Computed internal score: 0.02870043256782188
Computed leaf score: 0.027142038039252366
Current gain: 0.013331697099384011
Current score: 0.8885497123344184
Current size: 9
Internal node index: 24
Sampling 1500 points
Done! Sampled 1500 points
Generating internal node with number of samples 1500...
Done!
Generating leaf with number of samples 1500...
Done!
Current mass: 0.027759396447013796
Sampling 1500 test points
Done! Sampled 1500 test points
Computed internal score: 0.022133492100419
Computed leaf score: 0.022374073536293122
Sampling 1500 points
Done! Sampled 1500 points
Generating internal node with number of samples 1500...
Done!
Generating leaf with number of samples 1500...
Done!
Current mass: 0.011200466767224044
Sampling 1500 test points
Done! Sampled 1500 test points
Computed internal score: 0.007354973177143788
Computed leaf score: 0.005682370139904998
Current gain: 0.0015583945285695157
Current score: 0.8901081068629879
Current size: 11
Internal node index: 50
Sampling 1500 points
Done! Sampled 1500 points
Generating internal node with number of samples 1500...
Done!
Generating leaf with number of samples 1500...
Done!
Current mass: 0.006617472271787081
Sampling 1500 test points
Done! Sampled 1500 test points
Computed internal score: 0.004341061810292325
Computed leaf score: 0.004341061810292325
Sampling 1500 points
Done! Sampled 1500 points
Generating internal node with number of samples 1500...
Done!
Generating leaf with number of samples 1500...
Done!
Current mass: 0.00458299449543696
Sampling 1500 test points
Done! Sampled 1500 test points
Computed internal score: 0.0033975265859505993
Computed leaf score: 0.0030431083449701415
Current gain: 0.0016726030372387901
Current score: 0.8917807099002267
Current size: 13
Internal node index: 102
Sampling 1500 points
Done! Sampled 1500 points
Generating internal node with number of samples 1500...
Done!
Generating leaf with number of samples 1500...
Done!
Current mass: 0.0010430109229638634
Sampling 1500 test points
Done! Sampled 1500 test points
Computed internal score: 0.0007676560393014034
Computed leaf score: 0.0007676560393014034
Sampling 1500 points
Done! Sampled 1500 points
Generating internal node with number of samples 1500...
Done!
Generating leaf with number of samples 1500...
Done!
Current mass: 0.0035399835724730967
Sampling 1500 test points
Done! Sampled 1500 test points
Computed internal score: 0.0026030679202918836
Computed leaf score: 0.0026030679202918836
Current gain: 0.0003544182409804578
Current score: 0.8921351281412072
Current size: 15
Internal node index: 6
Sampling 1500 points
Done! Sampled 1500 points
Generating internal node with number of samples 1500...
Done!
Generating leaf with number of samples 1500...
Done!
Current mass: 0.007400912667997354
Sampling 1500 test points
Done! Sampled 1500 test points
Computed internal score: 0.006167427223331129
Computed leaf score: 0.005447071723646053
Sampling 1500 points
Done! Sampled 1500 points
Generating internal node with number of samples 1500...
Done!
Generating leaf with number of samples 1500...
Done!
Current mass: 0.0166395120568636
Sampling 1500 test points
Done! Sampled 1500 test points
Computed internal score: 0.015740978405792964
Computed leaf score: 0.015740978405792964
Current gain: 0.0
Current score: 0.8921351281412072
Current size: 17
Internal node index: 13
Sampling 1500 points
Done! Sampled 1500 points
Generating internal node with number of samples 1500...
Done!
Generating leaf with number of samples 1500...
Done!
Current mass: 0.006478936864167993
Sampling 1500 test points
Done! Sampled 1500 test points
Computed internal score: 0.005239300277490516
Computed leaf score: 0.005239300277490516
Sampling 1500 points
Done! Sampled 1500 points
Generating internal node with number of samples 1500...
Done!
Generating leaf with number of samples 1500...
Done!
Current mass: 0.0009219758038293633
Sampling 1500 test points
Done! Sampled 1500 test points
Computed internal score: 0.0007701571214654615
Computed leaf score: 0.0007498736537812155
Current gain: 0.0007203554996850761
Current score: 0.8928554836408923
Current size: 19
Internal node index: 28
Sampling 1500 points
Done! Sampled 1500 points
Generating internal node with number of samples 1500...
Done!
Generating leaf with number of samples 1500...
Done!
Current mass: 0.00015561011286190378
Sampling 1500 test points
Done! Sampled 1500 test points
Computed internal score: 0.0001064373171975422
Computed leaf score: 8.963142500845657e-05
Sampling 1500 points
Done! Sampled 1500 points
Generating internal node with number of samples 1500...
Done!
Generating leaf with number of samples 1500...
Done!
Current mass: 0.0007663656909674595
Sampling 1500 test points
Done! Sampled 1500 test points
Computed internal score: 0.0006738908975907194
Computed leaf score: 0.0006902400323313586
Current gain: 2.0283467684245994e-05
Current score: 0.8928757671085765
Current size: 21
Internal node index: 57
Sampling 1500 points
Done! Sampled 1500 points
Generating internal node with number of samples 1500...
Done!
Generating leaf with number of samples 1500...
Done!
Current mass: 9.989408585123057e-05
Sampling 1500 test points
Done! Sampled 1500 test points
Computed internal score: 7.478737227395462e-05
Computed leaf score: 6.99258600958614e-05
Sampling 1500 points
Done! Sampled 1500 points
Generating internal node with number of samples 1500...
Done!
Generating leaf with number of samples 1500...
Done!
Current mass: 5.571602701067323e-05
Sampling 1500 test points
Done! Sampled 1500 test points
Computed internal score: 4.4349957500495895e-05
Computed leaf score: 3.614112952092337e-05
Current gain: 1.680589218908563e-05
Current score: 0.8928925730007656
Current size: 23
Internal node index: 116
Sampling 1500 points
Done! Sampled 1500 points
Generating internal node with number of samples 1500...
Done!
Generating leaf with number of samples 1500...
Done!
Current mass: 1.1703283988344354e-05
Sampling 1500 test points
Done! Sampled 1500 test points
Computed internal score: 9.456253462582239e-06
Computed leaf score: 9.456253462582239e-06
Sampling 1500 points
Done! Sampled 1500 points
Generating internal node with number of samples 1500...
Done!
Generating leaf with number of samples 1500...
Done!
Current mass: 4.401274302232887e-05
Sampling 1500 test points
Done! Sampled 1500 test points
Computed internal score: 3.29802154380651e-05
Computed leaf score: 3.29802154380651e-05
Current gain: 8.208827979572525e-06
Current score: 0.8929007818287452
Current size: 25
Internal node index: 115
Sampling 1500 points
Done! Sampled 1500 points
Generating internal node with number of samples 1500...
Done!
Generating leaf with number of samples 1500...
Done!
Current mass: 6.728252589326525e-05
Sampling 1500 test points
Done! Sampled 1500 test points
Computed internal score: 5.57547864568858e-05
Computed leaf score: 5.57547864568858e-05
Sampling 1500 points
Done! Sampled 1500 points
Generating internal node with number of samples 1500...
Done!
Generating leaf with number of samples 1500...
Done!
Current mass: 3.261155995796531e-05
Sampling 1500 test points
Done! Sampled 1500 test points
Computed internal score: 2.2915056130463623e-05
Computed leaf score: 1.8023322136768825e-05
Current gain: 4.861512178093224e-06
Current score: 0.8929056433409233
Current size: 27
Internal node index: 232
Sampling 1500 points
Done! Sampled 1500 points
Generating internal node with number of samples 1500...
Done!
Generating leaf with number of samples 1500...
Done!
Current mass: 2.1687681907692416e-05
Sampling 1500 test points
Done! Sampled 1500 test points
Computed internal score: 1.5239211153805205e-05
Computed leaf score: 1.5557297155118027e-05
Sampling 1500 points
Done! Sampled 1500 points
Generating internal node with number of samples 1500...
Done!
Generating leaf with number of samples 1500...
Done!
Current mass: 1.0923878050272893e-05
Sampling 1500 test points
Done! Sampled 1500 test points
Computed internal score: 8.236604049905761e-06
Computed leaf score: 8.003561318166606e-06
Current gain: 4.8917339936947975e-06
Current score: 0.8929105350749169
Current size: 29
Internal node index: 466
Sampling 1500 points
Done! Sampled 1500 points
Generating internal node with number of samples 1500...
Done!
Generating leaf with number of samples 1500...
Done!
Current mass: 7.1701609518281194e-06
Sampling 1500 test points
Done! Sampled 1500 test points
Computed internal score: 6.027715306836839e-06
Computed leaf score: 6.027715306836839e-06
Sampling 1500 points
Done! Sampled 1500 points
Generating internal node with number of samples 1500...
Done!
Generating leaf with number of samples 1500...
Done!
Current mass: 3.7537170984447738e-06
Sampling 1500 test points
Done! Sampled 1500 test points
Computed internal score: 2.555030105008076e-06
Computed leaf score: 1.9519328911912824e-06
Current gain: 2.3304273173915508e-07
Current score: 0.8929107681176487
Current size: 31
Internal node index: 934
Sampling 1500 points
Done! Sampled 1500 points
Generating internal node with number of samples 1500...
Done!
Generating leaf with number of samples 1500...
Done!
Current mass: 1.9213682112683103e-06
Sampling 1500 test points
Done! Sampled 1500 test points
Computed internal score: 1.3180585929300609e-06
Computed leaf score: 1.2194283580849543e-06
Sampling 1500 points
Done! Sampled 1500 points
Generating internal node with number of samples 1500...
Done!
Generating leaf with number of samples 1500...
Done!
Current mass: 1.8323488871764637e-06
Sampling 1500 test points
Done! Sampled 1500 test points
Computed internal score: 1.292416748421799e-06
Computed leaf score: 1.2716501277004656e-06
Current gain: 6.030972138167936e-07
Current score: 0.8929113712148625
Current size: 33
Reached maximum size, ending!
Leaf node index: 1869
Leaf node index: 1870
Leaf node index: 1
Leaf node index: 231
Leaf node index: 27
Leaf node index: 12
Leaf node index: 233
Leaf node index: 101
Leaf node index: 933
Leaf node index: 14
Leaf node index: 205
Leaf node index: 206
Leaf node index: 234
Leaf node index: 23
Leaf node index: 465
Leaf node index: 58
Leaf node index: 49
Decision tree:
(x[23] <= 2004.2850952148438
    0
    (x[21] <= 36.01456069946289
        (x[23] <= 2633.6605224609375
            (x[31] <= 4.298454284667969
                0
                (x[21] <= 31.430651664733887
                    1
                    (x[31] <= 9.491433143615723
                        0
                        (x[3] <= 1208.5253295898438
                            0
                            1))))
            1)
        (x[21] <= 38.456298828125
            (x[23] <= 2740.6795654296875
                0
                (x[3] <= 1677.350341796875
                    (x[1] <= 27.081501007080078
                        (x[3] <= 1663.51953125
                            0
                            (x[23] <= 2931.59423828125
                                1
                                (x[31] <= 3.102991819381714
                                    0
                                    (x[1] <= 25.416526794433594
                                        0
                                        1))))
                        (x[3] <= 1541.3577270507812
                            0
                            1))
                    1))
            0)))
Node count: 33
DTExtract Relative training score: 0.932203389831
DTExtract Relative CV score: 0.916666666667
DTExtract Relative test score: 0.9
DTExtract Training score: 0.78813559322
DTExtract CV score: 0.75
DTExtract Test score: 0.85
Training greedy decision tree, best of: 1
Done!
Node count: 33
GreedyTree Training score: 0.9830508474576272
GreedyTree CV score: 0.7
GreedyTree Test score: 0.75
MLP Training score: 0.8050847457627118
MLP CV score: 0.7333333333333333
MLP Test score: 0.75
Random Forest Training score: 1.0
Random Forest CV score: 0.7166666666666667
Random Forest Test score: 0.85
Parsing CSV...
Reading file: ../tmp/breast_cancer_prog.data
Done!
Rows read: 198
Columns: 33
Column names:
0: 0
1: 1
2: 2
3: 3
4: 4
5: 5
6: 6
7: 7
8: 8
9: 9
10: 10
11: 11
12: 12
13: 13
14: 14
15: 15
16: 16
17: 17
18: 18
19: 19
20: 20
21: 21
22: 22
23: 23
24: 24
25: 25
26: 26
27: 27
28: 28
29: 29
30: 30
31: 31
32: 32

Done!
Splitting into training and test...
Done!
Constructing data matrices...
Done!
Training random forest...
Done!
Fitting Gaussian mixture with 20 components...
Done!
Sampling 1500 points
Done! Sampled 1500 points
Generating internal node with number of samples 1500...
Done!
Invalid internal node, node count: 1
Generating leaf with number of samples 1500...
Done!
Current mass: 1.0000000000000004
Sampling 1500 test points
Done! Sampled 1500 test points
Computed internal score: 1.0000000000000004
Computed leaf score: 1.0000000000000004
Internal node index: 0
No internal data!
Internal node index: 0
No internal data!
No internal nodes remaining, ending!
Leaf node index: 0
Decision tree:
0
Node count: 1
DTExtract Relative training score: 1.0
DTExtract Relative CV score: 1.0
DTExtract Relative test score: 1.0
DTExtract Training score: 0.78813559322
DTExtract CV score: 0.783333333333
DTExtract Test score: 0.55
Training greedy decision tree, best of: 1
Done!
Node count: 33
GreedyTree Training score: 0.9830508474576272
GreedyTree CV score: 0.7833333333333333
GreedyTree Test score: 0.6
MLP Training score: 0.788135593220339
MLP CV score: 0.7833333333333333
MLP Test score: 0.55
Random Forest Training score: 1.0
Random Forest CV score: 0.8
Random Forest Test score: 0.55
Parsing CSV...
Reading file: ../tmp/breast_cancer_prog.data
Done!
Rows read: 198
Columns: 33
Column names:
0: 0
1: 1
2: 2
3: 3
4: 4
5: 5
6: 6
7: 7
8: 8
9: 9
10: 10
11: 11
12: 12
13: 13
14: 14
15: 15
16: 16
17: 17
18: 18
19: 19
20: 20
21: 21
22: 22
23: 23
24: 24
25: 25
26: 26
27: 27
28: 28
29: 29
30: 30
31: 31
32: 32

Done!
Splitting into training and test...
Done!
Constructing data matrices...
Done!
Training random forest...
Done!
Fitting Gaussian mixture with 20 components...
Done!
Sampling 1500 points
Done! Sampled 1500 points
Generating internal node with number of samples 1500...
Done!
Invalid internal node, node count: 1
Generating leaf with number of samples 1500...
Done!
Current mass: 1.0
Sampling 1500 test points
Done! Sampled 1500 test points
Computed internal score: 1.0
Computed leaf score: 1.0
Internal node index: 0
No internal data!
Internal node index: 0
No internal data!
No internal nodes remaining, ending!
Leaf node index: 0
Decision tree:
0
Node count: 1
DTExtract Relative training score: 1.0
DTExtract Relative CV score: 1.0
DTExtract Relative test score: 1.0
DTExtract Training score: 0.762711864407
DTExtract CV score: 0.766666666667
DTExtract Test score: 0.75
Training greedy decision tree, best of: 1
Done!
Node count: 33
GreedyTree Training score: 0.9915254237288136
GreedyTree CV score: 0.6666666666666666
GreedyTree Test score: 0.5
MLP Training score: 0.7627118644067796
MLP CV score: 0.7666666666666667
MLP Test score: 0.75
Random Forest Training score: 1.0
Random Forest CV score: 0.8
Random Forest Test score: 0.85
Parsing CSV...
Reading file: ../tmp/breast_cancer_prog.data
Done!
Rows read: 198
Columns: 33
Column names:
0: 0
1: 1
2: 2
3: 3
4: 4
5: 5
6: 6
7: 7
8: 8
9: 9
10: 10
11: 11
12: 12
13: 13
14: 14
15: 15
16: 16
17: 17
18: 18
19: 19
20: 20
21: 21
22: 22
23: 23
24: 24
25: 25
26: 26
27: 27
28: 28
29: 29
30: 30
31: 31
32: 32

Done!
Splitting into training and test...
Done!
Constructing data matrices...
Done!
Training random forest...
Done!
Fitting Gaussian mixture with 20 components...
Done!
Sampling 1500 points
Done! Sampled 1500 points
Generating internal node with number of samples 1500...
Done!
Invalid internal node, node count: 1
Generating leaf with number of samples 1500...
Done!
Current mass: 1.0000000000000002
Sampling 1500 test points
Done! Sampled 1500 test points
Computed internal score: 1.0000000000000002
Computed leaf score: 1.0000000000000002
Internal node index: 0
No internal data!
Internal node index: 0
No internal data!
No internal nodes remaining, ending!
Leaf node index: 0
Decision tree:
0
Node count: 1
DTExtract Relative training score: 1.0
DTExtract Relative CV score: 1.0
DTExtract Relative test score: 1.0
DTExtract Training score: 0.762711864407
DTExtract CV score: 0.733333333333
DTExtract Test score: 0.85
Training greedy decision tree, best of: 1
Done!
Node count: 33
GreedyTree Training score: 0.9915254237288136
GreedyTree CV score: 0.65
GreedyTree Test score: 0.65
MLP Training score: 0.7627118644067796
MLP CV score: 0.7333333333333333
MLP Test score: 0.85
Random Forest Training score: 1.0
Random Forest CV score: 0.7333333333333333
Random Forest Test score: 0.85
Parsing CSV...
Reading file: ../tmp/breast_cancer_prog.data
Done!
Rows read: 198
Columns: 33
Column names:
0: 0
1: 1
2: 2
3: 3
4: 4
5: 5
6: 6
7: 7
8: 8
9: 9
10: 10
11: 11
12: 12
13: 13
14: 14
15: 15
16: 16
17: 17
18: 18
19: 19
20: 20
21: 21
22: 22
23: 23
24: 24
25: 25
26: 26
27: 27
28: 28
29: 29
30: 30
31: 31
32: 32

Done!
Splitting into training and test...
Done!
Constructing data matrices...
Done!
Training random forest...
Done!
Fitting Gaussian mixture with 20 components...
Done!
Sampling 1500 points
Done! Sampled 1500 points
Generating internal node with number of samples 1500...
Done!
Invalid internal node, node count: 1
Generating leaf with number of samples 1500...
Done!
Current mass: 1.0000000000000002
Sampling 1500 test points
Done! Sampled 1500 test points
Computed internal score: 1.0000000000000002
Computed leaf score: 1.0000000000000002
Internal node index: 0
No internal data!
Internal node index: 0
No internal data!
No internal nodes remaining, ending!
Leaf node index: 0
Decision tree:
0
Node count: 1
DTExtract Relative training score: 1.0
DTExtract Relative CV score: 1.0
DTExtract Relative test score: 1.0
DTExtract Training score: 0.805084745763
DTExtract CV score: 0.683333333333
DTExtract Test score: 0.75
Training greedy decision tree, best of: 1
Done!
Node count: 33
GreedyTree Training score: 0.9830508474576272
GreedyTree CV score: 0.6666666666666666
GreedyTree Test score: 0.5
MLP Training score: 0.8050847457627118
MLP CV score: 0.6833333333333333
MLP Test score: 0.75
Random Forest Training score: 1.0
Random Forest CV score: 0.6833333333333333
Random Forest Test score: 0.75
Parsing CSV...
Reading file: ../tmp/breast_cancer_prog.data
Done!
Rows read: 198
Columns: 33
Column names:
0: 0
1: 1
2: 2
3: 3
4: 4
5: 5
6: 6
7: 7
8: 8
9: 9
10: 10
11: 11
12: 12
13: 13
14: 14
15: 15
16: 16
17: 17
18: 18
19: 19
20: 20
21: 21
22: 22
23: 23
24: 24
25: 25
26: 26
27: 27
28: 28
29: 29
30: 30
31: 31
32: 32

Done!
Splitting into training and test...
Done!
Constructing data matrices...
Done!
Training random forest...
Done!
Fitting Gaussian mixture with 20 components...
Done!
Sampling 1500 points
Done! Sampled 1500 points
Generating internal node with number of samples 1500...
Done!
Invalid internal node, node count: 1
Generating leaf with number of samples 1500...
Done!
Current mass: 1.0000000000000002
Sampling 1500 test points
Done! Sampled 1500 test points
Computed internal score: 1.0000000000000002
Computed leaf score: 1.0000000000000002
Internal node index: 0
No internal data!
Internal node index: 0
No internal data!
No internal nodes remaining, ending!
Leaf node index: 0
Decision tree:
0
Node count: 1
DTExtract Relative training score: 1.0
DTExtract Relative CV score: 1.0
DTExtract Relative test score: 1.0
DTExtract Training score: 0.745762711864
DTExtract CV score: 0.766666666667
DTExtract Test score: 0.85
Training greedy decision tree, best of: 1
Done!
Node count: 33
GreedyTree Training score: 0.9915254237288136
GreedyTree CV score: 0.6333333333333333
GreedyTree Test score: 0.65
MLP Training score: 0.7457627118644068
MLP CV score: 0.7666666666666667
MLP Test score: 0.85
Random Forest Training score: 1.0
Random Forest CV score: 0.7666666666666667
Random Forest Test score: 0.85
Parsing CSV...
Reading file: ../tmp/breast_cancer_prog.data
Done!
Rows read: 198
Columns: 33
Column names:
0: 0
1: 1
2: 2
3: 3
4: 4
5: 5
6: 6
7: 7
8: 8
9: 9
10: 10
11: 11
12: 12
13: 13
14: 14
15: 15
16: 16
17: 17
18: 18
19: 19
20: 20
21: 21
22: 22
23: 23
24: 24
25: 25
26: 26
27: 27
28: 28
29: 29
30: 30
31: 31
32: 32

Done!
Splitting into training and test...
Done!
Constructing data matrices...
Done!
Training random forest...
Done!
Fitting Gaussian mixture with 20 components...
Done!
Sampling 1500 points
Done! Sampled 1500 points
Generating internal node with number of samples 1500...
Done!
Generating leaf with number of samples 1500...
Done!
Current mass: 1.0000000000000004
Sampling 1500 test points
Done! Sampled 1500 test points
Computed internal score: 0.9233333333333338
Computed leaf score: 0.9233333333333338
Internal node index: 0
Sampling 1500 points
Done! Sampled 1500 points
Generating internal node with number of samples 1500...
Done!
Generating leaf with number of samples 1500...
Done!
Current mass: 0.9353923862755401
Sampling 1500 test points
Done! Sampled 1500 test points
Computed internal score: 0.8973530959003349
Computed leaf score: 0.8973530959003349
Sampling 1500 points
Done! Sampled 1500 points
Generating internal node with number of samples 1500...
Done!
Generating leaf with number of samples 1500...
Done!
Current mass: 0.0646076137244602
Sampling 1500 test points
Done! Sampled 1500 test points
Computed internal score: 0.048283423323413246
Computed leaf score: 0.036137191943214735
Current gain: 0.0
Current score: 0.9233333333333338
Current size: 3
Internal node index: 2
Sampling 1500 points
Done! Sampled 1500 points
Generating internal node with number of samples 1500...
Done!
Generating leaf with number of samples 1500...
Done!
Current mass: 0.014595342079419612
Sampling 1500 test points
Done! Sampled 1500 test points
Computed internal score: 0.013972607484031042
Computed leaf score: 0.013972607484031042
Sampling 1500 points
Done! Sampled 1500 points
Generating internal node with number of samples 1500...
Done!
Generating leaf with number of samples 1500...
Done!
Current mass: 0.050012271645040574
Sampling 1500 test points
Done! Sampled 1500 test points
Computed internal score: 0.03664232435859973
Computed leaf score: 0.033308172915597026
Current gain: 0.012146231380198512
Current score: 0.9354795647135323
Current size: 5
Internal node index: 6
Sampling 1500 points
Done! Sampled 1500 points
Generating internal node with number of samples 1500...
Done!
Generating leaf with number of samples 1500...
Done!
Current mass: 0.008807969142587961
Sampling 1500 test points
Done! Sampled 1500 test points
Computed internal score: 0.0065824889392274025
Computed leaf score: 0.005913083284390718
Sampling 1500 points
Done! Sampled 1500 points
Generating internal node with number of samples 1500...
Done!
Generating leaf with number of samples 1500...
Done!
Current mass: 0.04120430250245261
Sampling 1500 test points
Done! Sampled 1500 test points
Computed internal score: 0.034007284332024226
Computed leaf score: 0.03186466060189669
Current gain: 0.0033341514430027044
Current score: 0.9388137161565351
Current size: 7
Internal node index: 14
Sampling 1500 points
Done! Sampled 1500 points
Generating internal node with number of samples 1500...
Done!
Generating leaf with number of samples 1500...
Done!
Current mass: 0.003777098115739766
Sampling 1500 test points
Done! Sampled 1500 test points
Computed internal score: 0.0029637629881504694
Computed leaf score: 0.0029637629881504694
Sampling 1500 points
Done! Sampled 1500 points
Generating internal node with number of samples 1500...
Done!
Generating leaf with number of samples 1500...
Done!
Current mass: 0.03742720438671285
Sampling 1500 test points
Done! Sampled 1500 test points
Computed internal score: 0.03054059877955768
Computed leaf score: 0.03054059877955768
Current gain: 0.002142623730127538
Current score: 0.9409563398866626
Current size: 9
Internal node index: 13
Sampling 1500 points
Done! Sampled 1500 points
Generating internal node with number of samples 1500...
Done!
Generating leaf with number of samples 1500...
Done!
Current mass: 0.003610730443213341
Sampling 1500 test points
Done! Sampled 1500 test points
Computed internal score: 0.0023638248634903335
Computed leaf score: 0.001997937511911382
Sampling 1500 points
Done! Sampled 1500 points
Generating internal node with number of samples 1500...
Done!
Generating leaf with number of samples 1500...
Done!
Current mass: 0.005197238699374619
Sampling 1500 test points
Done! Sampled 1500 test points
Computed internal score: 0.004434977023466341
Computed leaf score: 0.004434977023466341
Current gain: 0.0006694056548366845
Current score: 0.9416257455414992
Current size: 11
Internal node index: 27
Sampling 1500 points
Done! Sampled 1500 points
Generating internal node with number of samples 1500...
Done!
Generating leaf with number of samples 1500...
Done!
Current mass: 0.0005750600121071297
Sampling 1500 test points
Done! Sampled 1500 test points
Computed internal score: 0.0004481634361021564
Computed leaf score: 0.0004481634361021564
Sampling 1500 points
Done! Sampled 1500 points
Generating internal node with number of samples 1500...
Done!
Generating leaf with number of samples 1500...
Done!
Current mass: 0.003035670431106211
Sampling 1500 test points
Done! Sampled 1500 test points
Computed internal score: 0.0021371119834987726
Computed leaf score: 0.0019448528561953793
Current gain: 0.00036588735157895135
Current score: 0.9419916328930782
Current size: 13
Internal node index: 56
Sampling 1500 points
Done! Sampled 1500 points
Generating internal node with number of samples 1500...
Done!
Generating leaf with number of samples 1500...
Done!
Current mass: 0.0002949833374712166
Sampling 1500 test points
Done! Sampled 1500 test points
Computed internal score: 0.00025742212583321504
Computed leaf score: 0.00025742212583321504
Sampling 1500 points
Done! Sampled 1500 points
Generating internal node with number of samples 1500...
Done!
Generating leaf with number of samples 1500...
Done!
Current mass: 0.0027406870936349946
Sampling 1500 test points
Done! Sampled 1500 test points
Computed internal score: 0.0018271247290899963
Computed leaf score: 0.0018271247290899963
Current gain: 0.00019225912730339327
Current score: 0.9421838920203816
Current size: 15
Internal node index: 29
Sampling 1500 points
Done! Sampled 1500 points
Generating internal node with number of samples 1500...
Done!
Generating leaf with number of samples 1500...
Done!
Current mass: 0.0025421774606153285
Sampling 1500 test points
Done! Sampled 1500 test points
Computed internal score: 0.0023269397689498973
Computed leaf score: 0.0023269397689498973
Sampling 1500 points
Done! Sampled 1500 points
Generating internal node with number of samples 1500...
Done!
Generating leaf with number of samples 1500...
Done!
Current mass: 0.0012349206551244374
Sampling 1500 test points
Done! Sampled 1500 test points
Computed internal score: 0.0009006687978040896
Computed leaf score: 0.000632279375423712
Current gain: 0.0
Current score: 0.9421838920203816
Current size: 17
Internal node index: 60
Sampling 1500 points
Done! Sampled 1500 points
Generating internal node with number of samples 1500...
Done!
Generating leaf with number of samples 1500...
Done!
Current mass: 0.0007461093392171852
Sampling 1500 test points
Done! Sampled 1500 test points
Computed internal score: 0.0005242661623566087
Computed leaf score: 0.0005158102565121474
Sampling 1500 points
Done! Sampled 1500 points
Generating internal node with number of samples 1500...
Done!
Generating leaf with number of samples 1500...
Done!
Current mass: 0.0004888113159072522
Sampling 1500 test points
Done! Sampled 1500 test points
Computed internal score: 0.0003675861095622537
Computed leaf score: 0.0003675861095622537
Current gain: 0.0002683894223803776
Current score: 0.9424522814427619
Current size: 19
Internal node index: 121
Sampling 1500 points
Done! Sampled 1500 points
Generating internal node with number of samples 1500...
Done!
Generating leaf with number of samples 1500...
Done!
Current mass: 0.00023611235370252955
Sampling 1500 test points
Done! Sampled 1500 test points
Computed internal score: 0.00015614896991527288
Computed leaf score: 0.00011286170506980913
Sampling 1500 points
Done! Sampled 1500 points
Generating internal node with number of samples 1500...
Done!
Generating leaf with number of samples 1500...
Done!
Current mass: 0.0005099969855146558
Sampling 1500 test points
Done! Sampled 1500 test points
Computed internal score: 0.00041513754620892975
Computed leaf score: 0.0004090175823827539
Current gain: 8.455905844461384e-06
Current score: 0.9424607373486064
Current size: 21
Internal node index: 243
Sampling 1500 points
Done! Sampled 1500 points
Generating internal node with number of samples 1500...
Done!
Generating leaf with number of samples 1500...
Done!
Current mass: 0.00011311369460359796
Sampling 1500 test points
Done! Sampled 1500 test points
Computed internal score: 7.721894884938954e-05
Computed leaf score: 7.721894884938954e-05
Sampling 1500 points
Done! Sampled 1500 points
Generating internal node with number of samples 1500...
Done!
Generating leaf with number of samples 1500...
Done!
Current mass: 0.0001229986590989315
Sampling 1500 test points
Done! Sampled 1500 test points
Computed internal score: 8.13431132174267e-05
Computed leaf score: 8.257309980841602e-05
Current gain: 4.328726484546375e-05
Current score: 0.9425040246134518
Current size: 23
Internal node index: 244
Sampling 1500 points
Done! Sampled 1500 points
Generating internal node with number of samples 1500...
Done!
Generating leaf with number of samples 1500...
Done!
Current mass: 0.00047237822173349856
Sampling 1500 test points
Done! Sampled 1500 test points
Computed internal score: 0.0003990021379575618
Computed leaf score: 0.0003990021379575618
Sampling 1500 points
Done! Sampled 1500 points
Generating internal node with number of samples 1500...
Done!
Generating leaf with number of samples 1500...
Done!
Current mass: 3.7618763781156964e-05
Sampling 1500 test points
Done! Sampled 1500 test points
Computed internal score: 2.5781392778019574e-05
Computed leaf score: 2.4878542447271805e-05
Current gain: 6.1199638261758395e-06
Current score: 0.942510144577278
Current size: 25
Internal node index: 490
Sampling 1500 points
Done! Sampled 1500 points
Generating internal node with number of samples 1500...
Done!
Generating leaf with number of samples 1500...
Done!
Current mass: 1.811807737468296e-05
Sampling 1500 test points
Done! Sampled 1500 test points
Computed internal score: 1.2066639531538852e-05
Computed leaf score: 9.518029980833448e-06
Sampling 1500 points
Done! Sampled 1500 points
Generating internal node with number of samples 1500...
Done!
Generating leaf with number of samples 1500...
Done!
Current mass: 1.9500686406474008e-05
Sampling 1500 test points
Done! Sampled 1500 test points
Computed internal score: 1.6094566514143216e-05
Computed leaf score: 1.6094566514143216e-05
Current gain: 9.028503307477695e-07
Current score: 0.9425110474276087
Current size: 27
Internal node index: 981
Sampling 1500 points
Done! Sampled 1500 points
Generating internal node with number of samples 1500...
Done!
Generating leaf with number of samples 1500...
Done!
Current mass: 1.0305326493057332e-05
Sampling 1500 test points
Done! Sampled 1500 test points
Computed internal score: 7.440445727987393e-06
Computed leaf score: 6.828996356065992e-06
Sampling 1500 points
Done! Sampled 1500 points
Generating internal node with number of samples 1500...
Done!
Generating leaf with number of samples 1500...
Done!
Current mass: 7.812750881625631e-06
Sampling 1500 test points
Done! Sampled 1500 test points
Computed internal score: 5.260585593627925e-06
Computed leaf score: 5.213709088338172e-06
Current gain: 2.5486095507054037e-06
Current score: 0.9425135960371595
Current size: 29
Internal node index: 1963
Sampling 1500 points
Done! Sampled 1500 points
Generating internal node with number of samples 1500...
Done!
Generating leaf with number of samples 1500...
Done!
Current mass: 2.536213963586772e-06
Sampling 1500 test points
Done! Sampled 1500 test points
Computed internal score: 1.7821130117469716e-06
Computed leaf score: 1.6062688436049553e-06
Sampling 1500 points
Done! Sampled 1500 points
Generating internal node with number of samples 1500...
Done!
Generating leaf with number of samples 1500...
Done!
Current mass: 7.769112529470559e-06
Sampling 1500 test points
Done! Sampled 1500 test points
Computed internal score: 6.12724008157578e-06
Computed leaf score: 6.12724008157578e-06
Current gain: 6.114493719214018e-07
Current score: 0.9425142074865314
Current size: 31
Internal node index: 3927
Sampling 1500 points
Done! Sampled 1500 points
Generating internal node with number of samples 1500...
Done!
Generating leaf with number of samples 1500...
Done!
Current mass: 1.721223499268089e-06
Sampling 1500 test points
Done! Sampled 1500 test points
Computed internal score: 1.2794428011226128e-06
Computed leaf score: 1.2782953187897674e-06
Sampling 1500 points
Done! Sampled 1500 points
Generating internal node with number of samples 1500...
Done!
Generating leaf with number of samples 1500...
Done!
Current mass: 8.149904643186823e-07
Sampling 1500 test points
Done! Sampled 1500 test points
Computed internal score: 4.889942785912094e-07
Computed leaf score: 4.7649775813832295e-07
Current gain: 1.758441681420163e-07
Current score: 0.9425143833306995
Current size: 33
Reached maximum size, ending!
Leaf node index: 1964
Leaf node index: 7856
Leaf node index: 7855
Leaf node index: 489
Leaf node index: 28
Leaf node index: 5
Leaf node index: 113
Leaf node index: 122
Leaf node index: 3928
Leaf node index: 59
Leaf node index: 114
Leaf node index: 1
Leaf node index: 487
Leaf node index: 30
Leaf node index: 982
Leaf node index: 55
Leaf node index: 488
Decision tree:
(x[22] <= 187.045166015625
    0
    (x[26] <= 0.379421666264534
        0
        (x[23] <= 2325.390380859375
            (x[3] <= 1556.8616943359375
                (x[23] <= 2218.3304443359375
                    0
                    (x[3] <= 1371.310546875
                        0
                        1))
                0)
            (x[3] <= 1454.21484375
                (x[3] <= 1420.198974609375
                    0
                    (x[23] <= 2424.444091796875
                        (x[1] <= 22.03832244873047
                            (x[31] <= 3.4347903728485107
                                0
                                1)
                            (x[13] <= 232.2201690673828
                                1
                                (x[13] <= 249.2068099975586
                                    (x[2] <= 150.41629028320312
                                        (x[31] <= 0.9826532006263733
                                            (x[1] <= 28.048039436340332
                                                0
                                                1)
                                            1)
                                        0)
                                    0)))
                        0))
                1))))
Node count: 33
DTExtract Relative training score: 0.957627118644
DTExtract Relative CV score: 0.916666666667
DTExtract Relative test score: 0.85
DTExtract Training score: 0.796610169492
DTExtract CV score: 0.733333333333
DTExtract Test score: 0.75
Training greedy decision tree, best of: 1
Done!
Node count: 33
GreedyTree Training score: 1.0
GreedyTree CV score: 0.6333333333333333
GreedyTree Test score: 0.5
MLP Training score: 0.8050847457627118
MLP CV score: 0.7166666666666667
MLP Test score: 0.8
Random Forest Training score: 1.0
Random Forest CV score: 0.75
Random Forest Test score: 0.75
Averaged over 10 trials: rf train score: 1.0
Averaged over 10 trials: rf cv score: 0.7466666666666667
Averaged over 10 trials: rf test score: 0.7699999999999999
Averaged over 10 trials: extracted dt train score: 0.777966101695
Averaged over 10 trials: extracted dt cv score: 0.746666666667
Averaged over 10 trials: extracted dt test score: 0.76
Averaged over 10 trials: dtExtractRelTrainScore: 0.984745762712
Averaged over 10 trials: dtExtractRelCvScore: 0.978333333333
Averaged over 10 trials: dtExtractRelTestScore: 0.975
Averaged over 10 trials: trained dt train score: 0.988135593220339
Averaged over 10 trials: trained dt cv score: 0.6683333333333333
Averaged over 10 trials: trained dt test score: 0.6000000000000001
Averaged over 10 trials: mlp train score: 0.7796610169491525
Averaged over 10 trials: mlp cv score: 0.745
Averaged over 10 trials: mlp test score: 0.7549999999999999
