Parsing CSV...
Reading file: ../tmp/eighthr.data
Done!
Rows read: 2534
Columns: 73
Column names:
0: 0
1: 1
2: 2
3: 3
4: 4
5: 5
6: 6
7: 7
8: 8
9: 9
10: 10
11: 11
12: 12
13: 13
14: 14
15: 15
16: 16
17: 17
18: 18
19: 19
20: 20
21: 21
22: 22
23: 23
24: 24
25: 25
26: 26
27: 27
28: 28
29: 29
30: 30
31: 31
32: 32
33: 33
34: 34
35: 35
36: 36
37: 37
38: 38
39: 39
40: 40
41: 41
42: 42
43: 43
44: 44
45: 45
46: 46
47: 47
48: 48
49: 49
50: 50
51: 51
52: 52
53: 53
54: 54
55: 55
56: 56
57: 57
58: 58
59: 59
60: 60
61: 61
62: 62
63: 63
64: 64
65: 65
66: 66
67: 67
68: 68
69: 69
70: 70
71: 71
72: 72

Done!
Splitting into training and test...
Done!
Constructing data matrices...
Done!
Training random forest...
Done!
Fitting Gaussian mixture with 20 components...
Done!
Sampling 1500 points
Done! Sampled 1500 points
Generating internal node with number of samples 1500...
Done!
Invalid internal node, node count: 1
Generating leaf with number of samples 1500...
Done!
Current mass: 1.0
Sampling 1500 test points
Done! Sampled 1500 test points
Computed internal score: 1.0
Computed leaf score: 1.0
Internal node index: 0
No internal data!
Internal node index: 0
No internal data!
No internal nodes remaining, ending!
Leaf node index: 0
Decision tree:
0
Node count: 1
DTExtract Relative training score: 1.0
DTExtract Relative CV score: 1.0
DTExtract Relative test score: 1.0
DTExtract Training score: 0.936842105263
DTExtract CV score: 0.936842105263
DTExtract Test score: 0.937007874016
Training greedy decision tree, best of: 1
Done!
Node count: 33
GreedyTree Training score: 0.9710526315789474
GreedyTree CV score: 0.9342105263157895
GreedyTree Test score: 0.9251968503937008
MLP Training score: 0.9368421052631579
MLP CV score: 0.9368421052631579
MLP Test score: 0.937007874015748
Random Forest Training score: 1.0
Random Forest CV score: 0.9394736842105263
Random Forest Test score: 0.9448818897637795
Parsing CSV...
Reading file: ../tmp/eighthr.data
Done!
Rows read: 2534
Columns: 73
Column names:
0: 0
1: 1
2: 2
3: 3
4: 4
5: 5
6: 6
7: 7
8: 8
9: 9
10: 10
11: 11
12: 12
13: 13
14: 14
15: 15
16: 16
17: 17
18: 18
19: 19
20: 20
21: 21
22: 22
23: 23
24: 24
25: 25
26: 26
27: 27
28: 28
29: 29
30: 30
31: 31
32: 32
33: 33
34: 34
35: 35
36: 36
37: 37
38: 38
39: 39
40: 40
41: 41
42: 42
43: 43
44: 44
45: 45
46: 46
47: 47
48: 48
49: 49
50: 50
51: 51
52: 52
53: 53
54: 54
55: 55
56: 56
57: 57
58: 58
59: 59
60: 60
61: 61
62: 62
63: 63
64: 64
65: 65
66: 66
67: 67
68: 68
69: 69
70: 70
71: 71
72: 72

Done!
Splitting into training and test...
Done!
Constructing data matrices...
Done!
Training random forest...
Done!
Fitting Gaussian mixture with 20 components...
Done!
Sampling 1500 points
Done! Sampled 1500 points
Generating internal node with number of samples 1500...
Done!
Invalid internal node, node count: 1
Generating leaf with number of samples 1500...
Done!
Current mass: 1.0000000000000002
Sampling 1500 test points
Done! Sampled 1500 test points
Computed internal score: 1.0000000000000002
Computed leaf score: 1.0000000000000002
Internal node index: 0
No internal data!
Internal node index: 0
No internal data!
No internal nodes remaining, ending!
Leaf node index: 0
Decision tree:
0
Node count: 1
DTExtract Relative training score: 1.0
DTExtract Relative CV score: 1.0
DTExtract Relative test score: 1.0
DTExtract Training score: 0.938157894737
DTExtract CV score: 0.938157894737
DTExtract Test score: 0.925196850394
Training greedy decision tree, best of: 1
Done!
Node count: 33
GreedyTree Training score: 0.9664473684210526
GreedyTree CV score: 0.9276315789473685
GreedyTree Test score: 0.9094488188976378
MLP Training score: 0.9381578947368421
MLP CV score: 0.9381578947368421
MLP Test score: 0.9251968503937008
Random Forest Training score: 1.0
Random Forest CV score: 0.9460526315789474
Random Forest Test score: 0.937007874015748
Parsing CSV...
Reading file: ../tmp/eighthr.data
Done!
Rows read: 2534
Columns: 73
Column names:
0: 0
1: 1
2: 2
3: 3
4: 4
5: 5
6: 6
7: 7
8: 8
9: 9
10: 10
11: 11
12: 12
13: 13
14: 14
15: 15
16: 16
17: 17
18: 18
19: 19
20: 20
21: 21
22: 22
23: 23
24: 24
25: 25
26: 26
27: 27
28: 28
29: 29
30: 30
31: 31
32: 32
33: 33
34: 34
35: 35
36: 36
37: 37
38: 38
39: 39
40: 40
41: 41
42: 42
43: 43
44: 44
45: 45
46: 46
47: 47
48: 48
49: 49
50: 50
51: 51
52: 52
53: 53
54: 54
55: 55
56: 56
57: 57
58: 58
59: 59
60: 60
61: 61
62: 62
63: 63
64: 64
65: 65
66: 66
67: 67
68: 68
69: 69
70: 70
71: 71
72: 72

Done!
Splitting into training and test...
Done!
Constructing data matrices...
Done!
Training random forest...
Done!
Fitting Gaussian mixture with 20 components...
Done!
Sampling 1500 points
Done! Sampled 1500 points
Generating internal node with number of samples 1500...
Done!
Invalid internal node, node count: 1
Generating leaf with number of samples 1500...
Done!
Current mass: 1.0
Sampling 1500 test points
Done! Sampled 1500 test points
Computed internal score: 1.0
Computed leaf score: 1.0
Internal node index: 0
No internal data!
Internal node index: 0
No internal data!
No internal nodes remaining, ending!
Leaf node index: 0
Decision tree:
0
Node count: 1
DTExtract Relative training score: 1.0
DTExtract Relative CV score: 1.0
DTExtract Relative test score: 1.0
DTExtract Training score: 0.940789473684
DTExtract CV score: 0.932894736842
DTExtract Test score: 0.925196850394
Training greedy decision tree, best of: 1
Done!
Node count: 33
GreedyTree Training score: 0.9717105263157895
GreedyTree CV score: 0.9263157894736842
GreedyTree Test score: 0.9133858267716536
MLP Training score: 0.9407894736842105
MLP CV score: 0.9328947368421052
MLP Test score: 0.9251968503937008
Random Forest Training score: 1.0
Random Forest CV score: 0.9447368421052632
Random Forest Test score: 0.9251968503937008
Parsing CSV...
Reading file: ../tmp/eighthr.data
Done!
Rows read: 2534
Columns: 73
Column names:
0: 0
1: 1
2: 2
3: 3
4: 4
5: 5
6: 6
7: 7
8: 8
9: 9
10: 10
11: 11
12: 12
13: 13
14: 14
15: 15
16: 16
17: 17
18: 18
19: 19
20: 20
21: 21
22: 22
23: 23
24: 24
25: 25
26: 26
27: 27
28: 28
29: 29
30: 30
31: 31
32: 32
33: 33
34: 34
35: 35
36: 36
37: 37
38: 38
39: 39
40: 40
41: 41
42: 42
43: 43
44: 44
45: 45
46: 46
47: 47
48: 48
49: 49
50: 50
51: 51
52: 52
53: 53
54: 54
55: 55
56: 56
57: 57
58: 58
59: 59
60: 60
61: 61
62: 62
63: 63
64: 64
65: 65
66: 66
67: 67
68: 68
69: 69
70: 70
71: 71
72: 72

Done!
Splitting into training and test...
Done!
Constructing data matrices...
Done!
Training random forest...
Done!
Fitting Gaussian mixture with 20 components...
Done!
Sampling 1500 points
Done! Sampled 1500 points
Generating internal node with number of samples 1500...
Done!
Invalid internal node, node count: 1
Generating leaf with number of samples 1500...
Done!
Current mass: 0.9999999999999998
Sampling 1500 test points
Done! Sampled 1500 test points
Computed internal score: 0.9999999999999998
Computed leaf score: 0.9999999999999998
Internal node index: 0
No internal data!
Internal node index: 0
No internal data!
No internal nodes remaining, ending!
Leaf node index: 0
Decision tree:
0
Node count: 1
DTExtract Relative training score: 1.0
DTExtract Relative CV score: 1.0
DTExtract Relative test score: 1.0
DTExtract Training score: 0.930921052632
DTExtract CV score: 0.946052631579
DTExtract Test score: 0.944881889764
Training greedy decision tree, best of: 1
Done!
Node count: 33
GreedyTree Training score: 0.9611842105263158
GreedyTree CV score: 0.9368421052631579
GreedyTree Test score: 0.937007874015748
MLP Training score: 0.930921052631579
MLP CV score: 0.9460526315789474
MLP Test score: 0.9448818897637795
Random Forest Training score: 1.0
Random Forest CV score: 0.9513157894736842
Random Forest Test score: 0.9566929133858267
Parsing CSV...
Reading file: ../tmp/eighthr.data
Done!
Rows read: 2534
Columns: 73
Column names:
0: 0
1: 1
2: 2
3: 3
4: 4
5: 5
6: 6
7: 7
8: 8
9: 9
10: 10
11: 11
12: 12
13: 13
14: 14
15: 15
16: 16
17: 17
18: 18
19: 19
20: 20
21: 21
22: 22
23: 23
24: 24
25: 25
26: 26
27: 27
28: 28
29: 29
30: 30
31: 31
32: 32
33: 33
34: 34
35: 35
36: 36
37: 37
38: 38
39: 39
40: 40
41: 41
42: 42
43: 43
44: 44
45: 45
46: 46
47: 47
48: 48
49: 49
50: 50
51: 51
52: 52
53: 53
54: 54
55: 55
56: 56
57: 57
58: 58
59: 59
60: 60
61: 61
62: 62
63: 63
64: 64
65: 65
66: 66
67: 67
68: 68
69: 69
70: 70
71: 71
72: 72

Done!
Splitting into training and test...
Done!
Constructing data matrices...
Done!
Training random forest...
Done!
Fitting Gaussian mixture with 20 components...
Done!
Sampling 1500 points
Done! Sampled 1500 points
Generating internal node with number of samples 1500...
Done!
Invalid internal node, node count: 1
Generating leaf with number of samples 1500...
Done!
Current mass: 1.0
Sampling 1500 test points
Done! Sampled 1500 test points
Computed internal score: 1.0
Computed leaf score: 1.0
Internal node index: 0
No internal data!
Internal node index: 0
No internal data!
No internal nodes remaining, ending!
Leaf node index: 0
Decision tree:
0
Node count: 1
DTExtract Relative training score: 1.0
DTExtract Relative CV score: 1.0
DTExtract Relative test score: 1.0
DTExtract Training score: 0.936184210526
DTExtract CV score: 0.948684210526
DTExtract Test score: 0.905511811024
Training greedy decision tree, best of: 1
Done!
Node count: 33
GreedyTree Training score: 0.9743421052631579
GreedyTree CV score: 0.9315789473684211
GreedyTree Test score: 0.9133858267716536
MLP Training score: 0.9361842105263158
MLP CV score: 0.9486842105263158
MLP Test score: 0.905511811023622
Random Forest Training score: 1.0
Random Forest CV score: 0.9526315789473684
Random Forest Test score: 0.9212598425196851
Parsing CSV...
Reading file: ../tmp/eighthr.data
Done!
Rows read: 2534
Columns: 73
Column names:
0: 0
1: 1
2: 2
3: 3
4: 4
5: 5
6: 6
7: 7
8: 8
9: 9
10: 10
11: 11
12: 12
13: 13
14: 14
15: 15
16: 16
17: 17
18: 18
19: 19
20: 20
21: 21
22: 22
23: 23
24: 24
25: 25
26: 26
27: 27
28: 28
29: 29
30: 30
31: 31
32: 32
33: 33
34: 34
35: 35
36: 36
37: 37
38: 38
39: 39
40: 40
41: 41
42: 42
43: 43
44: 44
45: 45
46: 46
47: 47
48: 48
49: 49
50: 50
51: 51
52: 52
53: 53
54: 54
55: 55
56: 56
57: 57
58: 58
59: 59
60: 60
61: 61
62: 62
63: 63
64: 64
65: 65
66: 66
67: 67
68: 68
69: 69
70: 70
71: 71
72: 72

Done!
Splitting into training and test...
Done!
Constructing data matrices...
Done!
Training random forest...
Done!
Fitting Gaussian mixture with 20 components...
Done!
Sampling 1500 points
Done! Sampled 1500 points
Generating internal node with number of samples 1500...
Done!
Invalid internal node, node count: 1
Generating leaf with number of samples 1500...
Done!
Current mass: 1.0
Sampling 1500 test points
Done! Sampled 1500 test points
Computed internal score: 1.0
Computed leaf score: 1.0
Internal node index: 0
No internal data!
Internal node index: 0
No internal data!
No internal nodes remaining, ending!
Leaf node index: 0
Decision tree:
0
Node count: 1
DTExtract Relative training score: 1.0
DTExtract Relative CV score: 1.0
DTExtract Relative test score: 1.0
DTExtract Training score: 0.946052631579
DTExtract CV score: 0.923684210526
DTExtract Test score: 0.92125984252
Training greedy decision tree, best of: 1
Done!
Node count: 33
GreedyTree Training score: 0.9710526315789474
GreedyTree CV score: 0.9210526315789473
GreedyTree Test score: 0.9251968503937008
MLP Training score: 0.9460526315789474
MLP CV score: 0.9236842105263158
MLP Test score: 0.9212598425196851
Random Forest Training score: 1.0
Random Forest CV score: 0.9302631578947368
Random Forest Test score: 0.9291338582677166
Parsing CSV...
Reading file: ../tmp/eighthr.data
Done!
Rows read: 2534
Columns: 73
Column names:
0: 0
1: 1
2: 2
3: 3
4: 4
5: 5
6: 6
7: 7
8: 8
9: 9
10: 10
11: 11
12: 12
13: 13
14: 14
15: 15
16: 16
17: 17
18: 18
19: 19
20: 20
21: 21
22: 22
23: 23
24: 24
25: 25
26: 26
27: 27
28: 28
29: 29
30: 30
31: 31
32: 32
33: 33
34: 34
35: 35
36: 36
37: 37
38: 38
39: 39
40: 40
41: 41
42: 42
43: 43
44: 44
45: 45
46: 46
47: 47
48: 48
49: 49
50: 50
51: 51
52: 52
53: 53
54: 54
55: 55
56: 56
57: 57
58: 58
59: 59
60: 60
61: 61
62: 62
63: 63
64: 64
65: 65
66: 66
67: 67
68: 68
69: 69
70: 70
71: 71
72: 72

Done!
Splitting into training and test...
Done!
Constructing data matrices...
Done!
Training random forest...
Done!
Fitting Gaussian mixture with 20 components...
Done!
Sampling 1500 points
Done! Sampled 1500 points
Generating internal node with number of samples 1500...
Done!
Invalid internal node, node count: 1
Generating leaf with number of samples 1500...
Done!
Current mass: 1.0
Sampling 1500 test points
Done! Sampled 1500 test points
Computed internal score: 1.0
Computed leaf score: 1.0
Internal node index: 0
No internal data!
Internal node index: 0
No internal data!
No internal nodes remaining, ending!
Leaf node index: 0
Decision tree:
0
Node count: 1
DTExtract Relative training score: 1.0
DTExtract Relative CV score: 1.0
DTExtract Relative test score: 1.0
DTExtract Training score: 0.931578947368
DTExtract CV score: 0.948684210526
DTExtract Test score: 0.933070866142
Training greedy decision tree, best of: 1
Done!
Node count: 33
GreedyTree Training score: 0.969078947368421
GreedyTree CV score: 0.9421052631578948
GreedyTree Test score: 0.9133858267716536
MLP Training score: 0.9315789473684211
MLP CV score: 0.9486842105263158
MLP Test score: 0.9330708661417323
Random Forest Training score: 1.0
Random Forest CV score: 0.9526315789473684
Random Forest Test score: 0.9330708661417323
Parsing CSV...
Reading file: ../tmp/eighthr.data
Done!
Rows read: 2534
Columns: 73
Column names:
0: 0
1: 1
2: 2
3: 3
4: 4
5: 5
6: 6
7: 7
8: 8
9: 9
10: 10
11: 11
12: 12
13: 13
14: 14
15: 15
16: 16
17: 17
18: 18
19: 19
20: 20
21: 21
22: 22
23: 23
24: 24
25: 25
26: 26
27: 27
28: 28
29: 29
30: 30
31: 31
32: 32
33: 33
34: 34
35: 35
36: 36
37: 37
38: 38
39: 39
40: 40
41: 41
42: 42
43: 43
44: 44
45: 45
46: 46
47: 47
48: 48
49: 49
50: 50
51: 51
52: 52
53: 53
54: 54
55: 55
56: 56
57: 57
58: 58
59: 59
60: 60
61: 61
62: 62
63: 63
64: 64
65: 65
66: 66
67: 67
68: 68
69: 69
70: 70
71: 71
72: 72

Done!
Splitting into training and test...
Done!
Constructing data matrices...
Done!
Training random forest...
Done!
Fitting Gaussian mixture with 20 components...
Done!
Sampling 1500 points
Done! Sampled 1500 points
Generating internal node with number of samples 1500...
Done!
Invalid internal node, node count: 1
Generating leaf with number of samples 1500...
Done!
Current mass: 1.0
Sampling 1500 test points
Done! Sampled 1500 test points
Computed internal score: 1.0
Computed leaf score: 1.0
Internal node index: 0
No internal data!
Internal node index: 0
No internal data!
No internal nodes remaining, ending!
Leaf node index: 0
Decision tree:
0
Node count: 1
DTExtract Relative training score: 1.0
DTExtract Relative CV score: 1.0
DTExtract Relative test score: 1.0
DTExtract Training score: 0.9375
DTExtract CV score: 0.936842105263
DTExtract Test score: 0.933070866142
Training greedy decision tree, best of: 1
Done!
Node count: 33
GreedyTree Training score: 0.9723684210526315
GreedyTree CV score: 0.9315789473684211
GreedyTree Test score: 0.9251968503937008
MLP Training score: 0.9375
MLP CV score: 0.9368421052631579
MLP Test score: 0.9330708661417323
Random Forest Training score: 1.0
Random Forest CV score: 0.9407894736842105
Random Forest Test score: 0.937007874015748
Parsing CSV...
Reading file: ../tmp/eighthr.data
Done!
Rows read: 2534
Columns: 73
Column names:
0: 0
1: 1
2: 2
3: 3
4: 4
5: 5
6: 6
7: 7
8: 8
9: 9
10: 10
11: 11
12: 12
13: 13
14: 14
15: 15
16: 16
17: 17
18: 18
19: 19
20: 20
21: 21
22: 22
23: 23
24: 24
25: 25
26: 26
27: 27
28: 28
29: 29
30: 30
31: 31
32: 32
33: 33
34: 34
35: 35
36: 36
37: 37
38: 38
39: 39
40: 40
41: 41
42: 42
43: 43
44: 44
45: 45
46: 46
47: 47
48: 48
49: 49
50: 50
51: 51
52: 52
53: 53
54: 54
55: 55
56: 56
57: 57
58: 58
59: 59
60: 60
61: 61
62: 62
63: 63
64: 64
65: 65
66: 66
67: 67
68: 68
69: 69
70: 70
71: 71
72: 72

Done!
Splitting into training and test...
Done!
Constructing data matrices...
Done!
Training random forest...
Done!
Fitting Gaussian mixture with 20 components...
Done!
Sampling 1500 points
Done! Sampled 1500 points
Generating internal node with number of samples 1500...
Done!
Invalid internal node, node count: 1
Generating leaf with number of samples 1500...
Done!
Current mass: 1.0
Sampling 1500 test points
Done! Sampled 1500 test points
Computed internal score: 1.0
Computed leaf score: 1.0
Internal node index: 0
No internal data!
Internal node index: 0
No internal data!
No internal nodes remaining, ending!
Leaf node index: 0
Decision tree:
0
Node count: 1
DTExtract Relative training score: 1.0
DTExtract Relative CV score: 1.0
DTExtract Relative test score: 1.0
DTExtract Training score: 0.936184210526
DTExtract CV score: 0.946052631579
DTExtract Test score: 0.913385826772
Training greedy decision tree, best of: 1
Done!
Node count: 33
GreedyTree Training score: 0.9671052631578947
GreedyTree CV score: 0.9289473684210526
GreedyTree Test score: 0.905511811023622
MLP Training score: 0.9361842105263158
MLP CV score: 0.9460526315789474
MLP Test score: 0.9133858267716536
Random Forest Training score: 1.0
Random Forest CV score: 0.9513157894736842
Random Forest Test score: 0.9212598425196851
Parsing CSV...
Reading file: ../tmp/eighthr.data
Done!
Rows read: 2534
Columns: 73
Column names:
0: 0
1: 1
2: 2
3: 3
4: 4
5: 5
6: 6
7: 7
8: 8
9: 9
10: 10
11: 11
12: 12
13: 13
14: 14
15: 15
16: 16
17: 17
18: 18
19: 19
20: 20
21: 21
22: 22
23: 23
24: 24
25: 25
26: 26
27: 27
28: 28
29: 29
30: 30
31: 31
32: 32
33: 33
34: 34
35: 35
36: 36
37: 37
38: 38
39: 39
40: 40
41: 41
42: 42
43: 43
44: 44
45: 45
46: 46
47: 47
48: 48
49: 49
50: 50
51: 51
52: 52
53: 53
54: 54
55: 55
56: 56
57: 57
58: 58
59: 59
60: 60
61: 61
62: 62
63: 63
64: 64
65: 65
66: 66
67: 67
68: 68
69: 69
70: 70
71: 71
72: 72

Done!
Splitting into training and test...
Done!
Constructing data matrices...
Done!
Training random forest...
Done!
Fitting Gaussian mixture with 20 components...
Done!
Sampling 1500 points
Done! Sampled 1500 points
Generating internal node with number of samples 1500...
Done!
Invalid internal node, node count: 1
Generating leaf with number of samples 1500...
Done!
Current mass: 0.9999999999999999
Sampling 1500 test points
Done! Sampled 1500 test points
Computed internal score: 0.9999999999999999
Computed leaf score: 0.9999999999999999
Internal node index: 0
No internal data!
Internal node index: 0
No internal data!
No internal nodes remaining, ending!
Leaf node index: 0
Decision tree:
0
Node count: 1
DTExtract Relative training score: 1.0
DTExtract Relative CV score: 1.0
DTExtract Relative test score: 1.0
DTExtract Training score: 0.932236842105
DTExtract CV score: 0.944736842105
DTExtract Test score: 0.94094488189
Training greedy decision tree, best of: 1
Done!
Node count: 33
GreedyTree Training score: 0.9618421052631579
GreedyTree CV score: 0.9407894736842105
GreedyTree Test score: 0.9448818897637795
MLP Training score: 0.9322368421052631
MLP CV score: 0.9447368421052632
MLP Test score: 0.9409448818897638
Random Forest Training score: 1.0
Random Forest CV score: 0.9473684210526315
Random Forest Test score: 0.9606299212598425
Averaged over 10 trials: rf train score: 1.0
Averaged over 10 trials: rf cv score: 0.945657894736842
Averaged over 10 trials: rf test score: 0.9366141732283465
Averaged over 10 trials: extracted dt train score: 0.936644736842
Averaged over 10 trials: extracted dt cv score: 0.940263157895
Averaged over 10 trials: extracted dt test score: 0.927952755906
Averaged over 10 trials: dtExtractRelTrainScore: 1.0
Averaged over 10 trials: dtExtractRelCvScore: 1.0
Averaged over 10 trials: dtExtractRelTestScore: 1.0
Averaged over 10 trials: trained dt train score: 0.9686184210526315
Averaged over 10 trials: trained dt cv score: 0.9321052631578948
Averaged over 10 trials: trained dt test score: 0.921259842519685
Averaged over 10 trials: mlp train score: 0.9366447368421053
Averaged over 10 trials: mlp cv score: 0.9402631578947368
Averaged over 10 trials: mlp test score: 0.9279527559055116
