Parsing CSV...
Reading file: ../tmp/data_banknote_authentication.txt
Done!
Rows read: 1372
Columns: 5
Column names:
0: 0
1: 1
2: 2
3: 3
4: 4

Done!
Splitting into training and test...
Done!
Constructing data matrices...
Done!
training corels
Done!
corelsTrainScore: 0.878345498783455
corelsCvScore: 0.8737864077669902
corelsTestScore: 0.8840579710144928
corels rel mlp test: 1.0
corels rel rf test: 1.0
Parsing CSV...
Reading file: ../tmp/data_banknote_authentication.txt
Done!
Rows read: 1372
Columns: 5
Column names:
0: 0
1: 1
2: 2
3: 3
4: 4

Done!
Splitting into training and test...
Done!
Constructing data matrices...
Done!
training corels
Done!
corelsTrainScore: 0.8722627737226277
corelsCvScore: 0.8883495145631068
corelsTestScore: 0.8768115942028986
corels rel mlp test: 1.0
corels rel rf test: 1.0
Parsing CSV...
Reading file: ../tmp/data_banknote_authentication.txt
Done!
Rows read: 1372
Columns: 5
Column names:
0: 0
1: 1
2: 2
3: 3
4: 4

Done!
Splitting into training and test...
Done!
Constructing data matrices...
Done!
training corels
Done!
corelsTrainScore: 0.8661800486618005
corelsCvScore: 0.8883495145631068
corelsTestScore: 0.9130434782608695
corels rel mlp test: 1.0
corels rel rf test: 1.0
Parsing CSV...
Reading file: ../tmp/data_banknote_authentication.txt
Done!
Rows read: 1372
Columns: 5
Column names:
0: 0
1: 1
2: 2
3: 3
4: 4

Done!
Splitting into training and test...
Done!
Constructing data matrices...
Done!
training corels
Done!
corelsTrainScore: 0.8759124087591241
corelsCvScore: 0.8737864077669902
corelsTestScore: 0.8985507246376812
corels rel mlp test: 1.0
corels rel rf test: 1.0
Parsing CSV...
Reading file: ../tmp/data_banknote_authentication.txt
Done!
Rows read: 1372
Columns: 5
Column names:
0: 0
1: 1
2: 2
3: 3
4: 4

Done!
Splitting into training and test...
Done!
Constructing data matrices...
Done!
training corels
Done!
corelsTrainScore: 0.8722627737226277
corelsCvScore: 0.8907766990291263
corelsTestScore: 0.8695652173913043
corels rel mlp test: 1.0
corels rel rf test: 1.0
Parsing CSV...
Reading file: ../tmp/data_banknote_authentication.txt
Done!
Rows read: 1372
Columns: 5
Column names:
0: 0
1: 1
2: 2
3: 3
4: 4

Done!
Splitting into training and test...
Done!
Constructing data matrices...
Done!
training corels
Done!
corelsTrainScore: 0.8819951338199513
corelsCvScore: 0.866504854368932
corelsTestScore: 0.8840579710144928
corels rel mlp test: 1.0
corels rel rf test: 1.0
Parsing CSV...
Reading file: ../tmp/data_banknote_authentication.txt
Done!
Rows read: 1372
Columns: 5
Column names:
0: 0
1: 1
2: 2
3: 3
4: 4

Done!
Splitting into training and test...
Done!
Constructing data matrices...
Done!
training corels
Done!
corelsTrainScore: 0.8759124087591241
corelsCvScore: 0.8859223300970874
corelsTestScore: 0.8623188405797102
corels rel mlp test: 1.0
corels rel rf test: 1.0
Parsing CSV...
Reading file: ../tmp/data_banknote_authentication.txt
Done!
Rows read: 1372
Columns: 5
Column names:
0: 0
1: 1
2: 2
3: 3
4: 4

Done!
Splitting into training and test...
Done!
Constructing data matrices...
Done!
training corels
Done!
corelsTrainScore: 0.8722627737226277
corelsCvScore: 0.8859223300970874
corelsTestScore: 0.8840579710144928
corels rel mlp test: 1.0
corels rel rf test: 1.0
Parsing CSV...
Reading file: ../tmp/data_banknote_authentication.txt
Done!
Rows read: 1372
Columns: 5
Column names:
0: 0
1: 1
2: 2
3: 3
4: 4

Done!
Splitting into training and test...
Done!
Constructing data matrices...
Done!
training corels
Done!
corelsTrainScore: 0.8771289537712895
corelsCvScore: 0.8762135922330098
corelsTestScore: 0.8840579710144928
corels rel mlp test: 1.0
corels rel rf test: 1.0
Parsing CSV...
Reading file: ../tmp/data_banknote_authentication.txt
Done!
Rows read: 1372
Columns: 5
Column names:
0: 0
1: 1
2: 2
3: 3
4: 4

Done!
Splitting into training and test...
Done!
Constructing data matrices...
Done!
training corels
Done!
corelsTrainScore: 0.8917274939172749
corelsCvScore: 0.8567961165048543
corelsTestScore: 0.855072463768116
corels rel mlp test: 1.0
corels rel rf test: 1.0
Averaged over 10 trials: corels train score: 0.8763990267639901
Averaged over 10 trials: corels cv score: 0.8786407766990292
Averaged over 10 trials: corels test score: 0.881159420289855
Averaged over 10 trials: expertsys relative mlp test score: 1.0
Averaged over 10 trials: expertsys relative rf test score: 1.0
