Parsing CSV...
Reading file: ../tmp/transfusion.data
Done!
Rows read: 748
Columns: 5
Column names:
0: 0
1: 1
2: 2
3: 3
4: 4

Done!
Splitting into training and test...
Done!
Constructing data matrices...
Done!
training corels
Done!
corelsTrainScore: 0.7700892857142857
corelsCvScore: 0.7066666666666667
corelsTestScore: 0.7333333333333333
corels rel mlp test: 0.8266666666666667
corels rel rf test: 0.8266666666666667
Parsing CSV...
Reading file: ../tmp/transfusion.data
Done!
Rows read: 748
Columns: 5
Column names:
0: 0
1: 1
2: 2
3: 3
4: 4

Done!
Splitting into training and test...
Done!
Constructing data matrices...
Done!
training corels
Done!
corelsTrainScore: 0.22321428571428573
corelsCvScore: 0.27111111111111114
corelsTestScore: 0.22666666666666666
corels rel mlp test: 0.05333333333333334
corels rel rf test: 0.05333333333333334
Parsing CSV...
Reading file: ../tmp/transfusion.data
Done!
Rows read: 748
Columns: 5
Column names:
0: 0
1: 1
2: 2
3: 3
4: 4

Done!
Splitting into training and test...
Done!
Constructing data matrices...
Done!
training corels
Done!
corelsTrainScore: 0.23214285714285715
corelsCvScore: 0.24
corelsTestScore: 0.26666666666666666
corels rel mlp test: 0.17333333333333334
corels rel rf test: 0.17333333333333334
Parsing CSV...
Reading file: ../tmp/transfusion.data
Done!
Rows read: 748
Columns: 5
Column names:
0: 0
1: 1
2: 2
3: 3
4: 4

Done!
Splitting into training and test...
Done!
Constructing data matrices...
Done!
training corels
Done!
corelsTrainScore: 0.23214285714285715
corelsCvScore: 0.26222222222222225
corelsTestScore: 0.2
corels rel mlp test: 0.06666666666666667
corels rel rf test: 0.06666666666666667
Parsing CSV...
Reading file: ../tmp/transfusion.data
Done!
Rows read: 748
Columns: 5
Column names:
0: 0
1: 1
2: 2
3: 3
4: 4

Done!
Splitting into training and test...
Done!
Constructing data matrices...
Done!
training corels
Done!
corelsTrainScore: 0.7678571428571429
corelsCvScore: 0.7777777777777778
corelsTestScore: 0.8533333333333334
corels rel mlp test: 1.0
corels rel rf test: 1.0
Parsing CSV...
Reading file: ../tmp/transfusion.data
Done!
Rows read: 748
Columns: 5
Column names:
0: 0
1: 1
2: 2
3: 3
4: 4

Done!
Splitting into training and test...
Done!
Constructing data matrices...
Done!
training corels
Done!
corelsTrainScore: 0.78125
corelsCvScore: 0.7822222222222223
corelsTestScore: 0.76
corels rel mlp test: 1.0
corels rel rf test: 1.0
Parsing CSV...
Reading file: ../tmp/transfusion.data
Done!
Rows read: 748
Columns: 5
Column names:
0: 0
1: 1
2: 2
3: 3
4: 4

Done!
Splitting into training and test...
Done!
Constructing data matrices...
Done!
training corels
Done!
corelsTrainScore: 0.7790178571428571
corelsCvScore: 0.7511111111111111
corelsTestScore: 0.8666666666666667
corels rel mlp test: 1.0
corels rel rf test: 1.0
Parsing CSV...
Reading file: ../tmp/transfusion.data
Done!
Rows read: 748
Columns: 5
Column names:
0: 0
1: 1
2: 2
3: 3
4: 4

Done!
Splitting into training and test...
Done!
Constructing data matrices...
Done!
training corels
Done!
corelsTrainScore: 0.7678571428571429
corelsCvScore: 0.8488888888888889
corelsTestScore: 0.64
corels rel mlp test: 1.0
corels rel rf test: 1.0
Parsing CSV...
Reading file: ../tmp/transfusion.data
Done!
Rows read: 748
Columns: 5
Column names:
0: 0
1: 1
2: 2
3: 3
4: 4

Done!
Splitting into training and test...
Done!
Constructing data matrices...
Done!
training corels
Done!
corelsTrainScore: 0.7633928571428571
corelsCvScore: 0.8
corelsTestScore: 0.8133333333333334
corels rel mlp test: 1.0
corels rel rf test: 1.0
Parsing CSV...
Reading file: ../tmp/transfusion.data
Done!
Rows read: 748
Columns: 5
Column names:
0: 0
1: 1
2: 2
3: 3
4: 4

Done!
Splitting into training and test...
Done!
Constructing data matrices...
Done!
training corels
Done!
corelsTrainScore: 0.23660714285714285
corelsCvScore: 0.21777777777777776
corelsTestScore: 0.30666666666666664
corels rel mlp test: 0.08
corels rel rf test: 0.08
Averaged over 10 trials: corels train score: 0.5553571428571429
Averaged over 10 trials: corels cv score: 0.5657777777777778
Averaged over 10 trials: corels test score: 0.5666666666666667
Averaged over 10 trials: expertsys relative mlp test score: 0.62
Averaged over 10 trials: expertsys relative rf test score: 0.62
