Parsing CSV...
Reading file: ../tmp/breast-cancer-wisconsin.data
Done!
Rows read: 699
Columns: 99
Column names:
0: 9
1: 0_1
2: 0_10
3: 0_2
4: 0_3
5: 0_4
6: 0_5
7: 0_6
8: 0_7
9: 0_8
10: 0_9
11: 0_nan
12: 1_1
13: 1_10
14: 1_2
15: 1_3
16: 1_4
17: 1_5
18: 1_6
19: 1_7
20: 1_8
21: 1_9
22: 1_nan
23: 2_1
24: 2_10
25: 2_2
26: 2_3
27: 2_4
28: 2_5
29: 2_6
30: 2_7
31: 2_8
32: 2_9
33: 2_nan
34: 3_1
35: 3_10
36: 3_2
37: 3_3
38: 3_4
39: 3_5
40: 3_6
41: 3_7
42: 3_8
43: 3_9
44: 3_nan
45: 4_1
46: 4_10
47: 4_2
48: 4_3
49: 4_4
50: 4_5
51: 4_6
52: 4_7
53: 4_8
54: 4_9
55: 4_nan
56: 5_1
57: 5_10
58: 5_2
59: 5_3
60: 5_4
61: 5_5
62: 5_6
63: 5_7
64: 5_8
65: 5_9
66: 5_nan
67: 6_1
68: 6_10
69: 6_2
70: 6_3
71: 6_4
72: 6_5
73: 6_6
74: 6_7
75: 6_8
76: 6_9
77: 6_nan
78: 7_1
79: 7_10
80: 7_2
81: 7_3
82: 7_4
83: 7_5
84: 7_6
85: 7_7
86: 7_8
87: 7_9
88: 7_nan
89: 8_1
90: 8_10
91: 8_2
92: 8_3
93: 8_4
94: 8_5
95: 8_6
96: 8_7
97: 8_8
98: 8_nan

Done!
Splitting into training and test...
Done!
Constructing data matrices...
Done!
training corels
Done!
corelsTrainScore: 0.9307875894988067
corelsCvScore: 0.9333333333333333
corelsTestScore: 0.9571428571428572
corels rel mlp test: 0.9285714285714286
corels rel rf test: 0.9428571428571428
Parsing CSV...
Reading file: ../tmp/breast-cancer-wisconsin.data
Done!
Rows read: 699
Columns: 99
Column names:
0: 9
1: 0_1
2: 0_10
3: 0_2
4: 0_3
5: 0_4
6: 0_5
7: 0_6
8: 0_7
9: 0_8
10: 0_9
11: 0_nan
12: 1_1
13: 1_10
14: 1_2
15: 1_3
16: 1_4
17: 1_5
18: 1_6
19: 1_7
20: 1_8
21: 1_9
22: 1_nan
23: 2_1
24: 2_10
25: 2_2
26: 2_3
27: 2_4
28: 2_5
29: 2_6
30: 2_7
31: 2_8
32: 2_9
33: 2_nan
34: 3_1
35: 3_10
36: 3_2
37: 3_3
38: 3_4
39: 3_5
40: 3_6
41: 3_7
42: 3_8
43: 3_9
44: 3_nan
45: 4_1
46: 4_10
47: 4_2
48: 4_3
49: 4_4
50: 4_5
51: 4_6
52: 4_7
53: 4_8
54: 4_9
55: 4_nan
56: 5_1
57: 5_10
58: 5_2
59: 5_3
60: 5_4
61: 5_5
62: 5_6
63: 5_7
64: 5_8
65: 5_9
66: 5_nan
67: 6_1
68: 6_10
69: 6_2
70: 6_3
71: 6_4
72: 6_5
73: 6_6
74: 6_7
75: 6_8
76: 6_9
77: 6_nan
78: 7_1
79: 7_10
80: 7_2
81: 7_3
82: 7_4
83: 7_5
84: 7_6
85: 7_7
86: 7_8
87: 7_9
88: 7_nan
89: 8_1
90: 8_10
91: 8_2
92: 8_3
93: 8_4
94: 8_5
95: 8_6
96: 8_7
97: 8_8
98: 8_nan

Done!
Splitting into training and test...
Done!
Constructing data matrices...
Done!
training corels
Done!
corelsTrainScore: 0.9379474940334129
corelsCvScore: 0.9333333333333333
corelsTestScore: 0.8714285714285714
corels rel mlp test: 0.9
corels rel rf test: 0.9285714285714286
Parsing CSV...
Reading file: ../tmp/breast-cancer-wisconsin.data
Done!
Rows read: 699
Columns: 99
Column names:
0: 9
1: 0_1
2: 0_10
3: 0_2
4: 0_3
5: 0_4
6: 0_5
7: 0_6
8: 0_7
9: 0_8
10: 0_9
11: 0_nan
12: 1_1
13: 1_10
14: 1_2
15: 1_3
16: 1_4
17: 1_5
18: 1_6
19: 1_7
20: 1_8
21: 1_9
22: 1_nan
23: 2_1
24: 2_10
25: 2_2
26: 2_3
27: 2_4
28: 2_5
29: 2_6
30: 2_7
31: 2_8
32: 2_9
33: 2_nan
34: 3_1
35: 3_10
36: 3_2
37: 3_3
38: 3_4
39: 3_5
40: 3_6
41: 3_7
42: 3_8
43: 3_9
44: 3_nan
45: 4_1
46: 4_10
47: 4_2
48: 4_3
49: 4_4
50: 4_5
51: 4_6
52: 4_7
53: 4_8
54: 4_9
55: 4_nan
56: 5_1
57: 5_10
58: 5_2
59: 5_3
60: 5_4
61: 5_5
62: 5_6
63: 5_7
64: 5_8
65: 5_9
66: 5_nan
67: 6_1
68: 6_10
69: 6_2
70: 6_3
71: 6_4
72: 6_5
73: 6_6
74: 6_7
75: 6_8
76: 6_9
77: 6_nan
78: 7_1
79: 7_10
80: 7_2
81: 7_3
82: 7_4
83: 7_5
84: 7_6
85: 7_7
86: 7_8
87: 7_9
88: 7_nan
89: 8_1
90: 8_10
91: 8_2
92: 8_3
93: 8_4
94: 8_5
95: 8_6
96: 8_7
97: 8_8
98: 8_nan

Done!
Splitting into training and test...
Done!
Constructing data matrices...
Done!
training corels
Done!
corelsTrainScore: 0.9451073985680191
corelsCvScore: 0.919047619047619
corelsTestScore: 0.9142857142857143
corels rel mlp test: 0.9428571428571428
corels rel rf test: 0.9714285714285714
Parsing CSV...
Reading file: ../tmp/breast-cancer-wisconsin.data
Done!
Rows read: 699
Columns: 99
Column names:
0: 9
1: 0_1
2: 0_10
3: 0_2
4: 0_3
5: 0_4
6: 0_5
7: 0_6
8: 0_7
9: 0_8
10: 0_9
11: 0_nan
12: 1_1
13: 1_10
14: 1_2
15: 1_3
16: 1_4
17: 1_5
18: 1_6
19: 1_7
20: 1_8
21: 1_9
22: 1_nan
23: 2_1
24: 2_10
25: 2_2
26: 2_3
27: 2_4
28: 2_5
29: 2_6
30: 2_7
31: 2_8
32: 2_9
33: 2_nan
34: 3_1
35: 3_10
36: 3_2
37: 3_3
38: 3_4
39: 3_5
40: 3_6
41: 3_7
42: 3_8
43: 3_9
44: 3_nan
45: 4_1
46: 4_10
47: 4_2
48: 4_3
49: 4_4
50: 4_5
51: 4_6
52: 4_7
53: 4_8
54: 4_9
55: 4_nan
56: 5_1
57: 5_10
58: 5_2
59: 5_3
60: 5_4
61: 5_5
62: 5_6
63: 5_7
64: 5_8
65: 5_9
66: 5_nan
67: 6_1
68: 6_10
69: 6_2
70: 6_3
71: 6_4
72: 6_5
73: 6_6
74: 6_7
75: 6_8
76: 6_9
77: 6_nan
78: 7_1
79: 7_10
80: 7_2
81: 7_3
82: 7_4
83: 7_5
84: 7_6
85: 7_7
86: 7_8
87: 7_9
88: 7_nan
89: 8_1
90: 8_10
91: 8_2
92: 8_3
93: 8_4
94: 8_5
95: 8_6
96: 8_7
97: 8_8
98: 8_nan

Done!
Splitting into training and test...
Done!
Constructing data matrices...
Done!
training corels
Done!
corelsTrainScore: 0.9284009546539379
corelsCvScore: 0.9380952380952381
corelsTestScore: 0.9571428571428572
corels rel mlp test: 0.9428571428571428
corels rel rf test: 0.9714285714285714
Parsing CSV...
Reading file: ../tmp/breast-cancer-wisconsin.data
Done!
Rows read: 699
Columns: 99
Column names:
0: 9
1: 0_1
2: 0_10
3: 0_2
4: 0_3
5: 0_4
6: 0_5
7: 0_6
8: 0_7
9: 0_8
10: 0_9
11: 0_nan
12: 1_1
13: 1_10
14: 1_2
15: 1_3
16: 1_4
17: 1_5
18: 1_6
19: 1_7
20: 1_8
21: 1_9
22: 1_nan
23: 2_1
24: 2_10
25: 2_2
26: 2_3
27: 2_4
28: 2_5
29: 2_6
30: 2_7
31: 2_8
32: 2_9
33: 2_nan
34: 3_1
35: 3_10
36: 3_2
37: 3_3
38: 3_4
39: 3_5
40: 3_6
41: 3_7
42: 3_8
43: 3_9
44: 3_nan
45: 4_1
46: 4_10
47: 4_2
48: 4_3
49: 4_4
50: 4_5
51: 4_6
52: 4_7
53: 4_8
54: 4_9
55: 4_nan
56: 5_1
57: 5_10
58: 5_2
59: 5_3
60: 5_4
61: 5_5
62: 5_6
63: 5_7
64: 5_8
65: 5_9
66: 5_nan
67: 6_1
68: 6_10
69: 6_2
70: 6_3
71: 6_4
72: 6_5
73: 6_6
74: 6_7
75: 6_8
76: 6_9
77: 6_nan
78: 7_1
79: 7_10
80: 7_2
81: 7_3
82: 7_4
83: 7_5
84: 7_6
85: 7_7
86: 7_8
87: 7_9
88: 7_nan
89: 8_1
90: 8_10
91: 8_2
92: 8_3
93: 8_4
94: 8_5
95: 8_6
96: 8_7
97: 8_8
98: 8_nan

Done!
Splitting into training and test...
Done!
Constructing data matrices...
Done!
training corels
Done!
corelsTrainScore: 0.9236276849642004
corelsCvScore: 0.9571428571428572
corelsTestScore: 0.9285714285714286
corels rel mlp test: 0.9
corels rel rf test: 0.9285714285714286
Parsing CSV...
Reading file: ../tmp/breast-cancer-wisconsin.data
Done!
Rows read: 699
Columns: 99
Column names:
0: 9
1: 0_1
2: 0_10
3: 0_2
4: 0_3
5: 0_4
6: 0_5
7: 0_6
8: 0_7
9: 0_8
10: 0_9
11: 0_nan
12: 1_1
13: 1_10
14: 1_2
15: 1_3
16: 1_4
17: 1_5
18: 1_6
19: 1_7
20: 1_8
21: 1_9
22: 1_nan
23: 2_1
24: 2_10
25: 2_2
26: 2_3
27: 2_4
28: 2_5
29: 2_6
30: 2_7
31: 2_8
32: 2_9
33: 2_nan
34: 3_1
35: 3_10
36: 3_2
37: 3_3
38: 3_4
39: 3_5
40: 3_6
41: 3_7
42: 3_8
43: 3_9
44: 3_nan
45: 4_1
46: 4_10
47: 4_2
48: 4_3
49: 4_4
50: 4_5
51: 4_6
52: 4_7
53: 4_8
54: 4_9
55: 4_nan
56: 5_1
57: 5_10
58: 5_2
59: 5_3
60: 5_4
61: 5_5
62: 5_6
63: 5_7
64: 5_8
65: 5_9
66: 5_nan
67: 6_1
68: 6_10
69: 6_2
70: 6_3
71: 6_4
72: 6_5
73: 6_6
74: 6_7
75: 6_8
76: 6_9
77: 6_nan
78: 7_1
79: 7_10
80: 7_2
81: 7_3
82: 7_4
83: 7_5
84: 7_6
85: 7_7
86: 7_8
87: 7_9
88: 7_nan
89: 8_1
90: 8_10
91: 8_2
92: 8_3
93: 8_4
94: 8_5
95: 8_6
96: 8_7
97: 8_8
98: 8_nan

Done!
Splitting into training and test...
Done!
Constructing data matrices...
Done!
training corels
Done!
corelsTrainScore: 0.9379474940334129
corelsCvScore: 0.8857142857142857
corelsTestScore: 0.9571428571428572
corels rel mlp test: 0.9428571428571428
corels rel rf test: 0.9571428571428572
Parsing CSV...
Reading file: ../tmp/breast-cancer-wisconsin.data
Done!
Rows read: 699
Columns: 99
Column names:
0: 9
1: 0_1
2: 0_10
3: 0_2
4: 0_3
5: 0_4
6: 0_5
7: 0_6
8: 0_7
9: 0_8
10: 0_9
11: 0_nan
12: 1_1
13: 1_10
14: 1_2
15: 1_3
16: 1_4
17: 1_5
18: 1_6
19: 1_7
20: 1_8
21: 1_9
22: 1_nan
23: 2_1
24: 2_10
25: 2_2
26: 2_3
27: 2_4
28: 2_5
29: 2_6
30: 2_7
31: 2_8
32: 2_9
33: 2_nan
34: 3_1
35: 3_10
36: 3_2
37: 3_3
38: 3_4
39: 3_5
40: 3_6
41: 3_7
42: 3_8
43: 3_9
44: 3_nan
45: 4_1
46: 4_10
47: 4_2
48: 4_3
49: 4_4
50: 4_5
51: 4_6
52: 4_7
53: 4_8
54: 4_9
55: 4_nan
56: 5_1
57: 5_10
58: 5_2
59: 5_3
60: 5_4
61: 5_5
62: 5_6
63: 5_7
64: 5_8
65: 5_9
66: 5_nan
67: 6_1
68: 6_10
69: 6_2
70: 6_3
71: 6_4
72: 6_5
73: 6_6
74: 6_7
75: 6_8
76: 6_9
77: 6_nan
78: 7_1
79: 7_10
80: 7_2
81: 7_3
82: 7_4
83: 7_5
84: 7_6
85: 7_7
86: 7_8
87: 7_9
88: 7_nan
89: 8_1
90: 8_10
91: 8_2
92: 8_3
93: 8_4
94: 8_5
95: 8_6
96: 8_7
97: 8_8
98: 8_nan

Done!
Splitting into training and test...
Done!
Constructing data matrices...
Done!
training corels
Done!
corelsTrainScore: 0.9355608591885441
corelsCvScore: 0.919047619047619
corelsTestScore: 0.8714285714285714
corels rel mlp test: 0.8857142857142857
corels rel rf test: 0.9
Parsing CSV...
Reading file: ../tmp/breast-cancer-wisconsin.data
Done!
Rows read: 699
Columns: 99
Column names:
0: 9
1: 0_1
2: 0_10
3: 0_2
4: 0_3
5: 0_4
6: 0_5
7: 0_6
8: 0_7
9: 0_8
10: 0_9
11: 0_nan
12: 1_1
13: 1_10
14: 1_2
15: 1_3
16: 1_4
17: 1_5
18: 1_6
19: 1_7
20: 1_8
21: 1_9
22: 1_nan
23: 2_1
24: 2_10
25: 2_2
26: 2_3
27: 2_4
28: 2_5
29: 2_6
30: 2_7
31: 2_8
32: 2_9
33: 2_nan
34: 3_1
35: 3_10
36: 3_2
37: 3_3
38: 3_4
39: 3_5
40: 3_6
41: 3_7
42: 3_8
43: 3_9
44: 3_nan
45: 4_1
46: 4_10
47: 4_2
48: 4_3
49: 4_4
50: 4_5
51: 4_6
52: 4_7
53: 4_8
54: 4_9
55: 4_nan
56: 5_1
57: 5_10
58: 5_2
59: 5_3
60: 5_4
61: 5_5
62: 5_6
63: 5_7
64: 5_8
65: 5_9
66: 5_nan
67: 6_1
68: 6_10
69: 6_2
70: 6_3
71: 6_4
72: 6_5
73: 6_6
74: 6_7
75: 6_8
76: 6_9
77: 6_nan
78: 7_1
79: 7_10
80: 7_2
81: 7_3
82: 7_4
83: 7_5
84: 7_6
85: 7_7
86: 7_8
87: 7_9
88: 7_nan
89: 8_1
90: 8_10
91: 8_2
92: 8_3
93: 8_4
94: 8_5
95: 8_6
96: 8_7
97: 8_8
98: 8_nan

Done!
Splitting into training and test...
Done!
Constructing data matrices...
Done!
training corels
Done!
corelsTrainScore: 0.9307875894988067
corelsCvScore: 0.9428571428571428
corelsTestScore: 0.9285714285714286
corels rel mlp test: 0.9571428571428572
corels rel rf test: 0.9428571428571428
Parsing CSV...
Reading file: ../tmp/breast-cancer-wisconsin.data
Done!
Rows read: 699
Columns: 99
Column names:
0: 9
1: 0_1
2: 0_10
3: 0_2
4: 0_3
5: 0_4
6: 0_5
7: 0_6
8: 0_7
9: 0_8
10: 0_9
11: 0_nan
12: 1_1
13: 1_10
14: 1_2
15: 1_3
16: 1_4
17: 1_5
18: 1_6
19: 1_7
20: 1_8
21: 1_9
22: 1_nan
23: 2_1
24: 2_10
25: 2_2
26: 2_3
27: 2_4
28: 2_5
29: 2_6
30: 2_7
31: 2_8
32: 2_9
33: 2_nan
34: 3_1
35: 3_10
36: 3_2
37: 3_3
38: 3_4
39: 3_5
40: 3_6
41: 3_7
42: 3_8
43: 3_9
44: 3_nan
45: 4_1
46: 4_10
47: 4_2
48: 4_3
49: 4_4
50: 4_5
51: 4_6
52: 4_7
53: 4_8
54: 4_9
55: 4_nan
56: 5_1
57: 5_10
58: 5_2
59: 5_3
60: 5_4
61: 5_5
62: 5_6
63: 5_7
64: 5_8
65: 5_9
66: 5_nan
67: 6_1
68: 6_10
69: 6_2
70: 6_3
71: 6_4
72: 6_5
73: 6_6
74: 6_7
75: 6_8
76: 6_9
77: 6_nan
78: 7_1
79: 7_10
80: 7_2
81: 7_3
82: 7_4
83: 7_5
84: 7_6
85: 7_7
86: 7_8
87: 7_9
88: 7_nan
89: 8_1
90: 8_10
91: 8_2
92: 8_3
93: 8_4
94: 8_5
95: 8_6
96: 8_7
97: 8_8
98: 8_nan

Done!
Splitting into training and test...
Done!
Constructing data matrices...
Done!
training corels
Done!
corelsTrainScore: 0.9260143198090692
corelsCvScore: 0.9333333333333333
corelsTestScore: 0.9857142857142858
corels rel mlp test: 0.9714285714285714
corels rel rf test: 1.0
Parsing CSV...
Reading file: ../tmp/breast-cancer-wisconsin.data
Done!
Rows read: 699
Columns: 99
Column names:
0: 9
1: 0_1
2: 0_10
3: 0_2
4: 0_3
5: 0_4
6: 0_5
7: 0_6
8: 0_7
9: 0_8
10: 0_9
11: 0_nan
12: 1_1
13: 1_10
14: 1_2
15: 1_3
16: 1_4
17: 1_5
18: 1_6
19: 1_7
20: 1_8
21: 1_9
22: 1_nan
23: 2_1
24: 2_10
25: 2_2
26: 2_3
27: 2_4
28: 2_5
29: 2_6
30: 2_7
31: 2_8
32: 2_9
33: 2_nan
34: 3_1
35: 3_10
36: 3_2
37: 3_3
38: 3_4
39: 3_5
40: 3_6
41: 3_7
42: 3_8
43: 3_9
44: 3_nan
45: 4_1
46: 4_10
47: 4_2
48: 4_3
49: 4_4
50: 4_5
51: 4_6
52: 4_7
53: 4_8
54: 4_9
55: 4_nan
56: 5_1
57: 5_10
58: 5_2
59: 5_3
60: 5_4
61: 5_5
62: 5_6
63: 5_7
64: 5_8
65: 5_9
66: 5_nan
67: 6_1
68: 6_10
69: 6_2
70: 6_3
71: 6_4
72: 6_5
73: 6_6
74: 6_7
75: 6_8
76: 6_9
77: 6_nan
78: 7_1
79: 7_10
80: 7_2
81: 7_3
82: 7_4
83: 7_5
84: 7_6
85: 7_7
86: 7_8
87: 7_9
88: 7_nan
89: 8_1
90: 8_10
91: 8_2
92: 8_3
93: 8_4
94: 8_5
95: 8_6
96: 8_7
97: 8_8
98: 8_nan

Done!
Splitting into training and test...
Done!
Constructing data matrices...
Done!
training corels
Done!
corelsTrainScore: 0.9427207637231504
corelsCvScore: 0.9238095238095239
corelsTestScore: 0.9142857142857143
corels rel mlp test: 0.9428571428571428
corels rel rf test: 0.9571428571428572
Averaged over 10 trials: corels train score: 0.9338902147971359
Averaged over 10 trials: corels cv score: 0.9285714285714286
Averaged over 10 trials: corels test score: 0.9285714285714286
Averaged over 10 trials: expertsys relative mlp test score: 0.9314285714285715
Averaged over 10 trials: expertsys relative rf test score: 0.9500000000000002
