Parsing CSV...
Reading file: ../tmp/breast_cancer_prog.data
Done!
Rows read: 198
Columns: 33
Column names:
0: 0
1: 1
2: 2
3: 3
4: 4
5: 5
6: 6
7: 7
8: 8
9: 9
10: 10
11: 11
12: 12
13: 13
14: 14
15: 15
16: 16
17: 17
18: 18
19: 19
20: 20
21: 21
22: 22
23: 23
24: 24
25: 25
26: 26
27: 27
28: 28
29: 29
30: 30
31: 31
32: 32

Done!
Splitting into training and test...
Done!
Constructing data matrices...
Done!
training corels
Done!
corelsTrainScore: 0.8135593220338984
corelsCvScore: 0.7
corelsTestScore: 0.85
corels rel mlp test: 0.6
corels rel rf test: 0.9
Parsing CSV...
Reading file: ../tmp/breast_cancer_prog.data
Done!
Rows read: 198
Columns: 33
Column names:
0: 0
1: 1
2: 2
3: 3
4: 4
5: 5
6: 6
7: 7
8: 8
9: 9
10: 10
11: 11
12: 12
13: 13
14: 14
15: 15
16: 16
17: 17
18: 18
19: 19
20: 20
21: 21
22: 22
23: 23
24: 24
25: 25
26: 26
27: 27
28: 28
29: 29
30: 30
31: 31
32: 32

Done!
Splitting into training and test...
Done!
Constructing data matrices...
Done!
training corels
Done!
corelsTrainScore: 0.8220338983050848
corelsCvScore: 0.7166666666666667
corelsTestScore: 0.75
corels rel mlp test: 0.8
corels rel rf test: 0.9
Parsing CSV...
Reading file: ../tmp/breast_cancer_prog.data
Done!
Rows read: 198
Columns: 33
Column names:
0: 0
1: 1
2: 2
3: 3
4: 4
5: 5
6: 6
7: 7
8: 8
9: 9
10: 10
11: 11
12: 12
13: 13
14: 14
15: 15
16: 16
17: 17
18: 18
19: 19
20: 20
21: 21
22: 22
23: 23
24: 24
25: 25
26: 26
27: 27
28: 28
29: 29
30: 30
31: 31
32: 32

Done!
Splitting into training and test...
Done!
Constructing data matrices...
Done!
training corels
Done!
corelsTrainScore: 0.8220338983050848
corelsCvScore: 0.8
corelsTestScore: 0.75
corels rel mlp test: 0.85
corels rel rf test: 0.95
Parsing CSV...
Reading file: ../tmp/breast_cancer_prog.data
Done!
Rows read: 198
Columns: 33
Column names:
0: 0
1: 1
2: 2
3: 3
4: 4
5: 5
6: 6
7: 7
8: 8
9: 9
10: 10
11: 11
12: 12
13: 13
14: 14
15: 15
16: 16
17: 17
18: 18
19: 19
20: 20
21: 21
22: 22
23: 23
24: 24
25: 25
26: 26
27: 27
28: 28
29: 29
30: 30
31: 31
32: 32

Done!
Splitting into training and test...
Done!
Constructing data matrices...
Done!
training corels
Done!
corelsTrainScore: 0.8050847457627118
corelsCvScore: 0.7333333333333333
corelsTestScore: 0.75
corels rel mlp test: 0.55
corels rel rf test: 0.75
Parsing CSV...
Reading file: ../tmp/breast_cancer_prog.data
Done!
Rows read: 198
Columns: 33
Column names:
0: 0
1: 1
2: 2
3: 3
4: 4
5: 5
6: 6
7: 7
8: 8
9: 9
10: 10
11: 11
12: 12
13: 13
14: 14
15: 15
16: 16
17: 17
18: 18
19: 19
20: 20
21: 21
22: 22
23: 23
24: 24
25: 25
26: 26
27: 27
28: 28
29: 29
30: 30
31: 31
32: 32

Done!
Splitting into training and test...
Done!
Constructing data matrices...
Done!
training corels
Done!
corelsTrainScore: 0.7796610169491526
corelsCvScore: 0.7166666666666667
corelsTestScore: 0.8
corels rel mlp test: 0.9
corels rel rf test: 1.0
Parsing CSV...
Reading file: ../tmp/breast_cancer_prog.data
Done!
Rows read: 198
Columns: 33
Column names:
0: 0
1: 1
2: 2
3: 3
4: 4
5: 5
6: 6
7: 7
8: 8
9: 9
10: 10
11: 11
12: 12
13: 13
14: 14
15: 15
16: 16
17: 17
18: 18
19: 19
20: 20
21: 21
22: 22
23: 23
24: 24
25: 25
26: 26
27: 27
28: 28
29: 29
30: 30
31: 31
32: 32

Done!
Splitting into training and test...
Done!
Constructing data matrices...
Done!
training corels
Done!
corelsTrainScore: 0.8220338983050848
corelsCvScore: 0.7666666666666667
corelsTestScore: 0.8
corels rel mlp test: 0.9
corels rel rf test: 0.8
Parsing CSV...
Reading file: ../tmp/breast_cancer_prog.data
Done!
Rows read: 198
Columns: 33
Column names:
0: 0
1: 1
2: 2
3: 3
4: 4
5: 5
6: 6
7: 7
8: 8
9: 9
10: 10
11: 11
12: 12
13: 13
14: 14
15: 15
16: 16
17: 17
18: 18
19: 19
20: 20
21: 21
22: 22
23: 23
24: 24
25: 25
26: 26
27: 27
28: 28
29: 29
30: 30
31: 31
32: 32

Done!
Splitting into training and test...
Done!
Constructing data matrices...
Done!
training corels
Done!
corelsTrainScore: 0.8305084745762712
corelsCvScore: 0.7166666666666667
corelsTestScore: 0.85
corels rel mlp test: 0.9
corels rel rf test: 1.0
Parsing CSV...
Reading file: ../tmp/breast_cancer_prog.data
Done!
Rows read: 198
Columns: 33
Column names:
0: 0
1: 1
2: 2
3: 3
4: 4
5: 5
6: 6
7: 7
8: 8
9: 9
10: 10
11: 11
12: 12
13: 13
14: 14
15: 15
16: 16
17: 17
18: 18
19: 19
20: 20
21: 21
22: 22
23: 23
24: 24
25: 25
26: 26
27: 27
28: 28
29: 29
30: 30
31: 31
32: 32

Done!
Splitting into training and test...
Done!
Constructing data matrices...
Done!
training corels
Done!
corelsTrainScore: 0.8389830508474576
corelsCvScore: 0.6833333333333333
corelsTestScore: 0.85
corels rel mlp test: 0.85
corels rel rf test: 0.85
Parsing CSV...
Reading file: ../tmp/breast_cancer_prog.data
Done!
Rows read: 198
Columns: 33
Column names:
0: 0
1: 1
2: 2
3: 3
4: 4
5: 5
6: 6
7: 7
8: 8
9: 9
10: 10
11: 11
12: 12
13: 13
14: 14
15: 15
16: 16
17: 17
18: 18
19: 19
20: 20
21: 21
22: 22
23: 23
24: 24
25: 25
26: 26
27: 27
28: 28
29: 29
30: 30
31: 31
32: 32

Done!
Splitting into training and test...
Done!
Constructing data matrices...
Done!
training corels
Done!
corelsTrainScore: 0.8135593220338984
corelsCvScore: 0.7
corelsTestScore: 0.75
corels rel mlp test: 1.0
corels rel rf test: 0.9
Parsing CSV...
Reading file: ../tmp/breast_cancer_prog.data
Done!
Rows read: 198
Columns: 33
Column names:
0: 0
1: 1
2: 2
3: 3
4: 4
5: 5
6: 6
7: 7
8: 8
9: 9
10: 10
11: 11
12: 12
13: 13
14: 14
15: 15
16: 16
17: 17
18: 18
19: 19
20: 20
21: 21
22: 22
23: 23
24: 24
25: 25
26: 26
27: 27
28: 28
29: 29
30: 30
31: 31
32: 32

Done!
Splitting into training and test...
Done!
Constructing data matrices...
Done!
training corels
Done!
corelsTrainScore: 0.8305084745762712
corelsCvScore: 0.7166666666666667
corelsTestScore: 0.7
corels rel mlp test: 0.85
corels rel rf test: 0.85
Averaged over 10 trials: corels train score: 0.8177966101694917
Averaged over 10 trials: corels cv score: 0.7250000000000001
Averaged over 10 trials: corels test score: 0.7849999999999999
Averaged over 10 trials: expertsys relative mlp test score: 0.82
Averaged over 10 trials: expertsys relative rf test score: 0.8899999999999999
