Parsing CSV...
Reading file: ../tmp/kr-vs-kp.data
Done!
Rows read: 3196
Columns: 110
Column names:
0: 36
1: 0_f
2: 0_t
3: 0_nan
4: 1_f
5: 1_t
6: 1_nan
7: 2_f
8: 2_t
9: 2_nan
10: 3_f
11: 3_t
12: 3_nan
13: 4_f
14: 4_t
15: 4_nan
16: 5_f
17: 5_t
18: 5_nan
19: 6_f
20: 6_t
21: 6_nan
22: 7_f
23: 7_t
24: 7_nan
25: 8_f
26: 8_t
27: 8_nan
28: 9_f
29: 9_t
30: 9_nan
31: 10_f
32: 10_t
33: 10_nan
34: 11_f
35: 11_t
36: 11_nan
37: 12_g
38: 12_l
39: 12_nan
40: 13_f
41: 13_t
42: 13_nan
43: 14_b
44: 14_n
45: 14_w
46: 14_nan
47: 15_f
48: 15_t
49: 15_nan
50: 16_f
51: 16_t
52: 16_nan
53: 17_f
54: 17_t
55: 17_nan
56: 18_f
57: 18_t
58: 18_nan
59: 19_f
60: 19_t
61: 19_nan
62: 20_f
63: 20_t
64: 20_nan
65: 21_f
66: 21_t
67: 21_nan
68: 22_f
69: 22_t
70: 22_nan
71: 23_f
72: 23_t
73: 23_nan
74: 24_f
75: 24_t
76: 24_nan
77: 25_f
78: 25_t
79: 25_nan
80: 26_f
81: 26_t
82: 26_nan
83: 27_f
84: 27_t
85: 27_nan
86: 28_f
87: 28_t
88: 28_nan
89: 29_f
90: 29_t
91: 29_nan
92: 30_f
93: 30_t
94: 30_nan
95: 31_f
96: 31_t
97: 31_nan
98: 32_f
99: 32_t
100: 32_nan
101: 33_f
102: 33_t
103: 33_nan
104: 34_f
105: 34_t
106: 34_nan
107: 35_n
108: 35_t
109: 35_nan

Done!
Splitting into training and test...
Done!
Constructing data matrices...
Done!
training corels
Done!
corelsTrainScore: 0.7976004173187272
corelsCvScore: 0.7935349322210636
corelsTestScore: 0.75625
corels rel mlp test: 0.746875
corels rel rf test: 0.753125
Parsing CSV...
Reading file: ../tmp/kr-vs-kp.data
Done!
Rows read: 3196
Columns: 110
Column names:
0: 36
1: 0_f
2: 0_t
3: 0_nan
4: 1_f
5: 1_t
6: 1_nan
7: 2_f
8: 2_t
9: 2_nan
10: 3_f
11: 3_t
12: 3_nan
13: 4_f
14: 4_t
15: 4_nan
16: 5_f
17: 5_t
18: 5_nan
19: 6_f
20: 6_t
21: 6_nan
22: 7_f
23: 7_t
24: 7_nan
25: 8_f
26: 8_t
27: 8_nan
28: 9_f
29: 9_t
30: 9_nan
31: 10_f
32: 10_t
33: 10_nan
34: 11_f
35: 11_t
36: 11_nan
37: 12_g
38: 12_l
39: 12_nan
40: 13_f
41: 13_t
42: 13_nan
43: 14_b
44: 14_n
45: 14_w
46: 14_nan
47: 15_f
48: 15_t
49: 15_nan
50: 16_f
51: 16_t
52: 16_nan
53: 17_f
54: 17_t
55: 17_nan
56: 18_f
57: 18_t
58: 18_nan
59: 19_f
60: 19_t
61: 19_nan
62: 20_f
63: 20_t
64: 20_nan
65: 21_f
66: 21_t
67: 21_nan
68: 22_f
69: 22_t
70: 22_nan
71: 23_f
72: 23_t
73: 23_nan
74: 24_f
75: 24_t
76: 24_nan
77: 25_f
78: 25_t
79: 25_nan
80: 26_f
81: 26_t
82: 26_nan
83: 27_f
84: 27_t
85: 27_nan
86: 28_f
87: 28_t
88: 28_nan
89: 29_f
90: 29_t
91: 29_nan
92: 30_f
93: 30_t
94: 30_nan
95: 31_f
96: 31_t
97: 31_nan
98: 32_f
99: 32_t
100: 32_nan
101: 33_f
102: 33_t
103: 33_nan
104: 34_f
105: 34_t
106: 34_nan
107: 35_n
108: 35_t
109: 35_nan

Done!
Splitting into training and test...
Done!
Constructing data matrices...
Done!
training corels
Done!
corelsTrainScore: 0.7970787689097548
corelsCvScore: 0.7841501564129302
corelsTestScore: 0.7875
corels rel mlp test: 0.78125
corels rel rf test: 0.796875
Parsing CSV...
Reading file: ../tmp/kr-vs-kp.data
Done!
Rows read: 3196
Columns: 110
Column names:
0: 36
1: 0_f
2: 0_t
3: 0_nan
4: 1_f
5: 1_t
6: 1_nan
7: 2_f
8: 2_t
9: 2_nan
10: 3_f
11: 3_t
12: 3_nan
13: 4_f
14: 4_t
15: 4_nan
16: 5_f
17: 5_t
18: 5_nan
19: 6_f
20: 6_t
21: 6_nan
22: 7_f
23: 7_t
24: 7_nan
25: 8_f
26: 8_t
27: 8_nan
28: 9_f
29: 9_t
30: 9_nan
31: 10_f
32: 10_t
33: 10_nan
34: 11_f
35: 11_t
36: 11_nan
37: 12_g
38: 12_l
39: 12_nan
40: 13_f
41: 13_t
42: 13_nan
43: 14_b
44: 14_n
45: 14_w
46: 14_nan
47: 15_f
48: 15_t
49: 15_nan
50: 16_f
51: 16_t
52: 16_nan
53: 17_f
54: 17_t
55: 17_nan
56: 18_f
57: 18_t
58: 18_nan
59: 19_f
60: 19_t
61: 19_nan
62: 20_f
63: 20_t
64: 20_nan
65: 21_f
66: 21_t
67: 21_nan
68: 22_f
69: 22_t
70: 22_nan
71: 23_f
72: 23_t
73: 23_nan
74: 24_f
75: 24_t
76: 24_nan
77: 25_f
78: 25_t
79: 25_nan
80: 26_f
81: 26_t
82: 26_nan
83: 27_f
84: 27_t
85: 27_nan
86: 28_f
87: 28_t
88: 28_nan
89: 29_f
90: 29_t
91: 29_nan
92: 30_f
93: 30_t
94: 30_nan
95: 31_f
96: 31_t
97: 31_nan
98: 32_f
99: 32_t
100: 32_nan
101: 33_f
102: 33_t
103: 33_nan
104: 34_f
105: 34_t
106: 34_nan
107: 35_n
108: 35_t
109: 35_nan

Done!
Splitting into training and test...
Done!
Constructing data matrices...
Done!
training corels
Done!
corelsTrainScore: 0.7892540427751695
corelsCvScore: 0.7935349322210636
corelsTestScore: 0.80625
corels rel mlp test: 0.809375
corels rel rf test: 0.8125
Parsing CSV...
Reading file: ../tmp/kr-vs-kp.data
Done!
Rows read: 3196
Columns: 110
Column names:
0: 36
1: 0_f
2: 0_t
3: 0_nan
4: 1_f
5: 1_t
6: 1_nan
7: 2_f
8: 2_t
9: 2_nan
10: 3_f
11: 3_t
12: 3_nan
13: 4_f
14: 4_t
15: 4_nan
16: 5_f
17: 5_t
18: 5_nan
19: 6_f
20: 6_t
21: 6_nan
22: 7_f
23: 7_t
24: 7_nan
25: 8_f
26: 8_t
27: 8_nan
28: 9_f
29: 9_t
30: 9_nan
31: 10_f
32: 10_t
33: 10_nan
34: 11_f
35: 11_t
36: 11_nan
37: 12_g
38: 12_l
39: 12_nan
40: 13_f
41: 13_t
42: 13_nan
43: 14_b
44: 14_n
45: 14_w
46: 14_nan
47: 15_f
48: 15_t
49: 15_nan
50: 16_f
51: 16_t
52: 16_nan
53: 17_f
54: 17_t
55: 17_nan
56: 18_f
57: 18_t
58: 18_nan
59: 19_f
60: 19_t
61: 19_nan
62: 20_f
63: 20_t
64: 20_nan
65: 21_f
66: 21_t
67: 21_nan
68: 22_f
69: 22_t
70: 22_nan
71: 23_f
72: 23_t
73: 23_nan
74: 24_f
75: 24_t
76: 24_nan
77: 25_f
78: 25_t
79: 25_nan
80: 26_f
81: 26_t
82: 26_nan
83: 27_f
84: 27_t
85: 27_nan
86: 28_f
87: 28_t
88: 28_nan
89: 29_f
90: 29_t
91: 29_nan
92: 30_f
93: 30_t
94: 30_nan
95: 31_f
96: 31_t
97: 31_nan
98: 32_f
99: 32_t
100: 32_nan
101: 33_f
102: 33_t
103: 33_nan
104: 34_f
105: 34_t
106: 34_nan
107: 35_n
108: 35_t
109: 35_nan

Done!
Splitting into training and test...
Done!
Constructing data matrices...
Done!
training corels
Done!
corelsTrainScore: 0.7981220657276995
corelsCvScore: 0.786235662148071
corelsTestScore: 0.775
corels rel mlp test: 0.775
corels rel rf test: 0.7875
Parsing CSV...
Reading file: ../tmp/kr-vs-kp.data
Done!
Rows read: 3196
Columns: 110
Column names:
0: 36
1: 0_f
2: 0_t
3: 0_nan
4: 1_f
5: 1_t
6: 1_nan
7: 2_f
8: 2_t
9: 2_nan
10: 3_f
11: 3_t
12: 3_nan
13: 4_f
14: 4_t
15: 4_nan
16: 5_f
17: 5_t
18: 5_nan
19: 6_f
20: 6_t
21: 6_nan
22: 7_f
23: 7_t
24: 7_nan
25: 8_f
26: 8_t
27: 8_nan
28: 9_f
29: 9_t
30: 9_nan
31: 10_f
32: 10_t
33: 10_nan
34: 11_f
35: 11_t
36: 11_nan
37: 12_g
38: 12_l
39: 12_nan
40: 13_f
41: 13_t
42: 13_nan
43: 14_b
44: 14_n
45: 14_w
46: 14_nan
47: 15_f
48: 15_t
49: 15_nan
50: 16_f
51: 16_t
52: 16_nan
53: 17_f
54: 17_t
55: 17_nan
56: 18_f
57: 18_t
58: 18_nan
59: 19_f
60: 19_t
61: 19_nan
62: 20_f
63: 20_t
64: 20_nan
65: 21_f
66: 21_t
67: 21_nan
68: 22_f
69: 22_t
70: 22_nan
71: 23_f
72: 23_t
73: 23_nan
74: 24_f
75: 24_t
76: 24_nan
77: 25_f
78: 25_t
79: 25_nan
80: 26_f
81: 26_t
82: 26_nan
83: 27_f
84: 27_t
85: 27_nan
86: 28_f
87: 28_t
88: 28_nan
89: 29_f
90: 29_t
91: 29_nan
92: 30_f
93: 30_t
94: 30_nan
95: 31_f
96: 31_t
97: 31_nan
98: 32_f
99: 32_t
100: 32_nan
101: 33_f
102: 33_t
103: 33_nan
104: 34_f
105: 34_t
106: 34_nan
107: 35_n
108: 35_t
109: 35_nan

Done!
Splitting into training and test...
Done!
Constructing data matrices...
Done!
training corels
Done!
corelsTrainScore: 0.7861241523213354
corelsCvScore: 0.7977059436913452
corelsTestScore: 0.8125
corels rel mlp test: 0.8
corels rel rf test: 0.809375
Parsing CSV...
Reading file: ../tmp/kr-vs-kp.data
Done!
Rows read: 3196
Columns: 110
Column names:
0: 36
1: 0_f
2: 0_t
3: 0_nan
4: 1_f
5: 1_t
6: 1_nan
7: 2_f
8: 2_t
9: 2_nan
10: 3_f
11: 3_t
12: 3_nan
13: 4_f
14: 4_t
15: 4_nan
16: 5_f
17: 5_t
18: 5_nan
19: 6_f
20: 6_t
21: 6_nan
22: 7_f
23: 7_t
24: 7_nan
25: 8_f
26: 8_t
27: 8_nan
28: 9_f
29: 9_t
30: 9_nan
31: 10_f
32: 10_t
33: 10_nan
34: 11_f
35: 11_t
36: 11_nan
37: 12_g
38: 12_l
39: 12_nan
40: 13_f
41: 13_t
42: 13_nan
43: 14_b
44: 14_n
45: 14_w
46: 14_nan
47: 15_f
48: 15_t
49: 15_nan
50: 16_f
51: 16_t
52: 16_nan
53: 17_f
54: 17_t
55: 17_nan
56: 18_f
57: 18_t
58: 18_nan
59: 19_f
60: 19_t
61: 19_nan
62: 20_f
63: 20_t
64: 20_nan
65: 21_f
66: 21_t
67: 21_nan
68: 22_f
69: 22_t
70: 22_nan
71: 23_f
72: 23_t
73: 23_nan
74: 24_f
75: 24_t
76: 24_nan
77: 25_f
78: 25_t
79: 25_nan
80: 26_f
81: 26_t
82: 26_nan
83: 27_f
84: 27_t
85: 27_nan
86: 28_f
87: 28_t
88: 28_nan
89: 29_f
90: 29_t
91: 29_nan
92: 30_f
93: 30_t
94: 30_nan
95: 31_f
96: 31_t
97: 31_nan
98: 32_f
99: 32_t
100: 32_nan
101: 33_f
102: 33_t
103: 33_nan
104: 34_f
105: 34_t
106: 34_nan
107: 35_n
108: 35_t
109: 35_nan

Done!
Splitting into training and test...
Done!
Constructing data matrices...
Done!
training corels
Done!
corelsTrainScore: 0.7923839332290037
corelsCvScore: 0.7904066736183525
corelsTestScore: 0.796875
corels rel mlp test: 0.796875
corels rel rf test: 0.790625
Parsing CSV...
Reading file: ../tmp/kr-vs-kp.data
Done!
Rows read: 3196
Columns: 110
Column names:
0: 36
1: 0_f
2: 0_t
3: 0_nan
4: 1_f
5: 1_t
6: 1_nan
7: 2_f
8: 2_t
9: 2_nan
10: 3_f
11: 3_t
12: 3_nan
13: 4_f
14: 4_t
15: 4_nan
16: 5_f
17: 5_t
18: 5_nan
19: 6_f
20: 6_t
21: 6_nan
22: 7_f
23: 7_t
24: 7_nan
25: 8_f
26: 8_t
27: 8_nan
28: 9_f
29: 9_t
30: 9_nan
31: 10_f
32: 10_t
33: 10_nan
34: 11_f
35: 11_t
36: 11_nan
37: 12_g
38: 12_l
39: 12_nan
40: 13_f
41: 13_t
42: 13_nan
43: 14_b
44: 14_n
45: 14_w
46: 14_nan
47: 15_f
48: 15_t
49: 15_nan
50: 16_f
51: 16_t
52: 16_nan
53: 17_f
54: 17_t
55: 17_nan
56: 18_f
57: 18_t
58: 18_nan
59: 19_f
60: 19_t
61: 19_nan
62: 20_f
63: 20_t
64: 20_nan
65: 21_f
66: 21_t
67: 21_nan
68: 22_f
69: 22_t
70: 22_nan
71: 23_f
72: 23_t
73: 23_nan
74: 24_f
75: 24_t
76: 24_nan
77: 25_f
78: 25_t
79: 25_nan
80: 26_f
81: 26_t
82: 26_nan
83: 27_f
84: 27_t
85: 27_nan
86: 28_f
87: 28_t
88: 28_nan
89: 29_f
90: 29_t
91: 29_nan
92: 30_f
93: 30_t
94: 30_nan
95: 31_f
96: 31_t
97: 31_nan
98: 32_f
99: 32_t
100: 32_nan
101: 33_f
102: 33_t
103: 33_nan
104: 34_f
105: 34_t
106: 34_nan
107: 35_n
108: 35_t
109: 35_nan

Done!
Splitting into training and test...
Done!
Constructing data matrices...
Done!
training corels
Done!
corelsTrainScore: 0.7970787689097548
corelsCvScore: 0.786235662148071
corelsTestScore: 0.78125
corels rel mlp test: 0.775
corels rel rf test: 0.784375
Parsing CSV...
Reading file: ../tmp/kr-vs-kp.data
Done!
Rows read: 3196
Columns: 110
Column names:
0: 36
1: 0_f
2: 0_t
3: 0_nan
4: 1_f
5: 1_t
6: 1_nan
7: 2_f
8: 2_t
9: 2_nan
10: 3_f
11: 3_t
12: 3_nan
13: 4_f
14: 4_t
15: 4_nan
16: 5_f
17: 5_t
18: 5_nan
19: 6_f
20: 6_t
21: 6_nan
22: 7_f
23: 7_t
24: 7_nan
25: 8_f
26: 8_t
27: 8_nan
28: 9_f
29: 9_t
30: 9_nan
31: 10_f
32: 10_t
33: 10_nan
34: 11_f
35: 11_t
36: 11_nan
37: 12_g
38: 12_l
39: 12_nan
40: 13_f
41: 13_t
42: 13_nan
43: 14_b
44: 14_n
45: 14_w
46: 14_nan
47: 15_f
48: 15_t
49: 15_nan
50: 16_f
51: 16_t
52: 16_nan
53: 17_f
54: 17_t
55: 17_nan
56: 18_f
57: 18_t
58: 18_nan
59: 19_f
60: 19_t
61: 19_nan
62: 20_f
63: 20_t
64: 20_nan
65: 21_f
66: 21_t
67: 21_nan
68: 22_f
69: 22_t
70: 22_nan
71: 23_f
72: 23_t
73: 23_nan
74: 24_f
75: 24_t
76: 24_nan
77: 25_f
78: 25_t
79: 25_nan
80: 26_f
81: 26_t
82: 26_nan
83: 27_f
84: 27_t
85: 27_nan
86: 28_f
87: 28_t
88: 28_nan
89: 29_f
90: 29_t
91: 29_nan
92: 30_f
93: 30_t
94: 30_nan
95: 31_f
96: 31_t
97: 31_nan
98: 32_f
99: 32_t
100: 32_nan
101: 33_f
102: 33_t
103: 33_nan
104: 34_f
105: 34_t
106: 34_nan
107: 35_n
108: 35_t
109: 35_nan

Done!
Splitting into training and test...
Done!
Constructing data matrices...
Done!
training corels
Done!
corelsTrainScore: 0.7996870109546166
corelsCvScore: 0.7893639207507821
corelsTestScore: 0.75625
corels rel mlp test: 0.759375
corels rel rf test: 0.759375
Parsing CSV...
Reading file: ../tmp/kr-vs-kp.data
Done!
Rows read: 3196
Columns: 110
Column names:
0: 36
1: 0_f
2: 0_t
3: 0_nan
4: 1_f
5: 1_t
6: 1_nan
7: 2_f
8: 2_t
9: 2_nan
10: 3_f
11: 3_t
12: 3_nan
13: 4_f
14: 4_t
15: 4_nan
16: 5_f
17: 5_t
18: 5_nan
19: 6_f
20: 6_t
21: 6_nan
22: 7_f
23: 7_t
24: 7_nan
25: 8_f
26: 8_t
27: 8_nan
28: 9_f
29: 9_t
30: 9_nan
31: 10_f
32: 10_t
33: 10_nan
34: 11_f
35: 11_t
36: 11_nan
37: 12_g
38: 12_l
39: 12_nan
40: 13_f
41: 13_t
42: 13_nan
43: 14_b
44: 14_n
45: 14_w
46: 14_nan
47: 15_f
48: 15_t
49: 15_nan
50: 16_f
51: 16_t
52: 16_nan
53: 17_f
54: 17_t
55: 17_nan
56: 18_f
57: 18_t
58: 18_nan
59: 19_f
60: 19_t
61: 19_nan
62: 20_f
63: 20_t
64: 20_nan
65: 21_f
66: 21_t
67: 21_nan
68: 22_f
69: 22_t
70: 22_nan
71: 23_f
72: 23_t
73: 23_nan
74: 24_f
75: 24_t
76: 24_nan
77: 25_f
78: 25_t
79: 25_nan
80: 26_f
81: 26_t
82: 26_nan
83: 27_f
84: 27_t
85: 27_nan
86: 28_f
87: 28_t
88: 28_nan
89: 29_f
90: 29_t
91: 29_nan
92: 30_f
93: 30_t
94: 30_nan
95: 31_f
96: 31_t
97: 31_nan
98: 32_f
99: 32_t
100: 32_nan
101: 33_f
102: 33_t
103: 33_nan
104: 34_f
105: 34_t
106: 34_nan
107: 35_n
108: 35_t
109: 35_nan

Done!
Splitting into training and test...
Done!
Constructing data matrices...
Done!
training corels
Done!
corelsTrainScore: 0.7923839332290037
corelsCvScore: 0.7737226277372263
corelsTestScore: 0.8
corels rel mlp test: 0.784375
corels rel rf test: 0.8125
Parsing CSV...
Reading file: ../tmp/kr-vs-kp.data
Done!
Rows read: 3196
Columns: 110
Column names:
0: 36
1: 0_f
2: 0_t
3: 0_nan
4: 1_f
5: 1_t
6: 1_nan
7: 2_f
8: 2_t
9: 2_nan
10: 3_f
11: 3_t
12: 3_nan
13: 4_f
14: 4_t
15: 4_nan
16: 5_f
17: 5_t
18: 5_nan
19: 6_f
20: 6_t
21: 6_nan
22: 7_f
23: 7_t
24: 7_nan
25: 8_f
26: 8_t
27: 8_nan
28: 9_f
29: 9_t
30: 9_nan
31: 10_f
32: 10_t
33: 10_nan
34: 11_f
35: 11_t
36: 11_nan
37: 12_g
38: 12_l
39: 12_nan
40: 13_f
41: 13_t
42: 13_nan
43: 14_b
44: 14_n
45: 14_w
46: 14_nan
47: 15_f
48: 15_t
49: 15_nan
50: 16_f
51: 16_t
52: 16_nan
53: 17_f
54: 17_t
55: 17_nan
56: 18_f
57: 18_t
58: 18_nan
59: 19_f
60: 19_t
61: 19_nan
62: 20_f
63: 20_t
64: 20_nan
65: 21_f
66: 21_t
67: 21_nan
68: 22_f
69: 22_t
70: 22_nan
71: 23_f
72: 23_t
73: 23_nan
74: 24_f
75: 24_t
76: 24_nan
77: 25_f
78: 25_t
79: 25_nan
80: 26_f
81: 26_t
82: 26_nan
83: 27_f
84: 27_t
85: 27_nan
86: 28_f
87: 28_t
88: 28_nan
89: 29_f
90: 29_t
91: 29_nan
92: 30_f
93: 30_t
94: 30_nan
95: 31_f
96: 31_t
97: 31_nan
98: 32_f
99: 32_t
100: 32_nan
101: 33_f
102: 33_t
103: 33_nan
104: 34_f
105: 34_t
106: 34_nan
107: 35_n
108: 35_t
109: 35_nan

Done!
Splitting into training and test...
Done!
Constructing data matrices...
Done!
training corels
Done!
corelsTrainScore: 0.7882107459572248
corelsCvScore: 0.7966631908237748
corelsTestScore: 0.75625
corels rel mlp test: 0.753125
corels rel rf test: 0.75625
Averaged over 10 trials: corels train score: 0.7937923839332289
Averaged over 10 trials: corels cv score: 0.789155370177268
Averaged over 10 trials: corels test score: 0.7828124999999999
Averaged over 10 trials: expertsys relative mlp test score: 0.778125
Averaged over 10 trials: expertsys relative rf test score: 0.78625
