Parsing CSV...
Reading file: ../tmp/pop_failures.dat
Done!
Rows read: 540
Columns: 19
Column names:
0: 0
1: 1
2: 2
3: 3
4: 4
5: 5
6: 6
7: 7
8: 8
9: 9
10: 10
11: 11
12: 12
13: 13
14: 14
15: 15
16: 16
17: 17
18: 18

Done!
Splitting into training and test...
Done!
Constructing data matrices...
Done!
training corels
Done!
corelsTrainScore: 0.07120743034055728
corelsCvScore: 0.1111111111111111
corelsTestScore: 0.09090909090909091
corels rel mlp test: 0.09090909090909091
corels rel rf test: 0.01818181818181818
Parsing CSV...
Reading file: ../tmp/pop_failures.dat
Done!
Rows read: 540
Columns: 19
Column names:
0: 0
1: 1
2: 2
3: 3
4: 4
5: 5
6: 6
7: 7
8: 8
9: 9
10: 10
11: 11
12: 12
13: 13
14: 14
15: 15
16: 16
17: 17
18: 18

Done!
Splitting into training and test...
Done!
Constructing data matrices...
Done!
training corels
Done!
corelsTrainScore: 0.07739938080495357
corelsCvScore: 0.10493827160493827
corelsTestScore: 0.07272727272727272
corels rel mlp test: 0.12727272727272726
corels rel rf test: 0.03636363636363636
Parsing CSV...
Reading file: ../tmp/pop_failures.dat
Done!
Rows read: 540
Columns: 19
Column names:
0: 0
1: 1
2: 2
3: 3
4: 4
5: 5
6: 6
7: 7
8: 8
9: 9
10: 10
11: 11
12: 12
13: 13
14: 14
15: 15
16: 16
17: 17
18: 18

Done!
Splitting into training and test...
Done!
Constructing data matrices...
Done!
training corels
Done!
corelsTrainScore: 0.07120743034055728
corelsCvScore: 0.1111111111111111
corelsTestScore: 0.09090909090909091
corels rel mlp test: 0.12727272727272726
corels rel rf test: 0.0
Parsing CSV...
Reading file: ../tmp/pop_failures.dat
Done!
Rows read: 540
Columns: 19
Column names:
0: 0
1: 1
2: 2
3: 3
4: 4
5: 5
6: 6
7: 7
8: 8
9: 9
10: 10
11: 11
12: 12
13: 13
14: 14
15: 15
16: 16
17: 17
18: 18

Done!
Splitting into training and test...
Done!
Constructing data matrices...
Done!
training corels
Done!
corelsTrainScore: 0.08359133126934984
corelsCvScore: 0.08024691358024691
corelsTestScore: 0.10909090909090909
corels rel mlp test: 0.10909090909090909
corels rel rf test: 0.0
Parsing CSV...
Reading file: ../tmp/pop_failures.dat
Done!
Rows read: 540
Columns: 19
Column names:
0: 0
1: 1
2: 2
3: 3
4: 4
5: 5
6: 6
7: 7
8: 8
9: 9
10: 10
11: 11
12: 12
13: 13
14: 14
15: 15
16: 16
17: 17
18: 18

Done!
Splitting into training and test...
Done!
Constructing data matrices...
Done!
training corels
Done!
corelsTrainScore: 0.07430340557275542
corelsCvScore: 0.1111111111111111
corelsTestScore: 0.07272727272727272
corels rel mlp test: 0.01818181818181818
corels rel rf test: 0.0
Parsing CSV...
Reading file: ../tmp/pop_failures.dat
Done!
Rows read: 540
Columns: 19
Column names:
0: 0
1: 1
2: 2
3: 3
4: 4
5: 5
6: 6
7: 7
8: 8
9: 9
10: 10
11: 11
12: 12
13: 13
14: 14
15: 15
16: 16
17: 17
18: 18

Done!
Splitting into training and test...
Done!
Constructing data matrices...
Done!
training corels
Done!
corelsTrainScore: 0.1021671826625387
corelsCvScore: 0.06790123456790123
corelsTestScore: 0.03636363636363636
corels rel mlp test: 0.01818181818181818
corels rel rf test: 0.0
Parsing CSV...
Reading file: ../tmp/pop_failures.dat
Done!
Rows read: 540
Columns: 19
Column names:
0: 0
1: 1
2: 2
3: 3
4: 4
5: 5
6: 6
7: 7
8: 8
9: 9
10: 10
11: 11
12: 12
13: 13
14: 14
15: 15
16: 16
17: 17
18: 18

Done!
Splitting into training and test...
Done!
Constructing data matrices...
Done!
training corels
Done!
corelsTrainScore: 0.07739938080495357
corelsCvScore: 0.08024691358024691
corelsTestScore: 0.14545454545454545
corels rel mlp test: 0.16363636363636364
corels rel rf test: 0.03636363636363636
Parsing CSV...
Reading file: ../tmp/pop_failures.dat
Done!
Rows read: 540
Columns: 19
Column names:
0: 0
1: 1
2: 2
3: 3
4: 4
5: 5
6: 6
7: 7
8: 8
9: 9
10: 10
11: 11
12: 12
13: 13
14: 14
15: 15
16: 16
17: 17
18: 18

Done!
Splitting into training and test...
Done!
Constructing data matrices...
Done!
training corels
Done!
corelsTrainScore: 0.0804953560371517
corelsCvScore: 0.09259259259259259
corelsTestScore: 0.09090909090909091
corels rel mlp test: 0.07272727272727272
corels rel rf test: 0.0
Parsing CSV...
Reading file: ../tmp/pop_failures.dat
Done!
Rows read: 540
Columns: 19
Column names:
0: 0
1: 1
2: 2
3: 3
4: 4
5: 5
6: 6
7: 7
8: 8
9: 9
10: 10
11: 11
12: 12
13: 13
14: 14
15: 15
16: 16
17: 17
18: 18

Done!
Splitting into training and test...
Done!
Constructing data matrices...
Done!
training corels
Done!
corelsTrainScore: 0.06811145510835913
corelsCvScore: 0.10493827160493827
corelsTestScore: 0.12727272727272726
corels rel mlp test: 0.09090909090909091
corels rel rf test: 0.0
Parsing CSV...
Reading file: ../tmp/pop_failures.dat
Done!
Rows read: 540
Columns: 19
Column names:
0: 0
1: 1
2: 2
3: 3
4: 4
5: 5
6: 6
7: 7
8: 8
9: 9
10: 10
11: 11
12: 12
13: 13
14: 14
15: 15
16: 16
17: 17
18: 18

Done!
Splitting into training and test...
Done!
Constructing data matrices...
Done!
training corels
Done!
corelsTrainScore: 0.09597523219814241
corelsCvScore: 0.08641975308641975
corelsTestScore: 0.01818181818181818
corels rel mlp test: 0.07272727272727272
corels rel rf test: 0.01818181818181818
Averaged over 10 trials: corels train score: 0.08018575851393189
Averaged over 10 trials: corels cv score: 0.09506172839506173
Averaged over 10 trials: corels test score: 0.08545454545454546
Averaged over 10 trials: expertsys relative mlp test score: 0.0890909090909091
Averaged over 10 trials: expertsys relative rf test score: 0.01090909090909091
