Parsing CSV...
Reading file: ../tmp/house-votes-84.data
Done!
Rows read: 435
Columns: 49
Column names:
0: 0
1: 1_n
2: 1_y
3: 1_nan
4: 2_n
5: 2_y
6: 2_nan
7: 3_n
8: 3_y
9: 3_nan
10: 4_n
11: 4_y
12: 4_nan
13: 5_n
14: 5_y
15: 5_nan
16: 6_n
17: 6_y
18: 6_nan
19: 7_n
20: 7_y
21: 7_nan
22: 8_n
23: 8_y
24: 8_nan
25: 9_n
26: 9_y
27: 9_nan
28: 10_n
29: 10_y
30: 10_nan
31: 11_n
32: 11_y
33: 11_nan
34: 12_n
35: 12_y
36: 12_nan
37: 13_n
38: 13_y
39: 13_nan
40: 14_n
41: 14_y
42: 14_nan
43: 15_n
44: 15_y
45: 15_nan
46: 16_n
47: 16_y
48: 16_nan

Done!
Splitting into training and test...
Done!
Constructing data matrices...
Done!
training corels
Done!
corelsTrainScore: 0.9692307692307692
corelsCvScore: 0.9312977099236641
corelsTestScore: 0.9545454545454546
corels rel mlp test: 0.9545454545454546
corels rel rf test: 1.0
Parsing CSV...
Reading file: ../tmp/house-votes-84.data
Done!
Rows read: 435
Columns: 49
Column names:
0: 0
1: 1_n
2: 1_y
3: 1_nan
4: 2_n
5: 2_y
6: 2_nan
7: 3_n
8: 3_y
9: 3_nan
10: 4_n
11: 4_y
12: 4_nan
13: 5_n
14: 5_y
15: 5_nan
16: 6_n
17: 6_y
18: 6_nan
19: 7_n
20: 7_y
21: 7_nan
22: 8_n
23: 8_y
24: 8_nan
25: 9_n
26: 9_y
27: 9_nan
28: 10_n
29: 10_y
30: 10_nan
31: 11_n
32: 11_y
33: 11_nan
34: 12_n
35: 12_y
36: 12_nan
37: 13_n
38: 13_y
39: 13_nan
40: 14_n
41: 14_y
42: 14_nan
43: 15_n
44: 15_y
45: 15_nan
46: 16_n
47: 16_y
48: 16_nan

Done!
Splitting into training and test...
Done!
Constructing data matrices...
Done!
training corels
Done!
corelsTrainScore: 0.9615384615384616
corelsCvScore: 0.9541984732824428
corelsTestScore: 0.9318181818181818
corels rel mlp test: 0.9772727272727273
corels rel rf test: 1.0
Parsing CSV...
Reading file: ../tmp/house-votes-84.data
Done!
Rows read: 435
Columns: 49
Column names:
0: 0
1: 1_n
2: 1_y
3: 1_nan
4: 2_n
5: 2_y
6: 2_nan
7: 3_n
8: 3_y
9: 3_nan
10: 4_n
11: 4_y
12: 4_nan
13: 5_n
14: 5_y
15: 5_nan
16: 6_n
17: 6_y
18: 6_nan
19: 7_n
20: 7_y
21: 7_nan
22: 8_n
23: 8_y
24: 8_nan
25: 9_n
26: 9_y
27: 9_nan
28: 10_n
29: 10_y
30: 10_nan
31: 11_n
32: 11_y
33: 11_nan
34: 12_n
35: 12_y
36: 12_nan
37: 13_n
38: 13_y
39: 13_nan
40: 14_n
41: 14_y
42: 14_nan
43: 15_n
44: 15_y
45: 15_nan
46: 16_n
47: 16_y
48: 16_nan

Done!
Splitting into training and test...
Done!
Constructing data matrices...
Done!
training corels
Done!
corelsTrainScore: 0.9538461538461539
corelsCvScore: 0.9694656488549618
corelsTestScore: 0.9318181818181818
corels rel mlp test: 0.9772727272727273
corels rel rf test: 0.9772727272727273
Parsing CSV...
Reading file: ../tmp/house-votes-84.data
Done!
Rows read: 435
Columns: 49
Column names:
0: 0
1: 1_n
2: 1_y
3: 1_nan
4: 2_n
5: 2_y
6: 2_nan
7: 3_n
8: 3_y
9: 3_nan
10: 4_n
11: 4_y
12: 4_nan
13: 5_n
14: 5_y
15: 5_nan
16: 6_n
17: 6_y
18: 6_nan
19: 7_n
20: 7_y
21: 7_nan
22: 8_n
23: 8_y
24: 8_nan
25: 9_n
26: 9_y
27: 9_nan
28: 10_n
29: 10_y
30: 10_nan
31: 11_n
32: 11_y
33: 11_nan
34: 12_n
35: 12_y
36: 12_nan
37: 13_n
38: 13_y
39: 13_nan
40: 14_n
41: 14_y
42: 14_nan
43: 15_n
44: 15_y
45: 15_nan
46: 16_n
47: 16_y
48: 16_nan

Done!
Splitting into training and test...
Done!
Constructing data matrices...
Done!
training corels
Done!
corelsTrainScore: 0.9615384615384616
corelsCvScore: 0.9389312977099237
corelsTestScore: 0.9318181818181818
corels rel mlp test: 0.9090909090909091
corels rel rf test: 0.9318181818181818
Parsing CSV...
Reading file: ../tmp/house-votes-84.data
Done!
Rows read: 435
Columns: 49
Column names:
0: 0
1: 1_n
2: 1_y
3: 1_nan
4: 2_n
5: 2_y
6: 2_nan
7: 3_n
8: 3_y
9: 3_nan
10: 4_n
11: 4_y
12: 4_nan
13: 5_n
14: 5_y
15: 5_nan
16: 6_n
17: 6_y
18: 6_nan
19: 7_n
20: 7_y
21: 7_nan
22: 8_n
23: 8_y
24: 8_nan
25: 9_n
26: 9_y
27: 9_nan
28: 10_n
29: 10_y
30: 10_nan
31: 11_n
32: 11_y
33: 11_nan
34: 12_n
35: 12_y
36: 12_nan
37: 13_n
38: 13_y
39: 13_nan
40: 14_n
41: 14_y
42: 14_nan
43: 15_n
44: 15_y
45: 15_nan
46: 16_n
47: 16_y
48: 16_nan

Done!
Splitting into training and test...
Done!
Constructing data matrices...
Done!
training corels
Done!
corelsTrainScore: 0.9615384615384616
corelsCvScore: 0.9618320610687023
corelsTestScore: 0.9772727272727273
corels rel mlp test: 0.9318181818181818
corels rel rf test: 0.9772727272727273
Parsing CSV...
Reading file: ../tmp/house-votes-84.data
Done!
Rows read: 435
Columns: 49
Column names:
0: 0
1: 1_n
2: 1_y
3: 1_nan
4: 2_n
5: 2_y
6: 2_nan
7: 3_n
8: 3_y
9: 3_nan
10: 4_n
11: 4_y
12: 4_nan
13: 5_n
14: 5_y
15: 5_nan
16: 6_n
17: 6_y
18: 6_nan
19: 7_n
20: 7_y
21: 7_nan
22: 8_n
23: 8_y
24: 8_nan
25: 9_n
26: 9_y
27: 9_nan
28: 10_n
29: 10_y
30: 10_nan
31: 11_n
32: 11_y
33: 11_nan
34: 12_n
35: 12_y
36: 12_nan
37: 13_n
38: 13_y
39: 13_nan
40: 14_n
41: 14_y
42: 14_nan
43: 15_n
44: 15_y
45: 15_nan
46: 16_n
47: 16_y
48: 16_nan

Done!
Splitting into training and test...
Done!
Constructing data matrices...
Done!
training corels
Done!
corelsTrainScore: 0.9615384615384616
corelsCvScore: 0.9389312977099237
corelsTestScore: 0.9772727272727273
corels rel mlp test: 0.9772727272727273
corels rel rf test: 1.0
Parsing CSV...
Reading file: ../tmp/house-votes-84.data
Done!
Rows read: 435
Columns: 49
Column names:
0: 0
1: 1_n
2: 1_y
3: 1_nan
4: 2_n
5: 2_y
6: 2_nan
7: 3_n
8: 3_y
9: 3_nan
10: 4_n
11: 4_y
12: 4_nan
13: 5_n
14: 5_y
15: 5_nan
16: 6_n
17: 6_y
18: 6_nan
19: 7_n
20: 7_y
21: 7_nan
22: 8_n
23: 8_y
24: 8_nan
25: 9_n
26: 9_y
27: 9_nan
28: 10_n
29: 10_y
30: 10_nan
31: 11_n
32: 11_y
33: 11_nan
34: 12_n
35: 12_y
36: 12_nan
37: 13_n
38: 13_y
39: 13_nan
40: 14_n
41: 14_y
42: 14_nan
43: 15_n
44: 15_y
45: 15_nan
46: 16_n
47: 16_y
48: 16_nan

Done!
Splitting into training and test...
Done!
Constructing data matrices...
Done!
training corels
Done!
corelsTrainScore: 0.9692307692307692
corelsCvScore: 0.9312977099236641
corelsTestScore: 0.9545454545454546
corels rel mlp test: 0.9545454545454546
corels rel rf test: 0.9772727272727273
Parsing CSV...
Reading file: ../tmp/house-votes-84.data
Done!
Rows read: 435
Columns: 49
Column names:
0: 0
1: 1_n
2: 1_y
3: 1_nan
4: 2_n
5: 2_y
6: 2_nan
7: 3_n
8: 3_y
9: 3_nan
10: 4_n
11: 4_y
12: 4_nan
13: 5_n
14: 5_y
15: 5_nan
16: 6_n
17: 6_y
18: 6_nan
19: 7_n
20: 7_y
21: 7_nan
22: 8_n
23: 8_y
24: 8_nan
25: 9_n
26: 9_y
27: 9_nan
28: 10_n
29: 10_y
30: 10_nan
31: 11_n
32: 11_y
33: 11_nan
34: 12_n
35: 12_y
36: 12_nan
37: 13_n
38: 13_y
39: 13_nan
40: 14_n
41: 14_y
42: 14_nan
43: 15_n
44: 15_y
45: 15_nan
46: 16_n
47: 16_y
48: 16_nan

Done!
Splitting into training and test...
Done!
Constructing data matrices...
Done!
training corels
Done!
corelsTrainScore: 0.9576923076923077
corelsCvScore: 0.9389312977099237
corelsTestScore: 1.0
corels rel mlp test: 0.9772727272727273
corels rel rf test: 1.0
Parsing CSV...
Reading file: ../tmp/house-votes-84.data
Done!
Rows read: 435
Columns: 49
Column names:
0: 0
1: 1_n
2: 1_y
3: 1_nan
4: 2_n
5: 2_y
6: 2_nan
7: 3_n
8: 3_y
9: 3_nan
10: 4_n
11: 4_y
12: 4_nan
13: 5_n
14: 5_y
15: 5_nan
16: 6_n
17: 6_y
18: 6_nan
19: 7_n
20: 7_y
21: 7_nan
22: 8_n
23: 8_y
24: 8_nan
25: 9_n
26: 9_y
27: 9_nan
28: 10_n
29: 10_y
30: 10_nan
31: 11_n
32: 11_y
33: 11_nan
34: 12_n
35: 12_y
36: 12_nan
37: 13_n
38: 13_y
39: 13_nan
40: 14_n
41: 14_y
42: 14_nan
43: 15_n
44: 15_y
45: 15_nan
46: 16_n
47: 16_y
48: 16_nan

Done!
Splitting into training and test...
Done!
Constructing data matrices...
Done!
training corels
Done!
corelsTrainScore: 0.9769230769230769
corelsCvScore: 0.9236641221374046
corelsTestScore: 0.9090909090909091
corels rel mlp test: 0.9772727272727273
corels rel rf test: 1.0
Parsing CSV...
Reading file: ../tmp/house-votes-84.data
Done!
Rows read: 435
Columns: 49
Column names:
0: 0
1: 1_n
2: 1_y
3: 1_nan
4: 2_n
5: 2_y
6: 2_nan
7: 3_n
8: 3_y
9: 3_nan
10: 4_n
11: 4_y
12: 4_nan
13: 5_n
14: 5_y
15: 5_nan
16: 6_n
17: 6_y
18: 6_nan
19: 7_n
20: 7_y
21: 7_nan
22: 8_n
23: 8_y
24: 8_nan
25: 9_n
26: 9_y
27: 9_nan
28: 10_n
29: 10_y
30: 10_nan
31: 11_n
32: 11_y
33: 11_nan
34: 12_n
35: 12_y
36: 12_nan
37: 13_n
38: 13_y
39: 13_nan
40: 14_n
41: 14_y
42: 14_nan
43: 15_n
44: 15_y
45: 15_nan
46: 16_n
47: 16_y
48: 16_nan

Done!
Splitting into training and test...
Done!
Constructing data matrices...
Done!
training corels
Done!
corelsTrainScore: 0.9461538461538461
corelsCvScore: 0.9389312977099237
corelsTestScore: 1.0
corels rel mlp test: 0.9545454545454546
corels rel rf test: 1.0
Averaged over 10 trials: corels train score: 0.961923076923077
Averaged over 10 trials: corels cv score: 0.9427480916030534
Averaged over 10 trials: corels test score: 0.9568181818181817
Averaged over 10 trials: expertsys relative mlp test score: 0.9590909090909092
Averaged over 10 trials: expertsys relative rf test score: 0.9863636363636363
