Parsing CSV...
Reading file: ../tmp/crx.data
Done!
Rows read: 690
Columns: 56
Column names:
0: 1
1: 2
2: 7
3: 10
4: 13
5: 14
6: 15
7: 0_a
8: 0_b
9: 0_nan
10: 3_l
11: 3_u
12: 3_y
13: 3_nan
14: 4_g
15: 4_gg
16: 4_p
17: 4_nan
18: 5_aa
19: 5_c
20: 5_cc
21: 5_d
22: 5_e
23: 5_ff
24: 5_i
25: 5_j
26: 5_k
27: 5_m
28: 5_q
29: 5_r
30: 5_w
31: 5_x
32: 5_nan
33: 6_bb
34: 6_dd
35: 6_ff
36: 6_h
37: 6_j
38: 6_n
39: 6_o
40: 6_v
41: 6_z
42: 6_nan
43: 8_f
44: 8_t
45: 8_nan
46: 9_f
47: 9_t
48: 9_nan
49: 11_f
50: 11_t
51: 11_nan
52: 12_g
53: 12_p
54: 12_s
55: 12_nan

Done!
Splitting into training and test...
Done!
Constructing data matrices...
Done!
training corels
Done!
corelsTrainScore: 0.8716707021791767
corelsCvScore: 0.8405797101449275
corelsTestScore: 0.8285714285714286
corels rel mlp test: 0.8142857142857143
corels rel rf test: 0.9428571428571428
Parsing CSV...
Reading file: ../tmp/crx.data
Done!
Rows read: 690
Columns: 56
Column names:
0: 1
1: 2
2: 7
3: 10
4: 13
5: 14
6: 15
7: 0_a
8: 0_b
9: 0_nan
10: 3_l
11: 3_u
12: 3_y
13: 3_nan
14: 4_g
15: 4_gg
16: 4_p
17: 4_nan
18: 5_aa
19: 5_c
20: 5_cc
21: 5_d
22: 5_e
23: 5_ff
24: 5_i
25: 5_j
26: 5_k
27: 5_m
28: 5_q
29: 5_r
30: 5_w
31: 5_x
32: 5_nan
33: 6_bb
34: 6_dd
35: 6_ff
36: 6_h
37: 6_j
38: 6_n
39: 6_o
40: 6_v
41: 6_z
42: 6_nan
43: 8_f
44: 8_t
45: 8_nan
46: 9_f
47: 9_t
48: 9_nan
49: 11_f
50: 11_t
51: 11_nan
52: 12_g
53: 12_p
54: 12_s
55: 12_nan

Done!
Splitting into training and test...
Done!
Constructing data matrices...
Done!
training corels
Done!
corelsTrainScore: 0.8595641646489104
corelsCvScore: 0.8502415458937198
corelsTestScore: 0.8714285714285714
corels rel mlp test: 0.8714285714285714
corels rel rf test: 0.8857142857142857
Parsing CSV...
Reading file: ../tmp/crx.data
Done!
Rows read: 690
Columns: 56
Column names:
0: 1
1: 2
2: 7
3: 10
4: 13
5: 14
6: 15
7: 0_a
8: 0_b
9: 0_nan
10: 3_l
11: 3_u
12: 3_y
13: 3_nan
14: 4_g
15: 4_gg
16: 4_p
17: 4_nan
18: 5_aa
19: 5_c
20: 5_cc
21: 5_d
22: 5_e
23: 5_ff
24: 5_i
25: 5_j
26: 5_k
27: 5_m
28: 5_q
29: 5_r
30: 5_w
31: 5_x
32: 5_nan
33: 6_bb
34: 6_dd
35: 6_ff
36: 6_h
37: 6_j
38: 6_n
39: 6_o
40: 6_v
41: 6_z
42: 6_nan
43: 8_f
44: 8_t
45: 8_nan
46: 9_f
47: 9_t
48: 9_nan
49: 11_f
50: 11_t
51: 11_nan
52: 12_g
53: 12_p
54: 12_s
55: 12_nan

Done!
Splitting into training and test...
Done!
Constructing data matrices...
Done!
training corels
Done!
corelsTrainScore: 0.8426150121065376
corelsCvScore: 0.8695652173913043
corelsTestScore: 0.9142857142857143
corels rel mlp test: 0.9142857142857143
corels rel rf test: 0.9571428571428572
Parsing CSV...
Reading file: ../tmp/crx.data
Done!
Rows read: 690
Columns: 56
Column names:
0: 1
1: 2
2: 7
3: 10
4: 13
5: 14
6: 15
7: 0_a
8: 0_b
9: 0_nan
10: 3_l
11: 3_u
12: 3_y
13: 3_nan
14: 4_g
15: 4_gg
16: 4_p
17: 4_nan
18: 5_aa
19: 5_c
20: 5_cc
21: 5_d
22: 5_e
23: 5_ff
24: 5_i
25: 5_j
26: 5_k
27: 5_m
28: 5_q
29: 5_r
30: 5_w
31: 5_x
32: 5_nan
33: 6_bb
34: 6_dd
35: 6_ff
36: 6_h
37: 6_j
38: 6_n
39: 6_o
40: 6_v
41: 6_z
42: 6_nan
43: 8_f
44: 8_t
45: 8_nan
46: 9_f
47: 9_t
48: 9_nan
49: 11_f
50: 11_t
51: 11_nan
52: 12_g
53: 12_p
54: 12_s
55: 12_nan

Done!
Splitting into training and test...
Done!
Constructing data matrices...
Done!
training corels
Done!
corelsTrainScore: 0.8595641646489104
corelsCvScore: 0.8357487922705314
corelsTestScore: 0.8857142857142857
corels rel mlp test: 0.8285714285714286
corels rel rf test: 0.9142857142857143
Parsing CSV...
Reading file: ../tmp/crx.data
Done!
Rows read: 690
Columns: 56
Column names:
0: 1
1: 2
2: 7
3: 10
4: 13
5: 14
6: 15
7: 0_a
8: 0_b
9: 0_nan
10: 3_l
11: 3_u
12: 3_y
13: 3_nan
14: 4_g
15: 4_gg
16: 4_p
17: 4_nan
18: 5_aa
19: 5_c
20: 5_cc
21: 5_d
22: 5_e
23: 5_ff
24: 5_i
25: 5_j
26: 5_k
27: 5_m
28: 5_q
29: 5_r
30: 5_w
31: 5_x
32: 5_nan
33: 6_bb
34: 6_dd
35: 6_ff
36: 6_h
37: 6_j
38: 6_n
39: 6_o
40: 6_v
41: 6_z
42: 6_nan
43: 8_f
44: 8_t
45: 8_nan
46: 9_f
47: 9_t
48: 9_nan
49: 11_f
50: 11_t
51: 11_nan
52: 12_g
53: 12_p
54: 12_s
55: 12_nan

Done!
Splitting into training and test...
Done!
Constructing data matrices...
Done!
training corels
Done!
corelsTrainScore: 0.8426150121065376
corelsCvScore: 0.8743961352657005
corelsTestScore: 0.9
corels rel mlp test: 0.8571428571428571
corels rel rf test: 0.9285714285714286
Parsing CSV...
Reading file: ../tmp/crx.data
Done!
Rows read: 690
Columns: 56
Column names:
0: 1
1: 2
2: 7
3: 10
4: 13
5: 14
6: 15
7: 0_a
8: 0_b
9: 0_nan
10: 3_l
11: 3_u
12: 3_y
13: 3_nan
14: 4_g
15: 4_gg
16: 4_p
17: 4_nan
18: 5_aa
19: 5_c
20: 5_cc
21: 5_d
22: 5_e
23: 5_ff
24: 5_i
25: 5_j
26: 5_k
27: 5_m
28: 5_q
29: 5_r
30: 5_w
31: 5_x
32: 5_nan
33: 6_bb
34: 6_dd
35: 6_ff
36: 6_h
37: 6_j
38: 6_n
39: 6_o
40: 6_v
41: 6_z
42: 6_nan
43: 8_f
44: 8_t
45: 8_nan
46: 9_f
47: 9_t
48: 9_nan
49: 11_f
50: 11_t
51: 11_nan
52: 12_g
53: 12_p
54: 12_s
55: 12_nan

Done!
Splitting into training and test...
Done!
Constructing data matrices...
Done!
training corels
Done!
corelsTrainScore: 0.8353510895883777
corelsCvScore: 0.8888888888888888
corelsTestScore: 0.9
corels rel mlp test: 0.8571428571428571
corels rel rf test: 0.9142857142857143
Parsing CSV...
Reading file: ../tmp/crx.data
Done!
Rows read: 690
Columns: 56
Column names:
0: 1
1: 2
2: 7
3: 10
4: 13
5: 14
6: 15
7: 0_a
8: 0_b
9: 0_nan
10: 3_l
11: 3_u
12: 3_y
13: 3_nan
14: 4_g
15: 4_gg
16: 4_p
17: 4_nan
18: 5_aa
19: 5_c
20: 5_cc
21: 5_d
22: 5_e
23: 5_ff
24: 5_i
25: 5_j
26: 5_k
27: 5_m
28: 5_q
29: 5_r
30: 5_w
31: 5_x
32: 5_nan
33: 6_bb
34: 6_dd
35: 6_ff
36: 6_h
37: 6_j
38: 6_n
39: 6_o
40: 6_v
41: 6_z
42: 6_nan
43: 8_f
44: 8_t
45: 8_nan
46: 9_f
47: 9_t
48: 9_nan
49: 11_f
50: 11_t
51: 11_nan
52: 12_g
53: 12_p
54: 12_s
55: 12_nan

Done!
Splitting into training and test...
Done!
Constructing data matrices...
Done!
training corels
Done!
corelsTrainScore: 0.8692493946731235
corelsCvScore: 0.8260869565217391
corelsTestScore: 0.8714285714285714
corels rel mlp test: 0.8428571428571429
corels rel rf test: 0.8857142857142857
Parsing CSV...
Reading file: ../tmp/crx.data
Done!
Rows read: 690
Columns: 56
Column names:
0: 1
1: 2
2: 7
3: 10
4: 13
5: 14
6: 15
7: 0_a
8: 0_b
9: 0_nan
10: 3_l
11: 3_u
12: 3_y
13: 3_nan
14: 4_g
15: 4_gg
16: 4_p
17: 4_nan
18: 5_aa
19: 5_c
20: 5_cc
21: 5_d
22: 5_e
23: 5_ff
24: 5_i
25: 5_j
26: 5_k
27: 5_m
28: 5_q
29: 5_r
30: 5_w
31: 5_x
32: 5_nan
33: 6_bb
34: 6_dd
35: 6_ff
36: 6_h
37: 6_j
38: 6_n
39: 6_o
40: 6_v
41: 6_z
42: 6_nan
43: 8_f
44: 8_t
45: 8_nan
46: 9_f
47: 9_t
48: 9_nan
49: 11_f
50: 11_t
51: 11_nan
52: 12_g
53: 12_p
54: 12_s
55: 12_nan

Done!
Splitting into training and test...
Done!
Constructing data matrices...
Done!
training corels
Done!
corelsTrainScore: 0.8523002421307506
corelsCvScore: 0.855072463768116
corelsTestScore: 0.9
corels rel mlp test: 0.8714285714285714
corels rel rf test: 0.8714285714285714
Parsing CSV...
Reading file: ../tmp/crx.data
Done!
Rows read: 690
Columns: 56
Column names:
0: 1
1: 2
2: 7
3: 10
4: 13
5: 14
6: 15
7: 0_a
8: 0_b
9: 0_nan
10: 3_l
11: 3_u
12: 3_y
13: 3_nan
14: 4_g
15: 4_gg
16: 4_p
17: 4_nan
18: 5_aa
19: 5_c
20: 5_cc
21: 5_d
22: 5_e
23: 5_ff
24: 5_i
25: 5_j
26: 5_k
27: 5_m
28: 5_q
29: 5_r
30: 5_w
31: 5_x
32: 5_nan
33: 6_bb
34: 6_dd
35: 6_ff
36: 6_h
37: 6_j
38: 6_n
39: 6_o
40: 6_v
41: 6_z
42: 6_nan
43: 8_f
44: 8_t
45: 8_nan
46: 9_f
47: 9_t
48: 9_nan
49: 11_f
50: 11_t
51: 11_nan
52: 12_g
53: 12_p
54: 12_s
55: 12_nan

Done!
Splitting into training and test...
Done!
Constructing data matrices...
Done!
training corels
Done!
corelsTrainScore: 0.8571428571428571
corelsCvScore: 0.8502415458937198
corelsTestScore: 0.8857142857142857
corels rel mlp test: 0.8857142857142857
corels rel rf test: 0.9
Parsing CSV...
Reading file: ../tmp/crx.data
Done!
Rows read: 690
Columns: 56
Column names:
0: 1
1: 2
2: 7
3: 10
4: 13
5: 14
6: 15
7: 0_a
8: 0_b
9: 0_nan
10: 3_l
11: 3_u
12: 3_y
13: 3_nan
14: 4_g
15: 4_gg
16: 4_p
17: 4_nan
18: 5_aa
19: 5_c
20: 5_cc
21: 5_d
22: 5_e
23: 5_ff
24: 5_i
25: 5_j
26: 5_k
27: 5_m
28: 5_q
29: 5_r
30: 5_w
31: 5_x
32: 5_nan
33: 6_bb
34: 6_dd
35: 6_ff
36: 6_h
37: 6_j
38: 6_n
39: 6_o
40: 6_v
41: 6_z
42: 6_nan
43: 8_f
44: 8_t
45: 8_nan
46: 9_f
47: 9_t
48: 9_nan
49: 11_f
50: 11_t
51: 11_nan
52: 12_g
53: 12_p
54: 12_s
55: 12_nan

Done!
Splitting into training and test...
Done!
Constructing data matrices...
Done!
training corels
Done!
corelsTrainScore: 0.8668280871670703
corelsCvScore: 0.8260869565217391
corelsTestScore: 0.9
corels rel mlp test: 0.8857142857142857
corels rel rf test: 0.9428571428571428
Averaged over 10 trials: corels train score: 0.8556900726392251
Averaged over 10 trials: corels cv score: 0.8516908212560386
Averaged over 10 trials: corels test score: 0.8857142857142859
Averaged over 10 trials: expertsys relative mlp test score: 0.8628571428571428
Averaged over 10 trials: expertsys relative rf test score: 0.9142857142857144
