Parsing CSV...
Reading file: ../tmp/haberman.data
Done!
Rows read: 306
Columns: 4
Column names:
0: 0
1: 1
2: 2
3: 3

Done!
Splitting into training and test...
Done!
Constructing data matrices...
Done!
training corels
Done!
corelsTrainScore: 0.7595628415300546
corelsCvScore: 0.782608695652174
corelsTestScore: 0.6451612903225806
corels rel mlp test: 1.0
corels rel rf test: 1.0
Parsing CSV...
Reading file: ../tmp/haberman.data
Done!
Rows read: 306
Columns: 4
Column names:
0: 0
1: 1
2: 2
3: 3

Done!
Splitting into training and test...
Done!
Constructing data matrices...
Done!
training corels
Done!
corelsTrainScore: 0.7868852459016393
corelsCvScore: 0.6847826086956522
corelsTestScore: 0.7741935483870968
corels rel mlp test: 0.9032258064516129
corels rel rf test: 0.9032258064516129
Parsing CSV...
Reading file: ../tmp/haberman.data
Done!
Rows read: 306
Columns: 4
Column names:
0: 0
1: 1
2: 2
3: 3

Done!
Splitting into training and test...
Done!
Constructing data matrices...
Done!
training corels
Done!
corelsTrainScore: 0.7704918032786885
corelsCvScore: 0.7065217391304348
corelsTestScore: 0.6774193548387096
corels rel mlp test: 0.9354838709677419
corels rel rf test: 0.9354838709677419
Parsing CSV...
Reading file: ../tmp/haberman.data
Done!
Rows read: 306
Columns: 4
Column names:
0: 0
1: 1
2: 2
3: 3

Done!
Splitting into training and test...
Done!
Constructing data matrices...
Done!
training corels
Done!
corelsTrainScore: 0.7814207650273224
corelsCvScore: 0.6847826086956522
corelsTestScore: 0.8064516129032258
corels rel mlp test: 1.0
corels rel rf test: 1.0
Parsing CSV...
Reading file: ../tmp/haberman.data
Done!
Rows read: 306
Columns: 4
Column names:
0: 0
1: 1
2: 2
3: 3

Done!
Splitting into training and test...
Done!
Constructing data matrices...
Done!
training corels
Done!
corelsTrainScore: 0.7431693989071039
corelsCvScore: 0.7282608695652174
corelsTestScore: 0.7096774193548387
corels rel mlp test: 1.0
corels rel rf test: 1.0
Parsing CSV...
Reading file: ../tmp/haberman.data
Done!
Rows read: 306
Columns: 4
Column names:
0: 0
1: 1
2: 2
3: 3

Done!
Splitting into training and test...
Done!
Constructing data matrices...
Done!
training corels
Done!
corelsTrainScore: 0.7377049180327869
corelsCvScore: 0.75
corelsTestScore: 0.6774193548387096
corels rel mlp test: 0.9354838709677419
corels rel rf test: 0.8387096774193549
Parsing CSV...
Reading file: ../tmp/haberman.data
Done!
Rows read: 306
Columns: 4
Column names:
0: 0
1: 1
2: 2
3: 3

Done!
Splitting into training and test...
Done!
Constructing data matrices...
Done!
training corels
Done!
corelsTrainScore: 0.7650273224043715
corelsCvScore: 0.7391304347826086
corelsTestScore: 0.7419354838709677
corels rel mlp test: 0.967741935483871
corels rel rf test: 0.967741935483871
Parsing CSV...
Reading file: ../tmp/haberman.data
Done!
Rows read: 306
Columns: 4
Column names:
0: 0
1: 1
2: 2
3: 3

Done!
Splitting into training and test...
Done!
Constructing data matrices...
Done!
training corels
Done!
corelsTrainScore: 0.7650273224043715
corelsCvScore: 0.6956521739130435
corelsTestScore: 0.7419354838709677
corels rel mlp test: 1.0
corels rel rf test: 1.0
Parsing CSV...
Reading file: ../tmp/haberman.data
Done!
Rows read: 306
Columns: 4
Column names:
0: 0
1: 1
2: 2
3: 3

Done!
Splitting into training and test...
Done!
Constructing data matrices...
Done!
training corels
Done!
corelsTrainScore: 0.7377049180327869
corelsCvScore: 0.7282608695652174
corelsTestScore: 0.8064516129032258
corels rel mlp test: 1.0
corels rel rf test: 0.9032258064516129
Parsing CSV...
Reading file: ../tmp/haberman.data
Done!
Rows read: 306
Columns: 4
Column names:
0: 0
1: 1
2: 2
3: 3

Done!
Splitting into training and test...
Done!
Constructing data matrices...
Done!
training corels
Done!
corelsTrainScore: 0.7704918032786885
corelsCvScore: 0.75
corelsTestScore: 0.6774193548387096
corels rel mlp test: 0.9354838709677419
corels rel rf test: 1.0
Averaged over 10 trials: corels train score: 0.7617486338797813
Averaged over 10 trials: corels cv score: 0.7250000000000001
Averaged over 10 trials: corels test score: 0.7258064516129034
Averaged over 10 trials: expertsys relative mlp test score: 0.967741935483871
Averaged over 10 trials: expertsys relative rf test score: 0.9548387096774194
