Parsing CSV...
Reading file: ../tmp/ilp.csv
Done!
Rows read: 583
Columns: 13
Column names:
0: 0
1: 2
2: 3
3: 4
4: 5
5: 6
6: 7
7: 8
8: 9
9: 10
10: 1_Female
11: 1_Male
12: 1_nan

Done!
Splitting into training and test...
Done!
Constructing data matrices...
Done!
training corels
Done!
corelsTrainScore: 0.7106017191977078
corelsCvScore: 0.7257142857142858
corelsTestScore: 0.6949152542372882
corels rel mlp test: 0.7796610169491526
corels rel rf test: 0.7966101694915254
Parsing CSV...
Reading file: ../tmp/ilp.csv
Done!
Rows read: 583
Columns: 13
Column names:
0: 0
1: 2
2: 3
3: 4
4: 5
5: 6
6: 7
7: 8
8: 9
9: 10
10: 1_Female
11: 1_Male
12: 1_nan

Done!
Splitting into training and test...
Done!
Constructing data matrices...
Done!
training corels
Done!
corelsTrainScore: 0.6905444126074498
corelsCvScore: 0.7428571428571429
corelsTestScore: 0.7627118644067796
corels rel mlp test: 0.8135593220338984
corels rel rf test: 0.7966101694915254
Parsing CSV...
Reading file: ../tmp/ilp.csv
Done!
Rows read: 583
Columns: 13
Column names:
0: 0
1: 2
2: 3
3: 4
4: 5
5: 6
6: 7
7: 8
8: 9
9: 10
10: 1_Female
11: 1_Male
12: 1_nan

Done!
Splitting into training and test...
Done!
Constructing data matrices...
Done!
training corels
Done!
corelsTrainScore: 0.7306590257879656
corelsCvScore: 0.6628571428571428
corelsTestScore: 0.7627118644067796
corels rel mlp test: 0.8135593220338984
corels rel rf test: 0.8813559322033898
Parsing CSV...
Reading file: ../tmp/ilp.csv
Done!
Rows read: 583
Columns: 13
Column names:
0: 0
1: 2
2: 3
3: 4
4: 5
5: 6
6: 7
7: 8
8: 9
9: 10
10: 1_Female
11: 1_Male
12: 1_nan

Done!
Splitting into training and test...
Done!
Constructing data matrices...
Done!
training corels
Done!
corelsTrainScore: 0.7249283667621776
corelsCvScore: 0.6914285714285714
corelsTestScore: 0.711864406779661
corels rel mlp test: 0.7627118644067796
corels rel rf test: 0.8135593220338984
Parsing CSV...
Reading file: ../tmp/ilp.csv
Done!
Rows read: 583
Columns: 13
Column names:
0: 0
1: 2
2: 3
3: 4
4: 5
5: 6
6: 7
7: 8
8: 9
9: 10
10: 1_Female
11: 1_Male
12: 1_nan

Done!
Splitting into training and test...
Done!
Constructing data matrices...
Done!
training corels
Done!
corelsTrainScore: 0.7048710601719198
corelsCvScore: 0.76
corelsTestScore: 0.6271186440677966
corels rel mlp test: 0.6440677966101694
corels rel rf test: 0.6610169491525424
Parsing CSV...
Reading file: ../tmp/ilp.csv
Done!
Rows read: 583
Columns: 13
Column names:
0: 0
1: 2
2: 3
3: 4
4: 5
5: 6
6: 7
7: 8
8: 9
9: 10
10: 1_Female
11: 1_Male
12: 1_nan

Done!
Splitting into training and test...
Done!
Constructing data matrices...
Done!
training corels
Done!
corelsTrainScore: 0.7048710601719198
corelsCvScore: 0.7485714285714286
corelsTestScore: 0.6610169491525424
corels rel mlp test: 0.7457627118644068
corels rel rf test: 0.7627118644067796
Parsing CSV...
Reading file: ../tmp/ilp.csv
Done!
Rows read: 583
Columns: 13
Column names:
0: 0
1: 2
2: 3
3: 4
4: 5
5: 6
6: 7
7: 8
8: 9
9: 10
10: 1_Female
11: 1_Male
12: 1_nan

Done!
Splitting into training and test...
Done!
Constructing data matrices...
Done!
training corels
Done!
corelsTrainScore: 0.7249283667621776
corelsCvScore: 0.6857142857142857
corelsTestScore: 0.7288135593220338
corels rel mlp test: 0.8983050847457628
corels rel rf test: 0.9322033898305084
Parsing CSV...
Reading file: ../tmp/ilp.csv
Done!
Rows read: 583
Columns: 13
Column names:
0: 0
1: 2
2: 3
3: 4
4: 5
5: 6
6: 7
7: 8
8: 9
9: 10
10: 1_Female
11: 1_Male
12: 1_nan

Done!
Splitting into training and test...
Done!
Constructing data matrices...
Done!
training corels
Done!
corelsTrainScore: 0.7220630372492837
corelsCvScore: 0.7028571428571428
corelsTestScore: 0.6949152542372882
corels rel mlp test: 0.8983050847457628
corels rel rf test: 0.9322033898305084
Parsing CSV...
Reading file: ../tmp/ilp.csv
Done!
Rows read: 583
Columns: 13
Column names:
0: 0
1: 2
2: 3
3: 4
4: 5
5: 6
6: 7
7: 8
8: 9
9: 10
10: 1_Female
11: 1_Male
12: 1_nan

Done!
Splitting into training and test...
Done!
Constructing data matrices...
Done!
training corels
Done!
corelsTrainScore: 0.7077363896848138
corelsCvScore: 0.7314285714285714
corelsTestScore: 0.6949152542372882
corels rel mlp test: 0.8135593220338984
corels rel rf test: 0.7966101694915254
Parsing CSV...
Reading file: ../tmp/ilp.csv
Done!
Rows read: 583
Columns: 13
Column names:
0: 0
1: 2
2: 3
3: 4
4: 5
5: 6
6: 7
7: 8
8: 9
9: 10
10: 1_Female
11: 1_Male
12: 1_nan

Done!
Splitting into training and test...
Done!
Constructing data matrices...
Done!
training corels
Done!
corelsTrainScore: 0.6876790830945558
corelsCvScore: 0.7485714285714286
corelsTestScore: 0.7627118644067796
corels rel mlp test: 0.7627118644067796
corels rel rf test: 0.711864406779661
Averaged over 10 trials: corels train score: 0.7108882521489972
Averaged over 10 trials: corels cv score: 0.72
Averaged over 10 trials: corels test score: 0.7101694915254237
Averaged over 10 trials: expertsys relative mlp test score: 0.793220338983051
Averaged over 10 trials: expertsys relative rf test score: 0.8084745762711865
