Parsing CSV...
Reading file: ../tmp/ionosphere.data
Done!
Rows read: 351
Columns: 35
Column names:
0: 0
1: 1
2: 2
3: 3
4: 4
5: 5
6: 6
7: 7
8: 8
9: 9
10: 10
11: 11
12: 12
13: 13
14: 14
15: 15
16: 16
17: 17
18: 18
19: 19
20: 20
21: 21
22: 22
23: 23
24: 24
25: 25
26: 26
27: 27
28: 28
29: 29
30: 30
31: 31
32: 32
33: 33
34: 34

Done!
Splitting into training and test...
Done!
Constructing data matrices...
Done!
training corels
Done!
corelsTrainScore: 0.8904761904761904
corelsCvScore: 0.7619047619047619
corelsTestScore: 0.7222222222222222
corels rel mlp test: 0.9166666666666666
corels rel rf test: 0.8333333333333334
Parsing CSV...
Reading file: ../tmp/ionosphere.data
Done!
Rows read: 351
Columns: 35
Column names:
0: 0
1: 1
2: 2
3: 3
4: 4
5: 5
6: 6
7: 7
8: 8
9: 9
10: 10
11: 11
12: 12
13: 13
14: 14
15: 15
16: 16
17: 17
18: 18
19: 19
20: 20
21: 21
22: 22
23: 23
24: 24
25: 25
26: 26
27: 27
28: 28
29: 29
30: 30
31: 31
32: 32
33: 33
34: 34

Done!
Splitting into training and test...
Done!
Constructing data matrices...
Done!
training corels
Done!
corelsTrainScore: 0.8476190476190476
corelsCvScore: 0.7238095238095238
corelsTestScore: 0.8055555555555556
corels rel mlp test: 0.8333333333333334
corels rel rf test: 0.8055555555555556
Parsing CSV...
Reading file: ../tmp/ionosphere.data
Done!
Rows read: 351
Columns: 35
Column names:
0: 0
1: 1
2: 2
3: 3
4: 4
5: 5
6: 6
7: 7
8: 8
9: 9
10: 10
11: 11
12: 12
13: 13
14: 14
15: 15
16: 16
17: 17
18: 18
19: 19
20: 20
21: 21
22: 22
23: 23
24: 24
25: 25
26: 26
27: 27
28: 28
29: 29
30: 30
31: 31
32: 32
33: 33
34: 34

Done!
Splitting into training and test...
Done!
Constructing data matrices...
Done!
training corels
Done!
corelsTrainScore: 0.8571428571428571
corelsCvScore: 0.8
corelsTestScore: 0.6944444444444444
corels rel mlp test: 0.6944444444444444
corels rel rf test: 0.7777777777777778
Parsing CSV...
Reading file: ../tmp/ionosphere.data
Done!
Rows read: 351
Columns: 35
Column names:
0: 0
1: 1
2: 2
3: 3
4: 4
5: 5
6: 6
7: 7
8: 8
9: 9
10: 10
11: 11
12: 12
13: 13
14: 14
15: 15
16: 16
17: 17
18: 18
19: 19
20: 20
21: 21
22: 22
23: 23
24: 24
25: 25
26: 26
27: 27
28: 28
29: 29
30: 30
31: 31
32: 32
33: 33
34: 34

Done!
Splitting into training and test...
Done!
Constructing data matrices...
Done!
training corels
Done!
corelsTrainScore: 0.8476190476190476
corelsCvScore: 0.8380952380952381
corelsTestScore: 0.6944444444444444
corels rel mlp test: 0.75
corels rel rf test: 0.7222222222222222
Parsing CSV...
Reading file: ../tmp/ionosphere.data
Done!
Rows read: 351
Columns: 35
Column names:
0: 0
1: 1
2: 2
3: 3
4: 4
5: 5
6: 6
7: 7
8: 8
9: 9
10: 10
11: 11
12: 12
13: 13
14: 14
15: 15
16: 16
17: 17
18: 18
19: 19
20: 20
21: 21
22: 22
23: 23
24: 24
25: 25
26: 26
27: 27
28: 28
29: 29
30: 30
31: 31
32: 32
33: 33
34: 34

Done!
Splitting into training and test...
Done!
Constructing data matrices...
Done!
training corels
Done!
corelsTrainScore: 0.8476190476190476
corelsCvScore: 0.8095238095238095
corelsTestScore: 0.8333333333333334
corels rel mlp test: 0.8888888888888888
corels rel rf test: 0.9166666666666666
Parsing CSV...
Reading file: ../tmp/ionosphere.data
Done!
Rows read: 351
Columns: 35
Column names:
0: 0
1: 1
2: 2
3: 3
4: 4
5: 5
6: 6
7: 7
8: 8
9: 9
10: 10
11: 11
12: 12
13: 13
14: 14
15: 15
16: 16
17: 17
18: 18
19: 19
20: 20
21: 21
22: 22
23: 23
24: 24
25: 25
26: 26
27: 27
28: 28
29: 29
30: 30
31: 31
32: 32
33: 33
34: 34

Done!
Splitting into training and test...
Done!
Constructing data matrices...
Done!
training corels
Done!
corelsTrainScore: 0.8428571428571429
corelsCvScore: 0.8285714285714286
corelsTestScore: 0.8055555555555556
corels rel mlp test: 0.8333333333333334
corels rel rf test: 0.8611111111111112
Parsing CSV...
Reading file: ../tmp/ionosphere.data
Done!
Rows read: 351
Columns: 35
Column names:
0: 0
1: 1
2: 2
3: 3
4: 4
5: 5
6: 6
7: 7
8: 8
9: 9
10: 10
11: 11
12: 12
13: 13
14: 14
15: 15
16: 16
17: 17
18: 18
19: 19
20: 20
21: 21
22: 22
23: 23
24: 24
25: 25
26: 26
27: 27
28: 28
29: 29
30: 30
31: 31
32: 32
33: 33
34: 34

Done!
Splitting into training and test...
Done!
Constructing data matrices...
Done!
training corels
Done!
corelsTrainScore: 0.8476190476190476
corelsCvScore: 0.7714285714285715
corelsTestScore: 0.8888888888888888
corels rel mlp test: 0.9166666666666666
corels rel rf test: 0.9444444444444444
Parsing CSV...
Reading file: ../tmp/ionosphere.data
Done!
Rows read: 351
Columns: 35
Column names:
0: 0
1: 1
2: 2
3: 3
4: 4
5: 5
6: 6
7: 7
8: 8
9: 9
10: 10
11: 11
12: 12
13: 13
14: 14
15: 15
16: 16
17: 17
18: 18
19: 19
20: 20
21: 21
22: 22
23: 23
24: 24
25: 25
26: 26
27: 27
28: 28
29: 29
30: 30
31: 31
32: 32
33: 33
34: 34

Done!
Splitting into training and test...
Done!
Constructing data matrices...
Done!
training corels
Done!
corelsTrainScore: 0.8666666666666667
corelsCvScore: 0.819047619047619
corelsTestScore: 0.7777777777777778
corels rel mlp test: 0.8055555555555556
corels rel rf test: 0.8333333333333334
Parsing CSV...
Reading file: ../tmp/ionosphere.data
Done!
Rows read: 351
Columns: 35
Column names:
0: 0
1: 1
2: 2
3: 3
4: 4
5: 5
6: 6
7: 7
8: 8
9: 9
10: 10
11: 11
12: 12
13: 13
14: 14
15: 15
16: 16
17: 17
18: 18
19: 19
20: 20
21: 21
22: 22
23: 23
24: 24
25: 25
26: 26
27: 27
28: 28
29: 29
30: 30
31: 31
32: 32
33: 33
34: 34

Done!
Splitting into training and test...
Done!
Constructing data matrices...
Done!
training corels
Done!
corelsTrainScore: 0.8571428571428571
corelsCvScore: 0.7904761904761904
corelsTestScore: 0.7777777777777778
corels rel mlp test: 0.75
corels rel rf test: 0.8055555555555556
Parsing CSV...
Reading file: ../tmp/ionosphere.data
Done!
Rows read: 351
Columns: 35
Column names:
0: 0
1: 1
2: 2
3: 3
4: 4
5: 5
6: 6
7: 7
8: 8
9: 9
10: 10
11: 11
12: 12
13: 13
14: 14
15: 15
16: 16
17: 17
18: 18
19: 19
20: 20
21: 21
22: 22
23: 23
24: 24
25: 25
26: 26
27: 27
28: 28
29: 29
30: 30
31: 31
32: 32
33: 33
34: 34

Done!
Splitting into training and test...
Done!
Constructing data matrices...
Done!
training corels
Done!
corelsTrainScore: 0.8476190476190476
corelsCvScore: 0.7714285714285715
corelsTestScore: 0.8888888888888888
corels rel mlp test: 0.8333333333333334
corels rel rf test: 0.8888888888888888
Averaged over 10 trials: corels train score: 0.855238095238095
Averaged over 10 trials: corels cv score: 0.7914285714285714
Averaged over 10 trials: corels test score: 0.788888888888889
Averaged over 10 trials: expertsys relative mlp test score: 0.8222222222222223
Averaged over 10 trials: expertsys relative rf test score: 0.8388888888888888
