Parsing CSV...
Reading file: ../tmp/mammographic_masses.data
Done!
Rows read: 961
Columns: 26
Column names:
0: 1
1: 5
2: 0_0
3: 0_2
4: 0_3
5: 0_4
6: 0_5
7: 0_55
8: 0_6
9: 0_nan
10: 2_1
11: 2_2
12: 2_3
13: 2_4
14: 2_nan
15: 3_1
16: 3_2
17: 3_3
18: 3_4
19: 3_5
20: 3_nan
21: 4_1
22: 4_2
23: 4_3
24: 4_4
25: 4_nan

Done!
Splitting into training and test...
Done!
Constructing data matrices...
Done!
training corels
Done!
corelsTrainScore: 0.8333333333333334
corelsCvScore: 0.8159722222222222
corelsTestScore: 0.865979381443299
corels rel mlp test: 0.9381443298969072
corels rel rf test: 0.9381443298969072
Parsing CSV...
Reading file: ../tmp/mammographic_masses.data
Done!
Rows read: 961
Columns: 26
Column names:
0: 1
1: 5
2: 0_0
3: 0_2
4: 0_3
5: 0_4
6: 0_5
7: 0_55
8: 0_6
9: 0_nan
10: 2_1
11: 2_2
12: 2_3
13: 2_4
14: 2_nan
15: 3_1
16: 3_2
17: 3_3
18: 3_4
19: 3_5
20: 3_nan
21: 4_1
22: 4_2
23: 4_3
24: 4_4
25: 4_nan

Done!
Splitting into training and test...
Done!
Constructing data matrices...
Done!
training corels
Done!
corelsTrainScore: 0.8177083333333334
corelsCvScore: 0.8402777777777778
corelsTestScore: 0.8247422680412371
corels rel mlp test: 0.8247422680412371
corels rel rf test: 0.845360824742268
Parsing CSV...
Reading file: ../tmp/mammographic_masses.data
Done!
Rows read: 961
Columns: 26
Column names:
0: 1
1: 5
2: 0_0
3: 0_2
4: 0_3
5: 0_4
6: 0_5
7: 0_55
8: 0_6
9: 0_nan
10: 2_1
11: 2_2
12: 2_3
13: 2_4
14: 2_nan
15: 3_1
16: 3_2
17: 3_3
18: 3_4
19: 3_5
20: 3_nan
21: 4_1
22: 4_2
23: 4_3
24: 4_4
25: 4_nan

Done!
Splitting into training and test...
Done!
Constructing data matrices...
Done!
training corels
Done!
corelsTrainScore: 0.8142361111111112
corelsCvScore: 0.8541666666666666
corelsTestScore: 0.865979381443299
corels rel mlp test: 0.9175257731958762
corels rel rf test: 0.9381443298969072
Parsing CSV...
Reading file: ../tmp/mammographic_masses.data
Done!
Rows read: 961
Columns: 26
Column names:
0: 1
1: 5
2: 0_0
3: 0_2
4: 0_3
5: 0_4
6: 0_5
7: 0_55
8: 0_6
9: 0_nan
10: 2_1
11: 2_2
12: 2_3
13: 2_4
14: 2_nan
15: 3_1
16: 3_2
17: 3_3
18: 3_4
19: 3_5
20: 3_nan
21: 4_1
22: 4_2
23: 4_3
24: 4_4
25: 4_nan

Done!
Splitting into training and test...
Done!
Constructing data matrices...
Done!
training corels
Done!
corelsTrainScore: 0.8506944444444444
corelsCvScore: 0.8159722222222222
corelsTestScore: 0.7628865979381443
corels rel mlp test: 0.9278350515463918
corels rel rf test: 0.9484536082474226
Parsing CSV...
Reading file: ../tmp/mammographic_masses.data
Done!
Rows read: 961
Columns: 26
Column names:
0: 1
1: 5
2: 0_0
3: 0_2
4: 0_3
5: 0_4
6: 0_5
7: 0_55
8: 0_6
9: 0_nan
10: 2_1
11: 2_2
12: 2_3
13: 2_4
14: 2_nan
15: 3_1
16: 3_2
17: 3_3
18: 3_4
19: 3_5
20: 3_nan
21: 4_1
22: 4_2
23: 4_3
24: 4_4
25: 4_nan

Done!
Splitting into training and test...
Done!
Constructing data matrices...
Done!
training corels
Done!
corelsTrainScore: 0.8159722222222222
corelsCvScore: 0.8263888888888888
corelsTestScore: 0.8041237113402062
corels rel mlp test: 0.8865979381443299
corels rel rf test: 0.8865979381443299
Parsing CSV...
Reading file: ../tmp/mammographic_masses.data
Done!
Rows read: 961
Columns: 26
Column names:
0: 1
1: 5
2: 0_0
3: 0_2
4: 0_3
5: 0_4
6: 0_5
7: 0_55
8: 0_6
9: 0_nan
10: 2_1
11: 2_2
12: 2_3
13: 2_4
14: 2_nan
15: 3_1
16: 3_2
17: 3_3
18: 3_4
19: 3_5
20: 3_nan
21: 4_1
22: 4_2
23: 4_3
24: 4_4
25: 4_nan

Done!
Splitting into training and test...
Done!
Constructing data matrices...
Done!
training corels
Done!
corelsTrainScore: 0.8246527777777778
corelsCvScore: 0.8402777777777778
corelsTestScore: 0.845360824742268
corels rel mlp test: 0.7938144329896907
corels rel rf test: 0.8865979381443299
Parsing CSV...
Reading file: ../tmp/mammographic_masses.data
Done!
Rows read: 961
Columns: 26
Column names:
0: 1
1: 5
2: 0_0
3: 0_2
4: 0_3
5: 0_4
6: 0_5
7: 0_55
8: 0_6
9: 0_nan
10: 2_1
11: 2_2
12: 2_3
13: 2_4
14: 2_nan
15: 3_1
16: 3_2
17: 3_3
18: 3_4
19: 3_5
20: 3_nan
21: 4_1
22: 4_2
23: 4_3
24: 4_4
25: 4_nan

Done!
Splitting into training and test...
Done!
Constructing data matrices...
Done!
training corels
Done!
corelsTrainScore: 0.828125
corelsCvScore: 0.8020833333333334
corelsTestScore: 0.8762886597938144
corels rel mlp test: 0.9587628865979382
corels rel rf test: 0.9690721649484536
Parsing CSV...
Reading file: ../tmp/mammographic_masses.data
Done!
Rows read: 961
Columns: 26
Column names:
0: 1
1: 5
2: 0_0
3: 0_2
4: 0_3
5: 0_4
6: 0_5
7: 0_55
8: 0_6
9: 0_nan
10: 2_1
11: 2_2
12: 2_3
13: 2_4
14: 2_nan
15: 3_1
16: 3_2
17: 3_3
18: 3_4
19: 3_5
20: 3_nan
21: 4_1
22: 4_2
23: 4_3
24: 4_4
25: 4_nan

Done!
Splitting into training and test...
Done!
Constructing data matrices...
Done!
training corels
Done!
corelsTrainScore: 0.8333333333333334
corelsCvScore: 0.8333333333333334
corelsTestScore: 0.8144329896907216
corels rel mlp test: 0.9381443298969072
corels rel rf test: 0.9484536082474226
Parsing CSV...
Reading file: ../tmp/mammographic_masses.data
Done!
Rows read: 961
Columns: 26
Column names:
0: 1
1: 5
2: 0_0
3: 0_2
4: 0_3
5: 0_4
6: 0_5
7: 0_55
8: 0_6
9: 0_nan
10: 2_1
11: 2_2
12: 2_3
13: 2_4
14: 2_nan
15: 3_1
16: 3_2
17: 3_3
18: 3_4
19: 3_5
20: 3_nan
21: 4_1
22: 4_2
23: 4_3
24: 4_4
25: 4_nan

Done!
Splitting into training and test...
Done!
Constructing data matrices...
Done!
training corels
Done!
corelsTrainScore: 0.8298611111111112
corelsCvScore: 0.8333333333333334
corelsTestScore: 0.8350515463917526
corels rel mlp test: 0.8762886597938144
corels rel rf test: 0.9175257731958762
Parsing CSV...
Reading file: ../tmp/mammographic_masses.data
Done!
Rows read: 961
Columns: 26
Column names:
0: 1
1: 5
2: 0_0
3: 0_2
4: 0_3
5: 0_4
6: 0_5
7: 0_55
8: 0_6
9: 0_nan
10: 2_1
11: 2_2
12: 2_3
13: 2_4
14: 2_nan
15: 3_1
16: 3_2
17: 3_3
18: 3_4
19: 3_5
20: 3_nan
21: 4_1
22: 4_2
23: 4_3
24: 4_4
25: 4_nan

Done!
Splitting into training and test...
Done!
Constructing data matrices...
Done!
training corels
Done!
corelsTrainScore: 0.8229166666666666
corelsCvScore: 0.8263888888888888
corelsTestScore: 0.8350515463917526
corels rel mlp test: 0.845360824742268
corels rel rf test: 0.8556701030927835
Averaged over 10 trials: corels train score: 0.8270833333333332
Averaged over 10 trials: corels cv score: 0.8288194444444443
Averaged over 10 trials: corels test score: 0.8329896907216494
Averaged over 10 trials: expertsys relative mlp test score: 0.8907216494845361
Averaged over 10 trials: expertsys relative rf test score: 0.9134020618556702
