Parsing CSV...
Reading file: ../tmp/monks-2-clean.csv
Done!
Rows read: 602
Columns: 28
Column names:
0: 0
1: 1_1
2: 1_2
3: 1_3
4: 1_nan
5: 2_1
6: 2_2
7: 2_3
8: 2_nan
9: 3_1
10: 3_2
11: 3_4
12: 3_nan
13: 4_1
14: 4_2
15: 4_3
16: 4_5
17: 4_nan
18: 5_1
19: 5_2
20: 5_3
21: 5_4
22: 5_6
23: 5_nan
24: 6_1
25: 6_2
26: 6_7
27: 6_nan

Done!
Splitting into training and test...
Done!
Constructing data matrices...
Done!
training corels
Done!
corelsTrainScore: 0.7
corelsCvScore: 0.6187845303867403
corelsTestScore: 0.6557377049180327
corels rel mlp test: 0.6557377049180327
corels rel rf test: 0.8688524590163934
Parsing CSV...
Reading file: ../tmp/monks-2-clean.csv
Done!
Rows read: 602
Columns: 28
Column names:
0: 0
1: 1_1
2: 1_2
3: 1_3
4: 1_nan
5: 2_1
6: 2_2
7: 2_3
8: 2_nan
9: 3_1
10: 3_2
11: 3_4
12: 3_nan
13: 4_1
14: 4_2
15: 4_3
16: 4_5
17: 4_nan
18: 5_1
19: 5_2
20: 5_3
21: 5_4
22: 5_6
23: 5_nan
24: 6_1
25: 6_2
26: 6_7
27: 6_nan

Done!
Splitting into training and test...
Done!
Constructing data matrices...
Done!
training corels
Done!
corelsTrainScore: 0.6666666666666666
corelsCvScore: 0.6629834254143646
corelsTestScore: 0.639344262295082
corels rel mlp test: 0.639344262295082
corels rel rf test: 0.6065573770491803
Parsing CSV...
Reading file: ../tmp/monks-2-clean.csv
Done!
Rows read: 602
Columns: 28
Column names:
0: 0
1: 1_1
2: 1_2
3: 1_3
4: 1_nan
5: 2_1
6: 2_2
7: 2_3
8: 2_nan
9: 3_1
10: 3_2
11: 3_4
12: 3_nan
13: 4_1
14: 4_2
15: 4_3
16: 4_5
17: 4_nan
18: 5_1
19: 5_2
20: 5_3
21: 5_4
22: 5_6
23: 5_nan
24: 6_1
25: 6_2
26: 6_7
27: 6_nan

Done!
Splitting into training and test...
Done!
Constructing data matrices...
Done!
training corels
Done!
corelsTrainScore: 0.3388888888888889
corelsCvScore: 0.3812154696132597
corelsTestScore: 0.26229508196721313
corels rel mlp test: 0.26229508196721313
corels rel rf test: 0.2459016393442623
Parsing CSV...
Reading file: ../tmp/monks-2-clean.csv
Done!
Rows read: 602
Columns: 28
Column names:
0: 0
1: 1_1
2: 1_2
3: 1_3
4: 1_nan
5: 2_1
6: 2_2
7: 2_3
8: 2_nan
9: 3_1
10: 3_2
11: 3_4
12: 3_nan
13: 4_1
14: 4_2
15: 4_3
16: 4_5
17: 4_nan
18: 5_1
19: 5_2
20: 5_3
21: 5_4
22: 5_6
23: 5_nan
24: 6_1
25: 6_2
26: 6_7
27: 6_nan

Done!
Splitting into training and test...
Done!
Constructing data matrices...
Done!
training corels
Done!
corelsTrainScore: 0.6805555555555556
corelsCvScore: 0.6408839779005525
corelsTestScore: 0.4918032786885246
corels rel mlp test: 0.4918032786885246
corels rel rf test: 0.6229508196721312
Parsing CSV...
Reading file: ../tmp/monks-2-clean.csv
Done!
Rows read: 602
Columns: 28
Column names:
0: 0
1: 1_1
2: 1_2
3: 1_3
4: 1_nan
5: 2_1
6: 2_2
7: 2_3
8: 2_nan
9: 3_1
10: 3_2
11: 3_4
12: 3_nan
13: 4_1
14: 4_2
15: 4_3
16: 4_5
17: 4_nan
18: 5_1
19: 5_2
20: 5_3
21: 5_4
22: 5_6
23: 5_nan
24: 6_1
25: 6_2
26: 6_7
27: 6_nan

Done!
Splitting into training and test...
Done!
Constructing data matrices...
Done!
training corels
Done!
corelsTrainScore: 0.3138888888888889
corelsCvScore: 0.4198895027624309
corelsTestScore: 0.29508196721311475
corels rel mlp test: 0.29508196721311475
corels rel rf test: 0.13114754098360656
Parsing CSV...
Reading file: ../tmp/monks-2-clean.csv
Done!
Rows read: 602
Columns: 28
Column names:
0: 0
1: 1_1
2: 1_2
3: 1_3
4: 1_nan
5: 2_1
6: 2_2
7: 2_3
8: 2_nan
9: 3_1
10: 3_2
11: 3_4
12: 3_nan
13: 4_1
14: 4_2
15: 4_3
16: 4_5
17: 4_nan
18: 5_1
19: 5_2
20: 5_3
21: 5_4
22: 5_6
23: 5_nan
24: 6_1
25: 6_2
26: 6_7
27: 6_nan

Done!
Splitting into training and test...
Done!
Constructing data matrices...
Done!
training corels
Done!
corelsTrainScore: 0.6861111111111111
corelsCvScore: 0.6187845303867403
corelsTestScore: 0.639344262295082
corels rel mlp test: 0.639344262295082
corels rel rf test: 0.7213114754098361
Parsing CSV...
Reading file: ../tmp/monks-2-clean.csv
Done!
Rows read: 602
Columns: 28
Column names:
0: 0
1: 1_1
2: 1_2
3: 1_3
4: 1_nan
5: 2_1
6: 2_2
7: 2_3
8: 2_nan
9: 3_1
10: 3_2
11: 3_4
12: 3_nan
13: 4_1
14: 4_2
15: 4_3
16: 4_5
17: 4_nan
18: 5_1
19: 5_2
20: 5_3
21: 5_4
22: 5_6
23: 5_nan
24: 6_1
25: 6_2
26: 6_7
27: 6_nan

Done!
Splitting into training and test...
Done!
Constructing data matrices...
Done!
training corels
Done!
corelsTrainScore: 0.3055555555555556
corelsCvScore: 0.3867403314917127
corelsTestScore: 0.4426229508196721
corels rel mlp test: 0.4426229508196721
corels rel rf test: 0.16393442622950818
Parsing CSV...
Reading file: ../tmp/monks-2-clean.csv
Done!
Rows read: 602
Columns: 28
Column names:
0: 0
1: 1_1
2: 1_2
3: 1_3
4: 1_nan
5: 2_1
6: 2_2
7: 2_3
8: 2_nan
9: 3_1
10: 3_2
11: 3_4
12: 3_nan
13: 4_1
14: 4_2
15: 4_3
16: 4_5
17: 4_nan
18: 5_1
19: 5_2
20: 5_3
21: 5_4
22: 5_6
23: 5_nan
24: 6_1
25: 6_2
26: 6_7
27: 6_nan

Done!
Splitting into training and test...
Done!
Constructing data matrices...
Done!
training corels
Done!
corelsTrainScore: 0.6777777777777778
corelsCvScore: 0.6464088397790055
corelsTestScore: 0.6065573770491803
corels rel mlp test: 0.6065573770491803
corels rel rf test: 0.7377049180327869
Parsing CSV...
Reading file: ../tmp/monks-2-clean.csv
Done!
Rows read: 602
Columns: 28
Column names:
0: 0
1: 1_1
2: 1_2
3: 1_3
4: 1_nan
5: 2_1
6: 2_2
7: 2_3
8: 2_nan
9: 3_1
10: 3_2
11: 3_4
12: 3_nan
13: 4_1
14: 4_2
15: 4_3
16: 4_5
17: 4_nan
18: 5_1
19: 5_2
20: 5_3
21: 5_4
22: 5_6
23: 5_nan
24: 6_1
25: 6_2
26: 6_7
27: 6_nan

Done!
Splitting into training and test...
Done!
Constructing data matrices...
Done!
training corels
Done!
corelsTrainScore: 0.6861111111111111
corelsCvScore: 0.6298342541436464
corelsTestScore: 0.6065573770491803
corels rel mlp test: 0.6065573770491803
corels rel rf test: 0.7049180327868853
Parsing CSV...
Reading file: ../tmp/monks-2-clean.csv
Done!
Rows read: 602
Columns: 28
Column names:
0: 0
1: 1_1
2: 1_2
3: 1_3
4: 1_nan
5: 2_1
6: 2_2
7: 2_3
8: 2_nan
9: 3_1
10: 3_2
11: 3_4
12: 3_nan
13: 4_1
14: 4_2
15: 4_3
16: 4_5
17: 4_nan
18: 5_1
19: 5_2
20: 5_3
21: 5_4
22: 5_6
23: 5_nan
24: 6_1
25: 6_2
26: 6_7
27: 6_nan

Done!
Splitting into training and test...
Done!
Constructing data matrices...
Done!
training corels
Done!
corelsTrainScore: 0.6527777777777778
corelsCvScore: 0.6740331491712708
corelsTestScore: 0.6229508196721312
corels rel mlp test: 0.6229508196721312
corels rel rf test: 0.6885245901639344
Averaged over 10 trials: corels train score: 0.5708333333333333
Averaged over 10 trials: corels cv score: 0.5679558011049723
Averaged over 10 trials: corels test score: 0.5262295081967212
Averaged over 10 trials: expertsys relative mlp test score: 0.5262295081967212
Averaged over 10 trials: expertsys relative rf test score: 0.5491803278688525
