Parsing CSV...
Reading file: ../tmp/monks-3-clean.csv
Done!
Rows read: 555
Columns: 28
Column names:
0: 0
1: 1_1
2: 1_2
3: 1_3
4: 1_nan
5: 2_1
6: 2_2
7: 2_3
8: 2_nan
9: 3_1
10: 3_2
11: 3_4
12: 3_nan
13: 4_1
14: 4_2
15: 4_3
16: 4_5
17: 4_nan
18: 5_1
19: 5_2
20: 5_3
21: 5_4
22: 5_6
23: 5_nan
24: 6_1
25: 6_2
26: 6_7
27: 6_nan

Done!
Splitting into training and test...
Done!
Constructing data matrices...
Done!
training corels
Done!
corelsTrainScore: 0.9819277108433735
corelsCvScore: 1.0
corelsTestScore: 0.9821428571428571
corels rel mlp test: 0.9821428571428571
corels rel rf test: 0.9821428571428571
Parsing CSV...
Reading file: ../tmp/monks-3-clean.csv
Done!
Rows read: 555
Columns: 28
Column names:
0: 0
1: 1_1
2: 1_2
3: 1_3
4: 1_nan
5: 2_1
6: 2_2
7: 2_3
8: 2_nan
9: 3_1
10: 3_2
11: 3_4
12: 3_nan
13: 4_1
14: 4_2
15: 4_3
16: 4_5
17: 4_nan
18: 5_1
19: 5_2
20: 5_3
21: 5_4
22: 5_6
23: 5_nan
24: 6_1
25: 6_2
26: 6_7
27: 6_nan

Done!
Splitting into training and test...
Done!
Constructing data matrices...
Done!
training corels
Done!
corelsTrainScore: 0.9969879518072289
corelsCvScore: 0.9700598802395209
corelsTestScore: 0.9821428571428571
corels rel mlp test: 1.0
corels rel rf test: 1.0
Parsing CSV...
Reading file: ../tmp/monks-3-clean.csv
Done!
Rows read: 555
Columns: 28
Column names:
0: 0
1: 1_1
2: 1_2
3: 1_3
4: 1_nan
5: 2_1
6: 2_2
7: 2_3
8: 2_nan
9: 3_1
10: 3_2
11: 3_4
12: 3_nan
13: 4_1
14: 4_2
15: 4_3
16: 4_5
17: 4_nan
18: 5_1
19: 5_2
20: 5_3
21: 5_4
22: 5_6
23: 5_nan
24: 6_1
25: 6_2
26: 6_7
27: 6_nan

Done!
Splitting into training and test...
Done!
Constructing data matrices...
Done!
training corels
Done!
corelsTrainScore: 0.9849397590361446
corelsCvScore: 0.9880239520958084
corelsTestScore: 1.0
corels rel mlp test: 0.9821428571428571
corels rel rf test: 1.0
Parsing CSV...
Reading file: ../tmp/monks-3-clean.csv
Done!
Rows read: 555
Columns: 28
Column names:
0: 0
1: 1_1
2: 1_2
3: 1_3
4: 1_nan
5: 2_1
6: 2_2
7: 2_3
8: 2_nan
9: 3_1
10: 3_2
11: 3_4
12: 3_nan
13: 4_1
14: 4_2
15: 4_3
16: 4_5
17: 4_nan
18: 5_1
19: 5_2
20: 5_3
21: 5_4
22: 5_6
23: 5_nan
24: 6_1
25: 6_2
26: 6_7
27: 6_nan

Done!
Splitting into training and test...
Done!
Constructing data matrices...
Done!
training corels
Done!
corelsTrainScore: 0.9849397590361446
corelsCvScore: 0.9880239520958084
corelsTestScore: 1.0
corels rel mlp test: 0.9642857142857143
corels rel rf test: 0.9821428571428571
Parsing CSV...
Reading file: ../tmp/monks-3-clean.csv
Done!
Rows read: 555
Columns: 28
Column names:
0: 0
1: 1_1
2: 1_2
3: 1_3
4: 1_nan
5: 2_1
6: 2_2
7: 2_3
8: 2_nan
9: 3_1
10: 3_2
11: 3_4
12: 3_nan
13: 4_1
14: 4_2
15: 4_3
16: 4_5
17: 4_nan
18: 5_1
19: 5_2
20: 5_3
21: 5_4
22: 5_6
23: 5_nan
24: 6_1
25: 6_2
26: 6_7
27: 6_nan

Done!
Splitting into training and test...
Done!
Constructing data matrices...
Done!
training corels
Done!
corelsTrainScore: 0.9879518072289156
corelsCvScore: 0.9880239520958084
corelsTestScore: 0.9821428571428571
corels rel mlp test: 1.0
corels rel rf test: 1.0
Parsing CSV...
Reading file: ../tmp/monks-3-clean.csv
Done!
Rows read: 555
Columns: 28
Column names:
0: 0
1: 1_1
2: 1_2
3: 1_3
4: 1_nan
5: 2_1
6: 2_2
7: 2_3
8: 2_nan
9: 3_1
10: 3_2
11: 3_4
12: 3_nan
13: 4_1
14: 4_2
15: 4_3
16: 4_5
17: 4_nan
18: 5_1
19: 5_2
20: 5_3
21: 5_4
22: 5_6
23: 5_nan
24: 6_1
25: 6_2
26: 6_7
27: 6_nan

Done!
Splitting into training and test...
Done!
Constructing data matrices...
Done!
training corels
Done!
corelsTrainScore: 0.9849397590361446
corelsCvScore: 0.9880239520958084
corelsTestScore: 1.0
corels rel mlp test: 1.0
corels rel rf test: 1.0
Parsing CSV...
Reading file: ../tmp/monks-3-clean.csv
Done!
Rows read: 555
Columns: 28
Column names:
0: 0
1: 1_1
2: 1_2
3: 1_3
4: 1_nan
5: 2_1
6: 2_2
7: 2_3
8: 2_nan
9: 3_1
10: 3_2
11: 3_4
12: 3_nan
13: 4_1
14: 4_2
15: 4_3
16: 4_5
17: 4_nan
18: 5_1
19: 5_2
20: 5_3
21: 5_4
22: 5_6
23: 5_nan
24: 6_1
25: 6_2
26: 6_7
27: 6_nan

Done!
Splitting into training and test...
Done!
Constructing data matrices...
Done!
training corels
Done!
corelsTrainScore: 0.9879518072289156
corelsCvScore: 0.9820359281437125
corelsTestScore: 1.0
corels rel mlp test: 0.9821428571428571
corels rel rf test: 1.0
Parsing CSV...
Reading file: ../tmp/monks-3-clean.csv
Done!
Rows read: 555
Columns: 28
Column names:
0: 0
1: 1_1
2: 1_2
3: 1_3
4: 1_nan
5: 2_1
6: 2_2
7: 2_3
8: 2_nan
9: 3_1
10: 3_2
11: 3_4
12: 3_nan
13: 4_1
14: 4_2
15: 4_3
16: 4_5
17: 4_nan
18: 5_1
19: 5_2
20: 5_3
21: 5_4
22: 5_6
23: 5_nan
24: 6_1
25: 6_2
26: 6_7
27: 6_nan

Done!
Splitting into training and test...
Done!
Constructing data matrices...
Done!
training corels
Done!
corelsTrainScore: 0.9879518072289156
corelsCvScore: 0.9880239520958084
corelsTestScore: 0.9821428571428571
corels rel mlp test: 0.9821428571428571
corels rel rf test: 0.9821428571428571
Parsing CSV...
Reading file: ../tmp/monks-3-clean.csv
Done!
Rows read: 555
Columns: 28
Column names:
0: 0
1: 1_1
2: 1_2
3: 1_3
4: 1_nan
5: 2_1
6: 2_2
7: 2_3
8: 2_nan
9: 3_1
10: 3_2
11: 3_4
12: 3_nan
13: 4_1
14: 4_2
15: 4_3
16: 4_5
17: 4_nan
18: 5_1
19: 5_2
20: 5_3
21: 5_4
22: 5_6
23: 5_nan
24: 6_1
25: 6_2
26: 6_7
27: 6_nan

Done!
Splitting into training and test...
Done!
Constructing data matrices...
Done!
training corels
Done!
corelsTrainScore: 0.9819277108433735
corelsCvScore: 1.0
corelsTestScore: 0.9821428571428571
corels rel mlp test: 1.0
corels rel rf test: 1.0
Parsing CSV...
Reading file: ../tmp/monks-3-clean.csv
Done!
Rows read: 555
Columns: 28
Column names:
0: 0
1: 1_1
2: 1_2
3: 1_3
4: 1_nan
5: 2_1
6: 2_2
7: 2_3
8: 2_nan
9: 3_1
10: 3_2
11: 3_4
12: 3_nan
13: 4_1
14: 4_2
15: 4_3
16: 4_5
17: 4_nan
18: 5_1
19: 5_2
20: 5_3
21: 5_4
22: 5_6
23: 5_nan
24: 6_1
25: 6_2
26: 6_7
27: 6_nan

Done!
Splitting into training and test...
Done!
Constructing data matrices...
Done!
training corels
Done!
corelsTrainScore: 0.9849397590361446
corelsCvScore: 0.9880239520958084
corelsTestScore: 1.0
corels rel mlp test: 1.0
corels rel rf test: 1.0
Averaged over 10 trials: corels train score: 0.9864457831325302
Averaged over 10 trials: corels cv score: 0.9880239520958085
Averaged over 10 trials: corels test score: 0.9910714285714285
Averaged over 10 trials: expertsys relative mlp test score: 0.9892857142857142
Averaged over 10 trials: expertsys relative rf test score: 0.9946428571428572
