Parsing CSV...
Reading file: ../tmp/monks-1-clean.csv
Done!
Rows read: 557
Columns: 28
Column names:
0: 0
1: 1_1
2: 1_2
3: 1_3
4: 1_nan
5: 2_1
6: 2_2
7: 2_3
8: 2_nan
9: 3_1
10: 3_2
11: 3_4
12: 3_nan
13: 4_1
14: 4_2
15: 4_3
16: 4_5
17: 4_nan
18: 5_1
19: 5_2
20: 5_3
21: 5_4
22: 5_6
23: 5_nan
24: 6_1
25: 6_2
26: 6_7
27: 6_nan

Done!
Splitting into training and test...
Done!
Constructing data matrices...
Done!
training corels
Done!
corelsTrainScore: 0.8592814371257484
corelsCvScore: 0.8143712574850299
corelsTestScore: 0.7321428571428571
corels rel mlp test: 0.7321428571428571
corels rel rf test: 0.75
Parsing CSV...
Reading file: ../tmp/monks-1-clean.csv
Done!
Rows read: 557
Columns: 28
Column names:
0: 0
1: 1_1
2: 1_2
3: 1_3
4: 1_nan
5: 2_1
6: 2_2
7: 2_3
8: 2_nan
9: 3_1
10: 3_2
11: 3_4
12: 3_nan
13: 4_1
14: 4_2
15: 4_3
16: 4_5
17: 4_nan
18: 5_1
19: 5_2
20: 5_3
21: 5_4
22: 5_6
23: 5_nan
24: 6_1
25: 6_2
26: 6_7
27: 6_nan

Done!
Splitting into training and test...
Done!
Constructing data matrices...
Done!
training corels
Done!
corelsTrainScore: 0.8353293413173652
corelsCvScore: 0.8323353293413174
corelsTestScore: 0.8035714285714286
corels rel mlp test: 0.8035714285714286
corels rel rf test: 0.8214285714285714
Parsing CSV...
Reading file: ../tmp/monks-1-clean.csv
Done!
Rows read: 557
Columns: 28
Column names:
0: 0
1: 1_1
2: 1_2
3: 1_3
4: 1_nan
5: 2_1
6: 2_2
7: 2_3
8: 2_nan
9: 3_1
10: 3_2
11: 3_4
12: 3_nan
13: 4_1
14: 4_2
15: 4_3
16: 4_5
17: 4_nan
18: 5_1
19: 5_2
20: 5_3
21: 5_4
22: 5_6
23: 5_nan
24: 6_1
25: 6_2
26: 6_7
27: 6_nan

Done!
Splitting into training and test...
Done!
Constructing data matrices...
Done!
training corels
Done!
corelsTrainScore: 0.8592814371257484
corelsCvScore: 0.7964071856287425
corelsTestScore: 0.7857142857142857
corels rel mlp test: 0.7857142857142857
corels rel rf test: 0.7857142857142857
Parsing CSV...
Reading file: ../tmp/monks-1-clean.csv
Done!
Rows read: 557
Columns: 28
Column names:
0: 0
1: 1_1
2: 1_2
3: 1_3
4: 1_nan
5: 2_1
6: 2_2
7: 2_3
8: 2_nan
9: 3_1
10: 3_2
11: 3_4
12: 3_nan
13: 4_1
14: 4_2
15: 4_3
16: 4_5
17: 4_nan
18: 5_1
19: 5_2
20: 5_3
21: 5_4
22: 5_6
23: 5_nan
24: 6_1
25: 6_2
26: 6_7
27: 6_nan

Done!
Splitting into training and test...
Done!
Constructing data matrices...
Done!
training corels
Done!
corelsTrainScore: 0.8532934131736527
corelsCvScore: 0.7844311377245509
corelsTestScore: 0.7857142857142857
corels rel mlp test: 0.7857142857142857
corels rel rf test: 0.8214285714285714
Parsing CSV...
Reading file: ../tmp/monks-1-clean.csv
Done!
Rows read: 557
Columns: 28
Column names:
0: 0
1: 1_1
2: 1_2
3: 1_3
4: 1_nan
5: 2_1
6: 2_2
7: 2_3
8: 2_nan
9: 3_1
10: 3_2
11: 3_4
12: 3_nan
13: 4_1
14: 4_2
15: 4_3
16: 4_5
17: 4_nan
18: 5_1
19: 5_2
20: 5_3
21: 5_4
22: 5_6
23: 5_nan
24: 6_1
25: 6_2
26: 6_7
27: 6_nan

Done!
Splitting into training and test...
Done!
Constructing data matrices...
Done!
training corels
Done!
corelsTrainScore: 0.8652694610778443
corelsCvScore: 0.7724550898203593
corelsTestScore: 0.8214285714285714
corels rel mlp test: 0.8214285714285714
corels rel rf test: 0.8214285714285714
Parsing CSV...
Reading file: ../tmp/monks-1-clean.csv
Done!
Rows read: 557
Columns: 28
Column names:
0: 0
1: 1_1
2: 1_2
3: 1_3
4: 1_nan
5: 2_1
6: 2_2
7: 2_3
8: 2_nan
9: 3_1
10: 3_2
11: 3_4
12: 3_nan
13: 4_1
14: 4_2
15: 4_3
16: 4_5
17: 4_nan
18: 5_1
19: 5_2
20: 5_3
21: 5_4
22: 5_6
23: 5_nan
24: 6_1
25: 6_2
26: 6_7
27: 6_nan

Done!
Splitting into training and test...
Done!
Constructing data matrices...
Done!
training corels
Done!
corelsTrainScore: 0.8592814371257484
corelsCvScore: 0.8023952095808383
corelsTestScore: 0.75
corels rel mlp test: 0.75
corels rel rf test: 0.75
Parsing CSV...
Reading file: ../tmp/monks-1-clean.csv
Done!
Rows read: 557
Columns: 28
Column names:
0: 0
1: 1_1
2: 1_2
3: 1_3
4: 1_nan
5: 2_1
6: 2_2
7: 2_3
8: 2_nan
9: 3_1
10: 3_2
11: 3_4
12: 3_nan
13: 4_1
14: 4_2
15: 4_3
16: 4_5
17: 4_nan
18: 5_1
19: 5_2
20: 5_3
21: 5_4
22: 5_6
23: 5_nan
24: 6_1
25: 6_2
26: 6_7
27: 6_nan

Done!
Splitting into training and test...
Done!
Constructing data matrices...
Done!
training corels
Done!
corelsTrainScore: 0.8293413173652695
corelsCvScore: 0.8263473053892215
corelsTestScore: 0.8035714285714286
corels rel mlp test: 0.8035714285714286
corels rel rf test: 0.8214285714285714
Parsing CSV...
Reading file: ../tmp/monks-1-clean.csv
Done!
Rows read: 557
Columns: 28
Column names:
0: 0
1: 1_1
2: 1_2
3: 1_3
4: 1_nan
5: 2_1
6: 2_2
7: 2_3
8: 2_nan
9: 3_1
10: 3_2
11: 3_4
12: 3_nan
13: 4_1
14: 4_2
15: 4_3
16: 4_5
17: 4_nan
18: 5_1
19: 5_2
20: 5_3
21: 5_4
22: 5_6
23: 5_nan
24: 6_1
25: 6_2
26: 6_7
27: 6_nan

Done!
Splitting into training and test...
Done!
Constructing data matrices...
Done!
training corels
Done!
corelsTrainScore: 0.8473053892215568
corelsCvScore: 0.7964071856287425
corelsTestScore: 0.8392857142857143
corels rel mlp test: 0.8392857142857143
corels rel rf test: 0.8571428571428571
Parsing CSV...
Reading file: ../tmp/monks-1-clean.csv
Done!
Rows read: 557
Columns: 28
Column names:
0: 0
1: 1_1
2: 1_2
3: 1_3
4: 1_nan
5: 2_1
6: 2_2
7: 2_3
8: 2_nan
9: 3_1
10: 3_2
11: 3_4
12: 3_nan
13: 4_1
14: 4_2
15: 4_3
16: 4_5
17: 4_nan
18: 5_1
19: 5_2
20: 5_3
21: 5_4
22: 5_6
23: 5_nan
24: 6_1
25: 6_2
26: 6_7
27: 6_nan

Done!
Splitting into training and test...
Done!
Constructing data matrices...
Done!
training corels
Done!
corelsTrainScore: 0.8622754491017964
corelsCvScore: 0.7664670658682635
corelsTestScore: 0.7678571428571429
corels rel mlp test: 0.7678571428571429
corels rel rf test: 0.8035714285714286
Parsing CSV...
Reading file: ../tmp/monks-1-clean.csv
Done!
Rows read: 557
Columns: 28
Column names:
0: 0
1: 1_1
2: 1_2
3: 1_3
4: 1_nan
5: 2_1
6: 2_2
7: 2_3
8: 2_nan
9: 3_1
10: 3_2
11: 3_4
12: 3_nan
13: 4_1
14: 4_2
15: 4_3
16: 4_5
17: 4_nan
18: 5_1
19: 5_2
20: 5_3
21: 5_4
22: 5_6
23: 5_nan
24: 6_1
25: 6_2
26: 6_7
27: 6_nan

Done!
Splitting into training and test...
Done!
Constructing data matrices...
Done!
training corels
Done!
corelsTrainScore: 0.8473053892215568
corelsCvScore: 0.8263473053892215
corelsTestScore: 0.75
corels rel mlp test: 0.75
corels rel rf test: 0.7678571428571429
Averaged over 10 trials: corels train score: 0.8517964071856288
Averaged over 10 trials: corels cv score: 0.8017964071856287
Averaged over 10 trials: corels test score: 0.7839285714285714
Averaged over 10 trials: expertsys relative mlp test score: 0.7839285714285714
Averaged over 10 trials: expertsys relative rf test score: 0.8
