Parsing CSV...
Reading file: ../tmp/parkinsons.data
Done!
Rows read: 195
Columns: 23
Column names:
0: 0
1: 1
2: 2
3: 3
4: 4
5: 5
6: 6
7: 7
8: 8
9: 9
10: 10
11: 11
12: 12
13: 13
14: 14
15: 15
16: 16
17: 17
18: 18
19: 19
20: 20
21: 21
22: 22

Done!
Splitting into training and test...
Done!
Constructing data matrices...
Done!
training corels
Done!
corelsTrainScore: 0.8879310344827587
corelsCvScore: 0.8305084745762712
corelsTestScore: 0.8
corels rel mlp test: 0.95
corels rel rf test: 1.0
Parsing CSV...
Reading file: ../tmp/parkinsons.data
Done!
Rows read: 195
Columns: 23
Column names:
0: 0
1: 1
2: 2
3: 3
4: 4
5: 5
6: 6
7: 7
8: 8
9: 9
10: 10
11: 11
12: 12
13: 13
14: 14
15: 15
16: 16
17: 17
18: 18
19: 19
20: 20
21: 21
22: 22

Done!
Splitting into training and test...
Done!
Constructing data matrices...
Done!
training corels
Done!
corelsTrainScore: 0.8103448275862069
corelsCvScore: 0.9830508474576272
corelsTestScore: 0.8
corels rel mlp test: 0.8
corels rel rf test: 0.75
Parsing CSV...
Reading file: ../tmp/parkinsons.data
Done!
Rows read: 195
Columns: 23
Column names:
0: 0
1: 1
2: 2
3: 3
4: 4
5: 5
6: 6
7: 7
8: 8
9: 9
10: 10
11: 11
12: 12
13: 13
14: 14
15: 15
16: 16
17: 17
18: 18
19: 19
20: 20
21: 21
22: 22

Done!
Splitting into training and test...
Done!
Constructing data matrices...
Done!
training corels
Done!
corelsTrainScore: 0.8189655172413793
corelsCvScore: 0.847457627118644
corelsTestScore: 0.85
corels rel mlp test: 0.9
corels rel rf test: 1.0
Parsing CSV...
Reading file: ../tmp/parkinsons.data
Done!
Rows read: 195
Columns: 23
Column names:
0: 0
1: 1
2: 2
3: 3
4: 4
5: 5
6: 6
7: 7
8: 8
9: 9
10: 10
11: 11
12: 12
13: 13
14: 14
15: 15
16: 16
17: 17
18: 18
19: 19
20: 20
21: 21
22: 22

Done!
Splitting into training and test...
Done!
Constructing data matrices...
Done!
training corels
Done!
corelsTrainScore: 0.853448275862069
corelsCvScore: 0.6949152542372882
corelsTestScore: 0.8
corels rel mlp test: 0.9
corels rel rf test: 0.9
Parsing CSV...
Reading file: ../tmp/parkinsons.data
Done!
Rows read: 195
Columns: 23
Column names:
0: 0
1: 1
2: 2
3: 3
4: 4
5: 5
6: 6
7: 7
8: 8
9: 9
10: 10
11: 11
12: 12
13: 13
14: 14
15: 15
16: 16
17: 17
18: 18
19: 19
20: 20
21: 21
22: 22

Done!
Splitting into training and test...
Done!
Constructing data matrices...
Done!
training corels
Done!
corelsTrainScore: 0.8448275862068966
corelsCvScore: 0.7796610169491526
corelsTestScore: 0.9
corels rel mlp test: 0.85
corels rel rf test: 0.85
Parsing CSV...
Reading file: ../tmp/parkinsons.data
Done!
Rows read: 195
Columns: 23
Column names:
0: 0
1: 1
2: 2
3: 3
4: 4
5: 5
6: 6
7: 7
8: 8
9: 9
10: 10
11: 11
12: 12
13: 13
14: 14
15: 15
16: 16
17: 17
18: 18
19: 19
20: 20
21: 21
22: 22

Done!
Splitting into training and test...
Done!
Constructing data matrices...
Done!
training corels
Done!
corelsTrainScore: 0.8706896551724138
corelsCvScore: 0.8813559322033898
corelsTestScore: 0.75
corels rel mlp test: 0.75
corels rel rf test: 0.85
Parsing CSV...
Reading file: ../tmp/parkinsons.data
Done!
Rows read: 195
Columns: 23
Column names:
0: 0
1: 1
2: 2
3: 3
4: 4
5: 5
6: 6
7: 7
8: 8
9: 9
10: 10
11: 11
12: 12
13: 13
14: 14
15: 15
16: 16
17: 17
18: 18
19: 19
20: 20
21: 21
22: 22

Done!
Splitting into training and test...
Done!
Constructing data matrices...
Done!
training corels
Done!
corelsTrainScore: 0.853448275862069
corelsCvScore: 0.847457627118644
corelsTestScore: 0.95
corels rel mlp test: 0.95
corels rel rf test: 0.95
Parsing CSV...
Reading file: ../tmp/parkinsons.data
Done!
Rows read: 195
Columns: 23
Column names:
0: 0
1: 1
2: 2
3: 3
4: 4
5: 5
6: 6
7: 7
8: 8
9: 9
10: 10
11: 11
12: 12
13: 13
14: 14
15: 15
16: 16
17: 17
18: 18
19: 19
20: 20
21: 21
22: 22

Done!
Splitting into training and test...
Done!
Constructing data matrices...
Done!
training corels
Done!
corelsTrainScore: 0.8448275862068966
corelsCvScore: 0.6949152542372882
corelsTestScore: 0.8
corels rel mlp test: 0.8
corels rel rf test: 0.8
Parsing CSV...
Reading file: ../tmp/parkinsons.data
Done!
Rows read: 195
Columns: 23
Column names:
0: 0
1: 1
2: 2
3: 3
4: 4
5: 5
6: 6
7: 7
8: 8
9: 9
10: 10
11: 11
12: 12
13: 13
14: 14
15: 15
16: 16
17: 17
18: 18
19: 19
20: 20
21: 21
22: 22

Done!
Splitting into training and test...
Done!
Constructing data matrices...
Done!
training corels
Done!
corelsTrainScore: 0.8620689655172413
corelsCvScore: 0.864406779661017
corelsTestScore: 0.85
corels rel mlp test: 0.75
corels rel rf test: 0.9
Parsing CSV...
Reading file: ../tmp/parkinsons.data
Done!
Rows read: 195
Columns: 23
Column names:
0: 0
1: 1
2: 2
3: 3
4: 4
5: 5
6: 6
7: 7
8: 8
9: 9
10: 10
11: 11
12: 12
13: 13
14: 14
15: 15
16: 16
17: 17
18: 18
19: 19
20: 20
21: 21
22: 22

Done!
Splitting into training and test...
Done!
Constructing data matrices...
Done!
training corels
Done!
corelsTrainScore: 0.8706896551724138
corelsCvScore: 0.8135593220338984
corelsTestScore: 0.65
corels rel mlp test: 0.7
corels rel rf test: 0.8
Averaged over 10 trials: corels train score: 0.8517241379310345
Averaged over 10 trials: corels cv score: 0.8237288135593221
Averaged over 10 trials: corels test score: 0.8150000000000001
Averaged over 10 trials: expertsys relative mlp test score: 0.835
Averaged over 10 trials: expertsys relative rf test score: 0.8800000000000001
