Parsing CSV...
Reading file: ../tmp/pima-indians-diabetes.csv
Done!
Rows read: 768
Columns: 9
Column names:
0: 0
1: 1
2: 2
3: 3
4: 4
5: 5
6: 6
7: 7
8: 8

Done!
Splitting into training and test...
Done!
Constructing data matrices...
Done!
training corels
Done!
corelsTrainScore: 0.7369565217391304
corelsCvScore: 0.7229437229437229
corelsTestScore: 0.7402597402597403
corels rel mlp test: 0.7922077922077922
corels rel rf test: 0.8051948051948052
Parsing CSV...
Reading file: ../tmp/pima-indians-diabetes.csv
Done!
Rows read: 768
Columns: 9
Column names:
0: 0
1: 1
2: 2
3: 3
4: 4
5: 5
6: 6
7: 7
8: 8

Done!
Splitting into training and test...
Done!
Constructing data matrices...
Done!
training corels
Done!
corelsTrainScore: 0.7326086956521739
corelsCvScore: 0.7402597402597403
corelsTestScore: 0.6883116883116883
corels rel mlp test: 0.7142857142857143
corels rel rf test: 0.8311688311688312
Parsing CSV...
Reading file: ../tmp/pima-indians-diabetes.csv
Done!
Rows read: 768
Columns: 9
Column names:
0: 0
1: 1
2: 2
3: 3
4: 4
5: 5
6: 6
7: 7
8: 8

Done!
Splitting into training and test...
Done!
Constructing data matrices...
Done!
training corels
Done!
corelsTrainScore: 0.7347826086956522
corelsCvScore: 0.7402597402597403
corelsTestScore: 0.7402597402597403
corels rel mlp test: 0.7922077922077922
corels rel rf test: 0.8441558441558441
Parsing CSV...
Reading file: ../tmp/pima-indians-diabetes.csv
Done!
Rows read: 768
Columns: 9
Column names:
0: 0
1: 1
2: 2
3: 3
4: 4
5: 5
6: 6
7: 7
8: 8

Done!
Splitting into training and test...
Done!
Constructing data matrices...
Done!
training corels
Done!
corelsTrainScore: 0.7369565217391304
corelsCvScore: 0.7402597402597403
corelsTestScore: 0.6883116883116883
corels rel mlp test: 0.7792207792207793
corels rel rf test: 0.7922077922077922
Parsing CSV...
Reading file: ../tmp/pima-indians-diabetes.csv
Done!
Rows read: 768
Columns: 9
Column names:
0: 0
1: 1
2: 2
3: 3
4: 4
5: 5
6: 6
7: 7
8: 8

Done!
Splitting into training and test...
Done!
Constructing data matrices...
Done!
training corels
Done!
corelsTrainScore: 0.7260869565217392
corelsCvScore: 0.7359307359307359
corelsTestScore: 0.7662337662337663
corels rel mlp test: 0.7792207792207793
corels rel rf test: 0.8311688311688312
Parsing CSV...
Reading file: ../tmp/pima-indians-diabetes.csv
Done!
Rows read: 768
Columns: 9
Column names:
0: 0
1: 1
2: 2
3: 3
4: 4
5: 5
6: 6
7: 7
8: 8

Done!
Splitting into training and test...
Done!
Constructing data matrices...
Done!
training corels
Done!
corelsTrainScore: 0.717391304347826
corelsCvScore: 0.7575757575757576
corelsTestScore: 0.7922077922077922
corels rel mlp test: 0.7012987012987013
corels rel rf test: 0.7142857142857143
Parsing CSV...
Reading file: ../tmp/pima-indians-diabetes.csv
Done!
Rows read: 768
Columns: 9
Column names:
0: 0
1: 1
2: 2
3: 3
4: 4
5: 5
6: 6
7: 7
8: 8

Done!
Splitting into training and test...
Done!
Constructing data matrices...
Done!
training corels
Done!
corelsTrainScore: 0.7347826086956522
corelsCvScore: 0.7316017316017316
corelsTestScore: 0.7662337662337663
corels rel mlp test: 0.7532467532467533
corels rel rf test: 0.8181818181818182
Parsing CSV...
Reading file: ../tmp/pima-indians-diabetes.csv
Done!
Rows read: 768
Columns: 9
Column names:
0: 0
1: 1
2: 2
3: 3
4: 4
5: 5
6: 6
7: 7
8: 8

Done!
Splitting into training and test...
Done!
Constructing data matrices...
Done!
training corels
Done!
corelsTrainScore: 0.7543478260869565
corelsCvScore: 0.696969696969697
corelsTestScore: 0.7142857142857143
corels rel mlp test: 0.8831168831168831
corels rel rf test: 0.8961038961038961
Parsing CSV...
Reading file: ../tmp/pima-indians-diabetes.csv
Done!
Rows read: 768
Columns: 9
Column names:
0: 0
1: 1
2: 2
3: 3
4: 4
5: 5
6: 6
7: 7
8: 8

Done!
Splitting into training and test...
Done!
Constructing data matrices...
Done!
training corels
Done!
corelsTrainScore: 0.741304347826087
corelsCvScore: 0.696969696969697
corelsTestScore: 0.7922077922077922
corels rel mlp test: 0.7792207792207793
corels rel rf test: 0.7662337662337663
Parsing CSV...
Reading file: ../tmp/pima-indians-diabetes.csv
Done!
Rows read: 768
Columns: 9
Column names:
0: 0
1: 1
2: 2
3: 3
4: 4
5: 5
6: 6
7: 7
8: 8

Done!
Splitting into training and test...
Done!
Constructing data matrices...
Done!
training corels
Done!
corelsTrainScore: 0.741304347826087
corelsCvScore: 0.7489177489177489
corelsTestScore: 0.7792207792207793
corels rel mlp test: 0.8441558441558441
corels rel rf test: 0.8441558441558441
Averaged over 10 trials: corels train score: 0.7356521739130434
Averaged over 10 trials: corels cv score: 0.7311688311688311
Averaged over 10 trials: corels test score: 0.7467532467532467
Averaged over 10 trials: expertsys relative mlp test score: 0.7818181818181816
Averaged over 10 trials: expertsys relative rf test score: 0.8142857142857143
