Parsing CSV...
Reading file: ../tmp/plrx.txt
Done!
Rows read: 182
Columns: 13
Column names:
0: 0
1: 1
2: 2
3: 3
4: 4
5: 5
6: 6
7: 7
8: 8
9: 9
10: 10
11: 11
12: 12

Done!
Splitting into training and test...
Done!
Constructing data matrices...
Done!
training corels
Done!
corelsTrainScore: 0.7314814814814815
corelsCvScore: 0.6909090909090909
corelsTestScore: 0.7368421052631579
corels rel mlp test: 0.7368421052631579
corels rel rf test: 0.7894736842105263
Parsing CSV...
Reading file: ../tmp/plrx.txt
Done!
Rows read: 182
Columns: 13
Column names:
0: 0
1: 1
2: 2
3: 3
4: 4
5: 5
6: 6
7: 7
8: 8
9: 9
10: 10
11: 11
12: 12

Done!
Splitting into training and test...
Done!
Constructing data matrices...
Done!
training corels
Done!
corelsTrainScore: 0.7685185185185185
corelsCvScore: 0.6545454545454545
corelsTestScore: 0.631578947368421
corels rel mlp test: 0.7368421052631579
corels rel rf test: 0.8421052631578947
Parsing CSV...
Reading file: ../tmp/plrx.txt
Done!
Rows read: 182
Columns: 13
Column names:
0: 0
1: 1
2: 2
3: 3
4: 4
5: 5
6: 6
7: 7
8: 8
9: 9
10: 10
11: 11
12: 12

Done!
Splitting into training and test...
Done!
Constructing data matrices...
Done!
training corels
Done!
corelsTrainScore: 0.7592592592592593
corelsCvScore: 0.6
corelsTestScore: 0.631578947368421
corels rel mlp test: 0.8421052631578947
corels rel rf test: 0.9473684210526315
Parsing CSV...
Reading file: ../tmp/plrx.txt
Done!
Rows read: 182
Columns: 13
Column names:
0: 0
1: 1
2: 2
3: 3
4: 4
5: 5
6: 6
7: 7
8: 8
9: 9
10: 10
11: 11
12: 12

Done!
Splitting into training and test...
Done!
Constructing data matrices...
Done!
training corels
Done!
corelsTrainScore: 0.7407407407407407
corelsCvScore: 0.6363636363636364
corelsTestScore: 0.8421052631578947
corels rel mlp test: 0.6842105263157895
corels rel rf test: 0.8947368421052632
Parsing CSV...
Reading file: ../tmp/plrx.txt
Done!
Rows read: 182
Columns: 13
Column names:
0: 0
1: 1
2: 2
3: 3
4: 4
5: 5
6: 6
7: 7
8: 8
9: 9
10: 10
11: 11
12: 12

Done!
Splitting into training and test...
Done!
Constructing data matrices...
Done!
training corels
Done!
corelsTrainScore: 0.7685185185185185
corelsCvScore: 0.6909090909090909
corelsTestScore: 0.6842105263157895
corels rel mlp test: 0.8947368421052632
corels rel rf test: 0.8421052631578947
Parsing CSV...
Reading file: ../tmp/plrx.txt
Done!
Rows read: 182
Columns: 13
Column names:
0: 0
1: 1
2: 2
3: 3
4: 4
5: 5
6: 6
7: 7
8: 8
9: 9
10: 10
11: 11
12: 12

Done!
Splitting into training and test...
Done!
Constructing data matrices...
Done!
training corels
Done!
corelsTrainScore: 0.7962962962962963
corelsCvScore: 0.6181818181818182
corelsTestScore: 0.7368421052631579
corels rel mlp test: 0.7894736842105263
corels rel rf test: 0.8421052631578947
Parsing CSV...
Reading file: ../tmp/plrx.txt
Done!
Rows read: 182
Columns: 13
Column names:
0: 0
1: 1
2: 2
3: 3
4: 4
5: 5
6: 6
7: 7
8: 8
9: 9
10: 10
11: 11
12: 12

Done!
Splitting into training and test...
Done!
Constructing data matrices...
Done!
training corels
Done!
corelsTrainScore: 0.7314814814814815
corelsCvScore: 0.7454545454545455
corelsTestScore: 0.7368421052631579
corels rel mlp test: 0.5789473684210527
corels rel rf test: 0.7894736842105263
Parsing CSV...
Reading file: ../tmp/plrx.txt
Done!
Rows read: 182
Columns: 13
Column names:
0: 0
1: 1
2: 2
3: 3
4: 4
5: 5
6: 6
7: 7
8: 8
9: 9
10: 10
11: 11
12: 12

Done!
Splitting into training and test...
Done!
Constructing data matrices...
Done!
training corels
Done!
corelsTrainScore: 0.75
corelsCvScore: 0.6727272727272727
corelsTestScore: 0.7368421052631579
corels rel mlp test: 0.5789473684210527
corels rel rf test: 0.7368421052631579
Parsing CSV...
Reading file: ../tmp/plrx.txt
Done!
Rows read: 182
Columns: 13
Column names:
0: 0
1: 1
2: 2
3: 3
4: 4
5: 5
6: 6
7: 7
8: 8
9: 9
10: 10
11: 11
12: 12

Done!
Splitting into training and test...
Done!
Constructing data matrices...
Done!
training corels
Done!
corelsTrainScore: 0.75
corelsCvScore: 0.6909090909090909
corelsTestScore: 0.5789473684210527
corels rel mlp test: 0.631578947368421
corels rel rf test: 0.9473684210526315
Parsing CSV...
Reading file: ../tmp/plrx.txt
Done!
Rows read: 182
Columns: 13
Column names:
0: 0
1: 1
2: 2
3: 3
4: 4
5: 5
6: 6
7: 7
8: 8
9: 9
10: 10
11: 11
12: 12

Done!
Splitting into training and test...
Done!
Constructing data matrices...
Done!
training corels
Done!
corelsTrainScore: 0.7685185185185185
corelsCvScore: 0.6363636363636364
corelsTestScore: 0.631578947368421
corels rel mlp test: 0.6842105263157895
corels rel rf test: 0.8947368421052632
Averaged over 10 trials: corels train score: 0.7564814814814815
Averaged over 10 trials: corels cv score: 0.6636363636363637
Averaged over 10 trials: corels test score: 0.694736842105263
Averaged over 10 trials: expertsys relative mlp test score: 0.7157894736842106
Averaged over 10 trials: expertsys relative rf test score: 0.8526315789473685
