Parsing CSV...
Reading file: ../tmp/biodeg.csv
Done!
Rows read: 1055
Columns: 42
Column names:
0: 0
1: 1
2: 2
3: 3
4: 4
5: 5
6: 6
7: 7
8: 8
9: 9
10: 10
11: 11
12: 12
13: 13
14: 14
15: 15
16: 16
17: 17
18: 18
19: 19
20: 20
21: 21
22: 22
23: 23
24: 24
25: 25
26: 26
27: 27
28: 28
29: 29
30: 30
31: 31
32: 32
33: 33
34: 34
35: 35
36: 36
37: 37
38: 38
39: 39
40: 40
41: 41

Done!
Splitting into training and test...
Done!
Constructing data matrices...
Done!
training corels
Done!
corelsTrainScore: 0.7753164556962026
corelsCvScore: 0.7697160883280757
corelsTestScore: 0.7735849056603774
corels rel mlp test: 0.7547169811320755
corels rel rf test: 0.7547169811320755
Parsing CSV...
Reading file: ../tmp/biodeg.csv
Done!
Rows read: 1055
Columns: 42
Column names:
0: 0
1: 1
2: 2
3: 3
4: 4
5: 5
6: 6
7: 7
8: 8
9: 9
10: 10
11: 11
12: 12
13: 13
14: 14
15: 15
16: 16
17: 17
18: 18
19: 19
20: 20
21: 21
22: 22
23: 23
24: 24
25: 25
26: 26
27: 27
28: 28
29: 29
30: 30
31: 31
32: 32
33: 33
34: 34
35: 35
36: 36
37: 37
38: 38
39: 39
40: 40
41: 41

Done!
Splitting into training and test...
Done!
Constructing data matrices...
Done!
training corels
Done!
corelsTrainScore: 0.7848101265822784
corelsCvScore: 0.7823343848580442
corelsTestScore: 0.7924528301886793
corels rel mlp test: 0.7830188679245284
corels rel rf test: 0.839622641509434
Parsing CSV...
Reading file: ../tmp/biodeg.csv
Done!
Rows read: 1055
Columns: 42
Column names:
0: 0
1: 1
2: 2
3: 3
4: 4
5: 5
6: 6
7: 7
8: 8
9: 9
10: 10
11: 11
12: 12
13: 13
14: 14
15: 15
16: 16
17: 17
18: 18
19: 19
20: 20
21: 21
22: 22
23: 23
24: 24
25: 25
26: 26
27: 27
28: 28
29: 29
30: 30
31: 31
32: 32
33: 33
34: 34
35: 35
36: 36
37: 37
38: 38
39: 39
40: 40
41: 41

Done!
Splitting into training and test...
Done!
Constructing data matrices...
Done!
training corels
Done!
corelsTrainScore: 0.8132911392405063
corelsCvScore: 0.7539432176656151
corelsTestScore: 0.7169811320754716
corels rel mlp test: 0.7452830188679245
corels rel rf test: 0.8490566037735849
Parsing CSV...
Reading file: ../tmp/biodeg.csv
Done!
Rows read: 1055
Columns: 42
Column names:
0: 0
1: 1
2: 2
3: 3
4: 4
5: 5
6: 6
7: 7
8: 8
9: 9
10: 10
11: 11
12: 12
13: 13
14: 14
15: 15
16: 16
17: 17
18: 18
19: 19
20: 20
21: 21
22: 22
23: 23
24: 24
25: 25
26: 26
27: 27
28: 28
29: 29
30: 30
31: 31
32: 32
33: 33
34: 34
35: 35
36: 36
37: 37
38: 38
39: 39
40: 40
41: 41

Done!
Splitting into training and test...
Done!
Constructing data matrices...
Done!
training corels
Done!
corelsTrainScore: 0.7753164556962026
corelsCvScore: 0.7570977917981072
corelsTestScore: 0.8301886792452831
corels rel mlp test: 0.8490566037735849
corels rel rf test: 0.8867924528301887
Parsing CSV...
Reading file: ../tmp/biodeg.csv
Done!
Rows read: 1055
Columns: 42
Column names:
0: 0
1: 1
2: 2
3: 3
4: 4
5: 5
6: 6
7: 7
8: 8
9: 9
10: 10
11: 11
12: 12
13: 13
14: 14
15: 15
16: 16
17: 17
18: 18
19: 19
20: 20
21: 21
22: 22
23: 23
24: 24
25: 25
26: 26
27: 27
28: 28
29: 29
30: 30
31: 31
32: 32
33: 33
34: 34
35: 35
36: 36
37: 37
38: 38
39: 39
40: 40
41: 41

Done!
Splitting into training and test...
Done!
Constructing data matrices...
Done!
training corels
Done!
corelsTrainScore: 0.7958860759493671
corelsCvScore: 0.7129337539432177
corelsTestScore: 0.7735849056603774
corels rel mlp test: 0.8301886792452831
corels rel rf test: 0.839622641509434
Parsing CSV...
Reading file: ../tmp/biodeg.csv
Done!
Rows read: 1055
Columns: 42
Column names:
0: 0
1: 1
2: 2
3: 3
4: 4
5: 5
6: 6
7: 7
8: 8
9: 9
10: 10
11: 11
12: 12
13: 13
14: 14
15: 15
16: 16
17: 17
18: 18
19: 19
20: 20
21: 21
22: 22
23: 23
24: 24
25: 25
26: 26
27: 27
28: 28
29: 29
30: 30
31: 31
32: 32
33: 33
34: 34
35: 35
36: 36
37: 37
38: 38
39: 39
40: 40
41: 41

Done!
Splitting into training and test...
Done!
Constructing data matrices...
Done!
training corels
Done!
corelsTrainScore: 0.8022151898734177
corelsCvScore: 0.7350157728706624
corelsTestScore: 0.8018867924528302
corels rel mlp test: 0.8207547169811321
corels rel rf test: 0.8679245283018868
Parsing CSV...
Reading file: ../tmp/biodeg.csv
Done!
Rows read: 1055
Columns: 42
Column names:
0: 0
1: 1
2: 2
3: 3
4: 4
5: 5
6: 6
7: 7
8: 8
9: 9
10: 10
11: 11
12: 12
13: 13
14: 14
15: 15
16: 16
17: 17
18: 18
19: 19
20: 20
21: 21
22: 22
23: 23
24: 24
25: 25
26: 26
27: 27
28: 28
29: 29
30: 30
31: 31
32: 32
33: 33
34: 34
35: 35
36: 36
37: 37
38: 38
39: 39
40: 40
41: 41

Done!
Splitting into training and test...
Done!
Constructing data matrices...
Done!
training corels
Done!
corelsTrainScore: 0.7863924050632911
corelsCvScore: 0.750788643533123
corelsTestScore: 0.7924528301886793
corels rel mlp test: 0.7924528301886793
corels rel rf test: 0.8490566037735849
Parsing CSV...
Reading file: ../tmp/biodeg.csv
Done!
Rows read: 1055
Columns: 42
Column names:
0: 0
1: 1
2: 2
3: 3
4: 4
5: 5
6: 6
7: 7
8: 8
9: 9
10: 10
11: 11
12: 12
13: 13
14: 14
15: 15
16: 16
17: 17
18: 18
19: 19
20: 20
21: 21
22: 22
23: 23
24: 24
25: 25
26: 26
27: 27
28: 28
29: 29
30: 30
31: 31
32: 32
33: 33
34: 34
35: 35
36: 36
37: 37
38: 38
39: 39
40: 40
41: 41

Done!
Splitting into training and test...
Done!
Constructing data matrices...
Done!
training corels
Done!
corelsTrainScore: 0.7911392405063291
corelsCvScore: 0.7917981072555205
corelsTestScore: 0.7830188679245284
corels rel mlp test: 0.839622641509434
corels rel rf test: 0.8301886792452831
Parsing CSV...
Reading file: ../tmp/biodeg.csv
Done!
Rows read: 1055
Columns: 42
Column names:
0: 0
1: 1
2: 2
3: 3
4: 4
5: 5
6: 6
7: 7
8: 8
9: 9
10: 10
11: 11
12: 12
13: 13
14: 14
15: 15
16: 16
17: 17
18: 18
19: 19
20: 20
21: 21
22: 22
23: 23
24: 24
25: 25
26: 26
27: 27
28: 28
29: 29
30: 30
31: 31
32: 32
33: 33
34: 34
35: 35
36: 36
37: 37
38: 38
39: 39
40: 40
41: 41

Done!
Splitting into training and test...
Done!
Constructing data matrices...
Done!
training corels
Done!
corelsTrainScore: 0.8022151898734177
corelsCvScore: 0.7791798107255521
corelsTestScore: 0.7075471698113207
corels rel mlp test: 0.8018867924528302
corels rel rf test: 0.8584905660377359
Parsing CSV...
Reading file: ../tmp/biodeg.csv
Done!
Rows read: 1055
Columns: 42
Column names:
0: 0
1: 1
2: 2
3: 3
4: 4
5: 5
6: 6
7: 7
8: 8
9: 9
10: 10
11: 11
12: 12
13: 13
14: 14
15: 15
16: 16
17: 17
18: 18
19: 19
20: 20
21: 21
22: 22
23: 23
24: 24
25: 25
26: 26
27: 27
28: 28
29: 29
30: 30
31: 31
32: 32
33: 33
34: 34
35: 35
36: 36
37: 37
38: 38
39: 39
40: 40
41: 41

Done!
Splitting into training and test...
Done!
Constructing data matrices...
Done!
training corels
Done!
corelsTrainScore: 0.7911392405063291
corelsCvScore: 0.7192429022082019
corelsTestScore: 0.7264150943396226
corels rel mlp test: 0.7547169811320755
corels rel rf test: 0.7641509433962265
Averaged over 10 trials: corels train score: 0.7917721518987342
Averaged over 10 trials: corels cv score: 0.7552050473186118
Averaged over 10 trials: corels test score: 0.769811320754717
Averaged over 10 trials: expertsys relative mlp test score: 0.7971698113207547
Averaged over 10 trials: expertsys relative rf test score: 0.8339622641509434
