Parsing CSV...
Reading file: ../tmp/seismic-bumps.arff
Done!
Rows read: 2584
Columns: 29
Column names:
0: 3
1: 4
2: 5
3: 6
4: 8
5: 9
6: 10
7: 11
8: 12
9: 13
10: 14
11: 15
12: 16
13: 17
14: 18
15: 0_a
16: 0_b
17: 0_nan
18: 1_a
19: 1_b
20: 1_c
21: 1_nan
22: 2_N
23: 2_W
24: 2_nan
25: 7_a
26: 7_b
27: 7_c
28: 7_nan

Done!
Splitting into training and test...
Done!
Constructing data matrices...
Done!
training corels
Done!
corelsTrainScore: 0.9361290322580645
corelsCvScore: 0.9251612903225807
corelsTestScore: 0.9498069498069498
corels rel mlp test: 0.9536679536679536
corels rel rf test: 0.9845559845559846
Parsing CSV...
Reading file: ../tmp/seismic-bumps.arff
Done!
Rows read: 2584
Columns: 29
Column names:
0: 3
1: 4
2: 5
3: 6
4: 8
5: 9
6: 10
7: 11
8: 12
9: 13
10: 14
11: 15
12: 16
13: 17
14: 18
15: 0_a
16: 0_b
17: 0_nan
18: 1_a
19: 1_b
20: 1_c
21: 1_nan
22: 2_N
23: 2_W
24: 2_nan
25: 7_a
26: 7_b
27: 7_c
28: 7_nan

Done!
Splitting into training and test...
Done!
Constructing data matrices...
Done!
training corels
Done!
corelsTrainScore: 0.9296774193548387
corelsCvScore: 0.9354838709677419
corelsTestScore: 0.9575289575289575
corels rel mlp test: 0.9613899613899614
corels rel rf test: 0.972972972972973
Parsing CSV...
Reading file: ../tmp/seismic-bumps.arff
Done!
Rows read: 2584
Columns: 29
Column names:
0: 3
1: 4
2: 5
3: 6
4: 8
5: 9
6: 10
7: 11
8: 12
9: 13
10: 14
11: 15
12: 16
13: 17
14: 18
15: 0_a
16: 0_b
17: 0_nan
18: 1_a
19: 1_b
20: 1_c
21: 1_nan
22: 2_N
23: 2_W
24: 2_nan
25: 7_a
26: 7_b
27: 7_c
28: 7_nan

Done!
Splitting into training and test...
Done!
Constructing data matrices...
Done!
training corels
Done!
corelsTrainScore: 0.9348387096774193
corelsCvScore: 0.9329032258064516
corelsTestScore: 0.9343629343629344
corels rel mlp test: 0.9575289575289575
corels rel rf test: 0.9691119691119691
Parsing CSV...
Reading file: ../tmp/seismic-bumps.arff
Done!
Rows read: 2584
Columns: 29
Column names:
0: 3
1: 4
2: 5
3: 6
4: 8
5: 9
6: 10
7: 11
8: 12
9: 13
10: 14
11: 15
12: 16
13: 17
14: 18
15: 0_a
16: 0_b
17: 0_nan
18: 1_a
19: 1_b
20: 1_c
21: 1_nan
22: 2_N
23: 2_W
24: 2_nan
25: 7_a
26: 7_b
27: 7_c
28: 7_nan

Done!
Splitting into training and test...
Done!
Constructing data matrices...
Done!
training corels
Done!
corelsTrainScore: 0.927741935483871
corelsCvScore: 0.9432258064516129
corelsTestScore: 0.9459459459459459
corels rel mlp test: 0.9382239382239382
corels rel rf test: 0.9613899613899614
Parsing CSV...
Reading file: ../tmp/seismic-bumps.arff
Done!
Rows read: 2584
Columns: 29
Column names:
0: 3
1: 4
2: 5
3: 6
4: 8
5: 9
6: 10
7: 11
8: 12
9: 13
10: 14
11: 15
12: 16
13: 17
14: 18
15: 0_a
16: 0_b
17: 0_nan
18: 1_a
19: 1_b
20: 1_c
21: 1_nan
22: 2_N
23: 2_W
24: 2_nan
25: 7_a
26: 7_b
27: 7_c
28: 7_nan

Done!
Splitting into training and test...
Done!
Constructing data matrices...
Done!
training corels
Done!
corelsTrainScore: 0.932258064516129
corelsCvScore: 0.9367741935483871
corelsTestScore: 0.9382239382239382
corels rel mlp test: 0.9613899613899614
corels rel rf test: 0.9652509652509652
Parsing CSV...
Reading file: ../tmp/seismic-bumps.arff
Done!
Rows read: 2584
Columns: 29
Column names:
0: 3
1: 4
2: 5
3: 6
4: 8
5: 9
6: 10
7: 11
8: 12
9: 13
10: 14
11: 15
12: 16
13: 17
14: 18
15: 0_a
16: 0_b
17: 0_nan
18: 1_a
19: 1_b
20: 1_c
21: 1_nan
22: 2_N
23: 2_W
24: 2_nan
25: 7_a
26: 7_b
27: 7_c
28: 7_nan

Done!
Splitting into training and test...
Done!
Constructing data matrices...
Done!
training corels
Done!
corelsTrainScore: 0.9290322580645162
corelsCvScore: 0.9458064516129032
corelsTestScore: 0.9305019305019305
corels rel mlp test: 0.9652509652509652
corels rel rf test: 0.9806949806949807
Parsing CSV...
Reading file: ../tmp/seismic-bumps.arff
Done!
Rows read: 2584
Columns: 29
Column names:
0: 3
1: 4
2: 5
3: 6
4: 8
5: 9
6: 10
7: 11
8: 12
9: 13
10: 14
11: 15
12: 16
13: 17
14: 18
15: 0_a
16: 0_b
17: 0_nan
18: 1_a
19: 1_b
20: 1_c
21: 1_nan
22: 2_N
23: 2_W
24: 2_nan
25: 7_a
26: 7_b
27: 7_c
28: 7_nan

Done!
Splitting into training and test...
Done!
Constructing data matrices...
Done!
training corels
Done!
corelsTrainScore: 0.9335483870967742
corelsCvScore: 0.9290322580645162
corelsTestScore: 0.9536679536679536
corels rel mlp test: 0.9806949806949807
corels rel rf test: 0.9768339768339769
Parsing CSV...
Reading file: ../tmp/seismic-bumps.arff
Done!
Rows read: 2584
Columns: 29
Column names:
0: 3
1: 4
2: 5
3: 6
4: 8
5: 9
6: 10
7: 11
8: 12
9: 13
10: 14
11: 15
12: 16
13: 17
14: 18
15: 0_a
16: 0_b
17: 0_nan
18: 1_a
19: 1_b
20: 1_c
21: 1_nan
22: 2_N
23: 2_W
24: 2_nan
25: 7_a
26: 7_b
27: 7_c
28: 7_nan

Done!
Splitting into training and test...
Done!
Constructing data matrices...
Done!
training corels
Done!
corelsTrainScore: 0.9367741935483871
corelsCvScore: 0.9367741935483871
corelsTestScore: 0.9111969111969112
corels rel mlp test: 0.9498069498069498
corels rel rf test: 0.9845559845559846
Parsing CSV...
Reading file: ../tmp/seismic-bumps.arff
Done!
Rows read: 2584
Columns: 29
Column names:
0: 3
1: 4
2: 5
3: 6
4: 8
5: 9
6: 10
7: 11
8: 12
9: 13
10: 14
11: 15
12: 16
13: 17
14: 18
15: 0_a
16: 0_b
17: 0_nan
18: 1_a
19: 1_b
20: 1_c
21: 1_nan
22: 2_N
23: 2_W
24: 2_nan
25: 7_a
26: 7_b
27: 7_c
28: 7_nan

Done!
Splitting into training and test...
Done!
Constructing data matrices...
Done!
training corels
Done!
corelsTrainScore: 0.9361290322580645
corelsCvScore: 0.9316129032258065
corelsTestScore: 0.9305019305019305
corels rel mlp test: 0.9806949806949807
corels rel rf test: 0.9884169884169884
Parsing CSV...
Reading file: ../tmp/seismic-bumps.arff
Done!
Rows read: 2584
Columns: 29
Column names:
0: 3
1: 4
2: 5
3: 6
4: 8
5: 9
6: 10
7: 11
8: 12
9: 13
10: 14
11: 15
12: 16
13: 17
14: 18
15: 0_a
16: 0_b
17: 0_nan
18: 1_a
19: 1_b
20: 1_c
21: 1_nan
22: 2_N
23: 2_W
24: 2_nan
25: 7_a
26: 7_b
27: 7_c
28: 7_nan

Done!
Splitting into training and test...
Done!
Constructing data matrices...
Done!
training corels
Done!
corelsTrainScore: 0.9367741935483871
corelsCvScore: 0.9290322580645162
corelsTestScore: 0.9343629343629344
corels rel mlp test: 0.9845559845559846
corels rel rf test: 0.9884169884169884
Averaged over 10 trials: corels train score: 0.9332903225806453
Averaged over 10 trials: corels cv score: 0.9345806451612904
Averaged over 10 trials: corels test score: 0.9386100386100387
Averaged over 10 trials: expertsys relative mlp test score: 0.9633204633204635
Averaged over 10 trials: expertsys relative rf test score: 0.9772200772200772
