Parsing CSV...
Reading file: ../tmp/spambase.data
Done!
Rows read: 4601
Columns: 58
Column names:
0: 0
1: 1
2: 2
3: 3
4: 4
5: 5
6: 6
7: 7
8: 8
9: 9
10: 10
11: 11
12: 12
13: 13
14: 14
15: 15
16: 16
17: 17
18: 18
19: 19
20: 20
21: 21
22: 22
23: 23
24: 24
25: 25
26: 26
27: 27
28: 28
29: 29
30: 30
31: 31
32: 32
33: 33
34: 34
35: 35
36: 36
37: 37
38: 38
39: 39
40: 40
41: 41
42: 42
43: 43
44: 44
45: 45
46: 46
47: 47
48: 48
49: 49
50: 50
51: 51
52: 52
53: 53
54: 54
55: 55
56: 56
57: 57

Done!
Splitting into training and test...
Done!
Constructing data matrices...
Done!
training corels
Done!
corelsTrainScore: 0.8510869565217392
corelsCvScore: 0.8376811594202899
corelsTestScore: 0.8329718004338394
corels rel mlp test: 0.8546637744034707
corels rel rf test: 0.8546637744034707
Parsing CSV...
Reading file: ../tmp/spambase.data
Done!
Rows read: 4601
Columns: 58
Column names:
0: 0
1: 1
2: 2
3: 3
4: 4
5: 5
6: 6
7: 7
8: 8
9: 9
10: 10
11: 11
12: 12
13: 13
14: 14
15: 15
16: 16
17: 17
18: 18
19: 19
20: 20
21: 21
22: 22
23: 23
24: 24
25: 25
26: 26
27: 27
28: 28
29: 29
30: 30
31: 31
32: 32
33: 33
34: 34
35: 35
36: 36
37: 37
38: 38
39: 39
40: 40
41: 41
42: 42
43: 43
44: 44
45: 45
46: 46
47: 47
48: 48
49: 49
50: 50
51: 51
52: 52
53: 53
54: 54
55: 55
56: 56
57: 57

Done!
Splitting into training and test...
Done!
Constructing data matrices...
Done!
training corels
Done!
corelsTrainScore: 0.8456521739130435
corelsCvScore: 0.8478260869565217
corelsTestScore: 0.8351409978308026
corels rel mlp test: 0.841648590021692
corels rel rf test: 0.8676789587852495
Parsing CSV...
Reading file: ../tmp/spambase.data
Done!
Rows read: 4601
Columns: 58
Column names:
0: 0
1: 1
2: 2
3: 3
4: 4
5: 5
6: 6
7: 7
8: 8
9: 9
10: 10
11: 11
12: 12
13: 13
14: 14
15: 15
16: 16
17: 17
18: 18
19: 19
20: 20
21: 21
22: 22
23: 23
24: 24
25: 25
26: 26
27: 27
28: 28
29: 29
30: 30
31: 31
32: 32
33: 33
34: 34
35: 35
36: 36
37: 37
38: 38
39: 39
40: 40
41: 41
42: 42
43: 43
44: 44
45: 45
46: 46
47: 47
48: 48
49: 49
50: 50
51: 51
52: 52
53: 53
54: 54
55: 55
56: 56
57: 57

Done!
Splitting into training and test...
Done!
Constructing data matrices...
Done!
training corels
Done!
corelsTrainScore: 0.8471014492753624
corelsCvScore: 0.8536231884057971
corelsTestScore: 0.8091106290672451
corels rel mlp test: 0.824295010845987
corels rel rf test: 0.8546637744034707
Parsing CSV...
Reading file: ../tmp/spambase.data
Done!
Rows read: 4601
Columns: 58
Column names:
0: 0
1: 1
2: 2
3: 3
4: 4
5: 5
6: 6
7: 7
8: 8
9: 9
10: 10
11: 11
12: 12
13: 13
14: 14
15: 15
16: 16
17: 17
18: 18
19: 19
20: 20
21: 21
22: 22
23: 23
24: 24
25: 25
26: 26
27: 27
28: 28
29: 29
30: 30
31: 31
32: 32
33: 33
34: 34
35: 35
36: 36
37: 37
38: 38
39: 39
40: 40
41: 41
42: 42
43: 43
44: 44
45: 45
46: 46
47: 47
48: 48
49: 49
50: 50
51: 51
52: 52
53: 53
54: 54
55: 55
56: 56
57: 57

Done!
Splitting into training and test...
Done!
Constructing data matrices...
Done!
training corels
Done!
corelsTrainScore: 0.841304347826087
corelsCvScore: 0.8543478260869565
corelsTestScore: 0.841648590021692
corels rel mlp test: 0.8373101952277657
corels rel rf test: 0.8503253796095445
Parsing CSV...
Reading file: ../tmp/spambase.data
Done!
Rows read: 4601
Columns: 58
Column names:
0: 0
1: 1
2: 2
3: 3
4: 4
5: 5
6: 6
7: 7
8: 8
9: 9
10: 10
11: 11
12: 12
13: 13
14: 14
15: 15
16: 16
17: 17
18: 18
19: 19
20: 20
21: 21
22: 22
23: 23
24: 24
25: 25
26: 26
27: 27
28: 28
29: 29
30: 30
31: 31
32: 32
33: 33
34: 34
35: 35
36: 36
37: 37
38: 38
39: 39
40: 40
41: 41
42: 42
43: 43
44: 44
45: 45
46: 46
47: 47
48: 48
49: 49
50: 50
51: 51
52: 52
53: 53
54: 54
55: 55
56: 56
57: 57

Done!
Splitting into training and test...
Done!
Constructing data matrices...
Done!
training corels
Done!
corelsTrainScore: 0.8402173913043478
corelsCvScore: 0.85
corelsTestScore: 0.8611713665943601
corels rel mlp test: 0.8590021691973969
corels rel rf test: 0.8785249457700651
Parsing CSV...
Reading file: ../tmp/spambase.data
Done!
Rows read: 4601
Columns: 58
Column names:
0: 0
1: 1
2: 2
3: 3
4: 4
5: 5
6: 6
7: 7
8: 8
9: 9
10: 10
11: 11
12: 12
13: 13
14: 14
15: 15
16: 16
17: 17
18: 18
19: 19
20: 20
21: 21
22: 22
23: 23
24: 24
25: 25
26: 26
27: 27
28: 28
29: 29
30: 30
31: 31
32: 32
33: 33
34: 34
35: 35
36: 36
37: 37
38: 38
39: 39
40: 40
41: 41
42: 42
43: 43
44: 44
45: 45
46: 46
47: 47
48: 48
49: 49
50: 50
51: 51
52: 52
53: 53
54: 54
55: 55
56: 56
57: 57

Done!
Splitting into training and test...
Done!
Constructing data matrices...
Done!
training corels
Done!
corelsTrainScore: 0.8557971014492753
corelsCvScore: 0.8420289855072464
corelsTestScore: 0.7917570498915402
corels rel mlp test: 0.8047722342733189
corels rel rf test: 0.8177874186550976
Parsing CSV...
Reading file: ../tmp/spambase.data
Done!
Rows read: 4601
Columns: 58
Column names:
0: 0
1: 1
2: 2
3: 3
4: 4
5: 5
6: 6
7: 7
8: 8
9: 9
10: 10
11: 11
12: 12
13: 13
14: 14
15: 15
16: 16
17: 17
18: 18
19: 19
20: 20
21: 21
22: 22
23: 23
24: 24
25: 25
26: 26
27: 27
28: 28
29: 29
30: 30
31: 31
32: 32
33: 33
34: 34
35: 35
36: 36
37: 37
38: 38
39: 39
40: 40
41: 41
42: 42
43: 43
44: 44
45: 45
46: 46
47: 47
48: 48
49: 49
50: 50
51: 51
52: 52
53: 53
54: 54
55: 55
56: 56
57: 57

Done!
Splitting into training and test...
Done!
Constructing data matrices...
Done!
training corels
Done!
corelsTrainScore: 0.8496376811594203
corelsCvScore: 0.836231884057971
corelsTestScore: 0.8459869848156182
corels rel mlp test: 0.8611713665943601
corels rel rf test: 0.8676789587852495
Parsing CSV...
Reading file: ../tmp/spambase.data
Done!
Rows read: 4601
Columns: 58
Column names:
0: 0
1: 1
2: 2
3: 3
4: 4
5: 5
6: 6
7: 7
8: 8
9: 9
10: 10
11: 11
12: 12
13: 13
14: 14
15: 15
16: 16
17: 17
18: 18
19: 19
20: 20
21: 21
22: 22
23: 23
24: 24
25: 25
26: 26
27: 27
28: 28
29: 29
30: 30
31: 31
32: 32
33: 33
34: 34
35: 35
36: 36
37: 37
38: 38
39: 39
40: 40
41: 41
42: 42
43: 43
44: 44
45: 45
46: 46
47: 47
48: 48
49: 49
50: 50
51: 51
52: 52
53: 53
54: 54
55: 55
56: 56
57: 57

Done!
Splitting into training and test...
Done!
Constructing data matrices...
Done!
training corels
Done!
corelsTrainScore: 0.8427536231884057
corelsCvScore: 0.8528985507246377
corelsTestScore: 0.8373101952277657
corels rel mlp test: 0.8351409978308026
corels rel rf test: 0.8503253796095445
Parsing CSV...
Reading file: ../tmp/spambase.data
Done!
Rows read: 4601
Columns: 58
Column names:
0: 0
1: 1
2: 2
3: 3
4: 4
5: 5
6: 6
7: 7
8: 8
9: 9
10: 10
11: 11
12: 12
13: 13
14: 14
15: 15
16: 16
17: 17
18: 18
19: 19
20: 20
21: 21
22: 22
23: 23
24: 24
25: 25
26: 26
27: 27
28: 28
29: 29
30: 30
31: 31
32: 32
33: 33
34: 34
35: 35
36: 36
37: 37
38: 38
39: 39
40: 40
41: 41
42: 42
43: 43
44: 44
45: 45
46: 46
47: 47
48: 48
49: 49
50: 50
51: 51
52: 52
53: 53
54: 54
55: 55
56: 56
57: 57

Done!
Splitting into training and test...
Done!
Constructing data matrices...
Done!
training corels
Done!
corelsTrainScore: 0.8449275362318841
corelsCvScore: 0.8434782608695652
corelsTestScore: 0.8524945770065075
corels rel mlp test: 0.841648590021692
corels rel rf test: 0.8503253796095445
Parsing CSV...
Reading file: ../tmp/spambase.data
Done!
Rows read: 4601
Columns: 58
Column names:
0: 0
1: 1
2: 2
3: 3
4: 4
5: 5
6: 6
7: 7
8: 8
9: 9
10: 10
11: 11
12: 12
13: 13
14: 14
15: 15
16: 16
17: 17
18: 18
19: 19
20: 20
21: 21
22: 22
23: 23
24: 24
25: 25
26: 26
27: 27
28: 28
29: 29
30: 30
31: 31
32: 32
33: 33
34: 34
35: 35
36: 36
37: 37
38: 38
39: 39
40: 40
41: 41
42: 42
43: 43
44: 44
45: 45
46: 46
47: 47
48: 48
49: 49
50: 50
51: 51
52: 52
53: 53
54: 54
55: 55
56: 56
57: 57

Done!
Splitting into training and test...
Done!
Constructing data matrices...
Done!
training corels
Done!
corelsTrainScore: 0.8445652173913043
corelsCvScore: 0.8427536231884057
corelsTestScore: 0.8568329718004338
corels rel mlp test: 0.8546637744034707
corels rel rf test: 0.8568329718004338
Averaged over 10 trials: corels train score: 0.846304347826087
Averaged over 10 trials: corels cv score: 0.846086956521739
Averaged over 10 trials: corels test score: 0.8364425162689806
Averaged over 10 trials: expertsys relative mlp test score: 0.8414316702819956
Averaged over 10 trials: expertsys relative rf test score: 0.8548806941431669
