Parsing CSV...
Reading file: ../tmp/ann-train.data
Done!
Rows read: 3772
Columns: 52
Column names:
0: 0
1: 16
2: 17
3: 18
4: 19
5: 20
6: 21
7: 1_0
8: 1_1
9: 1_nan
10: 2_0
11: 2_1
12: 2_nan
13: 3_0
14: 3_1
15: 3_nan
16: 4_0
17: 4_1
18: 4_nan
19: 5_0
20: 5_1
21: 5_nan
22: 6_0
23: 6_1
24: 6_nan
25: 7_0
26: 7_1
27: 7_nan
28: 8_0
29: 8_1
30: 8_nan
31: 9_0
32: 9_1
33: 9_nan
34: 10_0
35: 10_1
36: 10_nan
37: 11_0
38: 11_1
39: 11_nan
40: 12_0
41: 12_1
42: 12_nan
43: 13_0
44: 13_1
45: 13_nan
46: 14_0
47: 14_1
48: 14_nan
49: 15_0
50: 15_1
51: 15_nan

Done!
Splitting into training and test...
Done!
Constructing data matrices...
Done!
training corels
