Parsing CSV...
Reading file: ../tmp/tic-tac-toe.data
Done!
Rows read: 958
Columns: 37
Column names:
0: 9
1: 0_b
2: 0_o
3: 0_x
4: 0_nan
5: 1_b
6: 1_o
7: 1_x
8: 1_nan
9: 2_b
10: 2_o
11: 2_x
12: 2_nan
13: 3_b
14: 3_o
15: 3_x
16: 3_nan
17: 4_b
18: 4_o
19: 4_x
20: 4_nan
21: 5_b
22: 5_o
23: 5_x
24: 5_nan
25: 6_b
26: 6_o
27: 6_x
28: 6_nan
29: 7_b
30: 7_o
31: 7_x
32: 7_nan
33: 8_b
34: 8_o
35: 8_x
36: 8_nan

Done!
Splitting into training and test...
Done!
Constructing data matrices...
Done!
training corels
Done!
corelsTrainScore: 0.7317073170731707
corelsCvScore: 0.6805555555555556
corelsTestScore: 0.625
corels rel mlp test: 0.6145833333333334
corels rel rf test: 0.65625
Parsing CSV...
Reading file: ../tmp/tic-tac-toe.data
Done!
Rows read: 958
Columns: 37
Column names:
0: 9
1: 0_b
2: 0_o
3: 0_x
4: 0_nan
5: 1_b
6: 1_o
7: 1_x
8: 1_nan
9: 2_b
10: 2_o
11: 2_x
12: 2_nan
13: 3_b
14: 3_o
15: 3_x
16: 3_nan
17: 4_b
18: 4_o
19: 4_x
20: 4_nan
21: 5_b
22: 5_o
23: 5_x
24: 5_nan
25: 6_b
26: 6_o
27: 6_x
28: 6_nan
29: 7_b
30: 7_o
31: 7_x
32: 7_nan
33: 8_b
34: 8_o
35: 8_x
36: 8_nan

Done!
Splitting into training and test...
Done!
Constructing data matrices...
Done!
training corels
Done!
corelsTrainScore: 0.7038327526132404
corelsCvScore: 0.71875
corelsTestScore: 0.6770833333333334
corels rel mlp test: 0.6666666666666666
corels rel rf test: 0.7291666666666666
Parsing CSV...
Reading file: ../tmp/tic-tac-toe.data
Done!
Rows read: 958
Columns: 37
Column names:
0: 9
1: 0_b
2: 0_o
3: 0_x
4: 0_nan
5: 1_b
6: 1_o
7: 1_x
8: 1_nan
9: 2_b
10: 2_o
11: 2_x
12: 2_nan
13: 3_b
14: 3_o
15: 3_x
16: 3_nan
17: 4_b
18: 4_o
19: 4_x
20: 4_nan
21: 5_b
22: 5_o
23: 5_x
24: 5_nan
25: 6_b
26: 6_o
27: 6_x
28: 6_nan
29: 7_b
30: 7_o
31: 7_x
32: 7_nan
33: 8_b
34: 8_o
35: 8_x
36: 8_nan

Done!
Splitting into training and test...
Done!
Constructing data matrices...
Done!
training corels
Done!
corelsTrainScore: 0.7125435540069687
corelsCvScore: 0.6979166666666666
corelsTestScore: 0.65625
corels rel mlp test: 0.6875
corels rel rf test: 0.6770833333333334
Parsing CSV...
Reading file: ../tmp/tic-tac-toe.data
Done!
Rows read: 958
Columns: 37
Column names:
0: 9
1: 0_b
2: 0_o
3: 0_x
4: 0_nan
5: 1_b
6: 1_o
7: 1_x
8: 1_nan
9: 2_b
10: 2_o
11: 2_x
12: 2_nan
13: 3_b
14: 3_o
15: 3_x
16: 3_nan
17: 4_b
18: 4_o
19: 4_x
20: 4_nan
21: 5_b
22: 5_o
23: 5_x
24: 5_nan
25: 6_b
26: 6_o
27: 6_x
28: 6_nan
29: 7_b
30: 7_o
31: 7_x
32: 7_nan
33: 8_b
34: 8_o
35: 8_x
36: 8_nan

Done!
Splitting into training and test...
Done!
Constructing data matrices...
Done!
training corels
Done!
corelsTrainScore: 0.7264808362369338
corelsCvScore: 0.7291666666666666
corelsTestScore: 0.71875
corels rel mlp test: 0.7083333333333334
corels rel rf test: 0.7083333333333334
Parsing CSV...
Reading file: ../tmp/tic-tac-toe.data
Done!
Rows read: 958
Columns: 37
Column names:
0: 9
1: 0_b
2: 0_o
3: 0_x
4: 0_nan
5: 1_b
6: 1_o
7: 1_x
8: 1_nan
9: 2_b
10: 2_o
11: 2_x
12: 2_nan
13: 3_b
14: 3_o
15: 3_x
16: 3_nan
17: 4_b
18: 4_o
19: 4_x
20: 4_nan
21: 5_b
22: 5_o
23: 5_x
24: 5_nan
25: 6_b
26: 6_o
27: 6_x
28: 6_nan
29: 7_b
30: 7_o
31: 7_x
32: 7_nan
33: 8_b
34: 8_o
35: 8_x
36: 8_nan

Done!
Splitting into training and test...
Done!
Constructing data matrices...
Done!
training corels
Done!
corelsTrainScore: 0.7264808362369338
corelsCvScore: 0.6840277777777778
corelsTestScore: 0.6458333333333334
corels rel mlp test: 0.6770833333333334
corels rel rf test: 0.6979166666666666
Parsing CSV...
Reading file: ../tmp/tic-tac-toe.data
Done!
Rows read: 958
Columns: 37
Column names:
0: 9
1: 0_b
2: 0_o
3: 0_x
4: 0_nan
5: 1_b
6: 1_o
7: 1_x
8: 1_nan
9: 2_b
10: 2_o
11: 2_x
12: 2_nan
13: 3_b
14: 3_o
15: 3_x
16: 3_nan
17: 4_b
18: 4_o
19: 4_x
20: 4_nan
21: 5_b
22: 5_o
23: 5_x
24: 5_nan
25: 6_b
26: 6_o
27: 6_x
28: 6_nan
29: 7_b
30: 7_o
31: 7_x
32: 7_nan
33: 8_b
34: 8_o
35: 8_x
36: 8_nan

Done!
Splitting into training and test...
Done!
Constructing data matrices...
Done!
training corels
Done!
corelsTrainScore: 0.7386759581881533
corelsCvScore: 0.6423611111111112
corelsTestScore: 0.6979166666666666
corels rel mlp test: 0.6979166666666666
corels rel rf test: 0.7395833333333334
Parsing CSV...
Reading file: ../tmp/tic-tac-toe.data
Done!
Rows read: 958
Columns: 37
Column names:
0: 9
1: 0_b
2: 0_o
3: 0_x
4: 0_nan
5: 1_b
6: 1_o
7: 1_x
8: 1_nan
9: 2_b
10: 2_o
11: 2_x
12: 2_nan
13: 3_b
14: 3_o
15: 3_x
16: 3_nan
17: 4_b
18: 4_o
19: 4_x
20: 4_nan
21: 5_b
22: 5_o
23: 5_x
24: 5_nan
25: 6_b
26: 6_o
27: 6_x
28: 6_nan
29: 7_b
30: 7_o
31: 7_x
32: 7_nan
33: 8_b
34: 8_o
35: 8_x
36: 8_nan

Done!
Splitting into training and test...
Done!
Constructing data matrices...
Done!
training corels
Done!
corelsTrainScore: 0.7247386759581882
corelsCvScore: 0.65625
corelsTestScore: 0.7395833333333334
corels rel mlp test: 0.7395833333333334
corels rel rf test: 0.7604166666666666
Parsing CSV...
Reading file: ../tmp/tic-tac-toe.data
Done!
Rows read: 958
Columns: 37
Column names:
0: 9
1: 0_b
2: 0_o
3: 0_x
4: 0_nan
5: 1_b
6: 1_o
7: 1_x
8: 1_nan
9: 2_b
10: 2_o
11: 2_x
12: 2_nan
13: 3_b
14: 3_o
15: 3_x
16: 3_nan
17: 4_b
18: 4_o
19: 4_x
20: 4_nan
21: 5_b
22: 5_o
23: 5_x
24: 5_nan
25: 6_b
26: 6_o
27: 6_x
28: 6_nan
29: 7_b
30: 7_o
31: 7_x
32: 7_nan
33: 8_b
34: 8_o
35: 8_x
36: 8_nan

Done!
Splitting into training and test...
Done!
Constructing data matrices...
Done!
training corels
Done!
corelsTrainScore: 0.7264808362369338
corelsCvScore: 0.6631944444444444
corelsTestScore: 0.6770833333333334
corels rel mlp test: 0.6666666666666666
corels rel rf test: 0.7395833333333334
Parsing CSV...
Reading file: ../tmp/tic-tac-toe.data
Done!
Rows read: 958
Columns: 37
Column names:
0: 9
1: 0_b
2: 0_o
3: 0_x
4: 0_nan
5: 1_b
6: 1_o
7: 1_x
8: 1_nan
9: 2_b
10: 2_o
11: 2_x
12: 2_nan
13: 3_b
14: 3_o
15: 3_x
16: 3_nan
17: 4_b
18: 4_o
19: 4_x
20: 4_nan
21: 5_b
22: 5_o
23: 5_x
24: 5_nan
25: 6_b
26: 6_o
27: 6_x
28: 6_nan
29: 7_b
30: 7_o
31: 7_x
32: 7_nan
33: 8_b
34: 8_o
35: 8_x
36: 8_nan

Done!
Splitting into training and test...
Done!
Constructing data matrices...
Done!
training corels
Done!
corelsTrainScore: 0.7317073170731707
corelsCvScore: 0.6631944444444444
corelsTestScore: 0.6458333333333334
corels rel mlp test: 0.6458333333333334
corels rel rf test: 0.6875
Parsing CSV...
Reading file: ../tmp/tic-tac-toe.data
Done!
Rows read: 958
Columns: 37
Column names:
0: 9
1: 0_b
2: 0_o
3: 0_x
4: 0_nan
5: 1_b
6: 1_o
7: 1_x
8: 1_nan
9: 2_b
10: 2_o
11: 2_x
12: 2_nan
13: 3_b
14: 3_o
15: 3_x
16: 3_nan
17: 4_b
18: 4_o
19: 4_x
20: 4_nan
21: 5_b
22: 5_o
23: 5_x
24: 5_nan
25: 6_b
26: 6_o
27: 6_x
28: 6_nan
29: 7_b
30: 7_o
31: 7_x
32: 7_nan
33: 8_b
34: 8_o
35: 8_x
36: 8_nan

Done!
Splitting into training and test...
Done!
Constructing data matrices...
Done!
training corels
Done!
corelsTrainScore: 0.7125435540069687
corelsCvScore: 0.6979166666666666
corelsTestScore: 0.6875
corels rel mlp test: 0.6979166666666666
corels rel rf test: 0.6875
Averaged over 10 trials: corels train score: 0.7235191637630661
Averaged over 10 trials: corels cv score: 0.6833333333333333
Averaged over 10 trials: corels test score: 0.6770833333333333
Averaged over 10 trials: expertsys relative mlp test score: 0.6802083333333334
Averaged over 10 trials: expertsys relative rf test score: 0.7083333333333333
