Parsing CSV...
Reading file: ../tmp/eighthr.data
Done!
Rows read: 2534
Columns: 73
Column names:
0: 0
1: 1
2: 2
3: 3
4: 4
5: 5
6: 6
7: 7
8: 8
9: 9
10: 10
11: 11
12: 12
13: 13
14: 14
15: 15
16: 16
17: 17
18: 18
19: 19
20: 20
21: 21
22: 22
23: 23
24: 24
25: 25
26: 26
27: 27
28: 28
29: 29
30: 30
31: 31
32: 32
33: 33
34: 34
35: 35
36: 36
37: 37
38: 38
39: 39
40: 40
41: 41
42: 42
43: 43
44: 44
45: 45
46: 46
47: 47
48: 48
49: 49
50: 50
51: 51
52: 52
53: 53
54: 54
55: 55
56: 56
57: 57
58: 58
59: 59
60: 60
61: 61
62: 62
63: 63
64: 64
65: 65
66: 66
67: 67
68: 68
69: 69
70: 70
71: 71
72: 72

Done!
Splitting into training and test...
Done!
Constructing data matrices...
Done!
Training random forest...
Done!
Random Forest Training score: 1.0
Random Forest CV score: 0.9460526315789474
Random Forest Test score: 0.9448818897637795
Fitting Gaussian mixture with 20 components...
Done!
Sampling 500 points
Done! Sampled 500 points
Generating internal node with number of samples 500...
Done!
Invalid internal node, node count: 1
Generating leaf with number of samples 500...
Done!
Current mass: 1.0000000000000002
Sampling 500 test points
Done! Sampled 500 test points
Computed internal score: 1.0000000000000002
Computed leaf score: 1.0000000000000002
Internal node index: 0
No internal data!
Internal node index: 0
No internal data!
No internal nodes remaining, ending!
Leaf node index: 0
Decision tree:
0
Node count: 1
DTExtract Relative training score: 0.938157894737
DTExtract Relative CV score: 0.989473684211
DTExtract Relative test score: 0.98031496063
DTExtract Training score: 0.938157894737
DTExtract CV score: 0.938157894737
DTExtract Test score: 0.925196850394
Training greedy decision tree, best of: 1
Done!
Node count: 33
GreedyTree Training score: 0.9703947368421053
GreedyTree CV score: 0.9421052631578948
GreedyTree Test score: 0.9291338582677166
MLP Training score: 0.9381578947368421
MLP CV score: 0.9381578947368421
MLP Test score: 0.9251968503937008
Random Forest Training score: 1.0
Random Forest CV score: 0.9460526315789474
Random Forest Test score: 0.9448818897637795
Parsing CSV...
Reading file: ../tmp/eighthr.data
Done!
Rows read: 2534
Columns: 73
Column names:
0: 0
1: 1
2: 2
3: 3
4: 4
5: 5
6: 6
7: 7
8: 8
9: 9
10: 10
11: 11
12: 12
13: 13
14: 14
15: 15
16: 16
17: 17
18: 18
19: 19
20: 20
21: 21
22: 22
23: 23
24: 24
25: 25
26: 26
27: 27
28: 28
29: 29
30: 30
31: 31
32: 32
33: 33
34: 34
35: 35
36: 36
37: 37
38: 38
39: 39
40: 40
41: 41
42: 42
43: 43
44: 44
45: 45
46: 46
47: 47
48: 48
49: 49
50: 50
51: 51
52: 52
53: 53
54: 54
55: 55
56: 56
57: 57
58: 58
59: 59
60: 60
61: 61
62: 62
63: 63
64: 64
65: 65
66: 66
67: 67
68: 68
69: 69
70: 70
71: 71
72: 72

Done!
Splitting into training and test...
Done!
Constructing data matrices...
Done!
Training random forest...
Done!
Random Forest Training score: 1.0
Random Forest CV score: 0.95
Random Forest Test score: 0.9409448818897638
Fitting Gaussian mixture with 20 components...
Done!
Sampling 500 points
Done! Sampled 500 points
Generating internal node with number of samples 500...
Done!
Invalid internal node, node count: 1
Generating leaf with number of samples 500...
Done!
Current mass: 1.0
Sampling 500 test points
Done! Sampled 500 test points
Computed internal score: 1.0
Computed leaf score: 1.0
Internal node index: 0
No internal data!
Internal node index: 0
No internal data!
No internal nodes remaining, ending!
Leaf node index: 0
Decision tree:
0
Node count: 1
DTExtract Relative training score: 0.932236842105
DTExtract Relative CV score: 0.986842105263
DTExtract Relative test score: 0.992125984252
DTExtract Training score: 0.932236842105
DTExtract CV score: 0.944736842105
DTExtract Test score: 0.94094488189
Training greedy decision tree, best of: 1
Done!
Node count: 33
GreedyTree Training score: 0.9671052631578947
GreedyTree CV score: 0.9328947368421052
GreedyTree Test score: 0.9173228346456693
MLP Training score: 0.9322368421052631
MLP CV score: 0.9421052631578948
MLP Test score: 0.9409448818897638
Random Forest Training score: 1.0
Random Forest CV score: 0.95
Random Forest Test score: 0.9409448818897638
Parsing CSV...
Reading file: ../tmp/eighthr.data
Done!
Rows read: 2534
Columns: 73
Column names:
0: 0
1: 1
2: 2
3: 3
4: 4
5: 5
6: 6
7: 7
8: 8
9: 9
10: 10
11: 11
12: 12
13: 13
14: 14
15: 15
16: 16
17: 17
18: 18
19: 19
20: 20
21: 21
22: 22
23: 23
24: 24
25: 25
26: 26
27: 27
28: 28
29: 29
30: 30
31: 31
32: 32
33: 33
34: 34
35: 35
36: 36
37: 37
38: 38
39: 39
40: 40
41: 41
42: 42
43: 43
44: 44
45: 45
46: 46
47: 47
48: 48
49: 49
50: 50
51: 51
52: 52
53: 53
54: 54
55: 55
56: 56
57: 57
58: 58
59: 59
60: 60
61: 61
62: 62
63: 63
64: 64
65: 65
66: 66
67: 67
68: 68
69: 69
70: 70
71: 71
72: 72

Done!
Splitting into training and test...
Done!
Constructing data matrices...
Done!
Training random forest...
Done!
Random Forest Training score: 1.0
Random Forest CV score: 0.9434210526315789
Random Forest Test score: 0.9606299212598425
Fitting Gaussian mixture with 20 components...
Done!
Sampling 500 points
Done! Sampled 500 points
Generating internal node with number of samples 500...
Done!
Invalid internal node, node count: 1
Generating leaf with number of samples 500...
Done!
Current mass: 1.0
Sampling 500 test points
Done! Sampled 500 test points
Computed internal score: 1.0
Computed leaf score: 1.0
Internal node index: 0
No internal data!
Internal node index: 0
No internal data!
No internal nodes remaining, ending!
Leaf node index: 0
Decision tree:
0
Node count: 1
DTExtract Relative training score: 0.933552631579
DTExtract Relative CV score: 0.989473684211
DTExtract Relative test score: 0.976377952756
DTExtract Training score: 0.933552631579
DTExtract CV score: 0.938157894737
DTExtract Test score: 0.952755905512
Training greedy decision tree, best of: 1
Done!
Node count: 33
GreedyTree Training score: 0.9671052631578947
GreedyTree CV score: 0.9289473684210526
GreedyTree Test score: 0.9409448818897638
MLP Training score: 0.9335526315789474
MLP CV score: 0.9381578947368421
MLP Test score: 0.952755905511811
Random Forest Training score: 1.0
Random Forest CV score: 0.9434210526315789
Random Forest Test score: 0.9606299212598425
Parsing CSV...
Reading file: ../tmp/eighthr.data
Done!
Rows read: 2534
Columns: 73
Column names:
0: 0
1: 1
2: 2
3: 3
4: 4
5: 5
6: 6
7: 7
8: 8
9: 9
10: 10
11: 11
12: 12
13: 13
14: 14
15: 15
16: 16
17: 17
18: 18
19: 19
20: 20
21: 21
22: 22
23: 23
24: 24
25: 25
26: 26
27: 27
28: 28
29: 29
30: 30
31: 31
32: 32
33: 33
34: 34
35: 35
36: 36
37: 37
38: 38
39: 39
40: 40
41: 41
42: 42
43: 43
44: 44
45: 45
46: 46
47: 47
48: 48
49: 49
50: 50
51: 51
52: 52
53: 53
54: 54
55: 55
56: 56
57: 57
58: 58
59: 59
60: 60
61: 61
62: 62
63: 63
64: 64
65: 65
66: 66
67: 67
68: 68
69: 69
70: 70
71: 71
72: 72

Done!
Splitting into training and test...
Done!
Constructing data matrices...
Done!
Training random forest...
Done!
Random Forest Training score: 1.0
Random Forest CV score: 0.9486842105263158
Random Forest Test score: 0.937007874015748
Fitting Gaussian mixture with 20 components...
Done!
Sampling 500 points
Done! Sampled 500 points
Generating internal node with number of samples 500...
Done!
Invalid internal node, node count: 1
Generating leaf with number of samples 500...
Done!
Current mass: 1.0
Sampling 500 test points
Done! Sampled 500 test points
Computed internal score: 1.0
Computed leaf score: 1.0
Internal node index: 0
No internal data!
Internal node index: 0
No internal data!
No internal nodes remaining, ending!
Leaf node index: 0
Decision tree:
0
Node count: 1
DTExtract Relative training score: 0.934868421053
DTExtract Relative CV score: 0.989473684211
DTExtract Relative test score: 0.984251968504
DTExtract Training score: 0.934868421053
DTExtract CV score: 0.940789473684
DTExtract Test score: 0.937007874016
Training greedy decision tree, best of: 1
Done!
Node count: 33
GreedyTree Training score: 0.9664473684210526
GreedyTree CV score: 0.9315789473684211
GreedyTree Test score: 0.9330708661417323
MLP Training score: 0.9348684210526316
MLP CV score: 0.9407894736842105
MLP Test score: 0.937007874015748
Random Forest Training score: 1.0
Random Forest CV score: 0.9486842105263158
Random Forest Test score: 0.937007874015748
Parsing CSV...
Reading file: ../tmp/eighthr.data
Done!
Rows read: 2534
Columns: 73
Column names:
0: 0
1: 1
2: 2
3: 3
4: 4
5: 5
6: 6
7: 7
8: 8
9: 9
10: 10
11: 11
12: 12
13: 13
14: 14
15: 15
16: 16
17: 17
18: 18
19: 19
20: 20
21: 21
22: 22
23: 23
24: 24
25: 25
26: 26
27: 27
28: 28
29: 29
30: 30
31: 31
32: 32
33: 33
34: 34
35: 35
36: 36
37: 37
38: 38
39: 39
40: 40
41: 41
42: 42
43: 43
44: 44
45: 45
46: 46
47: 47
48: 48
49: 49
50: 50
51: 51
52: 52
53: 53
54: 54
55: 55
56: 56
57: 57
58: 58
59: 59
60: 60
61: 61
62: 62
63: 63
64: 64
65: 65
66: 66
67: 67
68: 68
69: 69
70: 70
71: 71
72: 72

Done!
Splitting into training and test...
Done!
Constructing data matrices...
Done!
Training random forest...
Done!
Random Forest Training score: 1.0
Random Forest CV score: 0.95
Random Forest Test score: 0.9566929133858267
Fitting Gaussian mixture with 20 components...
Done!
Sampling 500 points
Done! Sampled 500 points
Generating internal node with number of samples 500...
Done!
Invalid internal node, node count: 1
Generating leaf with number of samples 500...
Done!
Current mass: 1.0
Sampling 500 test points
Done! Sampled 500 test points
Computed internal score: 1.0
Computed leaf score: 1.0
Internal node index: 0
No internal data!
Internal node index: 0
No internal data!
No internal nodes remaining, ending!
Leaf node index: 0
Decision tree:
0
Node count: 1
DTExtract Relative training score: 0.932236842105
DTExtract Relative CV score: 0.985526315789
DTExtract Relative test score: 0.996062992126
DTExtract Training score: 0.932236842105
DTExtract CV score: 0.940789473684
DTExtract Test score: 0.952755905512
Training greedy decision tree, best of: 1
Done!
Node count: 33
GreedyTree Training score: 0.9578947368421052
GreedyTree CV score: 0.9302631578947368
GreedyTree Test score: 0.9409448818897638
MLP Training score: 0.7855263157894737
MLP CV score: 0.7947368421052632
MLP Test score: 0.8110236220472441
Random Forest Training score: 1.0
Random Forest CV score: 0.95
Random Forest Test score: 0.9566929133858267
Parsing CSV...
Reading file: ../tmp/eighthr.data
Done!
Rows read: 2534
Columns: 73
Column names:
0: 0
1: 1
2: 2
3: 3
4: 4
5: 5
6: 6
7: 7
8: 8
9: 9
10: 10
11: 11
12: 12
13: 13
14: 14
15: 15
16: 16
17: 17
18: 18
19: 19
20: 20
21: 21
22: 22
23: 23
24: 24
25: 25
26: 26
27: 27
28: 28
29: 29
30: 30
31: 31
32: 32
33: 33
34: 34
35: 35
36: 36
37: 37
38: 38
39: 39
40: 40
41: 41
42: 42
43: 43
44: 44
45: 45
46: 46
47: 47
48: 48
49: 49
50: 50
51: 51
52: 52
53: 53
54: 54
55: 55
56: 56
57: 57
58: 58
59: 59
60: 60
61: 61
62: 62
63: 63
64: 64
65: 65
66: 66
67: 67
68: 68
69: 69
70: 70
71: 71
72: 72

Done!
Splitting into training and test...
Done!
Constructing data matrices...
Done!
Training random forest...
Done!
Random Forest Training score: 1.0
Random Forest CV score: 0.9434210526315789
Random Forest Test score: 0.9409448818897638
Fitting Gaussian mixture with 20 components...
Done!
Sampling 500 points
Done! Sampled 500 points
Generating internal node with number of samples 500...
Done!
Invalid internal node, node count: 1
Generating leaf with number of samples 500...
Done!
Current mass: 0.9999999999999998
Sampling 500 test points
Done! Sampled 500 test points
Computed internal score: 0.9999999999999998
Computed leaf score: 0.9999999999999998
Internal node index: 0
No internal data!
Internal node index: 0
No internal data!
No internal nodes remaining, ending!
Leaf node index: 0
Decision tree:
0
Node count: 1
DTExtract Relative training score: 0.936842105263
DTExtract Relative CV score: 0.992105263158
DTExtract Relative test score: 0.992125984252
DTExtract Training score: 0.936842105263
DTExtract CV score: 0.935526315789
DTExtract Test score: 0.94094488189
Training greedy decision tree, best of: 1
Done!
Node count: 33
GreedyTree Training score: 0.9703947368421053
GreedyTree CV score: 0.9381578947368421
GreedyTree Test score: 0.937007874015748
MLP Training score: 0.9368421052631579
MLP CV score: 0.9355263157894737
MLP Test score: 0.9409448818897638
Random Forest Training score: 1.0
Random Forest CV score: 0.9434210526315789
Random Forest Test score: 0.9409448818897638
Parsing CSV...
Reading file: ../tmp/eighthr.data
Done!
Rows read: 2534
Columns: 73
Column names:
0: 0
1: 1
2: 2
3: 3
4: 4
5: 5
6: 6
7: 7
8: 8
9: 9
10: 10
11: 11
12: 12
13: 13
14: 14
15: 15
16: 16
17: 17
18: 18
19: 19
20: 20
21: 21
22: 22
23: 23
24: 24
25: 25
26: 26
27: 27
28: 28
29: 29
30: 30
31: 31
32: 32
33: 33
34: 34
35: 35
36: 36
37: 37
38: 38
39: 39
40: 40
41: 41
42: 42
43: 43
44: 44
45: 45
46: 46
47: 47
48: 48
49: 49
50: 50
51: 51
52: 52
53: 53
54: 54
55: 55
56: 56
57: 57
58: 58
59: 59
60: 60
61: 61
62: 62
63: 63
64: 64
65: 65
66: 66
67: 67
68: 68
69: 69
70: 70
71: 71
72: 72

Done!
Splitting into training and test...
Done!
Constructing data matrices...
Done!
Training random forest...
Done!
Random Forest Training score: 1.0
Random Forest CV score: 0.9342105263157895
Random Forest Test score: 0.9409448818897638
Fitting Gaussian mixture with 20 components...
Done!
Sampling 500 points
Done! Sampled 500 points
Generating internal node with number of samples 500...
Done!
Invalid internal node, node count: 1
Generating leaf with number of samples 500...
Done!
Current mass: 1.0
Sampling 500 test points
Done! Sampled 500 test points
Computed internal score: 1.0
Computed leaf score: 1.0
Internal node index: 0
No internal data!
Internal node index: 0
No internal data!
No internal nodes remaining, ending!
Leaf node index: 0
Decision tree:
0
Node count: 1
DTExtract Relative training score: 0.940131578947
DTExtract Relative CV score: 0.989473684211
DTExtract Relative test score: 0.992125984252
DTExtract Training score: 0.940131578947
DTExtract CV score: 0.931578947368
DTExtract Test score: 0.933070866142
Training greedy decision tree, best of: 1
Done!
Node count: 33
GreedyTree Training score: 0.9717105263157895
GreedyTree CV score: 0.9328947368421052
GreedyTree Test score: 0.9330708661417323
MLP Training score: 0.9401315789473684
MLP CV score: 0.9315789473684211
MLP Test score: 0.9330708661417323
Random Forest Training score: 1.0
Random Forest CV score: 0.9342105263157895
Random Forest Test score: 0.9409448818897638
Parsing CSV...
Reading file: ../tmp/eighthr.data
Done!
Rows read: 2534
Columns: 73
Column names:
0: 0
1: 1
2: 2
3: 3
4: 4
5: 5
6: 6
7: 7
8: 8
9: 9
10: 10
11: 11
12: 12
13: 13
14: 14
15: 15
16: 16
17: 17
18: 18
19: 19
20: 20
21: 21
22: 22
23: 23
24: 24
25: 25
26: 26
27: 27
28: 28
29: 29
30: 30
31: 31
32: 32
33: 33
34: 34
35: 35
36: 36
37: 37
38: 38
39: 39
40: 40
41: 41
42: 42
43: 43
44: 44
45: 45
46: 46
47: 47
48: 48
49: 49
50: 50
51: 51
52: 52
53: 53
54: 54
55: 55
56: 56
57: 57
58: 58
59: 59
60: 60
61: 61
62: 62
63: 63
64: 64
65: 65
66: 66
67: 67
68: 68
69: 69
70: 70
71: 71
72: 72

Done!
Splitting into training and test...
Done!
Constructing data matrices...
Done!
Training random forest...
Done!
Random Forest Training score: 1.0
Random Forest CV score: 0.9355263157894737
Random Forest Test score: 0.9606299212598425
Fitting Gaussian mixture with 20 components...
Done!
Sampling 500 points
Done! Sampled 500 points
Generating internal node with number of samples 500...
Done!
Invalid internal node, node count: 1
Generating leaf with number of samples 500...
Done!
Current mass: 1.0000000000000004
Sampling 500 test points
Done! Sampled 500 test points
Computed internal score: 1.0000000000000004
Computed leaf score: 1.0000000000000004
Internal node index: 0
No internal data!
Internal node index: 0
No internal data!
No internal nodes remaining, ending!
Leaf node index: 0
Decision tree:
0
Node count: 1
DTExtract Relative training score: 0.938815789474
DTExtract Relative CV score: 0.984210526316
DTExtract Relative test score: 0.992125984252
DTExtract Training score: 0.938815789474
DTExtract CV score: 0.927631578947
DTExtract Test score: 0.952755905512
Training greedy decision tree, best of: 1
Done!
Node count: 33
GreedyTree Training score: 0.9717105263157895
GreedyTree CV score: 0.9223684210526316
GreedyTree Test score: 0.9409448818897638
MLP Training score: 0.6743421052631579
MLP CV score: 0.6276315789473684
MLP Test score: 0.6732283464566929
Random Forest Training score: 1.0
Random Forest CV score: 0.9355263157894737
Random Forest Test score: 0.9606299212598425
Parsing CSV...
Reading file: ../tmp/eighthr.data
Done!
Rows read: 2534
Columns: 73
Column names:
0: 0
1: 1
2: 2
3: 3
4: 4
5: 5
6: 6
7: 7
8: 8
9: 9
10: 10
11: 11
12: 12
13: 13
14: 14
15: 15
16: 16
17: 17
18: 18
19: 19
20: 20
21: 21
22: 22
23: 23
24: 24
25: 25
26: 26
27: 27
28: 28
29: 29
30: 30
31: 31
32: 32
33: 33
34: 34
35: 35
36: 36
37: 37
38: 38
39: 39
40: 40
41: 41
42: 42
43: 43
44: 44
45: 45
46: 46
47: 47
48: 48
49: 49
50: 50
51: 51
52: 52
53: 53
54: 54
55: 55
56: 56
57: 57
58: 58
59: 59
60: 60
61: 61
62: 62
63: 63
64: 64
65: 65
66: 66
67: 67
68: 68
69: 69
70: 70
71: 71
72: 72

Done!
Splitting into training and test...
Done!
Constructing data matrices...
Done!
Training random forest...
Done!
Random Forest Training score: 1.0
Random Forest CV score: 0.9315789473684211
Random Forest Test score: 0.9566929133858267
Fitting Gaussian mixture with 20 components...
Done!
Sampling 500 points
Done! Sampled 500 points
Generating internal node with number of samples 500...
Done!
Invalid internal node, node count: 1
Generating leaf with number of samples 500...
Done!
Current mass: 1.0
Sampling 500 test points
Done! Sampled 500 test points
Computed internal score: 1.0
Computed leaf score: 1.0
Internal node index: 0
No internal data!
Internal node index: 0
No internal data!
No internal nodes remaining, ending!
Leaf node index: 0
Decision tree:
0
Node count: 1
DTExtract Relative training score: 0.939473684211
DTExtract Relative CV score: 0.985526315789
DTExtract Relative test score: 0.984251968504
DTExtract Training score: 0.939473684211
DTExtract CV score: 0.930263157895
DTExtract Test score: 0.94094488189
Training greedy decision tree, best of: 1
Done!
Node count: 33
GreedyTree Training score: 0.9697368421052631
GreedyTree CV score: 0.925
GreedyTree Test score: 0.937007874015748
MLP Training score: 0.9394736842105263
MLP CV score: 0.9302631578947368
MLP Test score: 0.9409448818897638
Random Forest Training score: 1.0
Random Forest CV score: 0.9315789473684211
Random Forest Test score: 0.9566929133858267
Parsing CSV...
Reading file: ../tmp/eighthr.data
Done!
Rows read: 2534
Columns: 73
Column names:
0: 0
1: 1
2: 2
3: 3
4: 4
5: 5
6: 6
7: 7
8: 8
9: 9
10: 10
11: 11
12: 12
13: 13
14: 14
15: 15
16: 16
17: 17
18: 18
19: 19
20: 20
21: 21
22: 22
23: 23
24: 24
25: 25
26: 26
27: 27
28: 28
29: 29
30: 30
31: 31
32: 32
33: 33
34: 34
35: 35
36: 36
37: 37
38: 38
39: 39
40: 40
41: 41
42: 42
43: 43
44: 44
45: 45
46: 46
47: 47
48: 48
49: 49
50: 50
51: 51
52: 52
53: 53
54: 54
55: 55
56: 56
57: 57
58: 58
59: 59
60: 60
61: 61
62: 62
63: 63
64: 64
65: 65
66: 66
67: 67
68: 68
69: 69
70: 70
71: 71
72: 72

Done!
Splitting into training and test...
Done!
Constructing data matrices...
Done!
Training random forest...
Done!
Random Forest Training score: 1.0
Random Forest CV score: 0.9447368421052632
Random Forest Test score: 0.937007874015748
Fitting Gaussian mixture with 20 components...
Done!
Sampling 500 points
Done! Sampled 500 points
Generating internal node with number of samples 500...
Done!
Invalid internal node, node count: 1
Generating leaf with number of samples 500...
Done!
Current mass: 1.0
Sampling 500 test points
Done! Sampled 500 test points
Computed internal score: 1.0
Computed leaf score: 1.0
Internal node index: 0
No internal data!
Internal node index: 0
No internal data!
No internal nodes remaining, ending!
Leaf node index: 0
Decision tree:
0
Node count: 1
DTExtract Relative training score: 0.936842105263
DTExtract Relative CV score: 0.981578947368
DTExtract Relative test score: 0.984251968504
DTExtract Training score: 0.936842105263
DTExtract CV score: 0.934210526316
DTExtract Test score: 0.944881889764
Training greedy decision tree, best of: 1
Done!
Node count: 33
GreedyTree Training score: 0.9730263157894737
GreedyTree CV score: 0.9131578947368421
GreedyTree Test score: 0.905511811023622
MLP Training score: 0.9322368421052631
MLP CV score: 0.9328947368421052
MLP Test score: 0.9212598425196851
Random Forest Training score: 1.0
Random Forest CV score: 0.9447368421052632
Random Forest Test score: 0.937007874015748
Averaged over 10 trials: rf train score: 1.0
Averaged over 10 trials: rf cv score: 0.9427631578947369
Averaged over 10 trials: rf test score: 0.9476377952755906
Averaged over 10 trials: extracted dt train score: 0.936315789474
Averaged over 10 trials: extracted dt cv score: 0.936184210526
Averaged over 10 trials: extracted dt test score: 0.942125984252
Averaged over 10 trials: dtExtractRelTrainScore: 0.936315789474
Averaged over 10 trials: dtExtractRelCvScore: 0.987368421053
Averaged over 10 trials: dtExtractRelTestScore: 0.987401574803
Averaged over 10 trials: trained dt train score: 0.9685526315789472
Averaged over 10 trials: trained dt cv score: 0.9297368421052633
Averaged over 10 trials: trained dt test score: 0.931496062992126
Averaged over 10 trials: mlp train score: 0.8947368421052632
Averaged over 10 trials: mlp cv score: 0.8911842105263158
Averaged over 10 trials: mlp test score: 0.8976377952755905
