Parsing CSV...
Reading file: ../tmp/onehr.data
Done!
Rows read: 2536
Columns: 73
Column names:
0: 0
1: 1
2: 2
3: 3
4: 4
5: 5
6: 6
7: 7
8: 8
9: 9
10: 10
11: 11
12: 12
13: 13
14: 14
15: 15
16: 16
17: 17
18: 18
19: 19
20: 20
21: 21
22: 22
23: 23
24: 24
25: 25
26: 26
27: 27
28: 28
29: 29
30: 30
31: 31
32: 32
33: 33
34: 34
35: 35
36: 36
37: 37
38: 38
39: 39
40: 40
41: 41
42: 42
43: 43
44: 44
45: 45
46: 46
47: 47
48: 48
49: 49
50: 50
51: 51
52: 52
53: 53
54: 54
55: 55
56: 56
57: 57
58: 58
59: 59
60: 60
61: 61
62: 62
63: 63
64: 64
65: 65
66: 66
67: 67
68: 68
69: 69
70: 70
71: 71
72: 72

Done!
Splitting into training and test...
Done!
Constructing data matrices...
Done!
Training random forest...
Done!
Random Forest Training score: 1.0
Random Forest CV score: 0.9763469119579501
Random Forest Test score: 0.952755905511811
Fitting Gaussian mixture with 20 components...
Done!
Sampling 500 points
Done! Sampled 500 points
Generating internal node with number of samples 500...
Done!
Invalid internal node, node count: 1
Generating leaf with number of samples 500...
Done!
Current mass: 0.9999999999999999
Sampling 500 test points
Done! Sampled 500 test points
Computed internal score: 0.9999999999999999
Computed leaf score: 0.9999999999999999
Internal node index: 0
No internal data!
Internal node index: 0
No internal data!
No internal nodes remaining, ending!
Leaf node index: 0
Decision tree:
0
Node count: 1
DTExtract Relative training score: 0.971729125575
DTExtract Relative CV score: 1.0
DTExtract Relative test score: 1.0
DTExtract Training score: 0.971729125575
DTExtract CV score: 0.976346911958
DTExtract Test score: 0.952755905512
Training greedy decision tree, best of: 1
Done!
Node count: 33
GreedyTree Training score: 0.9881656804733728
GreedyTree CV score: 0.9605781865965834
GreedyTree Test score: 0.952755905511811
MLP Training score: 0.9717291255752795
MLP CV score: 0.9763469119579501
MLP Test score: 0.952755905511811
Random Forest Training score: 1.0
Random Forest CV score: 0.9763469119579501
Random Forest Test score: 0.952755905511811
Parsing CSV...
Reading file: ../tmp/onehr.data
Done!
Rows read: 2536
Columns: 73
Column names:
0: 0
1: 1
2: 2
3: 3
4: 4
5: 5
6: 6
7: 7
8: 8
9: 9
10: 10
11: 11
12: 12
13: 13
14: 14
15: 15
16: 16
17: 17
18: 18
19: 19
20: 20
21: 21
22: 22
23: 23
24: 24
25: 25
26: 26
27: 27
28: 28
29: 29
30: 30
31: 31
32: 32
33: 33
34: 34
35: 35
36: 36
37: 37
38: 38
39: 39
40: 40
41: 41
42: 42
43: 43
44: 44
45: 45
46: 46
47: 47
48: 48
49: 49
50: 50
51: 51
52: 52
53: 53
54: 54
55: 55
56: 56
57: 57
58: 58
59: 59
60: 60
61: 61
62: 62
63: 63
64: 64
65: 65
66: 66
67: 67
68: 68
69: 69
70: 70
71: 71
72: 72

Done!
Splitting into training and test...
Done!
Constructing data matrices...
Done!
Training random forest...
Done!
Random Forest Training score: 1.0
Random Forest CV score: 0.9710906701708278
Random Forest Test score: 0.9763779527559056
Fitting Gaussian mixture with 20 components...
Done!
Sampling 500 points
Done! Sampled 500 points
Generating internal node with number of samples 500...
Done!
Invalid internal node, node count: 1
Generating leaf with number of samples 500...
Done!
Current mass: 1.0000000000000004
Sampling 500 test points
Done! Sampled 500 test points
Computed internal score: 1.0000000000000004
Computed leaf score: 1.0000000000000004
Internal node index: 0
No internal data!
Internal node index: 0
No internal data!
No internal nodes remaining, ending!
Leaf node index: 0
Decision tree:
0
Node count: 1
DTExtract Relative training score: 0.970414201183
DTExtract Relative CV score: 1.0
DTExtract Relative test score: 1.0
DTExtract Training score: 0.970414201183
DTExtract CV score: 0.971090670171
DTExtract Test score: 0.976377952756
Training greedy decision tree, best of: 1
Done!
Node count: 33
GreedyTree Training score: 0.9875082182774491
GreedyTree CV score: 0.9540078843626807
GreedyTree Test score: 0.9724409448818898
MLP Training score: 0.9704142011834319
MLP CV score: 0.9710906701708278
MLP Test score: 0.9763779527559056
Random Forest Training score: 1.0
Random Forest CV score: 0.9710906701708278
Random Forest Test score: 0.9763779527559056
Parsing CSV...
Reading file: ../tmp/onehr.data
Done!
Rows read: 2536
Columns: 73
Column names:
0: 0
1: 1
2: 2
3: 3
4: 4
5: 5
6: 6
7: 7
8: 8
9: 9
10: 10
11: 11
12: 12
13: 13
14: 14
15: 15
16: 16
17: 17
18: 18
19: 19
20: 20
21: 21
22: 22
23: 23
24: 24
25: 25
26: 26
27: 27
28: 28
29: 29
30: 30
31: 31
32: 32
33: 33
34: 34
35: 35
36: 36
37: 37
38: 38
39: 39
40: 40
41: 41
42: 42
43: 43
44: 44
45: 45
46: 46
47: 47
48: 48
49: 49
50: 50
51: 51
52: 52
53: 53
54: 54
55: 55
56: 56
57: 57
58: 58
59: 59
60: 60
61: 61
62: 62
63: 63
64: 64
65: 65
66: 66
67: 67
68: 68
69: 69
70: 70
71: 71
72: 72

Done!
Splitting into training and test...
Done!
Constructing data matrices...
Done!
Training random forest...
Done!
Random Forest Training score: 1.0
Random Forest CV score: 0.9750328515111695
Random Forest Test score: 0.9763779527559056
Fitting Gaussian mixture with 20 components...
Done!
Sampling 500 points
Done! Sampled 500 points
Generating internal node with number of samples 500...
Done!
Invalid internal node, node count: 1
Generating leaf with number of samples 500...
Done!
Current mass: 1.0000000000000002
Sampling 500 test points
Done! Sampled 500 test points
Computed internal score: 1.0000000000000002
Computed leaf score: 1.0000000000000002
Internal node index: 0
No internal data!
Internal node index: 0
No internal data!
No internal nodes remaining, ending!
Leaf node index: 0
Decision tree:
0
Node count: 1
DTExtract Relative training score: 0.968441814596
DTExtract Relative CV score: 1.0
DTExtract Relative test score: 1.0
DTExtract Training score: 0.968441814596
DTExtract CV score: 0.975032851511
DTExtract Test score: 0.976377952756
Training greedy decision tree, best of: 1
Done!
Node count: 33
GreedyTree Training score: 0.9868507560815253
GreedyTree CV score: 0.9592641261498029
GreedyTree Test score: 0.9606299212598425
MLP Training score: 0.9664694280078896
MLP CV score: 0.9750328515111695
MLP Test score: 0.9763779527559056
Random Forest Training score: 1.0
Random Forest CV score: 0.9750328515111695
Random Forest Test score: 0.9763779527559056
Parsing CSV...
Reading file: ../tmp/onehr.data
Done!
Rows read: 2536
Columns: 73
Column names:
0: 0
1: 1
2: 2
3: 3
4: 4
5: 5
6: 6
7: 7
8: 8
9: 9
10: 10
11: 11
12: 12
13: 13
14: 14
15: 15
16: 16
17: 17
18: 18
19: 19
20: 20
21: 21
22: 22
23: 23
24: 24
25: 25
26: 26
27: 27
28: 28
29: 29
30: 30
31: 31
32: 32
33: 33
34: 34
35: 35
36: 36
37: 37
38: 38
39: 39
40: 40
41: 41
42: 42
43: 43
44: 44
45: 45
46: 46
47: 47
48: 48
49: 49
50: 50
51: 51
52: 52
53: 53
54: 54
55: 55
56: 56
57: 57
58: 58
59: 59
60: 60
61: 61
62: 62
63: 63
64: 64
65: 65
66: 66
67: 67
68: 68
69: 69
70: 70
71: 71
72: 72

Done!
Splitting into training and test...
Done!
Constructing data matrices...
Done!
Training random forest...
Done!
Random Forest Training score: 1.0
Random Forest CV score: 0.9789750328515112
Random Forest Test score: 0.9724409448818898
Fitting Gaussian mixture with 20 components...
Done!
Sampling 500 points
Done! Sampled 500 points
Generating internal node with number of samples 500...
Done!
Invalid internal node, node count: 1
Generating leaf with number of samples 500...
Done!
Current mass: 1.0
Sampling 500 test points
Done! Sampled 500 test points
Computed internal score: 1.0
Computed leaf score: 1.0
Internal node index: 0
No internal data!
Internal node index: 0
No internal data!
No internal nodes remaining, ending!
Leaf node index: 0
Decision tree:
0
Node count: 1
DTExtract Relative training score: 0.966469428008
DTExtract Relative CV score: 0.998685939553
DTExtract Relative test score: 1.0
DTExtract Training score: 0.966469428008
DTExtract CV score: 0.980289093298
DTExtract Test score: 0.972440944882
Training greedy decision tree, best of: 1
Done!
Node count: 33
GreedyTree Training score: 0.9875082182774491
GreedyTree CV score: 0.9632063074901446
GreedyTree Test score: 0.968503937007874
MLP Training score: 0.9664694280078896
MLP CV score: 0.9802890932982917
MLP Test score: 0.9724409448818898
Random Forest Training score: 1.0
Random Forest CV score: 0.9789750328515112
Random Forest Test score: 0.9724409448818898
Parsing CSV...
Reading file: ../tmp/onehr.data
Done!
Rows read: 2536
Columns: 73
Column names:
0: 0
1: 1
2: 2
3: 3
4: 4
5: 5
6: 6
7: 7
8: 8
9: 9
10: 10
11: 11
12: 12
13: 13
14: 14
15: 15
16: 16
17: 17
18: 18
19: 19
20: 20
21: 21
22: 22
23: 23
24: 24
25: 25
26: 26
27: 27
28: 28
29: 29
30: 30
31: 31
32: 32
33: 33
34: 34
35: 35
36: 36
37: 37
38: 38
39: 39
40: 40
41: 41
42: 42
43: 43
44: 44
45: 45
46: 46
47: 47
48: 48
49: 49
50: 50
51: 51
52: 52
53: 53
54: 54
55: 55
56: 56
57: 57
58: 58
59: 59
60: 60
61: 61
62: 62
63: 63
64: 64
65: 65
66: 66
67: 67
68: 68
69: 69
70: 70
71: 71
72: 72

Done!
Splitting into training and test...
Done!
Constructing data matrices...
Done!
Training random forest...
Done!
Random Forest Training score: 1.0
Random Forest CV score: 0.9697766097240473
Random Forest Test score: 0.9803149606299213
Fitting Gaussian mixture with 20 components...
Done!
Sampling 500 points
Done! Sampled 500 points
Generating internal node with number of samples 500...
Done!
Invalid internal node, node count: 1
Generating leaf with number of samples 500...
Done!
Current mass: 0.9999999999999998
Sampling 500 test points
Done! Sampled 500 test points
Computed internal score: 0.9999999999999998
Computed leaf score: 0.9999999999999998
Internal node index: 0
No internal data!
Internal node index: 0
No internal data!
No internal nodes remaining, ending!
Leaf node index: 0
Decision tree:
0
Node count: 1
DTExtract Relative training score: 0.969099276792
DTExtract Relative CV score: 0.997371879106
DTExtract Relative test score: 1.0
DTExtract Training score: 0.969099276792
DTExtract CV score: 0.972404730618
DTExtract Test score: 0.98031496063
Training greedy decision tree, best of: 1
Done!
Node count: 33
GreedyTree Training score: 0.9888231426692965
GreedyTree CV score: 0.9579500657030223
GreedyTree Test score: 0.9803149606299213
MLP Training score: 0.9690992767915845
MLP CV score: 0.9724047306176085
MLP Test score: 0.9803149606299213
Random Forest Training score: 1.0
Random Forest CV score: 0.9697766097240473
Random Forest Test score: 0.9803149606299213
Parsing CSV...
Reading file: ../tmp/onehr.data
Done!
Rows read: 2536
Columns: 73
Column names:
0: 0
1: 1
2: 2
3: 3
4: 4
5: 5
6: 6
7: 7
8: 8
9: 9
10: 10
11: 11
12: 12
13: 13
14: 14
15: 15
16: 16
17: 17
18: 18
19: 19
20: 20
21: 21
22: 22
23: 23
24: 24
25: 25
26: 26
27: 27
28: 28
29: 29
30: 30
31: 31
32: 32
33: 33
34: 34
35: 35
36: 36
37: 37
38: 38
39: 39
40: 40
41: 41
42: 42
43: 43
44: 44
45: 45
46: 46
47: 47
48: 48
49: 49
50: 50
51: 51
52: 52
53: 53
54: 54
55: 55
56: 56
57: 57
58: 58
59: 59
60: 60
61: 61
62: 62
63: 63
64: 64
65: 65
66: 66
67: 67
68: 68
69: 69
70: 70
71: 71
72: 72

Done!
Splitting into training and test...
Done!
Constructing data matrices...
Done!
Training random forest...
Done!
Random Forest Training score: 1.0
Random Forest CV score: 0.9802890932982917
Random Forest Test score: 0.9881889763779528
Fitting Gaussian mixture with 20 components...
Done!
Sampling 500 points
Done! Sampled 500 points
Generating internal node with number of samples 500...
Done!
Invalid internal node, node count: 1
Generating leaf with number of samples 500...
Done!
Current mass: 1.0000000000000002
Sampling 500 test points
Done! Sampled 500 test points
Computed internal score: 1.0000000000000002
Computed leaf score: 1.0000000000000002
Internal node index: 0
No internal data!
Internal node index: 0
No internal data!
No internal nodes remaining, ending!
Leaf node index: 0
Decision tree:
0
Node count: 1
DTExtract Relative training score: 0.963182117028
DTExtract Relative CV score: 0.998685939553
DTExtract Relative test score: 1.0
DTExtract Training score: 0.963182117028
DTExtract CV score: 0.981603153745
DTExtract Test score: 0.988188976378
Training greedy decision tree, best of: 1
Done!
Node count: 33
GreedyTree Training score: 0.9815910585141354
GreedyTree CV score: 0.973718791064389
GreedyTree Test score: 0.9881889763779528
MLP Training score: 0.9631821170282708
MLP CV score: 0.9816031537450722
MLP Test score: 0.9881889763779528
Random Forest Training score: 1.0
Random Forest CV score: 0.9802890932982917
Random Forest Test score: 0.9881889763779528
Parsing CSV...
Reading file: ../tmp/onehr.data
Done!
Rows read: 2536
Columns: 73
Column names:
0: 0
1: 1
2: 2
3: 3
4: 4
5: 5
6: 6
7: 7
8: 8
9: 9
10: 10
11: 11
12: 12
13: 13
14: 14
15: 15
16: 16
17: 17
18: 18
19: 19
20: 20
21: 21
22: 22
23: 23
24: 24
25: 25
26: 26
27: 27
28: 28
29: 29
30: 30
31: 31
32: 32
33: 33
34: 34
35: 35
36: 36
37: 37
38: 38
39: 39
40: 40
41: 41
42: 42
43: 43
44: 44
45: 45
46: 46
47: 47
48: 48
49: 49
50: 50
51: 51
52: 52
53: 53
54: 54
55: 55
56: 56
57: 57
58: 58
59: 59
60: 60
61: 61
62: 62
63: 63
64: 64
65: 65
66: 66
67: 67
68: 68
69: 69
70: 70
71: 71
72: 72

Done!
Splitting into training and test...
Done!
Constructing data matrices...
Done!
Training random forest...
Done!
Random Forest Training score: 1.0
Random Forest CV score: 0.9776609724047306
Random Forest Test score: 0.9566929133858267
Fitting Gaussian mixture with 20 components...
Done!
Sampling 500 points
Done! Sampled 500 points
Generating internal node with number of samples 500...
Done!
Invalid internal node, node count: 1
Generating leaf with number of samples 500...
Done!
Current mass: 0.9999999999999999
Sampling 500 test points
Done! Sampled 500 test points
Computed internal score: 0.9999999999999999
Computed leaf score: 0.9999999999999999
Internal node index: 0
No internal data!
Internal node index: 0
No internal data!
No internal nodes remaining, ending!
Leaf node index: 0
Decision tree:
0
Node count: 1
DTExtract Relative training score: 0.969756738988
DTExtract Relative CV score: 1.0
DTExtract Relative test score: 0.996062992126
DTExtract Training score: 0.969756738988
DTExtract CV score: 0.977660972405
DTExtract Test score: 0.96062992126
Training greedy decision tree, best of: 1
Done!
Node count: 33
GreedyTree Training score: 0.9907955292570677
GreedyTree CV score: 0.9526938239159002
GreedyTree Test score: 0.937007874015748
MLP Training score: 0.9697567389875082
MLP CV score: 0.9776609724047306
MLP Test score: 0.9606299212598425
Random Forest Training score: 1.0
Random Forest CV score: 0.9776609724047306
Random Forest Test score: 0.9566929133858267
Parsing CSV...
Reading file: ../tmp/onehr.data
Done!
Rows read: 2536
Columns: 73
Column names:
0: 0
1: 1
2: 2
3: 3
4: 4
5: 5
6: 6
7: 7
8: 8
9: 9
10: 10
11: 11
12: 12
13: 13
14: 14
15: 15
16: 16
17: 17
18: 18
19: 19
20: 20
21: 21
22: 22
23: 23
24: 24
25: 25
26: 26
27: 27
28: 28
29: 29
30: 30
31: 31
32: 32
33: 33
34: 34
35: 35
36: 36
37: 37
38: 38
39: 39
40: 40
41: 41
42: 42
43: 43
44: 44
45: 45
46: 46
47: 47
48: 48
49: 49
50: 50
51: 51
52: 52
53: 53
54: 54
55: 55
56: 56
57: 57
58: 58
59: 59
60: 60
61: 61
62: 62
63: 63
64: 64
65: 65
66: 66
67: 67
68: 68
69: 69
70: 70
71: 71
72: 72

Done!
Splitting into training and test...
Done!
Constructing data matrices...
Done!
Training random forest...
Done!
Random Forest Training score: 1.0
Random Forest CV score: 0.9658344283837057
Random Forest Test score: 0.9645669291338582
Fitting Gaussian mixture with 20 components...
Done!
Sampling 500 points
Done! Sampled 500 points
Generating internal node with number of samples 500...
Done!
Invalid internal node, node count: 1
Generating leaf with number of samples 500...
Done!
Current mass: 0.9999999999999999
Sampling 500 test points
Done! Sampled 500 test points
Computed internal score: 0.9999999999999999
Computed leaf score: 0.9999999999999999
Internal node index: 0
No internal data!
Internal node index: 0
No internal data!
No internal nodes remaining, ending!
Leaf node index: 0
Decision tree:
0
Node count: 1
DTExtract Relative training score: 0.974358974359
DTExtract Relative CV score: 0.998685939553
DTExtract Relative test score: 1.0
DTExtract Training score: 0.974358974359
DTExtract CV score: 0.96714848883
DTExtract Test score: 0.964566929134
Training greedy decision tree, best of: 1
Done!
Node count: 33
GreedyTree Training score: 0.9901380670611439
GreedyTree CV score: 0.9592641261498029
GreedyTree Test score: 0.9645669291338582
MLP Training score: 0.9743589743589743
MLP CV score: 0.9671484888304862
MLP Test score: 0.9645669291338582
Random Forest Training score: 1.0
Random Forest CV score: 0.9658344283837057
Random Forest Test score: 0.9645669291338582
Parsing CSV...
Reading file: ../tmp/onehr.data
Done!
Rows read: 2536
Columns: 73
Column names:
0: 0
1: 1
2: 2
3: 3
4: 4
5: 5
6: 6
7: 7
8: 8
9: 9
10: 10
11: 11
12: 12
13: 13
14: 14
15: 15
16: 16
17: 17
18: 18
19: 19
20: 20
21: 21
22: 22
23: 23
24: 24
25: 25
26: 26
27: 27
28: 28
29: 29
30: 30
31: 31
32: 32
33: 33
34: 34
35: 35
36: 36
37: 37
38: 38
39: 39
40: 40
41: 41
42: 42
43: 43
44: 44
45: 45
46: 46
47: 47
48: 48
49: 49
50: 50
51: 51
52: 52
53: 53
54: 54
55: 55
56: 56
57: 57
58: 58
59: 59
60: 60
61: 61
62: 62
63: 63
64: 64
65: 65
66: 66
67: 67
68: 68
69: 69
70: 70
71: 71
72: 72

Done!
Splitting into training and test...
Done!
Constructing data matrices...
Done!
Training random forest...
Done!
Random Forest Training score: 1.0
Random Forest CV score: 0.9776609724047306
Random Forest Test score: 0.984251968503937
Fitting Gaussian mixture with 20 components...
Done!
Sampling 500 points
Done! Sampled 500 points
Generating internal node with number of samples 500...
Done!
Invalid internal node, node count: 1
Generating leaf with number of samples 500...
Done!
Current mass: 1.0000000000000002
Sampling 500 test points
Done! Sampled 500 test points
Computed internal score: 1.0000000000000002
Computed leaf score: 1.0000000000000002
Internal node index: 0
No internal data!
Internal node index: 0
No internal data!
No internal nodes remaining, ending!
Leaf node index: 0
Decision tree:
0
Node count: 1
DTExtract Relative training score: 0.965811965812
DTExtract Relative CV score: 1.0
DTExtract Relative test score: 1.0
DTExtract Training score: 0.965811965812
DTExtract CV score: 0.977660972405
DTExtract Test score: 0.984251968504
Training greedy decision tree, best of: 1
Done!
Node count: 33
GreedyTree Training score: 0.9829059829059829
GreedyTree CV score: 0.9645203679369251
GreedyTree Test score: 0.968503937007874
MLP Training score: 0.9658119658119658
MLP CV score: 0.9776609724047306
MLP Test score: 0.984251968503937
Random Forest Training score: 1.0
Random Forest CV score: 0.9776609724047306
Random Forest Test score: 0.984251968503937
Parsing CSV...
Reading file: ../tmp/onehr.data
Done!
Rows read: 2536
Columns: 73
Column names:
0: 0
1: 1
2: 2
3: 3
4: 4
5: 5
6: 6
7: 7
8: 8
9: 9
10: 10
11: 11
12: 12
13: 13
14: 14
15: 15
16: 16
17: 17
18: 18
19: 19
20: 20
21: 21
22: 22
23: 23
24: 24
25: 25
26: 26
27: 27
28: 28
29: 29
30: 30
31: 31
32: 32
33: 33
34: 34
35: 35
36: 36
37: 37
38: 38
39: 39
40: 40
41: 41
42: 42
43: 43
44: 44
45: 45
46: 46
47: 47
48: 48
49: 49
50: 50
51: 51
52: 52
53: 53
54: 54
55: 55
56: 56
57: 57
58: 58
59: 59
60: 60
61: 61
62: 62
63: 63
64: 64
65: 65
66: 66
67: 67
68: 68
69: 69
70: 70
71: 71
72: 72

Done!
Splitting into training and test...
Done!
Constructing data matrices...
Done!
Training random forest...
Done!
Random Forest Training score: 1.0
Random Forest CV score: 0.9776609724047306
Random Forest Test score: 0.9645669291338582
Fitting Gaussian mixture with 20 components...
Done!
Sampling 500 points
Done! Sampled 500 points
Generating internal node with number of samples 500...
Done!
Invalid internal node, node count: 1
Generating leaf with number of samples 500...
Done!
Current mass: 0.9999999999999998
Sampling 500 test points
Done! Sampled 500 test points
Computed internal score: 0.9999999999999998
Computed leaf score: 0.9999999999999998
Internal node index: 0
No internal data!
Internal node index: 0
No internal data!
No internal nodes remaining, ending!
Leaf node index: 0
Decision tree:
0
Node count: 1
DTExtract Relative training score: 0.969099276792
DTExtract Relative CV score: 1.0
DTExtract Relative test score: 1.0
DTExtract Training score: 0.969099276792
DTExtract CV score: 0.977660972405
DTExtract Test score: 0.964566929134
Training greedy decision tree, best of: 1
Done!
Node count: 33
GreedyTree Training score: 0.9848783694937541
GreedyTree CV score: 0.9671484888304862
GreedyTree Test score: 0.9645669291338582
MLP Training score: 0.9690992767915845
MLP CV score: 0.9776609724047306
MLP Test score: 0.9645669291338582
Random Forest Training score: 1.0
Random Forest CV score: 0.9776609724047306
Random Forest Test score: 0.9645669291338582
Averaged over 10 trials: rf train score: 1.0
Averaged over 10 trials: rf cv score: 0.9750328515111695
Averaged over 10 trials: rf test score: 0.9716535433070865
Averaged over 10 trials: extracted dt train score: 0.968836291913
Averaged over 10 trials: extracted dt cv score: 0.975689881735
Averaged over 10 trials: extracted dt test score: 0.972047244094
Averaged over 10 trials: dtExtractRelTrainScore: 0.968836291913
Averaged over 10 trials: dtExtractRelCvScore: 0.999342969777
Averaged over 10 trials: dtExtractRelTestScore: 0.999606299213
Averaged over 10 trials: trained dt train score: 0.9869165023011177
Averaged over 10 trials: trained dt cv score: 0.9612352168199738
Averaged over 10 trials: trained dt test score: 0.9657480314960629
Averaged over 10 trials: mlp train score: 0.968639053254438
Averaged over 10 trials: mlp cv score: 0.9756898817345598
Averaged over 10 trials: mlp test score: 0.9720472440944882
