Parsing CSV...
Reading file: ../tmp/seismic-bumps.arff
Done!
Rows read: 2584
Columns: 29
Column names:
0: 3
1: 4
2: 5
3: 6
4: 8
5: 9
6: 10
7: 11
8: 12
9: 13
10: 14
11: 15
12: 16
13: 17
14: 18
15: 0_a
16: 0_b
17: 0_nan
18: 1_a
19: 1_b
20: 1_c
21: 1_nan
22: 2_N
23: 2_W
24: 2_nan
25: 7_a
26: 7_b
27: 7_c
28: 7_nan

Done!
Splitting into training and test...
Done!
Constructing data matrices...
Done!
Training random forest...
Done!
Random Forest Training score: 1.0
Random Forest CV score: 0.9458064516129032
Random Forest Test score: 0.9227799227799228
Fitting Gaussian mixture with 20 components...
Done!
Sampling 500 points
Done! Sampled 500 points
Generating internal node with number of samples 500...
Done!
Invalid internal node, node count: 1
Generating leaf with number of samples 500...
Done!
Current mass: 1.0
Sampling 500 test points
Done! Sampled 500 test points
Computed internal score: 0.998
Computed leaf score: 0.998
Internal node index: 0
No internal data!
Internal node index: 0
No internal data!
No internal nodes remaining, ending!
Leaf node index: 0
Decision tree:
0
Node count: 1
DTExtract Relative training score: 0.930322580645
DTExtract Relative CV score: 0.996129032258
DTExtract Relative test score: 0.996138996139
DTExtract Training score: 0.930322580645
DTExtract CV score: 0.947096774194
DTExtract Test score: 0.918918918919
Training greedy decision tree, best of: 1
Done!
Node count: 33
GreedyTree Training score: 0.9432258064516129
GreedyTree CV score: 0.9406451612903226
GreedyTree Test score: 0.918918918918919
MLP Training score: 0.1767741935483871
MLP CV score: 0.17806451612903226
MLP Test score: 0.18532818532818532
Random Forest Training score: 1.0
Random Forest CV score: 0.9458064516129032
Random Forest Test score: 0.9227799227799228
Parsing CSV...
Reading file: ../tmp/seismic-bumps.arff
Done!
Rows read: 2584
Columns: 29
Column names:
0: 3
1: 4
2: 5
3: 6
4: 8
5: 9
6: 10
7: 11
8: 12
9: 13
10: 14
11: 15
12: 16
13: 17
14: 18
15: 0_a
16: 0_b
17: 0_nan
18: 1_a
19: 1_b
20: 1_c
21: 1_nan
22: 2_N
23: 2_W
24: 2_nan
25: 7_a
26: 7_b
27: 7_c
28: 7_nan

Done!
Splitting into training and test...
Done!
Constructing data matrices...
Done!
Training random forest...
Done!
Random Forest Training score: 1.0
Random Forest CV score: 0.9406451612903226
Random Forest Test score: 0.9266409266409267
Fitting Gaussian mixture with 20 components...
Done!
Sampling 500 points
Done! Sampled 500 points
Generating internal node with number of samples 500...
Done!
Invalid internal node, node count: 1
Generating leaf with number of samples 500...
Done!
Current mass: 0.9999999999999998
Sampling 500 test points
Done! Sampled 500 test points
Computed internal score: 0.9999999999999998
Computed leaf score: 0.9999999999999998
Internal node index: 0
No internal data!
Internal node index: 0
No internal data!
No internal nodes remaining, ending!
Leaf node index: 0
Decision tree:
0
Node count: 1
DTExtract Relative training score: 0.930967741935
DTExtract Relative CV score: 0.996129032258
DTExtract Relative test score: 0.996138996139
DTExtract Training score: 0.930967741935
DTExtract CV score: 0.941935483871
DTExtract Test score: 0.930501930502
Training greedy decision tree, best of: 1
Done!
Node count: 33
GreedyTree Training score: 0.9451612903225807
GreedyTree CV score: 0.9264516129032258
GreedyTree Test score: 0.918918918918919
MLP Training score: 0.9070967741935484
MLP CV score: 0.9251612903225807
MLP Test score: 0.8957528957528957
Random Forest Training score: 1.0
Random Forest CV score: 0.9406451612903226
Random Forest Test score: 0.9266409266409267
Parsing CSV...
Reading file: ../tmp/seismic-bumps.arff
Done!
Rows read: 2584
Columns: 29
Column names:
0: 3
1: 4
2: 5
3: 6
4: 8
5: 9
6: 10
7: 11
8: 12
9: 13
10: 14
11: 15
12: 16
13: 17
14: 18
15: 0_a
16: 0_b
17: 0_nan
18: 1_a
19: 1_b
20: 1_c
21: 1_nan
22: 2_N
23: 2_W
24: 2_nan
25: 7_a
26: 7_b
27: 7_c
28: 7_nan

Done!
Splitting into training and test...
Done!
Constructing data matrices...
Done!
Training random forest...
Done!
Random Forest Training score: 1.0
Random Forest CV score: 0.9316129032258065
Random Forest Test score: 0.9613899613899614
Fitting Gaussian mixture with 20 components...
Done!
Sampling 500 points
Done! Sampled 500 points
Generating internal node with number of samples 500...
Done!
Generating leaf with number of samples 500...
Done!
Current mass: 0.9999999999999997
Sampling 500 test points
Done! Sampled 500 test points
Computed internal score: 0.9999999999999997
Computed leaf score: 0.9999999999999997
Internal node index: 0
Sampling 500 points
Done! Sampled 500 points
Generating internal node with number of samples 500...
Done!
Generating leaf with number of samples 500...
Done!
Current mass: 0.0002686462594217018
Sampling 500 test points
Done! Sampled 500 test points
Computed internal score: 0.00026434791927095456
Computed leaf score: 0.00026434791927095456
Sampling 500 points
Done! Sampled 500 points
Generating internal node with number of samples 500...
Done!
Invalid internal node, node count: 1
Generating leaf with number of samples 500...
Done!
Current mass: 0.999731353740578
Sampling 500 test points
Done! Sampled 500 test points
Computed internal score: 0.999731353740578
Computed leaf score: 0.999731353740578
Current gain: 0.0
Current score: 0.9999999999999997
Current size: 3
Internal node index: 2
No internal data!
Internal node index: 1
Sampling 500 points
Done! Sampled 500 points
Generating internal node with number of samples 500...
Done!
Generating leaf with number of samples 500...
Done!
Current mass: 7.374677423377868e-07
Sampling 500 test points
Done! Sampled 500 test points
Computed internal score: 6.991194197362218e-07
Computed leaf score: 6.991194197362218e-07
Sampling 500 points
Done! Sampled 500 points
Generating internal node with number of samples 500...
Done!
Generating leaf with number of samples 500...
Done!
Current mass: 0.00026790879167936407
Sampling 500 test points
Done! Sampled 500 test points
Computed internal score: 0.0002646938861792117
Computed leaf score: 0.0002646938861792117
Current gain: 0.0
Current score: 0.9999999999999997
Current size: 5
Internal node index: 3
Sampling 500 points
Done! Sampled 500 points
Generating internal node with number of samples 500...
Done!
Invalid internal node, node count: 1
Generating leaf with number of samples 500...
Done!
Current mass: 4.615120710113891e-07
Sampling 500 test points
Done! Sampled 500 test points
Computed internal score: 4.615120710113891e-07
Computed leaf score: 4.615120710113891e-07
Sampling 500 points
Done! Sampled 500 points
Generating internal node with number of samples 500...
Done!
Generating leaf with number of samples 500...
Done!
Current mass: 2.7595567132639765e-07
Sampling 500 test points
Done! Sampled 500 test points
Computed internal score: 2.3952952271131316e-07
Computed leaf score: 2.3952952271131316e-07
Current gain: 0.0
Current score: 0.9999999999999997
Current size: 7
Internal node index: 7
No internal data!
Internal node index: 4
Sampling 500 points
Done! Sampled 500 points
Generating internal node with number of samples 500...
Done!
Generating leaf with number of samples 500...
Done!
Current mass: 1.934488408780721e-05
Sampling 500 test points
Done! Sampled 500 test points
Computed internal score: 1.7681224056255793e-05
Computed leaf score: 1.7681224056255793e-05
Sampling 500 points
Done! Sampled 500 points
Generating internal node with number of samples 500...
Done!
Generating leaf with number of samples 500...
Done!
Current mass: 0.0002485639075915568
Sampling 500 test points
Done! Sampled 500 test points
Computed internal score: 0.0002455811407004581
Computed leaf score: 0.0002455811407004581
Current gain: 0.0
Current score: 0.9999999999999997
Current size: 9
Internal node index: 9
Sampling 500 points
Done! Sampled 500 points
Generating internal node with number of samples 500...
Done!
Generating leaf with number of samples 500...
Done!
Current mass: 1.2106153267853543e-05
Sampling 500 test points
Done! Sampled 500 test points
Computed internal score: 1.1839817895960765e-05
Computed leaf score: 1.1912454815567886e-05
Sampling 500 points
Done! Sampled 500 points
Generating internal node with number of samples 500...
Done!
Generating leaf with number of samples 500...
Done!
Current mass: 7.238730819953667e-06
Sampling 500 test points
Done! Sampled 500 test points
Computed internal score: 6.181876120240431e-06
Computed leaf score: 6.181876120240431e-06
Current gain: 0.0
Current score: 0.9999999999999997
Current size: 11
Internal node index: 20
Sampling 500 points
Done! Sampled 500 points
Generating internal node with number of samples 500...
Done!
Generating leaf with number of samples 500...
Done!
Current mass: 3.8135422159194123e-06
Sampling 500 test points
Done! Sampled 500 test points
Computed internal score: 3.6304921895552802e-06
Computed leaf score: 3.6304921895552802e-06
Sampling 500 points
Done! Sampled 500 points
Generating internal node with number of samples 500...
Done!
Generating leaf with number of samples 500...
Done!
Current mass: 3.4251886040342553e-06
Sampling 500 test points
Done! Sampled 500 test points
Computed internal score: 2.294876364702951e-06
Computed leaf score: 2.294876364702951e-06
Current gain: 0.0
Current score: 0.9999999999999997
Current size: 13
Internal node index: 41
Sampling 500 points
Done! Sampled 500 points
Generating internal node with number of samples 500...
Done!
Generating leaf with number of samples 500...
Done!
Current mass: 2.9181753050066174e-06
Sampling 500 test points
Done! Sampled 500 test points
Computed internal score: 2.836466396466432e-06
Computed leaf score: 2.836466396466432e-06
Sampling 500 points
Done! Sampled 500 points
Generating internal node with number of samples 500...
Done!
Generating leaf with number of samples 500...
Done!
Current mass: 8.953669109127946e-07
Sampling 500 test points
Done! Sampled 500 test points
Computed internal score: 7.861321477814337e-07
Computed leaf score: 7.861321477814337e-07
Current gain: 0.0
Current score: 0.9999999999999997
Current size: 15
Internal node index: 83
Sampling 500 points
Done! Sampled 500 points
Generating internal node with number of samples 500...
Done!
Generating leaf with number of samples 500...
Done!
Current mass: 2.705177817119727e-06
Sampling 500 test points
Done! Sampled 500 test points
Computed internal score: 2.667305327680051e-06
Computed leaf score: 2.667305327680051e-06
Sampling 500 points
Done! Sampled 500 points
Generating internal node with number of samples 500...
Done!
Generating leaf with number of samples 500...
Done!
Current mass: 2.1299748788688945e-07
Sampling 500 test points
Done! Sampled 500 test points
Computed internal score: 1.980876637348072e-07
Computed leaf score: 1.980876637348072e-07
Current gain: 0.0
Current score: 0.9999999999999997
Current size: 17
Internal node index: 168
Sampling 500 points
Done! Sampled 500 points
Generating internal node with number of samples 500...
Done!
Generating leaf with number of samples 500...
Done!
Current mass: 7.438880007060398e-08
Sampling 500 test points
Done! Sampled 500 test points
Computed internal score: 6.308170245987217e-08
Computed leaf score: 6.308170245987217e-08
Sampling 500 points
Done! Sampled 500 points
Generating internal node with number of samples 500...
Done!
Generating leaf with number of samples 500...
Done!
Current mass: 1.3860868781628546e-07
Sampling 500 test points
Done! Sampled 500 test points
Computed internal score: 1.3029216654730833e-07
Computed leaf score: 1.3029216654730833e-07
Current gain: 0.0
Current score: 0.9999999999999997
Current size: 19
Internal node index: 167
Sampling 500 points
Done! Sampled 500 points
Generating internal node with number of samples 500...
Done!
Generating leaf with number of samples 500...
Done!
Current mass: 2.3817354451433456e-06
Sampling 500 test points
Done! Sampled 500 test points
Computed internal score: 2.3388642071307654e-06
Computed leaf score: 2.3483911489113387e-06
Sampling 500 points
Done! Sampled 500 points
Generating internal node with number of samples 500...
Done!
Generating leaf with number of samples 500...
Done!
Current mass: 3.2344237197638204e-07
Sampling 500 test points
Done! Sampled 500 test points
Computed internal score: 2.969200974743187e-07
Computed leaf score: 2.969200974743187e-07
Current gain: 0.0
Current score: 0.9999999999999997
Current size: 21
Internal node index: 336
Sampling 500 points
Done! Sampled 500 points
Generating internal node with number of samples 500...
Done!
Generating leaf with number of samples 500...
Done!
Current mass: 2.3356875777331767e-07
Sampling 500 test points
Done! Sampled 500 test points
Computed internal score: 2.2329173243129167e-07
Computed leaf score: 2.2329173243129167e-07
Sampling 500 points
Done! Sampled 500 points
Generating internal node with number of samples 500...
Done!
Generating leaf with number of samples 500...
Done!
Current mass: 8.987361420306439e-08
Sampling 500 test points
Done! Sampled 500 test points
Computed internal score: 7.297737473288828e-08
Computed leaf score: 7.297737473288828e-08
Current gain: 0.0
Current score: 0.9999999999999997
Current size: 23
Internal node index: 674
Sampling 500 points
Done! Sampled 500 points
Generating internal node with number of samples 500...
Done!
Generating leaf with number of samples 500...
Done!
Current mass: 5.2108827777913545e-08
Sampling 500 test points
Done! Sampled 500 test points
Computed internal score: 4.5751550789008094e-08
Computed leaf score: 4.5751550789008094e-08
Sampling 500 points
Done! Sampled 500 points
Generating internal node with number of samples 500...
Done!
Generating leaf with number of samples 500...
Done!
Current mass: 3.776478642515084e-08
Sampling 500 test points
Done! Sampled 500 test points
Computed internal score: 2.7039587080408e-08
Computed leaf score: 2.7039587080408e-08
Current gain: 0.0
Current score: 0.9999999999999997
Current size: 25
Internal node index: 1349
Sampling 500 points
Done! Sampled 500 points
Generating internal node with number of samples 500...
Done!
Generating leaf with number of samples 500...
Done!
Current mass: 4.2124503628314984e-08
Sampling 500 test points
Done! Sampled 500 test points
Computed internal score: 3.8417547309023267e-08
Computed leaf score: 3.8417547309023267e-08
Sampling 500 points
Done! Sampled 500 points
Generating internal node with number of samples 500...
Done!
Generating leaf with number of samples 500...
Done!
Current mass: 9.984324149598555e-09
Sampling 500 test points
Done! Sampled 500 test points
Computed internal score: 8.187145802670815e-09
Computed leaf score: 8.187145802670815e-09
Current gain: 0.0
Current score: 0.9999999999999997
Current size: 27
Internal node index: 2700
Sampling 500 points
Done! Sampled 500 points
Generating internal node with number of samples 500...
Done!
Generating leaf with number of samples 500...
Done!
Current mass: 3.5557076971473556e-09
Sampling 500 test points
Done! Sampled 500 test points
Computed internal score: 3.349476650712809e-09
Computed leaf score: 3.349476650712809e-09
Sampling 500 points
Done! Sampled 500 points
Generating internal node with number of samples 500...
Done!
Generating leaf with number of samples 500...
Done!
Current mass: 6.4286164524511986e-09
Sampling 500 test points
Done! Sampled 500 test points
Computed internal score: 4.551460448335448e-09
Computed leaf score: 4.4871742838109364e-09
Current gain: 0.0
Current score: 0.9999999999999997
Current size: 29
Internal node index: 5402
Sampling 500 points
Done! Sampled 500 points
Generating internal node with number of samples 500...
Done!
Generating leaf with number of samples 500...
Done!
Current mass: 4.915889524283637e-09
Sampling 500 test points
Done! Sampled 500 test points
Computed internal score: 3.903216282281208e-09
Computed leaf score: 3.903216282281208e-09
Sampling 500 points
Done! Sampled 500 points
Generating internal node with number of samples 500...
Done!
Generating leaf with number of samples 500...
Done!
Current mass: 1.5127269281675625e-09
Sampling 500 test points
Done! Sampled 500 test points
Computed internal score: 9.167125184695429e-10
Computed leaf score: 8.259489027794892e-10
Current gain: 6.428616452451153e-11
Current score: 1.000000000064286
Current size: 31
Internal node index: 10806
Sampling 500 points
Done! Sampled 500 points
Generating internal node with number of samples 500...
Done!
Generating leaf with number of samples 500...
Done!
Current mass: 1.1333925762583063e-09
Sampling 500 test points
Done! Sampled 500 test points
Computed internal score: 8.137758697534638e-10
Computed leaf score: 6.188323466370352e-10
Sampling 500 points
Done! Sampled 500 points
Generating internal node with number of samples 500...
Done!
Generating leaf with number of samples 500...
Done!
Current mass: 3.7933435190925607e-10
Sampling 500 test points
Done! Sampled 500 test points
Computed internal score: 2.890527761548531e-10
Computed leaf score: 2.9436345708158273e-10
Current gain: 9.076361569005369e-11
Current score: 1.0000000001550495
Current size: 33
Reached maximum size, ending!
Leaf node index: 21613
Leaf node index: 2699
Leaf node index: 5401
Leaf node index: 673
Leaf node index: 337
Leaf node index: 10805
Leaf node index: 42
Leaf node index: 84
Leaf node index: 338
Leaf node index: 10
Leaf node index: 8
Leaf node index: 1350
Leaf node index: 21614
Leaf node index: 335
Leaf node index: 19
Leaf node index: 7
Leaf node index: 2
Decision tree:
(x[7] <= -0.5716435313224792
    (x[0] <= -124307.3203125
        (x[18] <= 0.5
            0
            0)
        (x[3] <= -22.53297233581543
            (x[18] <= 0.5
                0
                (x[6] <= 3.4331212043762207
                    (x[6] <= 2.83143150806427
                        (x[5] <= 3.678212285041809
                            (x[5] <= 2.5167711973190308
                                0
                                (x[0] <= 320159.328125
                                    0
                                    (x[12] <= 19244.556640625
                                        (x[12] <= 17776.2861328125
                                            0
                                            (x[22] <= 0.5
                                                0
                                                (x[0] <= 532037.21875
                                                    0
                                                    (x[1] <= 1954.769775390625
                                                        1
                                                        0))))
                                        0)))
                            (x[14] <= 0.5
                                0
                                0))
                        0)
                    0))
            0))
    0)
Node count: 33
DTExtract Relative training score: 0.930322580645
DTExtract Relative CV score: 0.997419354839
DTExtract Relative test score: 0.996138996139
DTExtract Training score: 0.930322580645
DTExtract CV score: 0.931612903226
DTExtract Test score: 0.965250965251
Training greedy decision tree, best of: 1
Done!
Node count: 33
GreedyTree Training score: 0.9425806451612904
GreedyTree CV score: 0.912258064516129
GreedyTree Test score: 0.9575289575289575
MLP Training score: 0.9238709677419354
MLP CV score: 0.9264516129032258
MLP Test score: 0.9613899613899614
Random Forest Training score: 1.0
Random Forest CV score: 0.9316129032258065
Random Forest Test score: 0.9613899613899614
Parsing CSV...
Reading file: ../tmp/seismic-bumps.arff
Done!
Rows read: 2584
Columns: 29
Column names:
0: 3
1: 4
2: 5
3: 6
4: 8
5: 9
6: 10
7: 11
8: 12
9: 13
10: 14
11: 15
12: 16
13: 17
14: 18
15: 0_a
16: 0_b
17: 0_nan
18: 1_a
19: 1_b
20: 1_c
21: 1_nan
22: 2_N
23: 2_W
24: 2_nan
25: 7_a
26: 7_b
27: 7_c
28: 7_nan

Done!
Splitting into training and test...
Done!
Constructing data matrices...
Done!
Training random forest...
Done!
Random Forest Training score: 1.0
Random Forest CV score: 0.9264516129032258
Random Forest Test score: 0.9498069498069498
Fitting Gaussian mixture with 20 components...
Done!
Sampling 500 points
Done! Sampled 500 points
Generating internal node with number of samples 500...
Done!
Generating leaf with number of samples 500...
Done!
Current mass: 1.0
Sampling 500 test points
Done! Sampled 500 test points
Computed internal score: 0.994
Computed leaf score: 0.998
Internal node index: 0
Sampling 500 points
Done! Sampled 500 points
Generating internal node with number of samples 500...
Done!
Generating leaf with number of samples 500...
Done!
Current mass: 0.9975767718799732
Sampling 500 test points
Done! Sampled 500 test points
Computed internal score: 0.9955816183362133
Computed leaf score: 0.9955816183362133
Sampling 500 points
Done! Sampled 500 points
Generating internal node with number of samples 500...
Done!
Generating leaf with number of samples 500...
Done!
Current mass: 0.002423228120026798
Sampling 500 test points
Done! Sampled 500 test points
Computed internal score: 0.0023893029263464226
Computed leaf score: 0.0023893029263464226
Current gain: -0.0040000000000000036
Current score: 0.994
Current size: 3
Internal node index: 1
Sampling 500 points
Done! Sampled 500 points
Generating internal node with number of samples 500...
Done!
Generating leaf with number of samples 500...
Done!
Current mass: 0.9559849200978947
Sampling 500 test points
Done! Sampled 500 test points
Computed internal score: 0.9540729502576989
Computed leaf score: 0.9559849200978947
Sampling 500 points
Done! Sampled 500 points
Generating internal node with number of samples 500...
Done!
Generating leaf with number of samples 500...
Done!
Current mass: 0.04159185178207843
Sampling 500 test points
Done! Sampled 500 test points
Computed internal score: 0.04017772882148776
Computed leaf score: 0.04034409622861607
Current gain: 0.0
Current score: 0.994
Current size: 5
Internal node index: 2
Sampling 500 points
Done! Sampled 500 points
Generating internal node with number of samples 500...
Done!
Generating leaf with number of samples 500...
Done!
Current mass: 0.00015595205559409392
Sampling 500 test points
Done! Sampled 500 test points
Computed internal score: 0.00014753064459201284
Computed leaf score: 0.00014753064459201284
Sampling 500 points
Done! Sampled 500 points
Generating internal node with number of samples 500...
Done!
Generating leaf with number of samples 500...
Done!
Current mass: 0.0022672760644327035
Sampling 500 test points
Done! Sampled 500 test points
Computed internal score: 0.00223099964740178
Computed leaf score: 0.00223099964740178
Current gain: 0.0
Current score: 0.994
Current size: 7
Internal node index: 6
Sampling 500 points
Done! Sampled 500 points
Generating internal node with number of samples 500...
Done!
Generating leaf with number of samples 500...
Done!
Current mass: 0.0021822654341933194
Sampling 500 test points
Done! Sampled 500 test points
Computed internal score: 0.0021560782489829997
Computed leaf score: 0.0021560782489829997
Sampling 500 points
Done! Sampled 500 points
Generating internal node with number of samples 500...
Done!
Generating leaf with number of samples 500...
Done!
Current mass: 8.501063023938431e-05
Sampling 500 test points
Done! Sampled 500 test points
Computed internal score: 7.786973729927603e-05
Computed leaf score: 6.93686742753376e-05
Current gain: 0.0
Current score: 0.994
Current size: 9
Internal node index: 14
Sampling 500 points
Done! Sampled 500 points
Generating internal node with number of samples 500...
Done!
Generating leaf with number of samples 500...
Done!
Current mass: 2.1539371417530512e-05
Sampling 500 test points
Done! Sampled 500 test points
Computed internal score: 1.6973024677014045e-05
Computed leaf score: 1.5120638735106418e-05
Sampling 500 points
Done! Sampled 500 points
Generating internal node with number of samples 500...
Done!
Generating leaf with number of samples 500...
Done!
Current mass: 6.34712588218538e-05
Sampling 500 test points
Done! Sampled 500 test points
Computed internal score: 6.144017853955449e-05
Computed leaf score: 6.144017853955449e-05
Current gain: 8.501063023938436e-06
Current score: 0.994008501063024
Current size: 11
Internal node index: 29
Sampling 500 points
Done! Sampled 500 points
Generating internal node with number of samples 500...
Done!
Generating leaf with number of samples 500...
Done!
Current mass: 2.3094216809191207e-06
Sampling 500 test points
Done! Sampled 500 test points
Computed internal score: 2.124667946445591e-06
Computed leaf score: 2.124667946445591e-06
Sampling 500 points
Done! Sampled 500 points
Generating internal node with number of samples 500...
Done!
Generating leaf with number of samples 500...
Done!
Current mass: 1.9229949736611392e-05
Sampling 500 test points
Done! Sampled 500 test points
Computed internal score: 1.3999403408253092e-05
Computed leaf score: 1.3999403408253092e-05
Current gain: 1.8523859419076271e-06
Current score: 0.9940103534489658
Current size: 13
Internal node index: 59
Sampling 500 points
Done! Sampled 500 points
Generating internal node with number of samples 500...
Done!
Generating leaf with number of samples 500...
Done!
Current mass: 5.818129840932861e-07
Sampling 500 test points
Done! Sampled 500 test points
Computed internal score: 4.3985061597452434e-07
Computed leaf score: 4.3985061597452434e-07
Sampling 500 points
Done! Sampled 500 points
Generating internal node with number of samples 500...
Done!
Generating leaf with number of samples 500...
Done!
Current mass: 1.7276086968258347e-06
Sampling 500 test points
Done! Sampled 500 test points
Computed internal score: 1.6619595663464528e-06
Computed leaf score: 1.6585043489528013e-06
Current gain: 0.0
Current score: 0.9940103534489658
Current size: 15
Internal node index: 120
Sampling 500 points
Done! Sampled 500 points
Generating internal node with number of samples 500...
Done!
Generating leaf with number of samples 500...
Done!
Current mass: 6.740064242557175e-09
Sampling 500 test points
Done! Sampled 500 test points
Computed internal score: 4.0575186740194194e-09
Computed leaf score: 3.9766379031087335e-09
Sampling 500 points
Done! Sampled 500 points
Generating internal node with number of samples 500...
Done!
Generating leaf with number of samples 500...
Done!
Current mass: 1.720868632583278e-06
Sampling 500 test points
Done! Sampled 500 test points
Computed internal score: 1.6313834636889474e-06
Computed leaf score: 1.6313834636889474e-06
Current gain: 3.455217393651488e-09
Current score: 0.9940103569041833
Current size: 17
Internal node index: 241
Sampling 500 points
Done! Sampled 500 points
Generating internal node with number of samples 500...
Done!
Generating leaf with number of samples 500...
Done!
Current mass: 2.3307576993617073e-09
Sampling 500 test points
Done! Sampled 500 test points
Computed internal score: 1.8552831286919192e-09
Computed leaf score: 1.8552831286919192e-09
Sampling 500 points
Done! Sampled 500 points
Generating internal node with number of samples 500...
Done!
Generating leaf with number of samples 500...
Done!
Current mass: 4.4093065431954684e-09
Sampling 500 test points
Done! Sampled 500 test points
Computed internal score: 2.954235383940964e-09
Computed leaf score: 2.1870160454249523e-09
Current gain: 8.088077091068589e-11
Current score: 0.994010356985064
Current size: 19
Internal node index: 484
Sampling 500 points
Done! Sampled 500 points
Generating internal node with number of samples 500...
Done!
Generating leaf with number of samples 500...
Done!
Current mass: 3.4432732475952144e-09
Sampling 500 test points
Done! Sampled 500 test points
Computed internal score: 2.2587872504224607e-09
Computed leaf score: 2.1072832275282713e-09
Sampling 500 points
Done! Sampled 500 points
Generating internal node with number of samples 500...
Done!
Generating leaf with number of samples 500...
Done!
Current mass: 9.660332956002543e-10
Sampling 500 test points
Done! Sampled 500 test points
Computed internal score: 8.076038351218126e-10
Computed leaf score: 8.037397019394116e-10
Current gain: 7.672193385160116e-10
Current score: 0.9940103577522833
Current size: 21
Internal node index: 969
Sampling 500 points
Done! Sampled 500 points
Generating internal node with number of samples 500...
Done!
Generating leaf with number of samples 500...
Done!
Current mass: 3.0563497375013097e-10
Sampling 500 test points
Done! Sampled 500 test points
Computed internal score: 2.469530587901058e-10
Computed leaf score: 2.469530587901058e-10
Sampling 500 points
Done! Sampled 500 points
Generating internal node with number of samples 500...
Done!
Generating leaf with number of samples 500...
Done!
Current mass: 3.1376382738450836e-09
Sampling 500 test points
Done! Sampled 500 test points
Computed internal score: 2.2402737275253896e-09
Computed leaf score: 2.0457401545469945e-09
Current gain: 1.5150402289418943e-10
Current score: 0.9940103579037873
Current size: 23
Internal node index: 1940
Sampling 500 points
Done! Sampled 500 points
Generating internal node with number of samples 500...
Done!
Generating leaf with number of samples 500...
Done!
Current mass: 1.1134467397970228e-09
Sampling 500 test points
Done! Sampled 500 test points
Computed internal score: 6.324377482047089e-10
Computed leaf score: 6.992445525925303e-10
Sampling 500 points
Done! Sampled 500 points
Generating internal node with number of samples 500...
Done!
Generating leaf with number of samples 500...
Done!
Current mass: 2.024191534048061e-09
Sampling 500 test points
Done! Sampled 500 test points
Computed internal score: 1.5140952674679495e-09
Computed leaf score: 1.5140952674679495e-09
Current gain: 1.9453357297839504e-10
Current score: 0.994010358098321
Current size: 25
Internal node index: 970
Sampling 500 points
Done! Sampled 500 points
Generating internal node with number of samples 500...
Done!
Generating leaf with number of samples 500...
Done!
Current mass: 9.124180024742913e-10
Sampling 500 test points
Done! Sampled 500 test points
Computed internal score: 7.664311220784046e-10
Computed leaf score: 7.664311220784046e-10
Sampling 500 points
Done! Sampled 500 points
Generating internal node with number of samples 500...
Done!
Generating leaf with number of samples 500...
Done!
Current mass: 5.3615293125962846e-11
Sampling 500 test points
Done! Sampled 500 test points
Computed internal score: 3.7745166360677844e-11
Computed leaf score: 3.216917587557771e-11
Current gain: 3.8641331824010295e-12
Current score: 0.9940103581021851
Current size: 27
Internal node index: 1942
Sampling 500 points
Done! Sampled 500 points
Generating internal node with number of samples 500...
Done!
Generating leaf with number of samples 500...
Done!
Current mass: 9.269546559608479e-12
Sampling 500 test points
Done! Sampled 500 test points
Computed internal score: 8.249896438051546e-12
Computed leaf score: 8.249896438051546e-12
Sampling 500 points
Done! Sampled 500 points
Generating internal node with number of samples 500...
Done!
Generating leaf with number of samples 500...
Done!
Current mass: 4.434574656635437e-11
Sampling 500 test points
Done! Sampled 500 test points
Computed internal score: 3.184024603464244e-11
Computed leaf score: 2.971165019945743e-11
Current gain: 5.575990485100135e-12
Current score: 0.9940103581077611
Current size: 29
Internal node index: 3886
Sampling 500 points
Done! Sampled 500 points
Generating internal node with number of samples 500...
Done!
Generating leaf with number of samples 500...
Done!
Current mass: 3.0290201297209716e-11
Sampling 500 test points
Done! Sampled 500 test points
Computed internal score: 2.574667110262826e-11
Computed leaf score: 2.3747517817012417e-11
Sampling 500 points
Done! Sampled 500 points
Generating internal node with number of samples 500...
Done!
Generating leaf with number of samples 500...
Done!
Current mass: 1.4055545269144656e-11
Sampling 500 test points
Done! Sampled 500 test points
Computed internal score: 9.557770783018366e-12
Computed leaf score: 9.107993334405737e-12
Current gain: 2.1285958351850067e-12
Current score: 0.9940103581098897
Current size: 31
Internal node index: 7773
Sampling 500 points
Done! Sampled 500 points
Generating internal node with number of samples 500...
Done!
Generating leaf with number of samples 500...
Done!
Current mass: 3.405231397689888e-12
Sampling 500 test points
Done! Sampled 500 test points
Computed internal score: 2.5743549366535554e-12
Computed leaf score: 2.5471130854720365e-12
Sampling 500 points
Done! Sampled 500 points
Generating internal node with number of samples 500...
Done!
Generating leaf with number of samples 500...
Done!
Current mass: 2.688496989951983e-11
Sampling 500 test points
Done! Sampled 500 test points
Computed internal score: 2.2637144655395696e-11
Computed leaf score: 2.2637144655395696e-11
Current gain: 1.9991532856158416e-12
Current score: 0.9940103581118889
Current size: 33
Reached maximum size, ending!
Leaf node index: 7774
Leaf node index: 15547
Leaf node index: 15548
Leaf node index: 3885
Leaf node index: 119
Leaf node index: 60
Leaf node index: 30
Leaf node index: 483
Leaf node index: 3882
Leaf node index: 1941
Leaf node index: 242
Leaf node index: 1939
Leaf node index: 5
Leaf node index: 13
Leaf node index: 3881
Leaf node index: 4
Leaf node index: 3
Decision tree:
(x[6] <= 4.458181142807007
    (x[0] <= 579132.0
        0
        0)
    (x[2] <= -62.106698989868164
        0
        (x[0] <= 376558.21875
            0
            (x[7] <= 0.004448885913006961
                (x[7] <= -0.0031922825146466494
                    (x[3] <= 23.520270347595215
                        0
                        (x[2] <= -44.32704162597656
                            (x[14] <= 0.5
                                0
                                (x[0] <= 1129814.0
                                    (x[4] <= 1.5215668678283691
                                        0
                                        (x[5] <= 0.5402897894382477
                                            0
                                            1))
                                    (x[4] <= 4.534673690795898
                                        0
                                        (x[12] <= 8697.67529296875
                                            0
                                            (x[12] <= 37751.921875
                                                (x[13] <= 3975.4107666015625
                                                    0
                                                    1)
                                                0)))))
                            0))
                    1)
                0))))
Node count: 33
DTExtract Relative training score: 0.934193548387
DTExtract Relative CV score: 0.990967741935
DTExtract Relative test score: 0.988416988417
DTExtract Training score: 0.934193548387
DTExtract CV score: 0.930322580645
DTExtract Test score: 0.945945945946
Training greedy decision tree, best of: 1
Done!
Node count: 33
GreedyTree Training score: 0.9503225806451613
GreedyTree CV score: 0.9251612903225807
GreedyTree Test score: 0.9343629343629344
MLP Training score: 0.9341935483870968
MLP CV score: 0.9290322580645162
MLP Test score: 0.9459459459459459
Random Forest Training score: 1.0
Random Forest CV score: 0.9264516129032258
Random Forest Test score: 0.9498069498069498
Parsing CSV...
Reading file: ../tmp/seismic-bumps.arff
Done!
Rows read: 2584
Columns: 29
Column names:
0: 3
1: 4
2: 5
3: 6
4: 8
5: 9
6: 10
7: 11
8: 12
9: 13
10: 14
11: 15
12: 16
13: 17
14: 18
15: 0_a
16: 0_b
17: 0_nan
18: 1_a
19: 1_b
20: 1_c
21: 1_nan
22: 2_N
23: 2_W
24: 2_nan
25: 7_a
26: 7_b
27: 7_c
28: 7_nan

Done!
Splitting into training and test...
Done!
Constructing data matrices...
Done!
Training random forest...
Done!
Random Forest Training score: 1.0
Random Forest CV score: 0.9380645161290323
Random Forest Test score: 0.9266409266409267
Fitting Gaussian mixture with 20 components...
Done!
Sampling 500 points
Done! Sampled 500 points
Generating internal node with number of samples 500...
Done!
Invalid internal node, node count: 1
Generating leaf with number of samples 500...
Done!
Current mass: 0.9999999999999999
Sampling 500 test points
Done! Sampled 500 test points
Computed internal score: 0.9999999999999999
Computed leaf score: 0.9999999999999999
Internal node index: 0
No internal data!
Internal node index: 0
No internal data!
No internal nodes remaining, ending!
Leaf node index: 0
Decision tree:
0
Node count: 1
DTExtract Relative training score: 0.932258064516
DTExtract Relative CV score: 0.994838709677
DTExtract Relative test score: 1.0
DTExtract Training score: 0.932258064516
DTExtract CV score: 0.94064516129
DTExtract Test score: 0.926640926641
Training greedy decision tree, best of: 1
Done!
Node count: 33
GreedyTree Training score: 0.9483870967741935
GreedyTree CV score: 0.9290322580645162
GreedyTree Test score: 0.9073359073359073
MLP Training score: 0.9309677419354838
MLP CV score: 0.9380645161290323
MLP Test score: 0.9305019305019305
Random Forest Training score: 1.0
Random Forest CV score: 0.9380645161290323
Random Forest Test score: 0.9266409266409267
Parsing CSV...
Reading file: ../tmp/seismic-bumps.arff
Done!
Rows read: 2584
Columns: 29
Column names:
0: 3
1: 4
2: 5
3: 6
4: 8
5: 9
6: 10
7: 11
8: 12
9: 13
10: 14
11: 15
12: 16
13: 17
14: 18
15: 0_a
16: 0_b
17: 0_nan
18: 1_a
19: 1_b
20: 1_c
21: 1_nan
22: 2_N
23: 2_W
24: 2_nan
25: 7_a
26: 7_b
27: 7_c
28: 7_nan

Done!
Splitting into training and test...
Done!
Constructing data matrices...
Done!
Training random forest...
Done!
Random Forest Training score: 1.0
Random Forest CV score: 0.927741935483871
Random Forest Test score: 0.9498069498069498
Fitting Gaussian mixture with 20 components...
Done!
Sampling 500 points
Done! Sampled 500 points
Generating internal node with number of samples 500...
Done!
Generating leaf with number of samples 500...
Done!
Current mass: 1.0000000000000002
Sampling 500 test points
Done! Sampled 500 test points
Computed internal score: 0.9980000000000002
Computed leaf score: 0.9980000000000002
Internal node index: 0
Sampling 500 points
Done! Sampled 500 points
Generating internal node with number of samples 500...
Done!
Generating leaf with number of samples 500...
Done!
Current mass: 0.9986602491209051
Sampling 500 test points
Done! Sampled 500 test points
Computed internal score: 0.9966629286226633
Computed leaf score: 0.9966629286226633
Sampling 500 points
Done! Sampled 500 points
Generating internal node with number of samples 500...
Done!
Generating leaf with number of samples 500...
Done!
Current mass: 0.0013397508790950374
Sampling 500 test points
Done! Sampled 500 test points
Computed internal score: 0.0012754428368984755
Computed leaf score: 0.0012754428368984755
Current gain: 0.0
Current score: 0.9980000000000002
Current size: 3
Internal node index: 2
Sampling 500 points
Done! Sampled 500 points
Generating internal node with number of samples 500...
Done!
Generating leaf with number of samples 500...
Done!
Current mass: 0.0008423678280087984
Sampling 500 test points
Done! Sampled 500 test points
Computed internal score: 0.000810357850544464
Computed leaf score: 0.000810357850544464
Sampling 500 points
Done! Sampled 500 points
Generating internal node with number of samples 500...
Done!
Generating leaf with number of samples 500...
Done!
Current mass: 0.0004973830510862392
Sampling 500 test points
Done! Sampled 500 test points
Computed internal score: 0.0004376970849558905
Computed leaf score: 0.0004376970849558905
Current gain: 0.0
Current score: 0.9980000000000002
Current size: 5
Internal node index: 5
Sampling 500 points
Done! Sampled 500 points
Generating internal node with number of samples 500...
Done!
Generating leaf with number of samples 500...
Done!
Current mass: 9.343509794000778e-05
Sampling 500 test points
Done! Sampled 500 test points
Computed internal score: 8.52128093212871e-05
Computed leaf score: 8.52128093212871e-05
Sampling 500 points
Done! Sampled 500 points
Generating internal node with number of samples 500...
Done!
Generating leaf with number of samples 500...
Done!
Current mass: 0.0007489327300687906
Sampling 500 test points
Done! Sampled 500 test points
Computed internal score: 0.0007354519409275524
Computed leaf score: 0.0007354519409275524
Current gain: 0.0
Current score: 0.9980000000000002
Current size: 7
Internal node index: 12
Sampling 500 points
Done! Sampled 500 points
Generating internal node with number of samples 500...
Done!
Generating leaf with number of samples 500...
Done!
Current mass: 0.0007465474411595176
Sampling 500 test points
Done! Sampled 500 test points
Computed internal score: 0.0007435612513948795
Computed leaf score: 0.0007435612513948795
Sampling 500 points
Done! Sampled 500 points
Generating internal node with number of samples 500...
Done!
Generating leaf with number of samples 500...
Done!
Current mass: 2.3852889092729057e-06
Sampling 500 test points
Done! Sampled 500 test points
Computed internal score: 2.299418508539081e-06
Computed leaf score: 2.299418508539081e-06
Current gain: 0.0
Current score: 0.9980000000000002
Current size: 9
Internal node index: 1
Sampling 500 points
Done! Sampled 500 points
Generating internal node with number of samples 500...
Done!
Generating leaf with number of samples 500...
Done!
Current mass: 0.0020173516594402282
Sampling 500 test points
Done! Sampled 500 test points
Computed internal score: 0.001997178142845826
Computed leaf score: 0.001997178142845826
Sampling 500 points
Done! Sampled 500 points
Generating internal node with number of samples 500...
Done!
Generating leaf with number of samples 500...
Done!
Current mass: 0.996642897461465
Sampling 500 test points
Done! Sampled 500 test points
Computed internal score: 0.9846831826919273
Computed leaf score: 0.9846831826919273
Current gain: 0.0
Current score: 0.9980000000000002
Current size: 11
Internal node index: 6
Sampling 500 points
Done! Sampled 500 points
Generating internal node with number of samples 500...
Done!
Generating leaf with number of samples 500...
Done!
Current mass: 0.00010351385241103929
Sampling 500 test points
Done! Sampled 500 test points
Computed internal score: 8.281108192883144e-05
Computed leaf score: 8.281108192883144e-05
Sampling 500 points
Done! Sampled 500 points
Generating internal node with number of samples 500...
Done!
Generating leaf with number of samples 500...
Done!
Current mass: 0.0003938691986751999
Sampling 500 test points
Done! Sampled 500 test points
Computed internal score: 0.0003615719243838335
Computed leaf score: 0.0003615719243838335
Current gain: 0.0
Current score: 0.9980000000000002
Current size: 13
Internal node index: 13
Sampling 500 points
Done! Sampled 500 points
Generating internal node with number of samples 500...
Done!
Generating leaf with number of samples 500...
Done!
Current mass: 5.3376270687311594e-05
Sampling 500 test points
Done! Sampled 500 test points
Computed internal score: 4.718462328758345e-05
Computed leaf score: 4.718462328758345e-05
Sampling 500 points
Done! Sampled 500 points
Generating internal node with number of samples 500...
Done!
Generating leaf with number of samples 500...
Done!
Current mass: 5.0137581723727685e-05
Sampling 500 test points
Done! Sampled 500 test points
Computed internal score: 3.329135426455518e-05
Computed leaf score: 3.359217975489755e-05
Current gain: 0.0
Current score: 0.9980000000000002
Current size: 15
Internal node index: 3
Sampling 500 points
Done! Sampled 500 points
Generating internal node with number of samples 500...
Done!
Generating leaf with number of samples 500...
Done!
Current mass: 0.0018013007836216346
Sampling 500 test points
Done! Sampled 500 test points
Computed internal score: 0.0017976981820543914
Computed leaf score: 0.0017976981820543914
Sampling 500 points
Done! Sampled 500 points
Generating internal node with number of samples 500...
Done!
Generating leaf with number of samples 500...
Done!
Current mass: 0.00021605087581859342
Sampling 500 test points
Done! Sampled 500 test points
Computed internal score: 0.00020135941626292907
Computed leaf score: 0.00020135941626292907
Current gain: 0.0
Current score: 0.9980000000000002
Current size: 17
Internal node index: 26
Sampling 500 points
Done! Sampled 500 points
Generating internal node with number of samples 500...
Done!
Generating leaf with number of samples 500...
Done!
Current mass: 2.1447908572987036e-06
Sampling 500 test points
Done! Sampled 500 test points
Computed internal score: 2.0804471315797424e-06
Computed leaf score: 2.0804471315797424e-06
Sampling 500 points
Done! Sampled 500 points
Generating internal node with number of samples 500...
Done!
Generating leaf with number of samples 500...
Done!
Current mass: 2.4049805197420233e-07
Sampling 500 test points
Done! Sampled 500 test points
Computed internal score: 2.1500525846493688e-07
Computed leaf score: 2.1500525846493688e-07
Current gain: 0.0
Current score: 0.9980000000000002
Current size: 19
Internal node index: 54
Sampling 500 points
Done! Sampled 500 points
Generating internal node with number of samples 500...
Done!
Generating leaf with number of samples 500...
Done!
Current mass: 1.3304723355155425e-07
Sampling 500 test points
Done! Sampled 500 test points
Computed internal score: 1.3251504461734805e-07
Computed leaf score: 1.3251504461734805e-07
Sampling 500 points
Done! Sampled 500 points
Generating internal node with number of samples 500...
Done!
Generating leaf with number of samples 500...
Done!
Current mass: 1.0745081842264804e-07
Sampling 500 test points
Done! Sampled 500 test points
Computed internal score: 9.111829402240553e-08
Computed leaf score: 9.111829402240553e-08
Current gain: 0.0
Current score: 0.9980000000000002
Current size: 21
Internal node index: 109
Sampling 500 points
Done! Sampled 500 points
Generating internal node with number of samples 500...
Done!
Generating leaf with number of samples 500...
Done!
Current mass: 1.0735636641383032e-07
Sampling 500 test points
Done! Sampled 500 test points
Computed internal score: 1.0499452635272605e-07
Computed leaf score: 1.0499452635272605e-07
Sampling 500 points
Done! Sampled 500 points
Generating internal node with number of samples 500...
Done!
Generating leaf with number of samples 500...
Done!
Current mass: 2.5690867137723923e-08
Sampling 500 test points
Done! Sampled 500 test points
Computed internal score: 2.476599592076586e-08
Computed leaf score: 2.476599592076586e-08
Current gain: 0.0
Current score: 0.9980000000000002
Current size: 23
Internal node index: 220
Sampling 500 points
Done! Sampled 500 points
Generating internal node with number of samples 500...
Done!
Generating leaf with number of samples 500...
Done!
Current mass: 5.065027236889437e-10
Sampling 500 test points
Done! Sampled 500 test points
Computed internal score: 4.872556201887639e-10
Computed leaf score: 4.892816310835197e-10
Sampling 500 points
Done! Sampled 500 points
Generating internal node with number of samples 500...
Done!
Generating leaf with number of samples 500...
Done!
Current mass: 2.518436441403498e-08
Sampling 500 test points
Done! Sampled 500 test points
Computed internal score: 2.412662110864551e-08
Computed leaf score: 2.412662110864551e-08
Current gain: 0.0
Current score: 0.9980000000000002
Current size: 25
Internal node index: 442
Sampling 500 points
Done! Sampled 500 points
Generating internal node with number of samples 500...
Done!
Generating leaf with number of samples 500...
Done!
Current mass: 6.430965144629103e-10
Sampling 500 test points
Done! Sampled 500 test points
Computed internal score: 5.414872651777704e-10
Computed leaf score: 5.414872651777704e-10
Sampling 500 points
Done! Sampled 500 points
Generating internal node with number of samples 500...
Done!
Generating leaf with number of samples 500...
Done!
Current mass: 2.4541267899572075e-08
Sampling 500 test points
Done! Sampled 500 test points
Computed internal score: 2.375594732678577e-08
Computed leaf score: 2.375594732678577e-08
Current gain: 0.0
Current score: 0.9980000000000002
Current size: 27
Internal node index: 885
Sampling 500 points
Done! Sampled 500 points
Generating internal node with number of samples 500...
Done!
Generating leaf with number of samples 500...
Done!
Current mass: 5.078906725547281e-10
Sampling 500 test points
Done! Sampled 500 test points
Computed internal score: 4.3780175974217557e-10
Computed leaf score: 4.3780175974217557e-10
Sampling 500 points
Done! Sampled 500 points
Generating internal node with number of samples 500...
Done!
Generating leaf with number of samples 500...
Done!
Current mass: 1.3520584190818208e-10
Sampling 500 test points
Done! Sampled 500 test points
Computed internal score: 9.951149964442202e-11
Computed leaf score: 8.545009208597108e-11
Current gain: 0.0
Current score: 0.9980000000000002
Current size: 29
Internal node index: 1772
Sampling 500 points
Done! Sampled 500 points
Generating internal node with number of samples 500...
Done!
Generating leaf with number of samples 500...
Done!
Current mass: 4.692951157845287e-11
Sampling 500 test points
Done! Sampled 500 test points
Computed internal score: 3.744975023960539e-11
Computed leaf score: 3.050418252599437e-11
Sampling 500 points
Done! Sampled 500 points
Generating internal node with number of samples 500...
Done!
Generating leaf with number of samples 500...
Done!
Current mass: 8.827633032972922e-11
Sampling 500 test points
Done! Sampled 500 test points
Computed internal score: 6.867898499652934e-11
Computed leaf score: 7.168038022774013e-11
Current gain: 1.4061407558450937e-11
Current score: 0.9980000000140616
Current size: 31
Internal node index: 3545
Sampling 500 points
Done! Sampled 500 points
Generating internal node with number of samples 500...
Done!
Generating leaf with number of samples 500...
Done!
Current mass: 1.045400715242612e-11
Sampling 500 test points
Done! Sampled 500 test points
Computed internal score: 8.007769478758409e-12
Computed leaf score: 8.007769478758409e-12
Sampling 500 points
Done! Sampled 500 points
Generating internal node with number of samples 500...
Done!
Generating leaf with number of samples 500...
Done!
Current mass: 3.647550442602674e-11
Sampling 500 test points
Done! Sampled 500 test points
Computed internal score: 2.8523844461152915e-11
Computed leaf score: 2.8523844461152915e-11
Current gain: 6.945567713611021e-12
Current score: 0.9980000000210072
Current size: 33
Reached maximum size, ending!
Leaf node index: 886
Leaf node index: 7091
Leaf node index: 1771
Leaf node index: 219
Leaf node index: 25
Leaf node index: 8
Leaf node index: 110
Leaf node index: 27
Leaf node index: 11
Leaf node index: 7
Leaf node index: 14
Leaf node index: 7092
Leaf node index: 4
Leaf node index: 53
Leaf node index: 441
Leaf node index: 3546
Leaf node index: 28
Decision tree:
(x[7] <= 2.191123902797699
    (x[6] <= -0.8605268895626068
        (x[0] <= 334387.953125
            0
            0)
        0)
    (x[6] <= 2.945688247680664
        (x[2] <= -29.762739181518555
            0
            (x[6] <= 2.936310291290283
                0
                (x[4] <= 9.159117221832275
                    0
                    (x[7] <= 2.5029128789901733
                        (x[12] <= 98090.94921875
                            0
                            (x[6] <= 2.936495065689087
                                0
                                (x[3] <= -73.01827621459961
                                    (x[13] <= 68593.71875
                                        0
                                        (x[14] <= 0.5
                                            (x[5] <= 1.3821402192115784
                                                0
                                                1)
                                            0))
                                    0)))
                        0))))
        (x[3] <= -10.870477199554443
            (x[7] <= 2.4716005325317383
                0
                0)
            0)))
Node count: 33
DTExtract Relative training score: 0.929677419355
DTExtract Relative CV score: 0.985806451613
DTExtract Relative test score: 0.996138996139
DTExtract Training score: 0.929677419355
DTExtract CV score: 0.936774193548
DTExtract Test score: 0.953667953668
Training greedy decision tree, best of: 1
Done!
Node count: 33
GreedyTree Training score: 0.9496774193548387
GreedyTree CV score: 0.9058064516129032
GreedyTree Test score: 0.9343629343629344
MLP Training score: 0.9296774193548387
MLP CV score: 0.9367741935483871
MLP Test score: 0.9498069498069498
Random Forest Training score: 1.0
Random Forest CV score: 0.927741935483871
Random Forest Test score: 0.9498069498069498
Parsing CSV...
Reading file: ../tmp/seismic-bumps.arff
Done!
Rows read: 2584
Columns: 29
Column names:
0: 3
1: 4
2: 5
3: 6
4: 8
5: 9
6: 10
7: 11
8: 12
9: 13
10: 14
11: 15
12: 16
13: 17
14: 18
15: 0_a
16: 0_b
17: 0_nan
18: 1_a
19: 1_b
20: 1_c
21: 1_nan
22: 2_N
23: 2_W
24: 2_nan
25: 7_a
26: 7_b
27: 7_c
28: 7_nan

Done!
Splitting into training and test...
Done!
Constructing data matrices...
Done!
Training random forest...
Done!
Random Forest Training score: 1.0
Random Forest CV score: 0.9419354838709677
Random Forest Test score: 0.9536679536679536
Fitting Gaussian mixture with 20 components...
Done!
Sampling 500 points
Done! Sampled 500 points
Generating internal node with number of samples 500...
Done!
Generating leaf with number of samples 500...
Done!
Current mass: 0.9999999999999999
Sampling 500 test points
Done! Sampled 500 test points
Computed internal score: 0.9939999999999999
Computed leaf score: 0.9939999999999999
Internal node index: 0
Sampling 500 points
Done! Sampled 500 points
Generating internal node with number of samples 500...
Done!
Generating leaf with number of samples 500...
Done!
Current mass: 0.9874766551511562
Sampling 500 test points
Done! Sampled 500 test points
Computed internal score: 0.9874766551511562
Computed leaf score: 0.9874766551511562
Sampling 500 points
Done! Sampled 500 points
Generating internal node with number of samples 500...
Done!
Generating leaf with number of samples 500...
Done!
Current mass: 0.012523344848843631
Sampling 500 test points
Done! Sampled 500 test points
Computed internal score: 0.012122597813680634
Computed leaf score: 0.012122597813680634
Current gain: 0.0
Current score: 0.9939999999999999
Current size: 3
Internal node index: 2
Sampling 500 points
Done! Sampled 500 points
Generating internal node with number of samples 500...
Done!
Generating leaf with number of samples 500...
Done!
Current mass: 0.011078234256989915
Sampling 500 test points
Done! Sampled 500 test points
Computed internal score: 0.010900982508878075
Computed leaf score: 0.010923138977392055
Sampling 500 points
Done! Sampled 500 points
Generating internal node with number of samples 500...
Done!
Generating leaf with number of samples 500...
Done!
Current mass: 0.001445110591853717
Sampling 500 test points
Done! Sampled 500 test points
Computed internal score: 0.0012861484267498082
Computed leaf score: 0.0012861484267498082
Current gain: 0.0
Current score: 0.9939999999999999
Current size: 5
Internal node index: 1
Sampling 500 points
Done! Sampled 500 points
Generating internal node with number of samples 500...
Done!
Generating leaf with number of samples 500...
Done!
Current mass: 0.9712443345559201
Sampling 500 test points
Done! Sampled 500 test points
Computed internal score: 0.9712443345559201
Computed leaf score: 0.9712443345559201
Sampling 500 points
Done! Sampled 500 points
Generating internal node with number of samples 500...
Done!
Generating leaf with number of samples 500...
Done!
Current mass: 0.016232320595236088
Sampling 500 test points
Done! Sampled 500 test points
Computed internal score: 0.01594013882452184
Computed leaf score: 0.01594013882452184
Current gain: 0.0
Current score: 0.9939999999999999
Current size: 7
Internal node index: 4
Sampling 500 points
Done! Sampled 500 points
Generating internal node with number of samples 500...
Done!
Generating leaf with number of samples 500...
Done!
Current mass: 0.0157222563242946
Sampling 500 test points
Done! Sampled 500 test points
Computed internal score: 0.014999032533377046
Computed leaf score: 0.01525058863456576
Sampling 500 points
Done! Sampled 500 points
Generating internal node with number of samples 500...
Done!
Generating leaf with number of samples 500...
Done!
Current mass: 0.000510064270941483
Sampling 500 test points
Done! Sampled 500 test points
Computed internal score: 0.00048354092885252584
Computed leaf score: 0.0004845610573944088
Current gain: 0.0
Current score: 0.9939999999999999
Current size: 9
Internal node index: 3
Sampling 500 points
Done! Sampled 500 points
Generating internal node with number of samples 500...
Done!
Invalid internal node, node count: 1
Generating leaf with number of samples 500...
Done!
Current mass: 0.9668344001630199
Sampling 500 test points
Done! Sampled 500 test points
Computed internal score: 0.9668344001630199
Computed leaf score: 0.9668344001630199
Sampling 500 points
Done! Sampled 500 points
Generating internal node with number of samples 500...
Done!
Generating leaf with number of samples 500...
Done!
Current mass: 0.0044099343929001784
Sampling 500 test points
Done! Sampled 500 test points
Computed internal score: 0.0043129158362563745
Computed leaf score: 0.004365835048971176
Current gain: 0.0
Current score: 0.9939999999999999
Current size: 11
Internal node index: 7
No internal data!
Internal node index: 6
Sampling 500 points
Done! Sampled 500 points
Generating internal node with number of samples 500...
Done!
Generating leaf with number of samples 500...
Done!
Current mass: 0.00040404106880838434
Sampling 500 test points
Done! Sampled 500 test points
Computed internal score: 0.00030060655519343796
Computed leaf score: 0.00030060655519343796
Sampling 500 points
Done! Sampled 500 points
Generating internal node with number of samples 500...
Done!
Generating leaf with number of samples 500...
Done!
Current mass: 0.0010410695230453327
Sampling 500 test points
Done! Sampled 500 test points
Computed internal score: 0.000982769629754794
Computed leaf score: 0.000982769629754794
Current gain: 0.0
Current score: 0.9939999999999999
Current size: 13
Internal node index: 14
Sampling 500 points
Done! Sampled 500 points
Generating internal node with number of samples 500...
Done!
Generating leaf with number of samples 500...
Done!
Current mass: 0.0009768709580118137
Sampling 500 test points
Done! Sampled 500 test points
Computed internal score: 0.0009553797969355537
Computed leaf score: 0.0009553797969355537
Sampling 500 points
Done! Sampled 500 points
Generating internal node with number of samples 500...
Done!
Generating leaf with number of samples 500...
Done!
Current mass: 6.419856503351909e-05
Sampling 500 test points
Done! Sampled 500 test points
Computed internal score: 5.033167498627897e-05
Computed leaf score: 5.033167498627897e-05
Current gain: 0.0
Current score: 0.9939999999999999
Current size: 15
Internal node index: 30
Sampling 500 points
Done! Sampled 500 points
Generating internal node with number of samples 500...
Done!
Generating leaf with number of samples 500...
Done!
Current mass: 2.275252369359988e-05
Sampling 500 test points
Done! Sampled 500 test points
Computed internal score: 1.4288584879580726e-05
Computed leaf score: 1.2786918315803135e-05
Sampling 500 points
Done! Sampled 500 points
Generating internal node with number of samples 500...
Done!
Generating leaf with number of samples 500...
Done!
Current mass: 4.144604133991921e-05
Sampling 500 test points
Done! Sampled 500 test points
Computed internal score: 3.7218545123247454e-05
Computed leaf score: 3.7218545123247454e-05
Current gain: 0.0
Current score: 0.9939999999999999
Current size: 17
Internal node index: 61
Sampling 500 points
Done! Sampled 500 points
Generating internal node with number of samples 500...
Done!
Generating leaf with number of samples 500...
Done!
Current mass: 4.580794251499707e-06
Sampling 500 test points
Done! Sampled 500 test points
Computed internal score: 4.498339954972712e-06
Computed leaf score: 4.516663131978711e-06
Sampling 500 points
Done! Sampled 500 points
Generating internal node with number of samples 500...
Done!
Generating leaf with number of samples 500...
Done!
Current mass: 1.8171729442100173e-05
Sampling 500 test points
Done! Sampled 500 test points
Computed internal score: 1.1666250301828312e-05
Computed leaf score: 1.05396030764181e-05
Current gain: 1.501666563777591e-06
Current score: 0.9940015016665636
Current size: 19
Internal node index: 124
Sampling 500 points
Done! Sampled 500 points
Generating internal node with number of samples 500...
Done!
Generating leaf with number of samples 500...
Done!
Current mass: 1.5202263002169484e-05
Sampling 500 test points
Done! Sampled 500 test points
Computed internal score: 1.030713431547091e-05
Computed leaf score: 9.42540306134508e-06
Sampling 500 points
Done! Sampled 500 points
Generating internal node with number of samples 500...
Done!
Generating leaf with number of samples 500...
Done!
Current mass: 2.9694664399306915e-06
Sampling 500 test points
Done! Sampled 500 test points
Computed internal score: 1.8826417229160584e-06
Computed leaf score: 1.9420310517146725e-06
Current gain: 1.126647225410213e-06
Current score: 0.994002628313789
Current size: 21
Internal node index: 249
Sampling 500 points
Done! Sampled 500 points
Generating internal node with number of samples 500...
Done!
Generating leaf with number of samples 500...
Done!
Current mass: 1.2127919917343874e-06
Sampling 500 test points
Done! Sampled 500 test points
Computed internal score: 1.045426696875042e-06
Computed leaf score: 1.045426696875042e-06
Sampling 500 points
Done! Sampled 500 points
Generating internal node with number of samples 500...
Done!
Generating leaf with number of samples 500...
Done!
Current mass: 1.3989471010435091e-05
Sampling 500 test points
Done! Sampled 500 test points
Computed internal score: 9.988482301450654e-06
Computed leaf score: 9.177092982845421e-06
Current gain: 8.817312541258306e-07
Current score: 0.9940035100450432
Current size: 23
Internal node index: 500
Sampling 500 points
Done! Sampled 500 points
Generating internal node with number of samples 500...
Done!
Generating leaf with number of samples 500...
Done!
Current mass: 1.2756334001324685e-06
Sampling 500 test points
Done! Sampled 500 test points
Computed internal score: 9.592763168996163e-07
Computed leaf score: 9.490712496985566e-07
Sampling 500 points
Done! Sampled 500 points
Generating internal node with number of samples 500...
Done!
Generating leaf with number of samples 500...
Done!
Current mass: 1.2713837610302625e-05
Sampling 500 test points
Done! Sampled 500 test points
Computed internal score: 8.925114002432442e-06
Computed leaf score: 8.925114002432442e-06
Current gain: 8.11389318605233e-07
Current score: 0.9940043214343618
Current size: 25
Internal node index: 1001
Sampling 500 points
Done! Sampled 500 points
Generating internal node with number of samples 500...
Done!
Generating leaf with number of samples 500...
Done!
Current mass: 7.395509734348481e-07
Sampling 500 test points
Done! Sampled 500 test points
Computed internal score: 6.759495897194512e-07
Computed leaf score: 6.759495897194512e-07
Sampling 500 points
Done! Sampled 500 points
Generating internal node with number of samples 500...
Done!
Generating leaf with number of samples 500...
Done!
Current mass: 5.360824266976205e-07
Sampling 500 test points
Done! Sampled 500 test points
Computed internal score: 3.60247390740801e-07
Computed leaf score: 2.8412368614973886e-07
Current gain: 1.0205067201059664e-08
Current score: 0.994004331639429
Current size: 27
Internal node index: 2004
Sampling 500 points
Done! Sampled 500 points
Generating internal node with number of samples 500...
Done!
Generating leaf with number of samples 500...
Done!
Current mass: 2.548269193370703e-07
Sampling 500 test points
Done! Sampled 500 test points
Computed internal score: 1.5034788240887147e-07
Computed leaf score: 1.6461818989174742e-07
Sampling 500 points
Done! Sampled 500 points
Generating internal node with number of samples 500...
Done!
Generating leaf with number of samples 500...
Done!
Current mass: 2.8125550736055035e-07
Sampling 500 test points
Done! Sampled 500 test points
Computed internal score: 2.0869158646152835e-07
Computed leaf score: 1.8506612384324212e-07
Current gain: 7.612370459106214e-08
Current score: 0.9940044077631336
Current size: 29
Internal node index: 4010
Sampling 500 points
Done! Sampled 500 points
Generating internal node with number of samples 500...
Done!
Generating leaf with number of samples 500...
Done!
Current mass: 1.8302777747806995e-07
Sampling 500 test points
Done! Sampled 500 test points
Computed internal score: 1.4459194420767526e-07
Computed leaf score: 1.4459194420767526e-07
Sampling 500 points
Done! Sampled 500 points
Generating internal node with number of samples 500...
Done!
Generating leaf with number of samples 500...
Done!
Current mass: 9.822772988248037e-08
Sampling 500 test points
Done! Sampled 500 test points
Computed internal score: 6.718776723961658e-08
Computed leaf score: 5.284651867677444e-08
Current gain: 2.362546261828623e-08
Current score: 0.9940044313885962
Current size: 31
Internal node index: 8022
Sampling 500 points
Done! Sampled 500 points
Generating internal node with number of samples 500...
Done!
Generating leaf with number of samples 500...
Done!
Current mass: 3.833173823508246e-08
Sampling 500 test points
Done! Sampled 500 test points
Computed internal score: 2.8212159341020688e-08
Computed leaf score: 2.698554371749805e-08
Sampling 500 points
Done! Sampled 500 points
Generating internal node with number of samples 500...
Done!
Generating leaf with number of samples 500...
Done!
Current mass: 5.989599164739791e-08
Sampling 500 test points
Done! Sampled 500 test points
Computed internal score: 4.2526154069652514e-08
Computed leaf score: 4.108865027011497e-08
Current gain: 1.4341248562842133e-08
Current score: 0.9940044457298447
Current size: 33
Reached maximum size, ending!
Leaf node index: 16046
Leaf node index: 16045
Leaf node index: 62
Leaf node index: 29
Leaf node index: 8021
Leaf node index: 2003
Leaf node index: 13
Leaf node index: 1002
Leaf node index: 499
Leaf node index: 4009
Leaf node index: 123
Leaf node index: 250
Leaf node index: 10
Leaf node index: 5
Leaf node index: 8
Leaf node index: 9
Leaf node index: 7
Decision tree:
(x[4] <= 5.64645791053772
    (x[6] <= 2.941272497177124
        (x[1] <= 3202.196533203125
            0
            0)
        (x[1] <= 2362.4639892578125
            0
            0))
    (x[0] <= 437350.546875
        0
        (x[7] <= 0.5031037032604218
            0
            (x[6] <= 3.5612820386886597
                0
                (x[22] <= 0.5
                    (x[5] <= 0.5041512548923492
                        0
                        (x[12] <= 29480.072265625
                            (x[12] <= 8201.702880859375
                                0
                                (x[13] <= 2817.95703125
                                    (x[13] <= 1116.9534301757812
                                        0
                                        (x[2] <= -28.498007774353027
                                            1
                                            (x[15] <= 0.5
                                                0
                                                (x[5] <= 1.5129101276397705
                                                    0
                                                    1))))
                                    1))
                            0))
                    0)))))
Node count: 33
DTExtract Relative training score: 0.927096774194
DTExtract Relative CV score: 0.996129032258
DTExtract Relative test score: 0.996138996139
DTExtract Training score: 0.927096774194
DTExtract CV score: 0.943225806452
DTExtract Test score: 0.949806949807
Training greedy decision tree, best of: 1
Done!
Node count: 33
GreedyTree Training score: 0.9438709677419355
GreedyTree CV score: 0.9251612903225807
GreedyTree Test score: 0.9266409266409267
MLP Training score: 0.9225806451612903
MLP CV score: 0.9367741935483871
MLP Test score: 0.9420849420849421
Random Forest Training score: 1.0
Random Forest CV score: 0.9419354838709677
Random Forest Test score: 0.9536679536679536
Parsing CSV...
Reading file: ../tmp/seismic-bumps.arff
Done!
Rows read: 2584
Columns: 29
Column names:
0: 3
1: 4
2: 5
3: 6
4: 8
5: 9
6: 10
7: 11
8: 12
9: 13
10: 14
11: 15
12: 16
13: 17
14: 18
15: 0_a
16: 0_b
17: 0_nan
18: 1_a
19: 1_b
20: 1_c
21: 1_nan
22: 2_N
23: 2_W
24: 2_nan
25: 7_a
26: 7_b
27: 7_c
28: 7_nan

Done!
Splitting into training and test...
Done!
Constructing data matrices...
Done!
Training random forest...
Done!
Random Forest Training score: 1.0
Random Forest CV score: 0.9535483870967741
Random Forest Test score: 0.9382239382239382
Fitting Gaussian mixture with 20 components...
Done!
Sampling 500 points
Done! Sampled 500 points
Generating internal node with number of samples 500...
Done!
Invalid internal node, node count: 1
Generating leaf with number of samples 500...
Done!
Current mass: 1.0
Sampling 500 test points
Done! Sampled 500 test points
Computed internal score: 1.0
Computed leaf score: 1.0
Internal node index: 0
No internal data!
Internal node index: 0
No internal data!
No internal nodes remaining, ending!
Leaf node index: 0
Decision tree:
0
Node count: 1
DTExtract Relative training score: 0.924516129032
DTExtract Relative CV score: 0.998709677419
DTExtract Relative test score: 0.992277992278
DTExtract Training score: 0.924516129032
DTExtract CV score: 0.954838709677
DTExtract Test score: 0.930501930502
Training greedy decision tree, best of: 1
Done!
Node count: 33
GreedyTree Training score: 0.9406451612903226
GreedyTree CV score: 0.9367741935483871
GreedyTree Test score: 0.9305019305019305
MLP Training score: 0.8348387096774194
MLP CV score: 0.8464516129032258
MLP Test score: 0.8223938223938224
Random Forest Training score: 1.0
Random Forest CV score: 0.9535483870967741
Random Forest Test score: 0.9382239382239382
Parsing CSV...
Reading file: ../tmp/seismic-bumps.arff
Done!
Rows read: 2584
Columns: 29
Column names:
0: 3
1: 4
2: 5
3: 6
4: 8
5: 9
6: 10
7: 11
8: 12
9: 13
10: 14
11: 15
12: 16
13: 17
14: 18
15: 0_a
16: 0_b
17: 0_nan
18: 1_a
19: 1_b
20: 1_c
21: 1_nan
22: 2_N
23: 2_W
24: 2_nan
25: 7_a
26: 7_b
27: 7_c
28: 7_nan

Done!
Splitting into training and test...
Done!
Constructing data matrices...
Done!
Training random forest...
Done!
Random Forest Training score: 1.0
Random Forest CV score: 0.9367741935483871
Random Forest Test score: 0.9382239382239382
Fitting Gaussian mixture with 20 components...
Done!
Sampling 500 points
Done! Sampled 500 points
Generating internal node with number of samples 500...
Done!
Generating leaf with number of samples 500...
Done!
Current mass: 0.9999999999999998
Sampling 500 test points
Done! Sampled 500 test points
Computed internal score: 0.9939999999999998
Computed leaf score: 0.9939999999999998
Internal node index: 0
Sampling 500 points
Done! Sampled 500 points
Generating internal node with number of samples 500...
Done!
Generating leaf with number of samples 500...
Done!
Current mass: 0.0006312356080453403
Sampling 500 test points
Done! Sampled 500 test points
Computed internal score: 0.0006110360685878894
Computed leaf score: 0.0006110360685878894
Sampling 500 points
Done! Sampled 500 points
Generating internal node with number of samples 500...
Done!
Generating leaf with number of samples 500...
Done!
Current mass: 0.9993687643919545
Sampling 500 test points
Done! Sampled 500 test points
Computed internal score: 0.9993687643919545
Computed leaf score: 0.9993687643919545
Current gain: 0.0
Current score: 0.9939999999999998
Current size: 3
Internal node index: 1
Sampling 500 points
Done! Sampled 500 points
Generating internal node with number of samples 500...
Done!
Generating leaf with number of samples 500...
Done!
Current mass: 6.339922712107445e-05
Sampling 500 test points
Done! Sampled 500 test points
Computed internal score: 5.16069708765546e-05
Computed leaf score: 5.16069708765546e-05
Sampling 500 points
Done! Sampled 500 points
Generating internal node with number of samples 500...
Done!
Generating leaf with number of samples 500...
Done!
Current mass: 0.0005678363809242658
Sampling 500 test points
Done! Sampled 500 test points
Computed internal score: 0.0005598866715913261
Computed leaf score: 0.0005598866715913261
Current gain: 0.0
Current score: 0.9939999999999998
Current size: 5
Internal node index: 3
Sampling 500 points
Done! Sampled 500 points
Generating internal node with number of samples 500...
Done!
Generating leaf with number of samples 500...
Done!
Current mass: 2.2796453278803547e-05
Sampling 500 test points
Done! Sampled 500 test points
Computed internal score: 2.2477302932900297e-05
Computed leaf score: 2.2614081652573118e-05
Sampling 500 points
Done! Sampled 500 points
Generating internal node with number of samples 500...
Done!
Generating leaf with number of samples 500...
Done!
Current mass: 4.0602773842270904e-05
Sampling 500 test points
Done! Sampled 500 test points
Computed internal score: 2.9883641547911385e-05
Computed leaf score: 2.8909174975696882e-05
Current gain: 0.0
Current score: 0.9939999999999998
Current size: 7
Internal node index: 8
Sampling 500 points
Done! Sampled 500 points
Generating internal node with number of samples 500...
Done!
Generating leaf with number of samples 500...
Done!
Current mass: 1.4232800293097115e-05
Sampling 500 test points
Done! Sampled 500 test points
Computed internal score: 1.0418409814547089e-05
Computed leaf score: 6.9456065430313925e-06
Sampling 500 points
Done! Sampled 500 points
Generating internal node with number of samples 500...
Done!
Generating leaf with number of samples 500...
Done!
Current mass: 2.636997354917379e-05
Sampling 500 test points
Done! Sampled 500 test points
Computed internal score: 2.262543730519111e-05
Computed leaf score: 2.2150777781305984e-05
Current gain: 9.744665722145026e-07
Current score: 0.994000974466572
Current size: 9
Internal node index: 17
Sampling 500 points
Done! Sampled 500 points
Generating internal node with number of samples 500...
Done!
Generating leaf with number of samples 500...
Done!
Current mass: 3.465752603517936e-06
Sampling 500 test points
Done! Sampled 500 test points
Computed internal score: 3.424163572275721e-06
Computed leaf score: 3.424163572275721e-06
Sampling 500 points
Done! Sampled 500 points
Generating internal node with number of samples 500...
Done!
Generating leaf with number of samples 500...
Done!
Current mass: 1.076704768957918e-05
Sampling 500 test points
Done! Sampled 500 test points
Computed internal score: 7.752274336497009e-06
Computed leaf score: 7.041649188984783e-06
Current gain: 3.4728032715156962e-06
Current score: 0.9940044472698435
Current size: 11
Internal node index: 36
Sampling 500 points
Done! Sampled 500 points
Generating internal node with number of samples 500...
Done!
Generating leaf with number of samples 500...
Done!
Current mass: 1.733003786673361e-06
Sampling 500 test points
Done! Sampled 500 test points
Computed internal score: 1.4141310899254624e-06
Computed leaf score: 1.4141310899254624e-06
Sampling 500 points
Done! Sampled 500 points
Generating internal node with number of samples 500...
Done!
Generating leaf with number of samples 500...
Done!
Current mass: 9.034043902905818e-06
Sampling 500 test points
Done! Sampled 500 test points
Computed internal score: 6.17928602958758e-06
Computed leaf score: 6.17928602958758e-06
Current gain: 7.106251475122257e-07
Current score: 0.994005157894991
Current size: 13
Internal node index: 18
Sampling 500 points
Done! Sampled 500 points
Generating internal node with number of samples 500...
Done!
Generating leaf with number of samples 500...
Done!
Current mass: 2.9309512902926267e-06
Sampling 500 test points
Done! Sampled 500 test points
Computed internal score: 2.3975181554593686e-06
Computed leaf score: 1.805465994820258e-06
Sampling 500 points
Done! Sampled 500 points
Generating internal node with number of samples 500...
Done!
Generating leaf with number of samples 500...
Done!
Current mass: 2.3439022258881164e-05
Sampling 500 test points
Done! Sampled 500 test points
Computed internal score: 2.1517022433652908e-05
Computed leaf score: 2.137638830009962e-05
Current gain: 4.7465952388512625e-07
Current score: 0.9940056325545149
Current size: 15
Internal node index: 37
Sampling 500 points
Done! Sampled 500 points
Generating internal node with number of samples 500...
Done!
Generating leaf with number of samples 500...
Done!
Current mass: 7.865579596048349e-07
Sampling 500 test points
Done! Sampled 500 test points
Computed internal score: 6.591355701488516e-07
Computed leaf score: 6.591355701488516e-07
Sampling 500 points
Done! Sampled 500 points
Generating internal node with number of samples 500...
Done!
Generating leaf with number of samples 500...
Done!
Current mass: 2.1443933306877924e-06
Sampling 500 test points
Done! Sampled 500 test points
Computed internal score: 1.921376424296262e-06
Computed leaf score: 1.7626913178253652e-06
Current gain: 5.920521606391106e-07
Current score: 0.9940062246066755
Current size: 17
Internal node index: 76
Sampling 500 points
Done! Sampled 500 points
Generating internal node with number of samples 500...
Done!
Generating leaf with number of samples 500...
Done!
Current mass: 2.003082120024146e-06
Sampling 500 test points
Done! Sampled 500 test points
Computed internal score: 1.7827430868214897e-06
Computed leaf score: 1.7827430868214897e-06
Sampling 500 points
Done! Sampled 500 points
Generating internal node with number of samples 500...
Done!
Generating leaf with number of samples 500...
Done!
Current mass: 1.4131121066364654e-07
Sampling 500 test points
Done! Sampled 500 test points
Computed internal score: 1.387676088717009e-07
Computed leaf score: 1.387676088717009e-07
Current gain: 1.5868510647089678e-07
Current score: 0.994006383291782
Current size: 19
Internal node index: 38
Sampling 500 points
Done! Sampled 500 points
Generating internal node with number of samples 500...
Done!
Generating leaf with number of samples 500...
Done!
Current mass: 7.067974095136615e-07
Sampling 500 test points
Done! Sampled 500 test points
Computed internal score: 4.608319110029073e-07
Computed leaf score: 4.608319110029073e-07
Sampling 500 points
Done! Sampled 500 points
Generating internal node with number of samples 500...
Done!
Generating leaf with number of samples 500...
Done!
Current mass: 2.27322248493675e-05
Sampling 500 test points
Done! Sampled 500 test points
Computed internal score: 2.164107805659786e-05
Computed leaf score: 2.164107805659786e-05
Current gain: 1.4063413355328702e-07
Current score: 0.9940065239259156
Current size: 21
Internal node index: 74
Sampling 500 points
Done! Sampled 500 points
Generating internal node with number of samples 500...
Done!
Generating leaf with number of samples 500...
Done!
Current mass: 3.5111028080999124e-06
Sampling 500 test points
Done! Sampled 500 test points
Computed internal score: 3.20212576098712e-06
Computed leaf score: 3.159992527289921e-06
Sampling 500 points
Done! Sampled 500 points
Generating internal node with number of samples 500...
Done!
Generating leaf with number of samples 500...
Done!
Current mass: 5.522941094805905e-06
Sampling 500 test points
Done! Sampled 500 test points
Computed internal score: 3.72246229789918e-06
Computed leaf score: 3.35794818564199e-06
Current gain: 0.0
Current score: 0.9940065239259156
Current size: 23
Internal node index: 150
Sampling 500 points
Done! Sampled 500 points
Generating internal node with number of samples 500...
Done!
Generating leaf with number of samples 500...
Done!
Current mass: 3.289594468155512e-06
Sampling 500 test points
Done! Sampled 500 test points
Computed internal score: 2.500091795798189e-06
Computed leaf score: 2.434299906435079e-06
Sampling 500 points
Done! Sampled 500 points
Generating internal node with number of samples 500...
Done!
Generating leaf with number of samples 500...
Done!
Current mass: 2.233346626650393e-06
Sampling 500 test points
Done! Sampled 500 test points
Computed internal score: 1.214940564897814e-06
Computed leaf score: 1.2194072581511147e-06
Current gain: 3.6451411225719013e-07
Current score: 0.9940068884400278
Current size: 25
Internal node index: 301
Sampling 500 points
Done! Sampled 500 points
Generating internal node with number of samples 500...
Done!
Generating leaf with number of samples 500...
Done!
Current mass: 5.509489295912644e-07
Sampling 500 test points
Done! Sampled 500 test points
Computed internal score: 3.5701490637513935e-07
Computed leaf score: 2.754744647956322e-07
Sampling 500 points
Done! Sampled 500 points
Generating internal node with number of samples 500...
Done!
Generating leaf with number of samples 500...
Done!
Current mass: 2.7386455385642465e-06
Sampling 500 test points
Done! Sampled 500 test points
Computed internal score: 2.223780177314168e-06
Computed leaf score: 2.223780177314168e-06
Current gain: 6.57918893631103e-08
Current score: 0.9940069542319172
Current size: 27
Internal node index: 603
Sampling 500 points
Done! Sampled 500 points
Generating internal node with number of samples 500...
Done!
Generating leaf with number of samples 500...
Done!
Current mass: 2.503915019714094e-07
Sampling 500 test points
Done! Sampled 500 test points
Computed internal score: 1.4172159011581772e-07
Computed leaf score: 1.642568252932446e-07
Sampling 500 points
Done! Sampled 500 points
Generating internal node with number of samples 500...
Done!
Generating leaf with number of samples 500...
Done!
Current mass: 3.005574276198549e-07
Sampling 500 test points
Done! Sampled 500 test points
Computed internal score: 2.061823953472205e-07
Computed leaf score: 1.8514337541383064e-07
Current gain: 8.154044157950716e-08
Current score: 0.9940070357723588
Current size: 29
Internal node index: 149
Sampling 500 points
Done! Sampled 500 points
Generating internal node with number of samples 500...
Done!
Generating leaf with number of samples 500...
Done!
Current mass: 3.470251735453591e-06
Sampling 500 test points
Done! Sampled 500 test points
Computed internal score: 3.1509885757918608e-06
Computed leaf score: 3.1509885757918608e-06
Sampling 500 points
Done! Sampled 500 points
Generating internal node with number of samples 500...
Done!
Generating leaf with number of samples 500...
Done!
Current mass: 4.085107264632166e-08
Sampling 500 test points
Done! Sampled 500 test points
Computed internal score: 4.0524264065151085e-08
Computed leaf score: 4.068766835573637e-08
Current gain: 4.21332336971989e-08
Current score: 0.9940070779055925
Current size: 31
Internal node index: 1208
Sampling 500 points
Done! Sampled 500 points
Generating internal node with number of samples 500...
Done!
Generating leaf with number of samples 500...
Done!
Current mass: 2.0043863601730596e-07
Sampling 500 test points
Done! Sampled 500 test points
Computed internal score: 1.53936872461291e-07
Computed leaf score: 1.53936872461291e-07
Sampling 500 points
Done! Sampled 500 points
Generating internal node with number of samples 500...
Done!
Generating leaf with number of samples 500...
Done!
Current mass: 1.0011879160254899e-07
Sampling 500 test points
Done! Sampled 500 test points
Computed internal score: 6.347531387601606e-08
Computed leaf score: 5.566604813101724e-08
Current gain: 2.103901993338986e-08
Current score: 0.9940070989446125
Current size: 33
Reached maximum size, ending!
Leaf node index: 2418
Leaf node index: 299
Leaf node index: 75
Leaf node index: 153
Leaf node index: 78
Leaf node index: 4
Leaf node index: 73
Leaf node index: 35
Leaf node index: 77
Leaf node index: 604
Leaf node index: 154
Leaf node index: 2417
Leaf node index: 2
Leaf node index: 300
Leaf node index: 302
Leaf node index: 1207
Leaf node index: 7
Decision tree:
(x[7] <= -0.119778361171484
    (x[3] <= -31.330248832702637
        (x[22] <= 0.5
            0
            (x[14] <= 0.5
                (x[5] <= 1.4932623505592346
                    0
                    (x[1] <= 1349.72607421875
                        0
                        (x[2] <= 11.94037914276123
                            (x[13] <= 33821.2763671875
                                1
                                0)
                            (x[13] <= 7987.8251953125
                                (x[1] <= 1400.1755981445312
                                    (x[6] <= 2.909270405769348
                                        0
                                        (x[13] <= 6715.238037109375
                                            1
                                            0))
                                    1)
                                0))))
                (x[2] <= -32.60981750488281
                    (x[1] <= 1374.8792724609375
                        0
                        (x[12] <= 32917.498046875
                            1
                            0))
                    (x[2] <= -25.595831871032715
                        0
                        0))))
        0)
    0)
Node count: 33
DTExtract Relative training score: 0.931612903226
DTExtract Relative CV score: 0.996129032258
DTExtract Relative test score: 1.0
DTExtract Training score: 0.931612903226
DTExtract CV score: 0.938064516129
DTExtract Test score: 0.938223938224
Training greedy decision tree, best of: 1
Done!
Node count: 33
GreedyTree Training score: 0.9464516129032258
GreedyTree CV score: 0.944516129032258
GreedyTree Test score: 0.9305019305019305
MLP Training score: 0.9309677419354838
MLP CV score: 0.9367741935483871
MLP Test score: 0.9382239382239382
Random Forest Training score: 1.0
Random Forest CV score: 0.9367741935483871
Random Forest Test score: 0.9382239382239382
Parsing CSV...
Reading file: ../tmp/seismic-bumps.arff
Done!
Rows read: 2584
Columns: 29
Column names:
0: 3
1: 4
2: 5
3: 6
4: 8
5: 9
6: 10
7: 11
8: 12
9: 13
10: 14
11: 15
12: 16
13: 17
14: 18
15: 0_a
16: 0_b
17: 0_nan
18: 1_a
19: 1_b
20: 1_c
21: 1_nan
22: 2_N
23: 2_W
24: 2_nan
25: 7_a
26: 7_b
27: 7_c
28: 7_nan

Done!
Splitting into training and test...
Done!
Constructing data matrices...
Done!
Training random forest...
Done!
Random Forest Training score: 1.0
Random Forest CV score: 0.9380645161290323
Random Forest Test score: 0.9498069498069498
Fitting Gaussian mixture with 20 components...
Done!
Sampling 500 points
Done! Sampled 500 points
Generating internal node with number of samples 500...
Done!
Invalid internal node, node count: 1
Generating leaf with number of samples 500...
Done!
Current mass: 1.0
Sampling 500 test points
Done! Sampled 500 test points
Computed internal score: 1.0
Computed leaf score: 1.0
Internal node index: 0
No internal data!
Internal node index: 0
No internal data!
No internal nodes remaining, ending!
Leaf node index: 0
Decision tree:
0
Node count: 1
DTExtract Relative training score: 0.929032258065
DTExtract Relative CV score: 0.994838709677
DTExtract Relative test score: 0.996138996139
DTExtract Training score: 0.929032258065
DTExtract CV score: 0.94064516129
DTExtract Test score: 0.945945945946
Training greedy decision tree, best of: 1
Done!
Node count: 33
GreedyTree Training score: 0.9419354838709677
GreedyTree CV score: 0.9329032258064516
GreedyTree Test score: 0.9498069498069498
MLP Training score: 0.927741935483871
MLP CV score: 0.9367741935483871
MLP Test score: 0.9459459459459459
Random Forest Training score: 1.0
Random Forest CV score: 0.9380645161290323
Random Forest Test score: 0.9498069498069498
Averaged over 10 trials: rf train score: 1.0
Averaged over 10 trials: rf cv score: 0.9380645161290323
Averaged over 10 trials: rf test score: 0.9416988416988417
Averaged over 10 trials: extracted dt train score: 0.93
Averaged over 10 trials: extracted dt cv score: 0.940516129032
Averaged over 10 trials: extracted dt test score: 0.940540540541
Averaged over 10 trials: dtExtractRelTrainScore: 0.93
Averaged over 10 trials: dtExtractRelCvScore: 0.994709677419
Averaged over 10 trials: dtExtractRelTestScore: 0.995752895753
Averaged over 10 trials: trained dt train score: 0.9452258064516128
Averaged over 10 trials: trained dt cv score: 0.9278709677419356
Averaged over 10 trials: trained dt test score: 0.930888030888031
Averaged over 10 trials: mlp train score: 0.8418709677419354
Averaged over 10 trials: mlp cv score: 0.8490322580645161
Averaged over 10 trials: mlp test score: 0.8517374517374519
