Parsing CSV...
Reading file: ../tmp/SPECTF.train
Done!
Rows read: 80
Columns: 45
Column names:
0: 0
1: 1
2: 2
3: 3
4: 4
5: 5
6: 6
7: 7
8: 8
9: 9
10: 10
11: 11
12: 12
13: 13
14: 14
15: 15
16: 16
17: 17
18: 18
19: 19
20: 20
21: 21
22: 22
23: 23
24: 24
25: 25
26: 26
27: 27
28: 28
29: 29
30: 30
31: 31
32: 32
33: 33
34: 34
35: 35
36: 36
37: 37
38: 38
39: 39
40: 40
41: 41
42: 42
43: 43
44: 44

Done!
Splitting into training and test...
Done!
Constructing data matrices...
Done!
Training random forest...
Done!
Random Forest Training score: 1.0
Random Forest CV score: 0.75
Random Forest Test score: 1.0
Fitting Gaussian mixture with 20 components...
Done!
Sampling 500 points
Done! Sampled 500 points
Generating internal node with number of samples 500...
Done!
Generating leaf with number of samples 500...
Done!
Current mass: 1.0
Sampling 500 test points
Done! Sampled 500 test points
Computed internal score: 0.742
Computed leaf score: 0.52
Internal node index: 0
Sampling 500 points
Done! Sampled 500 points
Generating internal node with number of samples 500...
Done!
Generating leaf with number of samples 500...
Done!
Current mass: 0.3449490728294972
Sampling 500 test points
Done! Sampled 500 test points
Computed internal score: 0.28078854528321073
Computed leaf score: 0.28078854528321073
Sampling 500 points
Done! Sampled 500 points
Generating internal node with number of samples 500...
Done!
Generating leaf with number of samples 500...
Done!
Current mass: 0.6550509271705028
Sampling 500 test points
Done! Sampled 500 test points
Computed internal score: 0.5463124732601994
Computed leaf score: 0.4519851397476469
Current gain: 0.22199999999999998
Current score: 0.742
Current size: 3
Internal node index: 2
Sampling 500 points
Done! Sampled 500 points
Generating internal node with number of samples 500...
Done!
Generating leaf with number of samples 500...
Done!
Current mass: 0.18201490860880498
Sampling 500 test points
Done! Sampled 500 test points
Computed internal score: 0.14342774798373834
Computed leaf score: 0.13287088328442764
Sampling 500 points
Done! Sampled 500 points
Generating internal node with number of samples 500...
Done!
Generating leaf with number of samples 500...
Done!
Current mass: 0.4730360185616979
Sampling 500 test points
Done! Sampled 500 test points
Computed internal score: 0.42478634466840476
Computed leaf score: 0.41721776837141755
Current gain: 0.09432733351255246
Current score: 0.8363273335125525
Current size: 5
Internal node index: 5
Sampling 500 points
Done! Sampled 500 points
Generating internal node with number of samples 500...
Done!
Generating leaf with number of samples 500...
Done!
Current mass: 0.1233528633981839
Sampling 500 test points
Done! Sampled 500 test points
Computed internal score: 0.11077087133156914
Computed leaf score: 0.11003075415118004
Sampling 500 points
Done! Sampled 500 points
Generating internal node with number of samples 500...
Done!
Generating leaf with number of samples 500...
Done!
Current mass: 0.0586620452106211
Sampling 500 test points
Done! Sampled 500 test points
Computed internal score: 0.03989019074322235
Computed leaf score: 0.03601849575932135
Current gain: 0.010556864699310692
Current score: 0.8468841982118632
Current size: 7
Internal node index: 6
Sampling 500 points
Done! Sampled 500 points
Generating internal node with number of samples 500...
Done!
Generating leaf with number of samples 500...
Done!
Current mass: 0.0340504816807178
Sampling 500 test points
Done! Sampled 500 test points
Computed internal score: 0.02819379883163434
Computed leaf score: 0.025061154517008303
Sampling 500 points
Done! Sampled 500 points
Generating internal node with number of samples 500...
Done!
Generating leaf with number of samples 500...
Done!
Current mass: 0.43898553688098013
Sampling 500 test points
Done! Sampled 500 test points
Computed internal score: 0.39684292534040605
Computed leaf score: 0.4047446650042637
Current gain: 0.007568576296987206
Current score: 0.8544527745088504
Current size: 9
Internal node index: 12
Sampling 500 points
Done! Sampled 500 points
Generating internal node with number of samples 500...
Done!
Generating leaf with number of samples 500...
Done!
Current mass: 0.006235991928938384
Sampling 500 test points
Done! Sampled 500 test points
Computed internal score: 0.0055500328167551625
Computed leaf score: 0.0055500328167551625
Sampling 500 points
Done! Sampled 500 points
Generating internal node with number of samples 500...
Done!
Generating leaf with number of samples 500...
Done!
Current mass: 0.05242605328168272
Sampling 500 test points
Done! Sampled 500 test points
Computed internal score: 0.037012793616867996
Computed leaf score: 0.033552674100276944
Current gain: 0.0038716949839009973
Current score: 0.8583244694927514
Current size: 11
Internal node index: 26
Sampling 500 points
Done! Sampled 500 points
Generating internal node with number of samples 500...
Done!
Generating leaf with number of samples 500...
Done!
Current mass: 0.016382065270193365
Sampling 500 test points
Done! Sampled 500 test points
Computed internal score: 0.010812163078327622
Computed leaf score: 0.009337777204010217
Sampling 500 points
Done! Sampled 500 points
Generating internal node with number of samples 500...
Done!
Generating leaf with number of samples 500...
Done!
Current mass: 0.03604398801148935
Sampling 500 test points
Done! Sampled 500 test points
Computed internal score: 0.028474750529076588
Computed leaf score: 0.026816727080548077
Current gain: 0.0034601195165910523
Current score: 0.8617845890093425
Current size: 13
Internal node index: 13
Sampling 500 points
Done! Sampled 500 points
Generating internal node with number of samples 500...
Done!
Generating leaf with number of samples 500...
Done!
Current mass: 0.020449958439712417
Sampling 500 test points
Done! Sampled 500 test points
Computed internal score: 0.020040959270918167
Computed leaf score: 0.020081859187797594
Sampling 500 points
Done! Sampled 500 points
Generating internal node with number of samples 500...
Done!
Generating leaf with number of samples 500...
Done!
Current mass: 0.013600523241005382
Sampling 500 test points
Done! Sampled 500 test points
Computed internal score: 0.010173191384272025
Computed leaf score: 0.008595530688315402
Current gain: 0.0031326443146260374
Current score: 0.8649172333239685
Current size: 15
Internal node index: 54
Sampling 500 points
Done! Sampled 500 points
Generating internal node with number of samples 500...
Done!
Generating leaf with number of samples 500...
Done!
