Parsing CSV...
Reading file: ../tmp/data_banknote_authentication.txt
Done!
Rows read: 1372
Columns: 5
Column names:
0: 0
1: 1
2: 2
3: 3
4: 4

Done!
Splitting into training and test...
Done!
Constructing data matrices...
Done!
Training expertsys...
Done!
sklearnTrainScore: 0.9452554744525548
sklearnCvScore: 0.9296116504854369
sklearnTestScore: 0.9130434782608695
sklearn rel mlp test: 0.9130434782608695
sklearn rel rf test: 0.927536231884058
Parsing CSV...
Reading file: ../tmp/data_banknote_authentication.txt
Done!
Rows read: 1372
Columns: 5
Column names:
0: 0
1: 1
2: 2
3: 3
4: 4

Done!
Splitting into training and test...
Done!
Constructing data matrices...
Done!
Training expertsys...
Done!
sklearnTrainScore: 0.9306569343065694
sklearnCvScore: 0.912621359223301
sklearnTestScore: 0.8768115942028986
sklearn rel mlp test: 0.8768115942028986
sklearn rel rf test: 0.8768115942028986
Parsing CSV...
Reading file: ../tmp/data_banknote_authentication.txt
Done!
Rows read: 1372
Columns: 5
Column names:
0: 0
1: 1
2: 2
3: 3
4: 4

Done!
Splitting into training and test...
Done!
Constructing data matrices...
Done!
Training expertsys...
Done!
sklearnTrainScore: 0.9391727493917275
sklearnCvScore: 0.9514563106796117
sklearnTestScore: 0.9057971014492754
sklearn rel mlp test: 0.9057971014492754
sklearn rel rf test: 0.927536231884058
Parsing CSV...
Reading file: ../tmp/data_banknote_authentication.txt
Done!
Rows read: 1372
Columns: 5
Column names:
0: 0
1: 1
2: 2
3: 3
4: 4

Done!
Splitting into training and test...
Done!
Constructing data matrices...
Done!
Training expertsys...
Done!
sklearnTrainScore: 0.9440389294403893
sklearnCvScore: 0.9029126213592233
sklearnTestScore: 0.8913043478260869
sklearn rel mlp test: 0.8913043478260869
sklearn rel rf test: 0.9057971014492754
Parsing CSV...
Reading file: ../tmp/data_banknote_authentication.txt
Done!
Rows read: 1372
Columns: 5
Column names:
0: 0
1: 1
2: 2
3: 3
4: 4

Done!
Splitting into training and test...
Done!
Constructing data matrices...
Done!
Training expertsys...
Done!
sklearnTrainScore: 0.9793187347931873
sklearnCvScore: 0.9733009708737864
sklearnTestScore: 0.9492753623188406
sklearn rel mlp test: 0.9492753623188406
sklearn rel rf test: 0.9565217391304348
Parsing CSV...
Reading file: ../tmp/data_banknote_authentication.txt
Done!
Rows read: 1372
Columns: 5
Column names:
0: 0
1: 1
2: 2
3: 3
4: 4

Done!
Splitting into training and test...
Done!
Constructing data matrices...
Done!
Training expertsys...
Done!
sklearnTrainScore: 0.9416058394160584
sklearnCvScore: 0.9393203883495146
sklearnTestScore: 0.9202898550724637
sklearn rel mlp test: 0.9202898550724637
sklearn rel rf test: 0.9347826086956522
Parsing CSV...
Reading file: ../tmp/data_banknote_authentication.txt
Done!
Rows read: 1372
Columns: 5
Column names:
0: 0
1: 1
2: 2
3: 3
4: 4

Done!
Splitting into training and test...
Done!
Constructing data matrices...
Done!
Training expertsys...
Done!
sklearnTrainScore: 0.9197080291970803
sklearnCvScore: 0.9199029126213593
sklearnTestScore: 0.9130434782608695
sklearn rel mlp test: 0.9130434782608695
sklearn rel rf test: 0.9130434782608695
Parsing CSV...
Reading file: ../tmp/data_banknote_authentication.txt
Done!
Rows read: 1372
Columns: 5
Column names:
0: 0
1: 1
2: 2
3: 3
4: 4

Done!
Splitting into training and test...
Done!
Constructing data matrices...
Done!
Training expertsys...
Done!
sklearnTrainScore: 0.9501216545012166
sklearnCvScore: 0.9174757281553398
sklearnTestScore: 0.9492753623188406
sklearn rel mlp test: 0.9492753623188406
sklearn rel rf test: 0.9492753623188406
Parsing CSV...
Reading file: ../tmp/data_banknote_authentication.txt
Done!
Rows read: 1372
Columns: 5
Column names:
0: 0
1: 1
2: 2
3: 3
4: 4

Done!
Splitting into training and test...
Done!
Constructing data matrices...
Done!
Training expertsys...
Done!
sklearnTrainScore: 0.9817518248175182
sklearnCvScore: 0.9660194174757282
sklearnTestScore: 0.9637681159420289
sklearn rel mlp test: 0.9637681159420289
sklearn rel rf test: 0.9855072463768116
Parsing CSV...
Reading file: ../tmp/data_banknote_authentication.txt
Done!
Rows read: 1372
Columns: 5
Column names:
0: 0
1: 1
2: 2
3: 3
4: 4

Done!
Splitting into training and test...
Done!
Constructing data matrices...
Done!
Training expertsys...
Done!
sklearnTrainScore: 0.9781021897810219
sklearnCvScore: 0.9587378640776699
sklearnTestScore: 0.9782608695652174
sklearn rel mlp test: 0.9782608695652174
sklearn rel rf test: 0.9782608695652174
Averaged over 10 trials: expertsys train score: 0.9509732360097324
Averaged over 10 trials: expertsys cv score: 0.937135922330097
Averaged over 10 trials: expertsys test score:0.9260869565217391
Averaged over 10 trials: expertsys relative mlp test score: 0.9260869565217391
Averaged over 10 trials: expertsys relative rf test score: 0.9355072463768115
