Parsing CSV...
Reading file: ../tmp/transfusion.data
Done!
Rows read: 748
Columns: 5
Column names:
0: 0
1: 1
2: 2
3: 3
4: 4

Done!
Splitting into training and test...
Done!
Constructing data matrices...
Done!
Training expertsys...
Done!
sklearnTrainScore: 0.7633928571428571
sklearnCvScore: 0.7422222222222222
sklearnTestScore: 0.8133333333333334
sklearn rel mlp test: 0.9733333333333334
sklearn rel rf test: 0.8533333333333334
Parsing CSV...
Reading file: ../tmp/transfusion.data
Done!
Rows read: 748
Columns: 5
Column names:
0: 0
1: 1
2: 2
3: 3
4: 4

Done!
Splitting into training and test...
Done!
Constructing data matrices...
Done!
Training expertsys...
Done!
sklearnTrainScore: 0.7611607142857143
sklearnCvScore: 0.7733333333333333
sklearnTestScore: 0.7333333333333333
sklearn rel mlp test: 0.96
sklearn rel rf test: 0.8
Parsing CSV...
Reading file: ../tmp/transfusion.data
Done!
Rows read: 748
Columns: 5
Column names:
0: 0
1: 1
2: 2
3: 3
4: 4

Done!
Splitting into training and test...
Done!
Constructing data matrices...
Done!
Training expertsys...
Done!
sklearnTrainScore: 0.7723214285714286
sklearnCvScore: 0.76
sklearnTestScore: 0.7066666666666667
sklearn rel mlp test: 0.9466666666666667
sklearn rel rf test: 0.8266666666666667
Parsing CSV...
Reading file: ../tmp/transfusion.data
Done!
Rows read: 748
Columns: 5
Column names:
0: 0
1: 1
2: 2
3: 3
4: 4

Done!
Splitting into training and test...
Done!
Constructing data matrices...
Done!
Training expertsys...
Done!
sklearnTrainScore: 0.7700892857142857
sklearnCvScore: 0.7555555555555555
sklearnTestScore: 0.7333333333333333
sklearn rel mlp test: 0.9333333333333333
sklearn rel rf test: 0.76
Parsing CSV...
Reading file: ../tmp/transfusion.data
Done!
Rows read: 748
Columns: 5
Column names:
0: 0
1: 1
2: 2
3: 3
4: 4

Done!
Splitting into training and test...
Done!
Constructing data matrices...
Done!
Training expertsys...
Done!
sklearnTrainScore: 0.7566964285714286
sklearnCvScore: 0.7777777777777778
sklearnTestScore: 0.7466666666666667
sklearn rel mlp test: 0.9466666666666667
sklearn rel rf test: 0.7066666666666667
Parsing CSV...
Reading file: ../tmp/transfusion.data
Done!
Rows read: 748
Columns: 5
Column names:
0: 0
1: 1
2: 2
3: 3
4: 4

Done!
Splitting into training and test...
Done!
Constructing data matrices...
Done!
Training expertsys...
Done!
sklearnTrainScore: 0.75
sklearnCvScore: 0.7777777777777778
sklearnTestScore: 0.7866666666666666
sklearn rel mlp test: 0.9333333333333333
sklearn rel rf test: 0.72
Parsing CSV...
Reading file: ../tmp/transfusion.data
Done!
Rows read: 748
Columns: 5
Column names:
0: 0
1: 1
2: 2
3: 3
4: 4

Done!
Splitting into training and test...
Done!
Constructing data matrices...
Done!
Training expertsys...
Done!
sklearnTrainScore: 0.7924107142857143
sklearnCvScore: 0.7155555555555555
sklearnTestScore: 0.72
sklearn rel mlp test: 0.9066666666666666
sklearn rel rf test: 0.88
Parsing CSV...
Reading file: ../tmp/transfusion.data
Done!
Rows read: 748
Columns: 5
Column names:
0: 0
1: 1
2: 2
3: 3
4: 4

Done!
Splitting into training and test...
Done!
Constructing data matrices...
Done!
Training expertsys...
Done!
sklearnTrainScore: 0.765625
sklearnCvScore: 0.7333333333333333
sklearnTestScore: 0.8266666666666667
sklearn rel mlp test: 0.92
sklearn rel rf test: 0.8133333333333334
Parsing CSV...
Reading file: ../tmp/transfusion.data
Done!
Rows read: 748
Columns: 5
Column names:
0: 0
1: 1
2: 2
3: 3
4: 4

Done!
Splitting into training and test...
Done!
Constructing data matrices...
Done!
Training expertsys...
Done!
sklearnTrainScore: 0.7611607142857143
sklearnCvScore: 0.7866666666666666
sklearnTestScore: 0.6933333333333334
sklearn rel mlp test: 1.0
sklearn rel rf test: 0.6933333333333334
Parsing CSV...
Reading file: ../tmp/transfusion.data
Done!
Rows read: 748
Columns: 5
Column names:
0: 0
1: 1
2: 2
3: 3
4: 4

Done!
Splitting into training and test...
Done!
Constructing data matrices...
Done!
Training expertsys...
Done!
sklearnTrainScore: 0.7544642857142857
sklearnCvScore: 0.7911111111111111
sklearnTestScore: 0.72
sklearn rel mlp test: 1.0
sklearn rel rf test: 0.7866666666666666
Averaged over 10 trials: expertsys train score: 0.7647321428571429
Averaged over 10 trials: expertsys cv score: 0.7613333333333334
Averaged over 10 trials: expertsys test score:0.748
Averaged over 10 trials: expertsys relative mlp test score: 0.952
Averaged over 10 trials: expertsys relative rf test score: 0.784
