Parsing CSV...
Reading file: ../tmp/pop_failures.dat
Done!
Rows read: 540
Columns: 19
Column names:
0: 0
1: 1
2: 2
3: 3
4: 4
5: 5
6: 6
7: 7
8: 8
9: 9
10: 10
11: 11
12: 12
13: 13
14: 14
15: 15
16: 16
17: 17
18: 18

Done!
Splitting into training and test...
Done!
Constructing data matrices...
Done!
Training expertsys...
Done!
sklearnTrainScore: 0.9442724458204335
sklearnCvScore: 0.9320987654320988
sklearnTestScore: 0.8909090909090909
sklearn rel mlp test: 0.8909090909090909
sklearn rel rf test: 0.9272727272727272
Parsing CSV...
Reading file: ../tmp/pop_failures.dat
Done!
Rows read: 540
Columns: 19
Column names:
0: 0
1: 1
2: 2
3: 3
4: 4
5: 5
6: 6
7: 7
8: 8
9: 9
10: 10
11: 11
12: 12
13: 13
14: 14
15: 15
16: 16
17: 17
18: 18

Done!
Splitting into training and test...
Done!
Constructing data matrices...
Done!
Training expertsys...
Done!
sklearnTrainScore: 0.9504643962848297
sklearnCvScore: 0.9012345679012346
sklearnTestScore: 0.9272727272727272
sklearn rel mlp test: 0.9636363636363636
sklearn rel rf test: 0.9090909090909091
Parsing CSV...
Reading file: ../tmp/pop_failures.dat
Done!
Rows read: 540
Columns: 19
Column names:
0: 0
1: 1
2: 2
3: 3
4: 4
5: 5
6: 6
7: 7
8: 8
9: 9
10: 10
11: 11
12: 12
13: 13
14: 14
15: 15
16: 16
17: 17
18: 18

Done!
Splitting into training and test...
Done!
Constructing data matrices...
Done!
Training expertsys...
Done!
sklearnTrainScore: 0.9535603715170279
sklearnCvScore: 0.9135802469135802
sklearnTestScore: 0.8909090909090909
sklearn rel mlp test: 0.8909090909090909
sklearn rel rf test: 0.9090909090909091
Parsing CSV...
Reading file: ../tmp/pop_failures.dat
Done!
Rows read: 540
Columns: 19
Column names:
0: 0
1: 1
2: 2
3: 3
4: 4
5: 5
6: 6
7: 7
8: 8
9: 9
10: 10
11: 11
12: 12
13: 13
14: 14
15: 15
16: 16
17: 17
18: 18

Done!
Splitting into training and test...
Done!
Constructing data matrices...
Done!
Training expertsys...
Done!
sklearnTrainScore: 0.9164086687306502
sklearnCvScore: 0.8950617283950617
sklearnTestScore: 0.9636363636363636
sklearn rel mlp test: 0.9636363636363636
sklearn rel rf test: 1.0
Parsing CSV...
Reading file: ../tmp/pop_failures.dat
Done!
Rows read: 540
Columns: 19
Column names:
0: 0
1: 1
2: 2
3: 3
4: 4
5: 5
6: 6
7: 7
8: 8
9: 9
10: 10
11: 11
12: 12
13: 13
14: 14
15: 15
16: 16
17: 17
18: 18

Done!
Splitting into training and test...
Done!
Constructing data matrices...
Done!
Training expertsys...
Done!
sklearnTrainScore: 0.9287925696594427
sklearnCvScore: 0.8950617283950617
sklearnTestScore: 0.8727272727272727
sklearn rel mlp test: 0.8909090909090909
sklearn rel rf test: 0.9090909090909091
Parsing CSV...
Reading file: ../tmp/pop_failures.dat
Done!
Rows read: 540
Columns: 19
Column names:
0: 0
1: 1
2: 2
3: 3
4: 4
5: 5
6: 6
7: 7
8: 8
9: 9
10: 10
11: 11
12: 12
13: 13
14: 14
15: 15
16: 16
17: 17
18: 18

Done!
Splitting into training and test...
Done!
Constructing data matrices...
Done!
Training expertsys...
Done!
sklearnTrainScore: 0.934984520123839
sklearnCvScore: 0.9259259259259259
sklearnTestScore: 0.9454545454545454
sklearn rel mlp test: 0.8909090909090909
sklearn rel rf test: 0.8727272727272727
Parsing CSV...
Reading file: ../tmp/pop_failures.dat
Done!
Rows read: 540
Columns: 19
Column names:
0: 0
1: 1
2: 2
3: 3
4: 4
5: 5
6: 6
7: 7
8: 8
9: 9
10: 10
11: 11
12: 12
13: 13
14: 14
15: 15
16: 16
17: 17
18: 18

Done!
Splitting into training and test...
Done!
Constructing data matrices...
Done!
Training expertsys...
Done!
sklearnTrainScore: 0.9504643962848297
sklearnCvScore: 0.9259259259259259
sklearnTestScore: 0.8727272727272727
sklearn rel mlp test: 0.9090909090909091
sklearn rel rf test: 0.8727272727272727
Parsing CSV...
Reading file: ../tmp/pop_failures.dat
Done!
Rows read: 540
Columns: 19
Column names:
0: 0
1: 1
2: 2
3: 3
4: 4
5: 5
6: 6
7: 7
8: 8
9: 9
10: 10
11: 11
12: 12
13: 13
14: 14
15: 15
16: 16
17: 17
18: 18

Done!
Splitting into training and test...
Done!
Constructing data matrices...
Done!
Training expertsys...
Done!
sklearnTrainScore: 0.9597523219814241
sklearnCvScore: 0.9567901234567902
sklearnTestScore: 0.9454545454545454
sklearn rel mlp test: 0.9454545454545454
sklearn rel rf test: 0.9636363636363636
Parsing CSV...
Reading file: ../tmp/pop_failures.dat
Done!
Rows read: 540
Columns: 19
Column names:
0: 0
1: 1
2: 2
3: 3
4: 4
5: 5
6: 6
7: 7
8: 8
9: 9
10: 10
11: 11
12: 12
13: 13
14: 14
15: 15
16: 16
17: 17
18: 18

Done!
Splitting into training and test...
Done!
Constructing data matrices...
Done!
Training expertsys...
Done!
sklearnTrainScore: 0.9473684210526315
sklearnCvScore: 0.8950617283950617
sklearnTestScore: 0.9636363636363636
sklearn rel mlp test: 0.9272727272727272
sklearn rel rf test: 0.9272727272727272
Parsing CSV...
Reading file: ../tmp/pop_failures.dat
Done!
Rows read: 540
Columns: 19
Column names:
0: 0
1: 1
2: 2
3: 3
4: 4
5: 5
6: 6
7: 7
8: 8
9: 9
10: 10
11: 11
12: 12
13: 13
14: 14
15: 15
16: 16
17: 17
18: 18

Done!
Splitting into training and test...
Done!
Constructing data matrices...
Done!
Training expertsys...
Done!
sklearnTrainScore: 0.9566563467492261
sklearnCvScore: 0.9074074074074074
sklearnTestScore: 0.8363636363636363
sklearn rel mlp test: 0.8545454545454545
sklearn rel rf test: 0.9818181818181818
Averaged over 10 trials: expertsys train score: 0.9442724458204335
Averaged over 10 trials: expertsys cv score: 0.9148148148148149
Averaged over 10 trials: expertsys test score:0.9109090909090909
Averaged over 10 trials: expertsys relative mlp test score: 0.9127272727272725
Averaged over 10 trials: expertsys relative rf test score: 0.9272727272727274
