Parsing CSV...
Reading file: ../tmp/crx.data
Done!
Rows read: 690
Columns: 56
Column names:
0: 1
1: 2
2: 7
3: 10
4: 13
5: 14
6: 15
7: 0_a
8: 0_b
9: 0_nan
10: 3_l
11: 3_u
12: 3_y
13: 3_nan
14: 4_g
15: 4_gg
16: 4_p
17: 4_nan
18: 5_aa
19: 5_c
20: 5_cc
21: 5_d
22: 5_e
23: 5_ff
24: 5_i
25: 5_j
26: 5_k
27: 5_m
28: 5_q
29: 5_r
30: 5_w
31: 5_x
32: 5_nan
33: 6_bb
34: 6_dd
35: 6_ff
36: 6_h
37: 6_j
38: 6_n
39: 6_o
40: 6_v
41: 6_z
42: 6_nan
43: 8_f
44: 8_t
45: 8_nan
46: 9_f
47: 9_t
48: 9_nan
49: 11_f
50: 11_t
51: 11_nan
52: 12_g
53: 12_p
54: 12_s
55: 12_nan

Done!
Splitting into training and test...
Done!
Constructing data matrices...
Done!
Training expertsys...
Done!
sklearnTrainScore: 0.864406779661017
sklearnCvScore: 0.855072463768116
sklearnTestScore: 0.8571428571428571
sklearn rel mlp test: 0.8
sklearn rel rf test: 0.9142857142857143
Parsing CSV...
Reading file: ../tmp/crx.data
Done!
Rows read: 690
Columns: 56
Column names:
0: 1
1: 2
2: 7
3: 10
4: 13
5: 14
6: 15
7: 0_a
8: 0_b
9: 0_nan
10: 3_l
11: 3_u
12: 3_y
13: 3_nan
14: 4_g
15: 4_gg
16: 4_p
17: 4_nan
18: 5_aa
19: 5_c
20: 5_cc
21: 5_d
22: 5_e
23: 5_ff
24: 5_i
25: 5_j
26: 5_k
27: 5_m
28: 5_q
29: 5_r
30: 5_w
31: 5_x
32: 5_nan
33: 6_bb
34: 6_dd
35: 6_ff
36: 6_h
37: 6_j
38: 6_n
39: 6_o
40: 6_v
41: 6_z
42: 6_nan
43: 8_f
44: 8_t
45: 8_nan
46: 9_f
47: 9_t
48: 9_nan
49: 11_f
50: 11_t
51: 11_nan
52: 12_g
53: 12_p
54: 12_s
55: 12_nan

Done!
Splitting into training and test...
Done!
Constructing data matrices...
Done!
Training expertsys...
Done!
sklearnTrainScore: 0.8886198547215496
sklearnCvScore: 0.855072463768116
sklearnTestScore: 0.8714285714285714
sklearn rel mlp test: 0.8428571428571429
sklearn rel rf test: 0.9571428571428572
Parsing CSV...
Reading file: ../tmp/crx.data
Done!
Rows read: 690
Columns: 56
Column names:
0: 1
1: 2
2: 7
3: 10
4: 13
5: 14
6: 15
7: 0_a
8: 0_b
9: 0_nan
10: 3_l
11: 3_u
12: 3_y
13: 3_nan
14: 4_g
15: 4_gg
16: 4_p
17: 4_nan
18: 5_aa
19: 5_c
20: 5_cc
21: 5_d
22: 5_e
23: 5_ff
24: 5_i
25: 5_j
26: 5_k
27: 5_m
28: 5_q
29: 5_r
30: 5_w
31: 5_x
32: 5_nan
33: 6_bb
34: 6_dd
35: 6_ff
36: 6_h
37: 6_j
38: 6_n
39: 6_o
40: 6_v
41: 6_z
42: 6_nan
43: 8_f
44: 8_t
45: 8_nan
46: 9_f
47: 9_t
48: 9_nan
49: 11_f
50: 11_t
51: 11_nan
52: 12_g
53: 12_p
54: 12_s
55: 12_nan

Done!
Splitting into training and test...
Done!
Constructing data matrices...
Done!
Training expertsys...
Done!
sklearnTrainScore: 0.87409200968523
sklearnCvScore: 0.8454106280193237
sklearnTestScore: 0.8428571428571429
sklearn rel mlp test: 0.8571428571428571
sklearn rel rf test: 0.9142857142857143
Parsing CSV...
Reading file: ../tmp/crx.data
Done!
Rows read: 690
Columns: 56
Column names:
0: 1
1: 2
2: 7
3: 10
4: 13
5: 14
6: 15
7: 0_a
8: 0_b
9: 0_nan
10: 3_l
11: 3_u
12: 3_y
13: 3_nan
14: 4_g
15: 4_gg
16: 4_p
17: 4_nan
18: 5_aa
19: 5_c
20: 5_cc
21: 5_d
22: 5_e
23: 5_ff
24: 5_i
25: 5_j
26: 5_k
27: 5_m
28: 5_q
29: 5_r
30: 5_w
31: 5_x
32: 5_nan
33: 6_bb
34: 6_dd
35: 6_ff
36: 6_h
37: 6_j
38: 6_n
39: 6_o
40: 6_v
41: 6_z
42: 6_nan
43: 8_f
44: 8_t
45: 8_nan
46: 9_f
47: 9_t
48: 9_nan
49: 11_f
50: 11_t
51: 11_nan
52: 12_g
53: 12_p
54: 12_s
55: 12_nan

Done!
Splitting into training and test...
Done!
Constructing data matrices...
Done!
Training expertsys...
Done!
sklearnTrainScore: 0.8983050847457628
sklearnCvScore: 0.8067632850241546
sklearnTestScore: 0.9142857142857143
sklearn rel mlp test: 0.8
sklearn rel rf test: 0.9571428571428572
Parsing CSV...
Reading file: ../tmp/crx.data
Done!
Rows read: 690
Columns: 56
Column names:
0: 1
1: 2
2: 7
3: 10
4: 13
5: 14
6: 15
7: 0_a
8: 0_b
9: 0_nan
10: 3_l
11: 3_u
12: 3_y
13: 3_nan
14: 4_g
15: 4_gg
16: 4_p
17: 4_nan
18: 5_aa
19: 5_c
20: 5_cc
21: 5_d
22: 5_e
23: 5_ff
24: 5_i
25: 5_j
26: 5_k
27: 5_m
28: 5_q
29: 5_r
30: 5_w
31: 5_x
32: 5_nan
33: 6_bb
34: 6_dd
35: 6_ff
36: 6_h
37: 6_j
38: 6_n
39: 6_o
40: 6_v
41: 6_z
42: 6_nan
43: 8_f
44: 8_t
45: 8_nan
46: 9_f
47: 9_t
48: 9_nan
49: 11_f
50: 11_t
51: 11_nan
52: 12_g
53: 12_p
54: 12_s
55: 12_nan

Done!
Splitting into training and test...
Done!
Constructing data matrices...
Done!
Training expertsys...
Done!
sklearnTrainScore: 0.8958837772397095
sklearnCvScore: 0.8647342995169082
sklearnTestScore: 0.8428571428571429
sklearn rel mlp test: 0.8285714285714286
sklearn rel rf test: 0.9142857142857143
Parsing CSV...
Reading file: ../tmp/crx.data
Done!
Rows read: 690
Columns: 56
Column names:
0: 1
1: 2
2: 7
3: 10
4: 13
5: 14
6: 15
7: 0_a
8: 0_b
9: 0_nan
10: 3_l
11: 3_u
12: 3_y
13: 3_nan
14: 4_g
15: 4_gg
16: 4_p
17: 4_nan
18: 5_aa
19: 5_c
20: 5_cc
21: 5_d
22: 5_e
23: 5_ff
24: 5_i
25: 5_j
26: 5_k
27: 5_m
28: 5_q
29: 5_r
30: 5_w
31: 5_x
32: 5_nan
33: 6_bb
34: 6_dd
35: 6_ff
36: 6_h
37: 6_j
38: 6_n
39: 6_o
40: 6_v
41: 6_z
42: 6_nan
43: 8_f
44: 8_t
45: 8_nan
46: 9_f
47: 9_t
48: 9_nan
49: 11_f
50: 11_t
51: 11_nan
52: 12_g
53: 12_p
54: 12_s
55: 12_nan

Done!
Splitting into training and test...
Done!
Constructing data matrices...
Done!
Training expertsys...
Done!
sklearnTrainScore: 0.847457627118644
sklearnCvScore: 0.8695652173913043
sklearnTestScore: 0.8571428571428571
sklearn rel mlp test: 0.7142857142857143
sklearn rel rf test: 0.9
Parsing CSV...
Reading file: ../tmp/crx.data
Done!
Rows read: 690
Columns: 56
Column names:
0: 1
1: 2
2: 7
3: 10
4: 13
5: 14
6: 15
7: 0_a
8: 0_b
9: 0_nan
10: 3_l
11: 3_u
12: 3_y
13: 3_nan
14: 4_g
15: 4_gg
16: 4_p
17: 4_nan
18: 5_aa
19: 5_c
20: 5_cc
21: 5_d
22: 5_e
23: 5_ff
24: 5_i
25: 5_j
26: 5_k
27: 5_m
28: 5_q
29: 5_r
30: 5_w
31: 5_x
32: 5_nan
33: 6_bb
34: 6_dd
35: 6_ff
36: 6_h
37: 6_j
38: 6_n
39: 6_o
40: 6_v
41: 6_z
42: 6_nan
43: 8_f
44: 8_t
45: 8_nan
46: 9_f
47: 9_t
48: 9_nan
49: 11_f
50: 11_t
51: 11_nan
52: 12_g
53: 12_p
54: 12_s
55: 12_nan

Done!
Splitting into training and test...
Done!
Constructing data matrices...
Done!
Training expertsys...
Done!
sklearnTrainScore: 0.8716707021791767
sklearnCvScore: 0.8599033816425121
sklearnTestScore: 0.8714285714285714
sklearn rel mlp test: 0.7857142857142857
sklearn rel rf test: 0.9571428571428572
Parsing CSV...
Reading file: ../tmp/crx.data
Done!
Rows read: 690
Columns: 56
Column names:
0: 1
1: 2
2: 7
3: 10
4: 13
5: 14
6: 15
7: 0_a
8: 0_b
9: 0_nan
10: 3_l
11: 3_u
12: 3_y
13: 3_nan
14: 4_g
15: 4_gg
16: 4_p
17: 4_nan
18: 5_aa
19: 5_c
20: 5_cc
21: 5_d
22: 5_e
23: 5_ff
24: 5_i
25: 5_j
26: 5_k
27: 5_m
28: 5_q
29: 5_r
30: 5_w
31: 5_x
32: 5_nan
33: 6_bb
34: 6_dd
35: 6_ff
36: 6_h
37: 6_j
38: 6_n
39: 6_o
40: 6_v
41: 6_z
42: 6_nan
43: 8_f
44: 8_t
45: 8_nan
46: 9_f
47: 9_t
48: 9_nan
49: 11_f
50: 11_t
51: 11_nan
52: 12_g
53: 12_p
54: 12_s
55: 12_nan

Done!
Splitting into training and test...
Done!
Constructing data matrices...
Done!
Training expertsys...
Done!
sklearnTrainScore: 0.8789346246973365
sklearnCvScore: 0.8502415458937198
sklearnTestScore: 0.8428571428571429
sklearn rel mlp test: 0.8142857142857143
sklearn rel rf test: 0.9142857142857143
Parsing CSV...
Reading file: ../tmp/crx.data
Done!
Rows read: 690
Columns: 56
Column names:
0: 1
1: 2
2: 7
3: 10
4: 13
5: 14
6: 15
7: 0_a
8: 0_b
9: 0_nan
10: 3_l
11: 3_u
12: 3_y
13: 3_nan
14: 4_g
15: 4_gg
16: 4_p
17: 4_nan
18: 5_aa
19: 5_c
20: 5_cc
21: 5_d
22: 5_e
23: 5_ff
24: 5_i
25: 5_j
26: 5_k
27: 5_m
28: 5_q
29: 5_r
30: 5_w
31: 5_x
32: 5_nan
33: 6_bb
34: 6_dd
35: 6_ff
36: 6_h
37: 6_j
38: 6_n
39: 6_o
40: 6_v
41: 6_z
42: 6_nan
43: 8_f
44: 8_t
45: 8_nan
46: 9_f
47: 9_t
48: 9_nan
49: 11_f
50: 11_t
51: 11_nan
52: 12_g
53: 12_p
54: 12_s
55: 12_nan

Done!
Splitting into training and test...
Done!
Constructing data matrices...
Done!
Training expertsys...
Done!
sklearnTrainScore: 0.864406779661017
sklearnCvScore: 0.8405797101449275
sklearnTestScore: 0.8428571428571429
sklearn rel mlp test: 0.7857142857142857
sklearn rel rf test: 0.9571428571428572
Parsing CSV...
Reading file: ../tmp/crx.data
Done!
Rows read: 690
Columns: 56
Column names:
0: 1
1: 2
2: 7
3: 10
4: 13
5: 14
6: 15
7: 0_a
8: 0_b
9: 0_nan
10: 3_l
11: 3_u
12: 3_y
13: 3_nan
14: 4_g
15: 4_gg
16: 4_p
17: 4_nan
18: 5_aa
19: 5_c
20: 5_cc
21: 5_d
22: 5_e
23: 5_ff
24: 5_i
25: 5_j
26: 5_k
27: 5_m
28: 5_q
29: 5_r
30: 5_w
31: 5_x
32: 5_nan
33: 6_bb
34: 6_dd
35: 6_ff
36: 6_h
37: 6_j
38: 6_n
39: 6_o
40: 6_v
41: 6_z
42: 6_nan
43: 8_f
44: 8_t
45: 8_nan
46: 9_f
47: 9_t
48: 9_nan
49: 11_f
50: 11_t
51: 11_nan
52: 12_g
53: 12_p
54: 12_s
55: 12_nan

Done!
Splitting into training and test...
Done!
Constructing data matrices...
Done!
Training expertsys...
Done!
sklearnTrainScore: 0.8547215496368039
sklearnCvScore: 0.8695652173913043
sklearnTestScore: 0.8714285714285714
sklearn rel mlp test: 0.6714285714285714
sklearn rel rf test: 0.9
Averaged over 10 trials: expertsys train score: 0.8738498789346247
Averaged over 10 trials: expertsys cv score: 0.8516908212560388
Averaged over 10 trials: expertsys test score:0.8614285714285714
Averaged over 10 trials: expertsys relative mlp test score: 0.7899999999999999
Averaged over 10 trials: expertsys relative rf test score: 0.9285714285714286
