Parsing CSV...
Reading file: ../tmp/haberman.data
Done!
Rows read: 306
Columns: 4
Column names:
0: 0
1: 1
2: 2
3: 3

Done!
Splitting into training and test...
Done!
Constructing data matrices...
Done!
Training expertsys...
Done!
sklearnTrainScore: 0.25136612021857924
sklearnCvScore: 0.2608695652173913
sklearnTestScore: 0.3548387096774194
sklearn rel mlp test: 0.16129032258064516
sklearn rel rf test: 0.22580645161290322
Parsing CSV...
Reading file: ../tmp/haberman.data
Done!
Rows read: 306
Columns: 4
Column names:
0: 0
1: 1
2: 2
3: 3

Done!
Splitting into training and test...
Done!
Constructing data matrices...
Done!
Training expertsys...
Done!
sklearnTrainScore: 0.22950819672131148
sklearnCvScore: 0.32608695652173914
sklearnTestScore: 0.2903225806451613
sklearn rel mlp test: 0.0967741935483871
sklearn rel rf test: 0.16129032258064516
Parsing CSV...
Reading file: ../tmp/haberman.data
Done!
Rows read: 306
Columns: 4
Column names:
0: 0
1: 1
2: 2
3: 3

Done!
Splitting into training and test...
Done!
Constructing data matrices...
Done!
Training expertsys...
Done!
sklearnTrainScore: 0.24043715846994534
sklearnCvScore: 0.2826086956521739
sklearnTestScore: 0.3548387096774194
sklearn rel mlp test: 0.1935483870967742
sklearn rel rf test: 0.16129032258064516
Parsing CSV...
Reading file: ../tmp/haberman.data
Done!
Rows read: 306
Columns: 4
Column names:
0: 0
1: 1
2: 2
3: 3

Done!
Splitting into training and test...
Done!
Constructing data matrices...
Done!
Training expertsys...
