Parsing CSV...
Reading file: ../tmp/hepatitis.data
Done!
Rows read: 155
Columns: 46
Column names:
0: 0
1: 1
2: 14
3: 15
4: 16
5: 17
6: 18
7: 2_1
8: 2_2
9: 2_nan
10: 3_1
11: 3_2
12: 3_nan
13: 4_1
14: 4_2
15: 4_nan
16: 5_1
17: 5_2
18: 5_nan
19: 6_1
20: 6_2
21: 6_nan
22: 7_1
23: 7_2
24: 7_nan
25: 8_1
26: 8_2
27: 8_nan
28: 9_1
29: 9_2
30: 9_nan
31: 10_1
32: 10_2
33: 10_nan
34: 11_1
35: 11_2
36: 11_nan
37: 12_1
38: 12_2
39: 12_nan
40: 13_1
41: 13_2
42: 13_nan
43: 19_1
44: 19_2
45: 19_nan

Done!
Splitting into training and test...
Done!
Constructing data matrices...
Done!
Training expertsys...
Done!
sklearnTrainScore: 0.8478260869565217
sklearnCvScore: 0.7872340425531915
sklearnTestScore: 0.75
sklearn rel mlp test: 0.75
sklearn rel rf test: 0.8125
Parsing CSV...
Reading file: ../tmp/hepatitis.data
Done!
Rows read: 155
Columns: 46
Column names:
0: 0
1: 1
2: 14
3: 15
4: 16
5: 17
6: 18
7: 2_1
8: 2_2
9: 2_nan
10: 3_1
11: 3_2
12: 3_nan
13: 4_1
14: 4_2
15: 4_nan
16: 5_1
17: 5_2
18: 5_nan
19: 6_1
20: 6_2
21: 6_nan
22: 7_1
23: 7_2
24: 7_nan
25: 8_1
26: 8_2
27: 8_nan
28: 9_1
29: 9_2
30: 9_nan
31: 10_1
32: 10_2
33: 10_nan
34: 11_1
35: 11_2
36: 11_nan
37: 12_1
38: 12_2
39: 12_nan
40: 13_1
41: 13_2
42: 13_nan
43: 19_1
44: 19_2
45: 19_nan

Done!
Splitting into training and test...
Done!
Constructing data matrices...
Done!
Training expertsys...
Done!
sklearnTrainScore: 0.8804347826086957
sklearnCvScore: 0.8085106382978723
sklearnTestScore: 0.8125
sklearn rel mlp test: 0.8125
sklearn rel rf test: 0.9375
Parsing CSV...
Reading file: ../tmp/hepatitis.data
Done!
Rows read: 155
Columns: 46
Column names:
0: 0
1: 1
2: 14
3: 15
4: 16
5: 17
6: 18
7: 2_1
8: 2_2
9: 2_nan
10: 3_1
11: 3_2
12: 3_nan
13: 4_1
14: 4_2
15: 4_nan
16: 5_1
17: 5_2
18: 5_nan
19: 6_1
20: 6_2
21: 6_nan
22: 7_1
23: 7_2
24: 7_nan
25: 8_1
26: 8_2
27: 8_nan
28: 9_1
29: 9_2
30: 9_nan
31: 10_1
32: 10_2
33: 10_nan
34: 11_1
35: 11_2
36: 11_nan
37: 12_1
38: 12_2
39: 12_nan
40: 13_1
41: 13_2
42: 13_nan
43: 19_1
44: 19_2
45: 19_nan

Done!
Splitting into training and test...
Done!
Constructing data matrices...
Done!
Training expertsys...
Done!
sklearnTrainScore: 0.8695652173913043
sklearnCvScore: 0.8297872340425532
sklearnTestScore: 0.8125
sklearn rel mlp test: 0.9375
sklearn rel rf test: 0.9375
Parsing CSV...
Reading file: ../tmp/hepatitis.data
Done!
Rows read: 155
Columns: 46
Column names:
0: 0
1: 1
2: 14
3: 15
4: 16
5: 17
6: 18
7: 2_1
8: 2_2
9: 2_nan
10: 3_1
11: 3_2
12: 3_nan
13: 4_1
14: 4_2
15: 4_nan
16: 5_1
17: 5_2
18: 5_nan
19: 6_1
20: 6_2
21: 6_nan
22: 7_1
23: 7_2
24: 7_nan
25: 8_1
26: 8_2
27: 8_nan
28: 9_1
29: 9_2
30: 9_nan
31: 10_1
32: 10_2
33: 10_nan
34: 11_1
35: 11_2
36: 11_nan
37: 12_1
38: 12_2
39: 12_nan
40: 13_1
41: 13_2
42: 13_nan
43: 19_1
44: 19_2
45: 19_nan

Done!
Splitting into training and test...
Done!
Constructing data matrices...
Done!
Training expertsys...
Done!
sklearnTrainScore: 0.9239130434782609
sklearnCvScore: 0.7446808510638298
sklearnTestScore: 0.875
sklearn rel mlp test: 0.8125
sklearn rel rf test: 0.875
Parsing CSV...
Reading file: ../tmp/hepatitis.data
Done!
Rows read: 155
Columns: 46
Column names:
0: 0
1: 1
2: 14
3: 15
4: 16
5: 17
6: 18
7: 2_1
8: 2_2
9: 2_nan
10: 3_1
11: 3_2
12: 3_nan
13: 4_1
14: 4_2
15: 4_nan
16: 5_1
17: 5_2
18: 5_nan
19: 6_1
20: 6_2
21: 6_nan
22: 7_1
23: 7_2
24: 7_nan
25: 8_1
26: 8_2
27: 8_nan
28: 9_1
29: 9_2
30: 9_nan
31: 10_1
32: 10_2
33: 10_nan
34: 11_1
35: 11_2
36: 11_nan
37: 12_1
38: 12_2
39: 12_nan
40: 13_1
41: 13_2
42: 13_nan
43: 19_1
44: 19_2
45: 19_nan

Done!
Splitting into training and test...
Done!
Constructing data matrices...
Done!
Training expertsys...
Done!
sklearnTrainScore: 0.9021739130434783
sklearnCvScore: 0.8723404255319149
sklearnTestScore: 0.75
sklearn rel mlp test: 0.625
sklearn rel rf test: 0.875
Parsing CSV...
Reading file: ../tmp/hepatitis.data
Done!
Rows read: 155
Columns: 46
Column names:
0: 0
1: 1
2: 14
3: 15
4: 16
5: 17
6: 18
7: 2_1
8: 2_2
9: 2_nan
10: 3_1
11: 3_2
12: 3_nan
13: 4_1
14: 4_2
15: 4_nan
16: 5_1
17: 5_2
18: 5_nan
19: 6_1
20: 6_2
21: 6_nan
22: 7_1
23: 7_2
24: 7_nan
25: 8_1
26: 8_2
27: 8_nan
28: 9_1
29: 9_2
30: 9_nan
31: 10_1
32: 10_2
33: 10_nan
34: 11_1
35: 11_2
36: 11_nan
37: 12_1
38: 12_2
39: 12_nan
40: 13_1
41: 13_2
42: 13_nan
43: 19_1
44: 19_2
45: 19_nan

Done!
Splitting into training and test...
Done!
Constructing data matrices...
Done!
Training expertsys...
Done!
sklearnTrainScore: 0.8369565217391305
sklearnCvScore: 0.851063829787234
sklearnTestScore: 0.875
sklearn rel mlp test: 0.875
sklearn rel rf test: 0.9375
Parsing CSV...
Reading file: ../tmp/hepatitis.data
Done!
Rows read: 155
Columns: 46
Column names:
0: 0
1: 1
2: 14
3: 15
4: 16
5: 17
6: 18
7: 2_1
8: 2_2
9: 2_nan
10: 3_1
11: 3_2
12: 3_nan
13: 4_1
14: 4_2
15: 4_nan
16: 5_1
17: 5_2
18: 5_nan
19: 6_1
20: 6_2
21: 6_nan
22: 7_1
23: 7_2
24: 7_nan
25: 8_1
26: 8_2
27: 8_nan
28: 9_1
29: 9_2
30: 9_nan
31: 10_1
32: 10_2
33: 10_nan
34: 11_1
35: 11_2
36: 11_nan
37: 12_1
38: 12_2
39: 12_nan
40: 13_1
41: 13_2
42: 13_nan
43: 19_1
44: 19_2
45: 19_nan

Done!
Splitting into training and test...
Done!
Constructing data matrices...
Done!
Training expertsys...
Done!
sklearnTrainScore: 0.8913043478260869
sklearnCvScore: 0.8085106382978723
sklearnTestScore: 0.875
sklearn rel mlp test: 0.8125
sklearn rel rf test: 0.9375
Parsing CSV...
Reading file: ../tmp/hepatitis.data
Done!
Rows read: 155
Columns: 46
Column names:
0: 0
1: 1
2: 14
3: 15
4: 16
5: 17
6: 18
7: 2_1
8: 2_2
9: 2_nan
10: 3_1
11: 3_2
12: 3_nan
13: 4_1
14: 4_2
15: 4_nan
16: 5_1
17: 5_2
18: 5_nan
19: 6_1
20: 6_2
21: 6_nan
22: 7_1
23: 7_2
24: 7_nan
25: 8_1
26: 8_2
27: 8_nan
28: 9_1
29: 9_2
30: 9_nan
31: 10_1
32: 10_2
33: 10_nan
34: 11_1
35: 11_2
36: 11_nan
37: 12_1
38: 12_2
39: 12_nan
40: 13_1
41: 13_2
42: 13_nan
43: 19_1
44: 19_2
45: 19_nan

Done!
Splitting into training and test...
Done!
Constructing data matrices...
Done!
Training expertsys...
Done!
sklearnTrainScore: 0.8586956521739131
sklearnCvScore: 0.851063829787234
sklearnTestScore: 0.8125
sklearn rel mlp test: 0.75
sklearn rel rf test: 0.875
Parsing CSV...
Reading file: ../tmp/hepatitis.data
Done!
Rows read: 155
Columns: 46
Column names:
0: 0
1: 1
2: 14
3: 15
4: 16
5: 17
6: 18
7: 2_1
8: 2_2
9: 2_nan
10: 3_1
11: 3_2
12: 3_nan
13: 4_1
14: 4_2
15: 4_nan
16: 5_1
17: 5_2
18: 5_nan
19: 6_1
20: 6_2
21: 6_nan
22: 7_1
23: 7_2
24: 7_nan
25: 8_1
26: 8_2
27: 8_nan
28: 9_1
29: 9_2
30: 9_nan
31: 10_1
32: 10_2
33: 10_nan
34: 11_1
35: 11_2
36: 11_nan
37: 12_1
38: 12_2
39: 12_nan
40: 13_1
41: 13_2
42: 13_nan
43: 19_1
44: 19_2
45: 19_nan

Done!
Splitting into training and test...
Done!
Constructing data matrices...
Done!
Training expertsys...
Done!
sklearnTrainScore: 0.9021739130434783
sklearnCvScore: 0.7659574468085106
sklearnTestScore: 0.875
sklearn rel mlp test: 0.875
sklearn rel rf test: 1.0
Parsing CSV...
Reading file: ../tmp/hepatitis.data
Done!
Rows read: 155
Columns: 46
Column names:
0: 0
1: 1
2: 14
3: 15
4: 16
5: 17
6: 18
7: 2_1
8: 2_2
9: 2_nan
10: 3_1
11: 3_2
12: 3_nan
13: 4_1
14: 4_2
15: 4_nan
16: 5_1
17: 5_2
18: 5_nan
19: 6_1
20: 6_2
21: 6_nan
22: 7_1
23: 7_2
24: 7_nan
25: 8_1
26: 8_2
27: 8_nan
28: 9_1
29: 9_2
30: 9_nan
31: 10_1
32: 10_2
33: 10_nan
34: 11_1
35: 11_2
36: 11_nan
37: 12_1
38: 12_2
39: 12_nan
40: 13_1
41: 13_2
42: 13_nan
43: 19_1
44: 19_2
45: 19_nan

Done!
Splitting into training and test...
Done!
Constructing data matrices...
Done!
Training expertsys...
Done!
sklearnTrainScore: 0.8478260869565217
sklearnCvScore: 0.8297872340425532
sklearnTestScore: 1.0
sklearn rel mlp test: 1.0
sklearn rel rf test: 1.0
Averaged over 10 trials: expertsys train score: 0.8760869565217393
Averaged over 10 trials: expertsys cv score: 0.8148936170212767
Averaged over 10 trials: expertsys test score:0.84375
Averaged over 10 trials: expertsys relative mlp test score: 0.825
Averaged over 10 trials: expertsys relative rf test score: 0.91875
