Parsing CSV...
Reading file: ../tmp/ilp.csv
Done!
Rows read: 583
Columns: 13
Column names:
0: 0
1: 2
2: 3
3: 4
4: 5
5: 6
6: 7
7: 8
8: 9
9: 10
10: 1_Female
11: 1_Male
12: 1_nan

Done!
Splitting into training and test...
Done!
Constructing data matrices...
Done!
Training expertsys...
Done!
sklearnTrainScore: 0.7106017191977078
sklearnCvScore: 0.7028571428571428
sklearnTestScore: 0.7627118644067796
sklearn rel mlp test: 0.7627118644067796
sklearn rel rf test: 0.8135593220338984
Parsing CSV...
Reading file: ../tmp/ilp.csv
Done!
Rows read: 583
Columns: 13
Column names:
0: 0
1: 2
2: 3
3: 4
4: 5
5: 6
6: 7
7: 8
8: 9
9: 10
10: 1_Female
11: 1_Male
12: 1_nan

Done!
Splitting into training and test...
Done!
Constructing data matrices...
Done!
Training expertsys...
Done!
sklearnTrainScore: 0.7306590257879656
sklearnCvScore: 0.6971428571428572
sklearnTestScore: 0.6610169491525424
sklearn rel mlp test: 0.864406779661017
sklearn rel rf test: 0.7966101694915254
Parsing CSV...
Reading file: ../tmp/ilp.csv
Done!
Rows read: 583
Columns: 13
Column names:
0: 0
1: 2
2: 3
3: 4
4: 5
5: 6
6: 7
7: 8
8: 9
9: 10
10: 1_Female
11: 1_Male
12: 1_nan

Done!
Splitting into training and test...
Done!
Constructing data matrices...
Done!
Training expertsys...
Done!
sklearnTrainScore: 0.7191977077363897
sklearnCvScore: 0.7142857142857143
sklearnTestScore: 0.6779661016949152
sklearn rel mlp test: 0.8135593220338984
sklearn rel rf test: 0.7627118644067796
Parsing CSV...
Reading file: ../tmp/ilp.csv
Done!
Rows read: 583
Columns: 13
Column names:
0: 0
1: 2
2: 3
3: 4
4: 5
5: 6
6: 7
7: 8
8: 9
9: 10
10: 1_Female
11: 1_Male
12: 1_nan

Done!
Splitting into training and test...
Done!
Constructing data matrices...
Done!
Training expertsys...
Done!
sklearnTrainScore: 0.7020057306590258
sklearnCvScore: 0.7085714285714285
sklearnTestScore: 0.6949152542372882
sklearn rel mlp test: 0.711864406779661
sklearn rel rf test: 0.8135593220338984
Parsing CSV...
Reading file: ../tmp/ilp.csv
Done!
Rows read: 583
Columns: 13
Column names:
0: 0
1: 2
2: 3
3: 4
4: 5
5: 6
6: 7
7: 8
8: 9
9: 10
10: 1_Female
11: 1_Male
12: 1_nan

Done!
Splitting into training and test...
Done!
Constructing data matrices...
Done!
Training expertsys...
Done!
sklearnTrainScore: 0.7191977077363897
sklearnCvScore: 0.6971428571428572
sklearnTestScore: 0.7288135593220338
sklearn rel mlp test: 0.9491525423728814
sklearn rel rf test: 0.8305084745762712
Parsing CSV...
Reading file: ../tmp/ilp.csv
Done!
Rows read: 583
Columns: 13
Column names:
0: 0
1: 2
2: 3
3: 4
4: 5
5: 6
6: 7
7: 8
8: 9
9: 10
10: 1_Female
11: 1_Male
12: 1_nan

Done!
Splitting into training and test...
Done!
Constructing data matrices...
Done!
Training expertsys...
Done!
sklearnTrainScore: 0.6962750716332379
sklearnCvScore: 0.6628571428571428
sklearnTestScore: 0.6949152542372882
sklearn rel mlp test: 0.6440677966101694
sklearn rel rf test: 0.7796610169491526
Parsing CSV...
Reading file: ../tmp/ilp.csv
Done!
Rows read: 583
Columns: 13
Column names:
0: 0
1: 2
2: 3
3: 4
4: 5
5: 6
6: 7
7: 8
8: 9
9: 10
10: 1_Female
11: 1_Male
12: 1_nan

Done!
Splitting into training and test...
Done!
Constructing data matrices...
Done!
Training expertsys...
Done!
sklearnTrainScore: 0.7191977077363897
sklearnCvScore: 0.7085714285714285
sklearnTestScore: 0.6440677966101694
sklearn rel mlp test: 0.8135593220338984
sklearn rel rf test: 0.7966101694915254
Parsing CSV...
Reading file: ../tmp/ilp.csv
Done!
Rows read: 583
Columns: 13
Column names:
0: 0
1: 2
2: 3
3: 4
4: 5
5: 6
6: 7
7: 8
8: 9
9: 10
10: 1_Female
11: 1_Male
12: 1_nan

Done!
Splitting into training and test...
Done!
Constructing data matrices...
Done!
Training expertsys...
Done!
sklearnTrainScore: 0.7048710601719198
sklearnCvScore: 0.72
sklearnTestScore: 0.6610169491525424
sklearn rel mlp test: 0.6949152542372882
sklearn rel rf test: 0.7457627118644068
Parsing CSV...
Reading file: ../tmp/ilp.csv
Done!
Rows read: 583
Columns: 13
Column names:
0: 0
1: 2
2: 3
3: 4
4: 5
5: 6
6: 7
7: 8
8: 9
9: 10
10: 1_Female
11: 1_Male
12: 1_nan

Done!
Splitting into training and test...
Done!
Constructing data matrices...
Done!
Training expertsys...
Done!
sklearnTrainScore: 0.7077363896848138
sklearnCvScore: 0.7542857142857143
sklearnTestScore: 0.6271186440677966
sklearn rel mlp test: 0.8135593220338984
sklearn rel rf test: 0.8305084745762712
Parsing CSV...
Reading file: ../tmp/ilp.csv
Done!
Rows read: 583
Columns: 13
Column names:
0: 0
1: 2
2: 3
3: 4
4: 5
5: 6
6: 7
7: 8
8: 9
9: 10
10: 1_Female
11: 1_Male
12: 1_nan

Done!
Splitting into training and test...
Done!
Constructing data matrices...
Done!
Training expertsys...
Done!
sklearnTrainScore: 0.7077363896848138
sklearnCvScore: 0.7257142857142858
sklearnTestScore: 0.711864406779661
sklearn rel mlp test: 0.711864406779661
sklearn rel rf test: 0.7796610169491526
Averaged over 10 trials: expertsys train score: 0.7117478510028654
Averaged over 10 trials: expertsys cv score: 0.7091428571428572
Averaged over 10 trials: expertsys test score:0.6864406779661016
Averaged over 10 trials: expertsys relative mlp test score: 0.7779661016949152
Averaged over 10 trials: expertsys relative rf test score: 0.794915254237288
