Parsing CSV...
Reading file: ../tmp/ionosphere.data
Done!
Rows read: 351
Columns: 35
Column names:
0: 0
1: 1
2: 2
3: 3
4: 4
5: 5
6: 6
7: 7
8: 8
9: 9
10: 10
11: 11
12: 12
13: 13
14: 14
15: 15
16: 16
17: 17
18: 18
19: 19
20: 20
21: 21
22: 22
23: 23
24: 24
25: 25
26: 26
27: 27
28: 28
29: 29
30: 30
31: 31
32: 32
33: 33
34: 34

Done!
Splitting into training and test...
Done!
Constructing data matrices...
Done!
Training expertsys...
Done!
sklearnTrainScore: 0.9571428571428572
sklearnCvScore: 0.8380952380952381
sklearnTestScore: 0.8611111111111112
sklearn rel mlp test: 0.8888888888888888
sklearn rel rf test: 0.9166666666666666
Parsing CSV...
Reading file: ../tmp/ionosphere.data
Done!
Rows read: 351
Columns: 35
Column names:
0: 0
1: 1
2: 2
3: 3
4: 4
5: 5
6: 6
7: 7
8: 8
9: 9
10: 10
11: 11
12: 12
13: 13
14: 14
15: 15
16: 16
17: 17
18: 18
19: 19
20: 20
21: 21
22: 22
23: 23
24: 24
25: 25
26: 26
27: 27
28: 28
29: 29
30: 30
31: 31
32: 32
33: 33
34: 34

Done!
Splitting into training and test...
Done!
Constructing data matrices...
Done!
Training expertsys...
Done!
sklearnTrainScore: 0.3523809523809524
sklearnCvScore: 0.3523809523809524
sklearnTestScore: 0.4166666666666667
sklearn rel mlp test: 0.3611111111111111
sklearn rel rf test: 0.3333333333333333
Parsing CSV...
Reading file: ../tmp/ionosphere.data
Done!
Rows read: 351
Columns: 35
Column names:
0: 0
1: 1
2: 2
3: 3
4: 4
5: 5
6: 6
7: 7
8: 8
9: 9
10: 10
11: 11
12: 12
13: 13
14: 14
15: 15
16: 16
17: 17
18: 18
19: 19
20: 20
21: 21
22: 22
23: 23
24: 24
25: 25
26: 26
27: 27
28: 28
29: 29
30: 30
31: 31
32: 32
33: 33
34: 34

Done!
Splitting into training and test...
Done!
Constructing data matrices...
Done!
Training expertsys...
Done!
sklearnTrainScore: 0.9619047619047619
sklearnCvScore: 0.9238095238095239
sklearnTestScore: 0.7777777777777778
sklearn rel mlp test: 0.8055555555555556
sklearn rel rf test: 0.8611111111111112
Parsing CSV...
Reading file: ../tmp/ionosphere.data
Done!
Rows read: 351
Columns: 35
Column names:
0: 0
1: 1
2: 2
3: 3
4: 4
5: 5
6: 6
7: 7
8: 8
9: 9
10: 10
11: 11
12: 12
13: 13
14: 14
15: 15
16: 16
17: 17
18: 18
19: 19
20: 20
21: 21
22: 22
23: 23
24: 24
25: 25
26: 26
27: 27
28: 28
29: 29
30: 30
31: 31
32: 32
33: 33
34: 34

Done!
Splitting into training and test...
Done!
Constructing data matrices...
Done!
Training expertsys...
Done!
sklearnTrainScore: 0.9571428571428572
sklearnCvScore: 0.9142857142857143
sklearnTestScore: 0.8611111111111112
sklearn rel mlp test: 0.8333333333333334
sklearn rel rf test: 0.8611111111111112
Parsing CSV...
Reading file: ../tmp/ionosphere.data
Done!
Rows read: 351
Columns: 35
Column names:
0: 0
1: 1
2: 2
3: 3
4: 4
5: 5
6: 6
7: 7
8: 8
9: 9
10: 10
11: 11
12: 12
13: 13
14: 14
15: 15
16: 16
17: 17
18: 18
19: 19
20: 20
21: 21
22: 22
23: 23
24: 24
25: 25
26: 26
27: 27
28: 28
29: 29
30: 30
31: 31
32: 32
33: 33
34: 34

Done!
Splitting into training and test...
Done!
Constructing data matrices...
Done!
Training expertsys...
Done!
sklearnTrainScore: 0.3952380952380952
sklearnCvScore: 0.29523809523809524
sklearnTestScore: 0.3333333333333333
sklearn rel mlp test: 0.25
sklearn rel rf test: 0.3333333333333333
Parsing CSV...
Reading file: ../tmp/ionosphere.data
Done!
Rows read: 351
Columns: 35
Column names:
0: 0
1: 1
2: 2
3: 3
4: 4
5: 5
6: 6
7: 7
8: 8
9: 9
10: 10
11: 11
12: 12
13: 13
14: 14
15: 15
16: 16
17: 17
18: 18
19: 19
20: 20
21: 21
22: 22
23: 23
24: 24
25: 25
26: 26
27: 27
28: 28
29: 29
30: 30
31: 31
32: 32
33: 33
34: 34

Done!
Splitting into training and test...
Done!
Constructing data matrices...
Done!
Training expertsys...
Done!
sklearnTrainScore: 0.8142857142857143
sklearnCvScore: 0.7047619047619048
sklearnTestScore: 0.75
sklearn rel mlp test: 0.7222222222222222
sklearn rel rf test: 0.7777777777777778
Parsing CSV...
Reading file: ../tmp/ionosphere.data
Done!
Rows read: 351
Columns: 35
Column names:
0: 0
1: 1
2: 2
3: 3
4: 4
5: 5
6: 6
7: 7
8: 8
9: 9
10: 10
11: 11
12: 12
13: 13
14: 14
15: 15
16: 16
17: 17
18: 18
19: 19
20: 20
21: 21
22: 22
23: 23
24: 24
25: 25
26: 26
27: 27
28: 28
29: 29
30: 30
31: 31
32: 32
33: 33
34: 34

Done!
Splitting into training and test...
Done!
Constructing data matrices...
Done!
Training expertsys...
Done!
sklearnTrainScore: 0.9333333333333333
sklearnCvScore: 0.8761904761904762
sklearnTestScore: 0.8055555555555556
sklearn rel mlp test: 0.7777777777777778
sklearn rel rf test: 0.8333333333333334
Parsing CSV...
Reading file: ../tmp/ionosphere.data
Done!
Rows read: 351
Columns: 35
Column names:
0: 0
1: 1
2: 2
3: 3
4: 4
5: 5
6: 6
7: 7
8: 8
9: 9
10: 10
11: 11
12: 12
13: 13
14: 14
15: 15
16: 16
17: 17
18: 18
19: 19
20: 20
21: 21
22: 22
23: 23
24: 24
25: 25
26: 26
27: 27
28: 28
29: 29
30: 30
31: 31
32: 32
33: 33
34: 34

Done!
Splitting into training and test...
Done!
Constructing data matrices...
Done!
Training expertsys...
Done!
sklearnTrainScore: 0.9666666666666667
sklearnCvScore: 0.9142857142857143
sklearnTestScore: 0.9166666666666666
sklearn rel mlp test: 0.8888888888888888
sklearn rel rf test: 0.9444444444444444
Parsing CSV...
Reading file: ../tmp/ionosphere.data
Done!
Rows read: 351
Columns: 35
Column names:
0: 0
1: 1
2: 2
3: 3
4: 4
5: 5
6: 6
7: 7
8: 8
9: 9
10: 10
11: 11
12: 12
13: 13
14: 14
15: 15
16: 16
17: 17
18: 18
19: 19
20: 20
21: 21
22: 22
23: 23
24: 24
25: 25
26: 26
27: 27
28: 28
29: 29
30: 30
31: 31
32: 32
33: 33
34: 34

Done!
Splitting into training and test...
Done!
Constructing data matrices...
Done!
Training expertsys...
Done!
sklearnTrainScore: 0.9523809523809523
sklearnCvScore: 0.8666666666666667
sklearnTestScore: 0.8888888888888888
sklearn rel mlp test: 0.8888888888888888
sklearn rel rf test: 0.9166666666666666
Parsing CSV...
Reading file: ../tmp/ionosphere.data
Done!
Rows read: 351
Columns: 35
Column names:
0: 0
1: 1
2: 2
3: 3
4: 4
5: 5
6: 6
7: 7
8: 8
9: 9
10: 10
11: 11
12: 12
13: 13
14: 14
15: 15
16: 16
17: 17
18: 18
19: 19
20: 20
21: 21
22: 22
23: 23
24: 24
25: 25
26: 26
27: 27
28: 28
29: 29
30: 30
31: 31
32: 32
33: 33
34: 34

Done!
Splitting into training and test...
Done!
Constructing data matrices...
Done!
Training expertsys...
Done!
sklearnTrainScore: 0.9761904761904762
sklearnCvScore: 0.9047619047619048
sklearnTestScore: 0.9166666666666666
sklearn rel mlp test: 0.9166666666666666
sklearn rel rf test: 0.9444444444444444
Averaged over 10 trials: expertsys train score: 0.8266666666666668
Averaged over 10 trials: expertsys cv score: 0.7590476190476192
Averaged over 10 trials: expertsys test score:0.7527777777777778
Averaged over 10 trials: expertsys relative mlp test score: 0.7333333333333335
Averaged over 10 trials: expertsys relative rf test score: 0.7722222222222224
