Parsing CSV...
Reading file: ../tmp/mammographic_masses.data
Done!
Rows read: 961
Columns: 26
Column names:
0: 1
1: 5
2: 0_0
3: 0_2
4: 0_3
5: 0_4
6: 0_5
7: 0_55
8: 0_6
9: 0_nan
10: 2_1
11: 2_2
12: 2_3
13: 2_4
14: 2_nan
15: 3_1
16: 3_2
17: 3_3
18: 3_4
19: 3_5
20: 3_nan
21: 4_1
22: 4_2
23: 4_3
24: 4_4
25: 4_nan

Done!
Splitting into training and test...
Done!
Constructing data matrices...
Done!
Training expertsys...
Done!
sklearnTrainScore: 0.828125
sklearnCvScore: 0.8159722222222222
sklearnTestScore: 0.8350515463917526
sklearn rel mlp test: 0.9690721649484536
sklearn rel rf test: 0.8762886597938144
Parsing CSV...
Reading file: ../tmp/mammographic_masses.data
Done!
Rows read: 961
Columns: 26
Column names:
0: 1
1: 5
2: 0_0
3: 0_2
4: 0_3
5: 0_4
6: 0_5
7: 0_55
8: 0_6
9: 0_nan
10: 2_1
11: 2_2
12: 2_3
13: 2_4
14: 2_nan
15: 3_1
16: 3_2
17: 3_3
18: 3_4
19: 3_5
20: 3_nan
21: 4_1
22: 4_2
23: 4_3
24: 4_4
25: 4_nan

Done!
Splitting into training and test...
Done!
Constructing data matrices...
Done!
Training expertsys...
Done!
sklearnTrainScore: 0.8385416666666666
sklearnCvScore: 0.8368055555555556
sklearnTestScore: 0.8556701030927835
sklearn rel mlp test: 0.9278350515463918
sklearn rel rf test: 0.8762886597938144
Parsing CSV...
Reading file: ../tmp/mammographic_masses.data
Done!
Rows read: 961
Columns: 26
Column names:
0: 1
1: 5
2: 0_0
3: 0_2
4: 0_3
5: 0_4
6: 0_5
7: 0_55
8: 0_6
9: 0_nan
10: 2_1
11: 2_2
12: 2_3
13: 2_4
14: 2_nan
15: 3_1
16: 3_2
17: 3_3
18: 3_4
19: 3_5
20: 3_nan
21: 4_1
22: 4_2
23: 4_3
24: 4_4
25: 4_nan

Done!
Splitting into training and test...
Done!
Constructing data matrices...
Done!
Training expertsys...
Done!
sklearnTrainScore: 0.8402777777777778
sklearnCvScore: 0.8402777777777778
sklearnTestScore: 0.7525773195876289
sklearn rel mlp test: 0.9072164948453608
sklearn rel rf test: 0.845360824742268
Parsing CSV...
Reading file: ../tmp/mammographic_masses.data
Done!
Rows read: 961
Columns: 26
Column names:
0: 1
1: 5
2: 0_0
3: 0_2
4: 0_3
5: 0_4
6: 0_5
7: 0_55
8: 0_6
9: 0_nan
10: 2_1
11: 2_2
12: 2_3
13: 2_4
14: 2_nan
15: 3_1
16: 3_2
17: 3_3
18: 3_4
19: 3_5
20: 3_nan
21: 4_1
22: 4_2
23: 4_3
24: 4_4
25: 4_nan

Done!
Splitting into training and test...
Done!
Constructing data matrices...
Done!
Training expertsys...
Done!
sklearnTrainScore: 0.8420138888888888
sklearnCvScore: 0.8506944444444444
sklearnTestScore: 0.7938144329896907
sklearn rel mlp test: 0.9381443298969072
sklearn rel rf test: 0.8969072164948454
Parsing CSV...
Reading file: ../tmp/mammographic_masses.data
Done!
Rows read: 961
Columns: 26
Column names:
0: 1
1: 5
2: 0_0
3: 0_2
4: 0_3
5: 0_4
6: 0_5
7: 0_55
8: 0_6
9: 0_nan
10: 2_1
11: 2_2
12: 2_3
13: 2_4
14: 2_nan
15: 3_1
16: 3_2
17: 3_3
18: 3_4
19: 3_5
20: 3_nan
21: 4_1
22: 4_2
23: 4_3
24: 4_4
25: 4_nan

Done!
Splitting into training and test...
Done!
Constructing data matrices...
Done!
Training expertsys...
Done!
sklearnTrainScore: 0.8402777777777778
sklearnCvScore: 0.84375
sklearnTestScore: 0.8144329896907216
sklearn rel mlp test: 0.9484536082474226
sklearn rel rf test: 0.845360824742268
Parsing CSV...
Reading file: ../tmp/mammographic_masses.data
Done!
Rows read: 961
Columns: 26
Column names:
0: 1
1: 5
2: 0_0
3: 0_2
4: 0_3
5: 0_4
6: 0_5
7: 0_55
8: 0_6
9: 0_nan
10: 2_1
11: 2_2
12: 2_3
13: 2_4
14: 2_nan
15: 3_1
16: 3_2
17: 3_3
18: 3_4
19: 3_5
20: 3_nan
21: 4_1
22: 4_2
23: 4_3
24: 4_4
25: 4_nan

Done!
Splitting into training and test...
Done!
Constructing data matrices...
Done!
Training expertsys...
Done!
sklearnTrainScore: 0.8541666666666666
sklearnCvScore: 0.8020833333333334
sklearnTestScore: 0.8350515463917526
sklearn rel mlp test: 0.9484536082474226
sklearn rel rf test: 0.8969072164948454
Parsing CSV...
Reading file: ../tmp/mammographic_masses.data
Done!
Rows read: 961
Columns: 26
Column names:
0: 1
1: 5
2: 0_0
3: 0_2
4: 0_3
5: 0_4
6: 0_5
7: 0_55
8: 0_6
9: 0_nan
10: 2_1
11: 2_2
12: 2_3
13: 2_4
14: 2_nan
15: 3_1
16: 3_2
17: 3_3
18: 3_4
19: 3_5
20: 3_nan
21: 4_1
22: 4_2
23: 4_3
24: 4_4
25: 4_nan

Done!
Splitting into training and test...
Done!
Constructing data matrices...
Done!
Training expertsys...
Done!
sklearnTrainScore: 0.8524305555555556
sklearnCvScore: 0.8055555555555556
sklearnTestScore: 0.7938144329896907
sklearn rel mlp test: 0.9175257731958762
sklearn rel rf test: 0.9278350515463918
Parsing CSV...
Reading file: ../tmp/mammographic_masses.data
Done!
Rows read: 961
Columns: 26
Column names:
0: 1
1: 5
2: 0_0
3: 0_2
4: 0_3
5: 0_4
6: 0_5
7: 0_55
8: 0_6
9: 0_nan
10: 2_1
11: 2_2
12: 2_3
13: 2_4
14: 2_nan
15: 3_1
16: 3_2
17: 3_3
18: 3_4
19: 3_5
20: 3_nan
21: 4_1
22: 4_2
23: 4_3
24: 4_4
25: 4_nan

Done!
Splitting into training and test...
Done!
Constructing data matrices...
Done!
Training expertsys...
Done!
sklearnTrainScore: 0.8541666666666666
sklearnCvScore: 0.8402777777777778
sklearnTestScore: 0.7731958762886598
sklearn rel mlp test: 0.9381443298969072
sklearn rel rf test: 0.8556701030927835
Parsing CSV...
Reading file: ../tmp/mammographic_masses.data
Done!
Rows read: 961
Columns: 26
Column names:
0: 1
1: 5
2: 0_0
3: 0_2
4: 0_3
5: 0_4
6: 0_5
7: 0_55
8: 0_6
9: 0_nan
10: 2_1
11: 2_2
12: 2_3
13: 2_4
14: 2_nan
15: 3_1
16: 3_2
17: 3_3
18: 3_4
19: 3_5
20: 3_nan
21: 4_1
22: 4_2
23: 4_3
24: 4_4
25: 4_nan

Done!
Splitting into training and test...
Done!
Constructing data matrices...
Done!
Training expertsys...
Done!
sklearnTrainScore: 0.8333333333333334
sklearnCvScore: 0.8541666666666666
sklearnTestScore: 0.7525773195876289
sklearn rel mlp test: 0.9175257731958762
sklearn rel rf test: 0.8762886597938144
Parsing CSV...
Reading file: ../tmp/mammographic_masses.data
Done!
Rows read: 961
Columns: 26
Column names:
0: 1
1: 5
2: 0_0
3: 0_2
4: 0_3
5: 0_4
6: 0_5
7: 0_55
8: 0_6
9: 0_nan
10: 2_1
11: 2_2
12: 2_3
13: 2_4
14: 2_nan
15: 3_1
16: 3_2
17: 3_3
18: 3_4
19: 3_5
20: 3_nan
21: 4_1
22: 4_2
23: 4_3
24: 4_4
25: 4_nan

Done!
Splitting into training and test...
Done!
Constructing data matrices...
Done!
Training expertsys...
Done!
sklearnTrainScore: 0.8298611111111112
sklearnCvScore: 0.8194444444444444
sklearnTestScore: 0.8762886597938144
sklearn rel mlp test: 0.8762886597938144
sklearn rel rf test: 0.8556701030927835
Averaged over 10 trials: expertsys train score: 0.8413194444444445
Averaged over 10 trials: expertsys cv score: 0.8309027777777777
Averaged over 10 trials: expertsys test score:0.8082474226804124
Averaged over 10 trials: expertsys relative mlp test score: 0.9288659793814433
Averaged over 10 trials: expertsys relative rf test score: 0.875257731958763
