Parsing CSV...
Reading file: ../tmp/monks-3-clean.csv
Done!
Rows read: 555
Columns: 28
Column names:
0: 0
1: 1_1
2: 1_2
3: 1_3
4: 1_nan
5: 2_1
6: 2_2
7: 2_3
8: 2_nan
9: 3_1
10: 3_2
11: 3_4
12: 3_nan
13: 4_1
14: 4_2
15: 4_3
16: 4_5
17: 4_nan
18: 5_1
19: 5_2
20: 5_3
21: 5_4
22: 5_6
23: 5_nan
24: 6_1
25: 6_2
26: 6_7
27: 6_nan

Done!
Splitting into training and test...
Done!
Constructing data matrices...
Done!
Training expertsys...
Done!
sklearnTrainScore: 0.9548192771084337
sklearnCvScore: 0.9700598802395209
sklearnTestScore: 0.9821428571428571
sklearn rel mlp test: 0.9821428571428571
sklearn rel rf test: 0.9821428571428571
Parsing CSV...
Reading file: ../tmp/monks-3-clean.csv
Done!
Rows read: 555
Columns: 28
Column names:
0: 0
1: 1_1
2: 1_2
3: 1_3
4: 1_nan
5: 2_1
6: 2_2
7: 2_3
8: 2_nan
9: 3_1
10: 3_2
11: 3_4
12: 3_nan
13: 4_1
14: 4_2
15: 4_3
16: 4_5
17: 4_nan
18: 5_1
19: 5_2
20: 5_3
21: 5_4
22: 5_6
23: 5_nan
24: 6_1
25: 6_2
26: 6_7
27: 6_nan

Done!
Splitting into training and test...
Done!
Constructing data matrices...
Done!
Training expertsys...
Done!
sklearnTrainScore: 0.9548192771084337
sklearnCvScore: 0.9700598802395209
sklearnTestScore: 0.9821428571428571
sklearn rel mlp test: 0.9642857142857143
sklearn rel rf test: 0.9642857142857143
Parsing CSV...
Reading file: ../tmp/monks-3-clean.csv
Done!
Rows read: 555
Columns: 28
Column names:
0: 0
1: 1_1
2: 1_2
3: 1_3
4: 1_nan
5: 2_1
6: 2_2
7: 2_3
8: 2_nan
9: 3_1
10: 3_2
11: 3_4
12: 3_nan
13: 4_1
14: 4_2
15: 4_3
16: 4_5
17: 4_nan
18: 5_1
19: 5_2
20: 5_3
21: 5_4
22: 5_6
23: 5_nan
24: 6_1
25: 6_2
26: 6_7
27: 6_nan

Done!
Splitting into training and test...
Done!
Constructing data matrices...
Done!
Training expertsys...
Done!
sklearnTrainScore: 0.9548192771084337
sklearnCvScore: 0.9760479041916168
sklearnTestScore: 0.9642857142857143
sklearn rel mlp test: 0.9464285714285714
sklearn rel rf test: 0.9821428571428571
Parsing CSV...
Reading file: ../tmp/monks-3-clean.csv
Done!
Rows read: 555
Columns: 28
Column names:
0: 0
1: 1_1
2: 1_2
3: 1_3
4: 1_nan
5: 2_1
6: 2_2
7: 2_3
8: 2_nan
9: 3_1
10: 3_2
11: 3_4
12: 3_nan
13: 4_1
14: 4_2
15: 4_3
16: 4_5
17: 4_nan
18: 5_1
19: 5_2
20: 5_3
21: 5_4
22: 5_6
23: 5_nan
24: 6_1
25: 6_2
26: 6_7
27: 6_nan

Done!
Splitting into training and test...
Done!
Constructing data matrices...
Done!
Training expertsys...
Done!
sklearnTrainScore: 0.9698795180722891
sklearnCvScore: 0.9580838323353293
sklearnTestScore: 0.9285714285714286
sklearn rel mlp test: 0.9285714285714286
sklearn rel rf test: 0.9464285714285714
Parsing CSV...
Reading file: ../tmp/monks-3-clean.csv
Done!
Rows read: 555
Columns: 28
Column names:
0: 0
1: 1_1
2: 1_2
3: 1_3
4: 1_nan
5: 2_1
6: 2_2
7: 2_3
8: 2_nan
9: 3_1
10: 3_2
11: 3_4
12: 3_nan
13: 4_1
14: 4_2
15: 4_3
16: 4_5
17: 4_nan
18: 5_1
19: 5_2
20: 5_3
21: 5_4
22: 5_6
23: 5_nan
24: 6_1
25: 6_2
26: 6_7
27: 6_nan

Done!
Splitting into training and test...
Done!
Constructing data matrices...
Done!
Training expertsys...
Done!
sklearnTrainScore: 0.9548192771084337
sklearnCvScore: 0.9700598802395209
sklearnTestScore: 0.9821428571428571
sklearn rel mlp test: 1.0
sklearn rel rf test: 1.0
Parsing CSV...
Reading file: ../tmp/monks-3-clean.csv
Done!
Rows read: 555
Columns: 28
Column names:
0: 0
1: 1_1
2: 1_2
3: 1_3
4: 1_nan
5: 2_1
6: 2_2
7: 2_3
8: 2_nan
9: 3_1
10: 3_2
11: 3_4
12: 3_nan
13: 4_1
14: 4_2
15: 4_3
16: 4_5
17: 4_nan
18: 5_1
19: 5_2
20: 5_3
21: 5_4
22: 5_6
23: 5_nan
24: 6_1
25: 6_2
26: 6_7
27: 6_nan

Done!
Splitting into training and test...
Done!
Constructing data matrices...
Done!
Training expertsys...
Done!
sklearnTrainScore: 0.963855421686747
sklearnCvScore: 0.9520958083832335
sklearnTestScore: 0.9821428571428571
sklearn rel mlp test: 1.0
sklearn rel rf test: 0.9821428571428571
Parsing CSV...
Reading file: ../tmp/monks-3-clean.csv
Done!
Rows read: 555
Columns: 28
Column names:
0: 0
1: 1_1
2: 1_2
3: 1_3
4: 1_nan
5: 2_1
6: 2_2
7: 2_3
8: 2_nan
9: 3_1
10: 3_2
11: 3_4
12: 3_nan
13: 4_1
14: 4_2
15: 4_3
16: 4_5
17: 4_nan
18: 5_1
19: 5_2
20: 5_3
21: 5_4
22: 5_6
23: 5_nan
24: 6_1
25: 6_2
26: 6_7
27: 6_nan

Done!
Splitting into training and test...
Done!
Constructing data matrices...
Done!
Training expertsys...
Done!
sklearnTrainScore: 0.9728915662650602
sklearnCvScore: 0.9580838323353293
sklearnTestScore: 0.9107142857142857
sklearn rel mlp test: 0.9464285714285714
sklearn rel rf test: 0.9464285714285714
Parsing CSV...
Reading file: ../tmp/monks-3-clean.csv
Done!
Rows read: 555
Columns: 28
Column names:
0: 0
1: 1_1
2: 1_2
3: 1_3
4: 1_nan
5: 2_1
6: 2_2
7: 2_3
8: 2_nan
9: 3_1
10: 3_2
11: 3_4
12: 3_nan
13: 4_1
14: 4_2
15: 4_3
16: 4_5
17: 4_nan
18: 5_1
19: 5_2
20: 5_3
21: 5_4
22: 5_6
23: 5_nan
24: 6_1
25: 6_2
26: 6_7
27: 6_nan

Done!
Splitting into training and test...
Done!
Constructing data matrices...
Done!
Training expertsys...
Done!
sklearnTrainScore: 0.9548192771084337
sklearnCvScore: 0.9760479041916168
sklearnTestScore: 0.9642857142857143
sklearn rel mlp test: 0.9821428571428571
sklearn rel rf test: 0.9821428571428571
Parsing CSV...
Reading file: ../tmp/monks-3-clean.csv
Done!
Rows read: 555
Columns: 28
Column names:
0: 0
1: 1_1
2: 1_2
3: 1_3
4: 1_nan
5: 2_1
6: 2_2
7: 2_3
8: 2_nan
9: 3_1
10: 3_2
11: 3_4
12: 3_nan
13: 4_1
14: 4_2
15: 4_3
16: 4_5
17: 4_nan
18: 5_1
19: 5_2
20: 5_3
21: 5_4
22: 5_6
23: 5_nan
24: 6_1
25: 6_2
26: 6_7
27: 6_nan

Done!
Splitting into training and test...
Done!
Constructing data matrices...
Done!
Training expertsys...
Done!
sklearnTrainScore: 0.963855421686747
sklearnCvScore: 0.9580838323353293
sklearnTestScore: 0.9642857142857143
sklearn rel mlp test: 0.9642857142857143
sklearn rel rf test: 0.9642857142857143
Parsing CSV...
Reading file: ../tmp/monks-3-clean.csv
Done!
Rows read: 555
Columns: 28
Column names:
0: 0
1: 1_1
2: 1_2
3: 1_3
4: 1_nan
5: 2_1
6: 2_2
7: 2_3
8: 2_nan
9: 3_1
10: 3_2
11: 3_4
12: 3_nan
13: 4_1
14: 4_2
15: 4_3
16: 4_5
17: 4_nan
18: 5_1
19: 5_2
20: 5_3
21: 5_4
22: 5_6
23: 5_nan
24: 6_1
25: 6_2
26: 6_7
27: 6_nan

Done!
Splitting into training and test...
Done!
Constructing data matrices...
Done!
Training expertsys...
Done!
sklearnTrainScore: 0.9668674698795181
sklearnCvScore: 0.9520958083832335
sklearnTestScore: 0.9642857142857143
sklearn rel mlp test: 0.9642857142857143
sklearn rel rf test: 0.9642857142857143
Averaged over 10 trials: expertsys train score: 0.9611445783132531
Averaged over 10 trials: expertsys cv score: 0.9640718562874252
Averaged over 10 trials: expertsys test score:0.9624999999999998
Averaged over 10 trials: expertsys relative mlp test score: 0.9678571428571427
Averaged over 10 trials: expertsys relative rf test score: 0.9714285714285712
