Parsing CSV...
Reading file: ../tmp/onehr.data
Done!
Rows read: 2536
Columns: 73
Column names:
0: 0
1: 1
2: 2
3: 3
4: 4
5: 5
6: 6
7: 7
8: 8
9: 9
10: 10
11: 11
12: 12
13: 13
14: 14
15: 15
16: 16
17: 17
18: 18
19: 19
20: 20
21: 21
22: 22
23: 23
24: 24
25: 25
26: 26
27: 27
28: 28
29: 29
30: 30
31: 31
32: 32
33: 33
34: 34
35: 35
36: 36
37: 37
38: 38
39: 39
40: 40
41: 41
42: 42
43: 43
44: 44
45: 45
46: 46
47: 47
48: 48
49: 49
50: 50
51: 51
52: 52
53: 53
54: 54
55: 55
56: 56
57: 57
58: 58
59: 59
60: 60
61: 61
62: 62
63: 63
64: 64
65: 65
66: 66
67: 67
68: 68
69: 69
70: 70
71: 71
72: 72

Done!
Splitting into training and test...
Done!
Constructing data matrices...
Done!
Training expertsys...
Done!
sklearnTrainScore: 0.9704142011834319
sklearnCvScore: 0.973718791064389
sklearnTestScore: 0.968503937007874
sklearn rel mlp test: 1.0
sklearn rel rf test: 1.0
Parsing CSV...
Reading file: ../tmp/onehr.data
Done!
Rows read: 2536
Columns: 73
Column names:
0: 0
1: 1
2: 2
3: 3
4: 4
5: 5
6: 6
7: 7
8: 8
9: 9
10: 10
11: 11
12: 12
13: 13
14: 14
15: 15
16: 16
17: 17
18: 18
19: 19
20: 20
21: 21
22: 22
23: 23
24: 24
25: 25
26: 26
27: 27
28: 28
29: 29
30: 30
31: 31
32: 32
33: 33
34: 34
35: 35
36: 36
37: 37
38: 38
39: 39
40: 40
41: 41
42: 42
43: 43
44: 44
45: 45
46: 46
47: 47
48: 48
49: 49
50: 50
51: 51
52: 52
53: 53
54: 54
55: 55
56: 56
57: 57
58: 58
59: 59
60: 60
61: 61
62: 62
63: 63
64: 64
65: 65
66: 66
67: 67
68: 68
69: 69
70: 70
71: 71
72: 72

Done!
Splitting into training and test...
Done!
Constructing data matrices...
Done!
Training expertsys...
Done!
sklearnTrainScore: 0.9737015121630507
sklearnCvScore: 0.9684625492772667
sklearnTestScore: 0.9645669291338582
sklearn rel mlp test: 1.0
sklearn rel rf test: 1.0
Parsing CSV...
Reading file: ../tmp/onehr.data
Done!
Rows read: 2536
Columns: 73
Column names:
0: 0
1: 1
2: 2
3: 3
4: 4
5: 5
6: 6
7: 7
8: 8
9: 9
10: 10
11: 11
12: 12
13: 13
14: 14
15: 15
16: 16
17: 17
18: 18
19: 19
20: 20
21: 21
22: 22
23: 23
24: 24
25: 25
26: 26
27: 27
28: 28
29: 29
30: 30
31: 31
32: 32
33: 33
34: 34
35: 35
36: 36
37: 37
38: 38
39: 39
40: 40
41: 41
42: 42
43: 43
44: 44
45: 45
46: 46
47: 47
48: 48
49: 49
50: 50
51: 51
52: 52
53: 53
54: 54
55: 55
56: 56
57: 57
58: 58
59: 59
60: 60
61: 61
62: 62
63: 63
64: 64
65: 65
66: 66
67: 67
68: 68
69: 69
70: 70
71: 71
72: 72

Done!
Splitting into training and test...
Done!
Constructing data matrices...
Done!
Training expertsys...
Done!
sklearnTrainScore: 0.9763313609467456
sklearnCvScore: 0.961892247043364
sklearnTestScore: 0.968503937007874
sklearn rel mlp test: 1.0
sklearn rel rf test: 1.0
Parsing CSV...
Reading file: ../tmp/onehr.data
Done!
Rows read: 2536
Columns: 73
Column names:
0: 0
1: 1
2: 2
3: 3
4: 4
5: 5
6: 6
7: 7
8: 8
9: 9
10: 10
11: 11
12: 12
13: 13
14: 14
15: 15
16: 16
17: 17
18: 18
19: 19
20: 20
21: 21
22: 22
23: 23
24: 24
25: 25
26: 26
27: 27
28: 28
29: 29
30: 30
31: 31
32: 32
33: 33
34: 34
35: 35
36: 36
37: 37
38: 38
39: 39
40: 40
41: 41
42: 42
43: 43
44: 44
45: 45
46: 46
47: 47
48: 48
49: 49
50: 50
51: 51
52: 52
53: 53
54: 54
55: 55
56: 56
57: 57
58: 58
59: 59
60: 60
61: 61
62: 62
63: 63
64: 64
65: 65
66: 66
67: 67
68: 68
69: 69
70: 70
71: 71
72: 72

Done!
Splitting into training and test...
Done!
Constructing data matrices...
Done!
Training expertsys...
Done!
sklearnTrainScore: 0.9684418145956607
sklearnCvScore: 0.9763469119579501
sklearnTestScore: 0.9724409448818898
sklearn rel mlp test: 1.0
sklearn rel rf test: 1.0
Parsing CSV...
Reading file: ../tmp/onehr.data
Done!
Rows read: 2536
Columns: 73
Column names:
0: 0
1: 1
2: 2
3: 3
4: 4
5: 5
6: 6
7: 7
8: 8
9: 9
10: 10
11: 11
12: 12
13: 13
14: 14
15: 15
16: 16
17: 17
18: 18
19: 19
20: 20
21: 21
22: 22
23: 23
24: 24
25: 25
26: 26
27: 27
28: 28
29: 29
30: 30
31: 31
32: 32
33: 33
34: 34
35: 35
36: 36
37: 37
38: 38
39: 39
40: 40
41: 41
42: 42
43: 43
44: 44
45: 45
46: 46
47: 47
48: 48
49: 49
50: 50
51: 51
52: 52
53: 53
54: 54
55: 55
56: 56
57: 57
58: 58
59: 59
60: 60
61: 61
62: 62
63: 63
64: 64
65: 65
66: 66
67: 67
68: 68
69: 69
70: 70
71: 71
72: 72

Done!
Splitting into training and test...
Done!
Constructing data matrices...
Done!
Training expertsys...
Done!
sklearnTrainScore: 0.9690992767915845
sklearnCvScore: 0.9802890932982917
sklearnTestScore: 0.9566929133858267
sklearn rel mlp test: 1.0
sklearn rel rf test: 1.0
Parsing CSV...
Reading file: ../tmp/onehr.data
Done!
Rows read: 2536
Columns: 73
Column names:
0: 0
1: 1
2: 2
3: 3
4: 4
5: 5
6: 6
7: 7
8: 8
9: 9
10: 10
11: 11
12: 12
13: 13
14: 14
15: 15
16: 16
17: 17
18: 18
19: 19
20: 20
21: 21
22: 22
23: 23
24: 24
25: 25
26: 26
27: 27
28: 28
29: 29
30: 30
31: 31
32: 32
33: 33
34: 34
35: 35
36: 36
37: 37
38: 38
39: 39
40: 40
41: 41
42: 42
43: 43
44: 44
45: 45
46: 46
47: 47
48: 48
49: 49
50: 50
51: 51
52: 52
53: 53
54: 54
55: 55
56: 56
57: 57
58: 58
59: 59
60: 60
61: 61
62: 62
63: 63
64: 64
65: 65
66: 66
67: 67
68: 68
69: 69
70: 70
71: 71
72: 72

Done!
Splitting into training and test...
Done!
Constructing data matrices...
Done!
Training expertsys...
Done!
sklearnTrainScore: 0.9737015121630507
sklearnCvScore: 0.9632063074901446
sklearnTestScore: 0.9803149606299213
sklearn rel mlp test: 1.0
sklearn rel rf test: 0.9960629921259843
Parsing CSV...
Reading file: ../tmp/onehr.data
Done!
Rows read: 2536
Columns: 73
Column names:
0: 0
1: 1
2: 2
3: 3
4: 4
5: 5
6: 6
7: 7
8: 8
9: 9
10: 10
11: 11
12: 12
13: 13
14: 14
15: 15
16: 16
17: 17
18: 18
19: 19
20: 20
21: 21
22: 22
23: 23
24: 24
25: 25
26: 26
27: 27
28: 28
29: 29
30: 30
31: 31
32: 32
33: 33
34: 34
35: 35
36: 36
37: 37
38: 38
39: 39
40: 40
41: 41
42: 42
43: 43
44: 44
45: 45
46: 46
47: 47
48: 48
49: 49
50: 50
51: 51
52: 52
53: 53
54: 54
55: 55
56: 56
57: 57
58: 58
59: 59
60: 60
61: 61
62: 62
63: 63
64: 64
65: 65
66: 66
67: 67
68: 68
69: 69
70: 70
71: 71
72: 72

Done!
Splitting into training and test...
Done!
Constructing data matrices...
Done!
Training expertsys...
Done!
sklearnTrainScore: 0.9737015121630507
sklearnCvScore: 0.9658344283837057
sklearnTestScore: 0.9724409448818898
sklearn rel mlp test: 1.0
sklearn rel rf test: 1.0
Parsing CSV...
Reading file: ../tmp/onehr.data
Done!
Rows read: 2536
Columns: 73
Column names:
0: 0
1: 1
2: 2
3: 3
4: 4
5: 5
6: 6
7: 7
8: 8
9: 9
10: 10
11: 11
12: 12
13: 13
14: 14
15: 15
16: 16
17: 17
18: 18
19: 19
20: 20
21: 21
22: 22
23: 23
24: 24
25: 25
26: 26
27: 27
28: 28
29: 29
30: 30
31: 31
32: 32
33: 33
34: 34
35: 35
36: 36
37: 37
38: 38
39: 39
40: 40
41: 41
42: 42
43: 43
44: 44
45: 45
46: 46
47: 47
48: 48
49: 49
50: 50
51: 51
52: 52
53: 53
54: 54
55: 55
56: 56
57: 57
58: 58
59: 59
60: 60
61: 61
62: 62
63: 63
64: 64
65: 65
66: 66
67: 67
68: 68
69: 69
70: 70
71: 71
72: 72

Done!
Splitting into training and test...
Done!
Constructing data matrices...
Done!
Training expertsys...
Done!
sklearnTrainScore: 0.9723865877712031
sklearnCvScore: 0.9697766097240473
sklearnTestScore: 0.968503937007874
sklearn rel mlp test: 1.0
sklearn rel rf test: 1.0
Parsing CSV...
Reading file: ../tmp/onehr.data
Done!
Rows read: 2536
Columns: 73
Column names:
0: 0
1: 1
2: 2
3: 3
4: 4
5: 5
6: 6
7: 7
8: 8
9: 9
10: 10
11: 11
12: 12
13: 13
14: 14
15: 15
16: 16
17: 17
18: 18
19: 19
20: 20
21: 21
22: 22
23: 23
24: 24
25: 25
26: 26
27: 27
28: 28
29: 29
30: 30
31: 31
32: 32
33: 33
34: 34
35: 35
36: 36
37: 37
38: 38
39: 39
40: 40
41: 41
42: 42
43: 43
44: 44
45: 45
46: 46
47: 47
48: 48
49: 49
50: 50
51: 51
52: 52
53: 53
54: 54
55: 55
56: 56
57: 57
58: 58
59: 59
60: 60
61: 61
62: 62
63: 63
64: 64
65: 65
66: 66
67: 67
68: 68
69: 69
70: 70
71: 71
72: 72

Done!
Splitting into training and test...
Done!
Constructing data matrices...
Done!
Training expertsys...
Done!
sklearnTrainScore: 0.967784352399737
sklearnCvScore: 0.9500657030223391
sklearnTestScore: 0.968503937007874
sklearn rel mlp test: 0.9881889763779528
sklearn rel rf test: 0.9881889763779528
Parsing CSV...
Reading file: ../tmp/onehr.data
Done!
Rows read: 2536
Columns: 73
Column names:
0: 0
1: 1
2: 2
3: 3
4: 4
5: 5
6: 6
7: 7
8: 8
9: 9
10: 10
11: 11
12: 12
13: 13
14: 14
15: 15
16: 16
17: 17
18: 18
19: 19
20: 20
21: 21
22: 22
23: 23
24: 24
25: 25
26: 26
27: 27
28: 28
29: 29
30: 30
31: 31
32: 32
33: 33
34: 34
35: 35
36: 36
37: 37
38: 38
39: 39
40: 40
41: 41
42: 42
43: 43
44: 44
45: 45
46: 46
47: 47
48: 48
49: 49
50: 50
51: 51
52: 52
53: 53
54: 54
55: 55
56: 56
57: 57
58: 58
59: 59
60: 60
61: 61
62: 62
63: 63
64: 64
65: 65
66: 66
67: 67
68: 68
69: 69
70: 70
71: 71
72: 72

Done!
Splitting into training and test...
Done!
Constructing data matrices...
Done!
Training expertsys...
Done!
sklearnTrainScore: 0.9730440499671269
sklearnCvScore: 0.973718791064389
sklearnTestScore: 0.952755905511811
sklearn rel mlp test: 1.0
sklearn rel rf test: 1.0
Averaged over 10 trials: expertsys train score: 0.9718606180144643
Averaged over 10 trials: expertsys cv score: 0.9683311432325887
Averaged over 10 trials: expertsys test score:0.9673228346456693
Averaged over 10 trials: expertsys relative mlp test score: 0.9988188976377952
Averaged over 10 trials: expertsys relative rf test score: 0.9984251968503937
