Parsing CSV...
Reading file: ../tmp/parkinsons.data
Done!
Rows read: 195
Columns: 23
Column names:
0: 0
1: 1
2: 2
3: 3
4: 4
5: 5
6: 6
7: 7
8: 8
9: 9
10: 10
11: 11
12: 12
13: 13
14: 14
15: 15
16: 16
17: 17
18: 18
19: 19
20: 20
21: 21
22: 22

Done!
Splitting into training and test...
Done!
Constructing data matrices...
Done!
Training expertsys...
Done!
sklearnTrainScore: 0.9310344827586207
sklearnCvScore: 0.8305084745762712
sklearnTestScore: 0.85
sklearn rel mlp test: 0.85
sklearn rel rf test: 0.8
Parsing CSV...
Reading file: ../tmp/parkinsons.data
Done!
Rows read: 195
Columns: 23
Column names:
0: 0
1: 1
2: 2
3: 3
4: 4
5: 5
6: 6
7: 7
8: 8
9: 9
10: 10
11: 11
12: 12
13: 13
14: 14
15: 15
16: 16
17: 17
18: 18
19: 19
20: 20
21: 21
22: 22

Done!
Splitting into training and test...
Done!
Constructing data matrices...
Done!
Training expertsys...
Done!
sklearnTrainScore: 0.9310344827586207
sklearnCvScore: 0.8983050847457628
sklearnTestScore: 0.75
sklearn rel mlp test: 0.7
sklearn rel rf test: 0.8
Parsing CSV...
Reading file: ../tmp/parkinsons.data
Done!
Rows read: 195
Columns: 23
Column names:
0: 0
1: 1
2: 2
3: 3
4: 4
5: 5
6: 6
7: 7
8: 8
9: 9
10: 10
11: 11
12: 12
13: 13
14: 14
15: 15
16: 16
17: 17
18: 18
19: 19
20: 20
21: 21
22: 22

Done!
Splitting into training and test...
Done!
Constructing data matrices...
Done!
Training expertsys...
Done!
sklearnTrainScore: 0.853448275862069
sklearnCvScore: 0.8135593220338984
sklearnTestScore: 0.85
sklearn rel mlp test: 0.85
sklearn rel rf test: 0.9
Parsing CSV...
Reading file: ../tmp/parkinsons.data
Done!
Rows read: 195
Columns: 23
Column names:
0: 0
1: 1
2: 2
3: 3
4: 4
5: 5
6: 6
7: 7
8: 8
9: 9
10: 10
11: 11
12: 12
13: 13
14: 14
15: 15
16: 16
17: 17
18: 18
19: 19
20: 20
21: 21
22: 22

Done!
Splitting into training and test...
Done!
Constructing data matrices...
Done!
Training expertsys...
Done!
sklearnTrainScore: 0.8879310344827587
sklearnCvScore: 0.8983050847457628
sklearnTestScore: 0.75
sklearn rel mlp test: 0.8
sklearn rel rf test: 0.75
Parsing CSV...
Reading file: ../tmp/parkinsons.data
Done!
Rows read: 195
Columns: 23
Column names:
0: 0
1: 1
2: 2
3: 3
4: 4
5: 5
6: 6
7: 7
8: 8
9: 9
10: 10
11: 11
12: 12
13: 13
14: 14
15: 15
16: 16
17: 17
18: 18
19: 19
20: 20
21: 21
22: 22

Done!
Splitting into training and test...
Done!
Constructing data matrices...
Done!
Training expertsys...
Done!
sklearnTrainScore: 0.8706896551724138
sklearnCvScore: 0.7966101694915254
sklearnTestScore: 0.8
sklearn rel mlp test: 0.75
sklearn rel rf test: 0.85
Parsing CSV...
Reading file: ../tmp/parkinsons.data
Done!
Rows read: 195
Columns: 23
Column names:
0: 0
1: 1
2: 2
3: 3
4: 4
5: 5
6: 6
7: 7
8: 8
9: 9
10: 10
11: 11
12: 12
13: 13
14: 14
15: 15
16: 16
17: 17
18: 18
19: 19
20: 20
21: 21
22: 22

Done!
Splitting into training and test...
Done!
Constructing data matrices...
Done!
Training expertsys...
Done!
sklearnTrainScore: 0.9224137931034483
sklearnCvScore: 0.6779661016949152
sklearnTestScore: 0.85
sklearn rel mlp test: 0.8
sklearn rel rf test: 0.9
Parsing CSV...
Reading file: ../tmp/parkinsons.data
Done!
Rows read: 195
Columns: 23
Column names:
0: 0
1: 1
2: 2
3: 3
4: 4
5: 5
6: 6
7: 7
8: 8
9: 9
10: 10
11: 11
12: 12
13: 13
14: 14
15: 15
16: 16
17: 17
18: 18
19: 19
20: 20
21: 21
22: 22

Done!
Splitting into training and test...
Done!
Constructing data matrices...
Done!
Training expertsys...
Done!
sklearnTrainScore: 0.9482758620689655
sklearnCvScore: 0.8305084745762712
sklearnTestScore: 0.85
sklearn rel mlp test: 0.9
sklearn rel rf test: 0.9
Parsing CSV...
Reading file: ../tmp/parkinsons.data
Done!
Rows read: 195
Columns: 23
Column names:
0: 0
1: 1
2: 2
3: 3
4: 4
5: 5
6: 6
7: 7
8: 8
9: 9
10: 10
11: 11
12: 12
13: 13
14: 14
15: 15
16: 16
17: 17
18: 18
19: 19
20: 20
21: 21
22: 22

Done!
Splitting into training and test...
Done!
Constructing data matrices...
Done!
Training expertsys...
Done!
sklearnTrainScore: 0.7758620689655172
sklearnCvScore: 0.6610169491525424
sklearnTestScore: 0.7
sklearn rel mlp test: 0.75
sklearn rel rf test: 0.9
Parsing CSV...
Reading file: ../tmp/parkinsons.data
Done!
Rows read: 195
Columns: 23
Column names:
0: 0
1: 1
2: 2
3: 3
4: 4
5: 5
6: 6
7: 7
8: 8
9: 9
10: 10
11: 11
12: 12
13: 13
14: 14
15: 15
16: 16
17: 17
18: 18
19: 19
20: 20
21: 21
22: 22

Done!
Splitting into training and test...
Done!
Constructing data matrices...
Done!
Training expertsys...
Done!
sklearnTrainScore: 0.9655172413793104
sklearnCvScore: 0.847457627118644
sklearnTestScore: 0.7
sklearn rel mlp test: 0.9
sklearn rel rf test: 0.95
Parsing CSV...
Reading file: ../tmp/parkinsons.data
Done!
Rows read: 195
Columns: 23
Column names:
0: 0
1: 1
2: 2
3: 3
4: 4
5: 5
6: 6
7: 7
8: 8
9: 9
10: 10
11: 11
12: 12
13: 13
14: 14
15: 15
16: 16
17: 17
18: 18
19: 19
20: 20
21: 21
22: 22

Done!
Splitting into training and test...
Done!
Constructing data matrices...
Done!
Training expertsys...
Done!
sklearnTrainScore: 0.9396551724137931
sklearnCvScore: 0.864406779661017
sklearnTestScore: 0.75
sklearn rel mlp test: 0.8
sklearn rel rf test: 0.8
Averaged over 10 trials: expertsys train score: 0.9025862068965518
Averaged over 10 trials: expertsys cv score: 0.8118644067796611
Averaged over 10 trials: expertsys test score:0.7849999999999999
Averaged over 10 trials: expertsys relative mlp test score: 0.8100000000000002
Averaged over 10 trials: expertsys relative rf test score: 0.8550000000000001
