Parsing CSV...
Reading file: ../tmp/pima-indians-diabetes.csv
Done!
Rows read: 768
Columns: 9
Column names:
0: 0
1: 1
2: 2
3: 3
4: 4
5: 5
6: 6
7: 7
8: 8

Done!
Splitting into training and test...
Done!
Constructing data matrices...
Done!
Training expertsys...
Done!
sklearnTrainScore: 0.7782608695652173
sklearnCvScore: 0.7662337662337663
sklearnTestScore: 0.7402597402597403
sklearn rel mlp test: 0.7012987012987013
sklearn rel rf test: 0.8831168831168831
Parsing CSV...
Reading file: ../tmp/pima-indians-diabetes.csv
Done!
Rows read: 768
Columns: 9
Column names:
0: 0
1: 1
2: 2
3: 3
4: 4
5: 5
6: 6
7: 7
8: 8

Done!
Splitting into training and test...
Done!
Constructing data matrices...
Done!
Training expertsys...
Done!
sklearnTrainScore: 0.7913043478260869
sklearnCvScore: 0.70995670995671
sklearnTestScore: 0.8051948051948052
sklearn rel mlp test: 0.8441558441558441
sklearn rel rf test: 0.8571428571428571
Parsing CSV...
Reading file: ../tmp/pima-indians-diabetes.csv
Done!
Rows read: 768
Columns: 9
Column names:
0: 0
1: 1
2: 2
3: 3
4: 4
5: 5
6: 6
7: 7
8: 8

Done!
Splitting into training and test...
Done!
Constructing data matrices...
Done!
Training expertsys...
Done!
sklearnTrainScore: 0.7239130434782609
sklearnCvScore: 0.7835497835497836
sklearnTestScore: 0.8051948051948052
sklearn rel mlp test: 0.7922077922077922
sklearn rel rf test: 0.8051948051948052
Parsing CSV...
Reading file: ../tmp/pima-indians-diabetes.csv
Done!
Rows read: 768
Columns: 9
Column names:
0: 0
1: 1
2: 2
3: 3
4: 4
5: 5
6: 6
7: 7
8: 8

Done!
Splitting into training and test...
Done!
Constructing data matrices...
Done!
Training expertsys...
Done!
sklearnTrainScore: 0.7282608695652174
sklearnCvScore: 0.7316017316017316
sklearnTestScore: 0.6493506493506493
sklearn rel mlp test: 0.7272727272727273
sklearn rel rf test: 0.7922077922077922
Parsing CSV...
Reading file: ../tmp/pima-indians-diabetes.csv
Done!
Rows read: 768
Columns: 9
Column names:
0: 0
1: 1
2: 2
3: 3
4: 4
5: 5
6: 6
7: 7
8: 8

Done!
Splitting into training and test...
Done!
Constructing data matrices...
Done!
Training expertsys...
Done!
sklearnTrainScore: 0.7652173913043478
sklearnCvScore: 0.7142857142857143
sklearnTestScore: 0.7402597402597403
sklearn rel mlp test: 0.7272727272727273
sklearn rel rf test: 0.8571428571428571
Parsing CSV...
Reading file: ../tmp/pima-indians-diabetes.csv
Done!
Rows read: 768
Columns: 9
Column names:
0: 0
1: 1
2: 2
3: 3
4: 4
5: 5
6: 6
7: 7
8: 8

Done!
Splitting into training and test...
Done!
Constructing data matrices...
Done!
Training expertsys...
Done!
sklearnTrainScore: 0.7630434782608696
sklearnCvScore: 0.7186147186147186
sklearnTestScore: 0.6753246753246753
sklearn rel mlp test: 0.7662337662337663
sklearn rel rf test: 0.8701298701298701
Parsing CSV...
Reading file: ../tmp/pima-indians-diabetes.csv
Done!
Rows read: 768
Columns: 9
Column names:
0: 0
1: 1
2: 2
3: 3
4: 4
5: 5
6: 6
7: 7
8: 8

Done!
Splitting into training and test...
Done!
Constructing data matrices...
Done!
Training expertsys...
Done!
sklearnTrainScore: 0.75
sklearnCvScore: 0.7532467532467533
sklearnTestScore: 0.7402597402597403
sklearn rel mlp test: 0.7402597402597403
sklearn rel rf test: 0.8311688311688312
Parsing CSV...
Reading file: ../tmp/pima-indians-diabetes.csv
Done!
Rows read: 768
Columns: 9
Column names:
0: 0
1: 1
2: 2
3: 3
4: 4
5: 5
6: 6
7: 7
8: 8

Done!
Splitting into training and test...
Done!
Constructing data matrices...
Done!
Training expertsys...
Done!
sklearnTrainScore: 0.7782608695652173
sklearnCvScore: 0.7662337662337663
sklearnTestScore: 0.7012987012987013
sklearn rel mlp test: 0.8571428571428571
sklearn rel rf test: 0.9090909090909091
Parsing CSV...
Reading file: ../tmp/pima-indians-diabetes.csv
Done!
Rows read: 768
Columns: 9
Column names:
0: 0
1: 1
2: 2
3: 3
4: 4
5: 5
6: 6
7: 7
8: 8

Done!
Splitting into training and test...
Done!
Constructing data matrices...
Done!
Training expertsys...
Done!
sklearnTrainScore: 0.741304347826087
sklearnCvScore: 0.7056277056277056
sklearnTestScore: 0.6753246753246753
sklearn rel mlp test: 0.6753246753246753
sklearn rel rf test: 0.7272727272727273
Parsing CSV...
Reading file: ../tmp/pima-indians-diabetes.csv
Done!
Rows read: 768
Columns: 9
Column names:
0: 0
1: 1
2: 2
3: 3
4: 4
5: 5
6: 6
7: 7
8: 8

Done!
Splitting into training and test...
Done!
Constructing data matrices...
Done!
Training expertsys...
Done!
sklearnTrainScore: 0.7391304347826086
sklearnCvScore: 0.6666666666666666
sklearnTestScore: 0.6103896103896104
sklearn rel mlp test: 0.5974025974025974
sklearn rel rf test: 0.7012987012987013
Averaged over 10 trials: expertsys train score: 0.7558695652173912
Averaged over 10 trials: expertsys cv score: 0.7316017316017317
Averaged over 10 trials: expertsys test score:0.7142857142857143
Averaged over 10 trials: expertsys relative mlp test score: 0.7428571428571428
Averaged over 10 trials: expertsys relative rf test score: 0.8233766233766234
