Parsing CSV...
Reading file: ../tmp/biodeg.csv
Done!
Rows read: 1055
Columns: 42
Column names:
0: 0
1: 1
2: 2
3: 3
4: 4
5: 5
6: 6
7: 7
8: 8
9: 9
10: 10
11: 11
12: 12
13: 13
14: 14
15: 15
16: 16
17: 17
18: 18
19: 19
20: 20
21: 21
22: 22
23: 23
24: 24
25: 25
26: 26
27: 27
28: 28
29: 29
30: 30
31: 31
32: 32
33: 33
34: 34
35: 35
36: 36
37: 37
38: 38
39: 39
40: 40
41: 41

Done!
Splitting into training and test...
Done!
Constructing data matrices...
Done!
Training expertsys...
Done!
sklearnTrainScore: 0.8686708860759493
sklearnCvScore: 0.8391167192429022
sklearnTestScore: 0.8113207547169812
sklearn rel mlp test: 0.8018867924528302
sklearn rel rf test: 0.9245283018867925
Parsing CSV...
Reading file: ../tmp/biodeg.csv
Done!
Rows read: 1055
Columns: 42
Column names:
0: 0
1: 1
2: 2
3: 3
4: 4
5: 5
6: 6
7: 7
8: 8
9: 9
10: 10
11: 11
12: 12
13: 13
14: 14
15: 15
16: 16
17: 17
18: 18
19: 19
20: 20
21: 21
22: 22
23: 23
24: 24
25: 25
26: 26
27: 27
28: 28
29: 29
30: 30
31: 31
32: 32
33: 33
34: 34
35: 35
36: 36
37: 37
38: 38
39: 39
40: 40
41: 41

Done!
Splitting into training and test...
Done!
Constructing data matrices...
Done!
Training expertsys...
Done!
sklearnTrainScore: 0.8860759493670886
sklearnCvScore: 0.8296529968454258
sklearnTestScore: 0.8113207547169812
sklearn rel mlp test: 0.8018867924528302
sklearn rel rf test: 0.8867924528301887
Parsing CSV...
Reading file: ../tmp/biodeg.csv
Done!
Rows read: 1055
Columns: 42
Column names:
0: 0
1: 1
2: 2
3: 3
4: 4
5: 5
6: 6
7: 7
8: 8
9: 9
10: 10
11: 11
12: 12
13: 13
14: 14
15: 15
16: 16
17: 17
18: 18
19: 19
20: 20
21: 21
22: 22
23: 23
24: 24
25: 25
26: 26
27: 27
28: 28
29: 29
30: 30
31: 31
32: 32
33: 33
34: 34
35: 35
36: 36
37: 37
38: 38
39: 39
40: 40
41: 41

Done!
Splitting into training and test...
Done!
Constructing data matrices...
Done!
Training expertsys...
Done!
sklearnTrainScore: 0.8718354430379747
sklearnCvScore: 0.8107255520504731
sklearnTestScore: 0.7264150943396226
sklearn rel mlp test: 0.7924528301886793
sklearn rel rf test: 0.8207547169811321
Parsing CSV...
Reading file: ../tmp/biodeg.csv
Done!
Rows read: 1055
Columns: 42
Column names:
0: 0
1: 1
2: 2
3: 3
4: 4
5: 5
6: 6
7: 7
8: 8
9: 9
10: 10
11: 11
12: 12
13: 13
14: 14
15: 15
16: 16
17: 17
18: 18
19: 19
20: 20
21: 21
22: 22
23: 23
24: 24
25: 25
26: 26
27: 27
28: 28
29: 29
30: 30
31: 31
32: 32
33: 33
34: 34
35: 35
36: 36
37: 37
38: 38
39: 39
40: 40
41: 41

Done!
Splitting into training and test...
Done!
Constructing data matrices...
Done!
Training expertsys...
Done!
sklearnTrainScore: 0.8560126582278481
sklearnCvScore: 0.7949526813880127
sklearnTestScore: 0.8207547169811321
sklearn rel mlp test: 0.7452830188679245
sklearn rel rf test: 0.8490566037735849
Parsing CSV...
Reading file: ../tmp/biodeg.csv
Done!
Rows read: 1055
Columns: 42
Column names:
0: 0
1: 1
2: 2
3: 3
4: 4
5: 5
6: 6
7: 7
8: 8
9: 9
10: 10
11: 11
12: 12
13: 13
14: 14
15: 15
16: 16
17: 17
18: 18
19: 19
20: 20
21: 21
22: 22
23: 23
24: 24
25: 25
26: 26
27: 27
28: 28
29: 29
30: 30
31: 31
32: 32
33: 33
34: 34
35: 35
36: 36
37: 37
38: 38
39: 39
40: 40
41: 41

Done!
Splitting into training and test...
Done!
Constructing data matrices...
Done!
Training expertsys...
Done!
sklearnTrainScore: 0.879746835443038
sklearnCvScore: 0.7949526813880127
sklearnTestScore: 0.8018867924528302
sklearn rel mlp test: 0.7830188679245284
sklearn rel rf test: 0.8490566037735849
Parsing CSV...
Reading file: ../tmp/biodeg.csv
Done!
Rows read: 1055
Columns: 42
Column names:
0: 0
1: 1
2: 2
3: 3
4: 4
5: 5
6: 6
7: 7
8: 8
9: 9
10: 10
11: 11
12: 12
13: 13
14: 14
15: 15
16: 16
17: 17
18: 18
19: 19
20: 20
21: 21
22: 22
23: 23
24: 24
25: 25
26: 26
27: 27
28: 28
29: 29
30: 30
31: 31
32: 32
33: 33
34: 34
35: 35
36: 36
37: 37
38: 38
39: 39
40: 40
41: 41

Done!
Splitting into training and test...
Done!
Constructing data matrices...
Done!
Training expertsys...
Done!
sklearnTrainScore: 0.8544303797468354
sklearnCvScore: 0.7760252365930599
sklearnTestScore: 0.7830188679245284
sklearn rel mlp test: 0.7924528301886793
sklearn rel rf test: 0.8679245283018868
Parsing CSV...
Reading file: ../tmp/biodeg.csv
Done!
Rows read: 1055
Columns: 42
Column names:
0: 0
1: 1
2: 2
3: 3
4: 4
5: 5
6: 6
7: 7
8: 8
9: 9
10: 10
11: 11
12: 12
13: 13
14: 14
15: 15
16: 16
17: 17
18: 18
19: 19
20: 20
21: 21
22: 22
23: 23
24: 24
25: 25
26: 26
27: 27
28: 28
29: 29
30: 30
31: 31
32: 32
33: 33
34: 34
35: 35
36: 36
37: 37
38: 38
39: 39
40: 40
41: 41

Done!
Splitting into training and test...
Done!
Constructing data matrices...
Done!
Training expertsys...
Done!
sklearnTrainScore: 0.8876582278481012
sklearnCvScore: 0.7917981072555205
sklearnTestScore: 0.8301886792452831
sklearn rel mlp test: 0.8679245283018868
sklearn rel rf test: 0.9150943396226415
Parsing CSV...
Reading file: ../tmp/biodeg.csv
Done!
Rows read: 1055
Columns: 42
Column names:
0: 0
1: 1
2: 2
3: 3
4: 4
5: 5
6: 6
7: 7
8: 8
9: 9
10: 10
11: 11
12: 12
13: 13
14: 14
15: 15
16: 16
17: 17
18: 18
19: 19
20: 20
21: 21
22: 22
23: 23
24: 24
25: 25
26: 26
27: 27
28: 28
29: 29
30: 30
31: 31
32: 32
33: 33
34: 34
35: 35
36: 36
37: 37
38: 38
39: 39
40: 40
41: 41

Done!
Splitting into training and test...
Done!
Constructing data matrices...
Done!
Training expertsys...
Done!
sklearnTrainScore: 0.8718354430379747
sklearnCvScore: 0.8296529968454258
sklearnTestScore: 0.7641509433962265
sklearn rel mlp test: 0.8113207547169812
sklearn rel rf test: 0.8773584905660378
Parsing CSV...
Reading file: ../tmp/biodeg.csv
Done!
Rows read: 1055
Columns: 42
Column names:
0: 0
1: 1
2: 2
3: 3
4: 4
5: 5
6: 6
7: 7
8: 8
9: 9
10: 10
11: 11
12: 12
13: 13
14: 14
15: 15
16: 16
17: 17
18: 18
19: 19
20: 20
21: 21
22: 22
23: 23
24: 24
25: 25
26: 26
27: 27
28: 28
29: 29
30: 30
31: 31
32: 32
33: 33
34: 34
35: 35
36: 36
37: 37
38: 38
39: 39
40: 40
41: 41

Done!
Splitting into training and test...
Done!
Constructing data matrices...
Done!
Training expertsys...
Done!
sklearnTrainScore: 0.8892405063291139
sklearnCvScore: 0.8233438485804416
sklearnTestScore: 0.8490566037735849
sklearn rel mlp test: 0.8018867924528302
sklearn rel rf test: 0.8490566037735849
Parsing CSV...
Reading file: ../tmp/biodeg.csv
Done!
Rows read: 1055
Columns: 42
Column names:
0: 0
1: 1
2: 2
3: 3
4: 4
5: 5
6: 6
7: 7
8: 8
9: 9
10: 10
11: 11
12: 12
13: 13
14: 14
15: 15
16: 16
17: 17
18: 18
19: 19
20: 20
21: 21
22: 22
23: 23
24: 24
25: 25
26: 26
27: 27
28: 28
29: 29
30: 30
31: 31
32: 32
33: 33
34: 34
35: 35
36: 36
37: 37
38: 38
39: 39
40: 40
41: 41

Done!
Splitting into training and test...
Done!
Constructing data matrices...
Done!
Training expertsys...
Done!
sklearnTrainScore: 0.8718354430379747
sklearnCvScore: 0.8359621451104101
sklearnTestScore: 0.7830188679245284
sklearn rel mlp test: 0.8773584905660378
sklearn rel rf test: 0.9150943396226415
Averaged over 10 trials: expertsys train score: 0.8737341772151899
Averaged over 10 trials: expertsys cv score: 0.8126182965299684
Averaged over 10 trials: expertsys test score:0.7981132075471697
Averaged over 10 trials: expertsys relative mlp test score: 0.8075471698113208
Averaged over 10 trials: expertsys relative rf test score: 0.8754716981132077
