Parsing CSV...
Reading file: ../tmp/ThoraricSurgery.arff
Done!
Rows read: 470
Columns: 51
Column names:
0: 1
1: 2
2: 15
3: 16
4: 0_DGN1
5: 0_DGN2
6: 0_DGN3
7: 0_DGN4
8: 0_DGN5
9: 0_DGN6
10: 0_DGN8
11: 0_nan
12: 3_PRZ0
13: 3_PRZ1
14: 3_PRZ2
15: 3_nan
16: 4_F
17: 4_T
18: 4_nan
19: 5_F
20: 5_T
21: 5_nan
22: 6_F
23: 6_T
24: 6_nan
25: 7_F
26: 7_T
27: 7_nan
28: 8_F
29: 8_T
30: 8_nan
31: 9_OC11
32: 9_OC12
33: 9_OC13
34: 9_OC14
35: 9_nan
36: 10_F
37: 10_T
38: 10_nan
39: 11_F
40: 11_T
41: 11_nan
42: 12_F
43: 12_T
44: 12_nan
45: 13_F
46: 13_T
47: 13_nan
48: 14_F
49: 14_T
50: 14_nan

Done!
Splitting into training and test...
Done!
Constructing data matrices...
Done!
Training expertsys...
