Parsing CSV...
Reading file: ../tmp/tic-tac-toe.data
Done!
Rows read: 958
Columns: 37
Column names:
0: 9
1: 0_b
2: 0_o
3: 0_x
4: 0_nan
5: 1_b
6: 1_o
7: 1_x
8: 1_nan
9: 2_b
10: 2_o
11: 2_x
12: 2_nan
13: 3_b
14: 3_o
15: 3_x
16: 3_nan
17: 4_b
18: 4_o
19: 4_x
20: 4_nan
21: 5_b
22: 5_o
23: 5_x
24: 5_nan
25: 6_b
26: 6_o
27: 6_x
28: 6_nan
29: 7_b
30: 7_o
31: 7_x
32: 7_nan
33: 8_b
34: 8_o
35: 8_x
36: 8_nan

Done!
Splitting into training and test...
Done!
Constructing data matrices...
Done!
Training expertsys...
Done!
sklearnTrainScore: 0.7003484320557491
sklearnCvScore: 0.6875
sklearnTestScore: 0.7291666666666666
sklearn rel mlp test: 0.71875
sklearn rel rf test: 0.7291666666666666
Parsing CSV...
Reading file: ../tmp/tic-tac-toe.data
Done!
Rows read: 958
Columns: 37
Column names:
0: 9
1: 0_b
2: 0_o
3: 0_x
4: 0_nan
5: 1_b
6: 1_o
7: 1_x
8: 1_nan
9: 2_b
10: 2_o
11: 2_x
12: 2_nan
13: 3_b
14: 3_o
15: 3_x
16: 3_nan
17: 4_b
18: 4_o
19: 4_x
20: 4_nan
21: 5_b
22: 5_o
23: 5_x
24: 5_nan
25: 6_b
26: 6_o
27: 6_x
28: 6_nan
29: 7_b
30: 7_o
31: 7_x
32: 7_nan
33: 8_b
34: 8_o
35: 8_x
36: 8_nan

Done!
Splitting into training and test...
Done!
Constructing data matrices...
Done!
Training expertsys...
Done!
sklearnTrainScore: 0.7038327526132404
sklearnCvScore: 0.7083333333333334
sklearnTestScore: 0.6458333333333334
sklearn rel mlp test: 0.6458333333333334
sklearn rel rf test: 0.6666666666666666
Parsing CSV...
Reading file: ../tmp/tic-tac-toe.data
Done!
Rows read: 958
Columns: 37
Column names:
0: 9
1: 0_b
2: 0_o
3: 0_x
4: 0_nan
5: 1_b
6: 1_o
7: 1_x
8: 1_nan
9: 2_b
10: 2_o
11: 2_x
12: 2_nan
13: 3_b
14: 3_o
15: 3_x
16: 3_nan
17: 4_b
18: 4_o
19: 4_x
20: 4_nan
21: 5_b
22: 5_o
23: 5_x
24: 5_nan
25: 6_b
26: 6_o
27: 6_x
28: 6_nan
29: 7_b
30: 7_o
31: 7_x
32: 7_nan
33: 8_b
34: 8_o
35: 8_x
36: 8_nan

Done!
Splitting into training and test...
Done!
Constructing data matrices...
Done!
Training expertsys...
Done!
sklearnTrainScore: 0.7090592334494773
sklearnCvScore: 0.7013888888888888
sklearnTestScore: 0.6354166666666666
sklearn rel mlp test: 0.6770833333333334
sklearn rel rf test: 0.6875
Parsing CSV...
Reading file: ../tmp/tic-tac-toe.data
Done!
Rows read: 958
Columns: 37
Column names:
0: 9
1: 0_b
2: 0_o
3: 0_x
4: 0_nan
5: 1_b
6: 1_o
7: 1_x
8: 1_nan
9: 2_b
10: 2_o
11: 2_x
12: 2_nan
13: 3_b
14: 3_o
15: 3_x
16: 3_nan
17: 4_b
18: 4_o
19: 4_x
20: 4_nan
21: 5_b
22: 5_o
23: 5_x
24: 5_nan
25: 6_b
26: 6_o
27: 6_x
28: 6_nan
29: 7_b
30: 7_o
31: 7_x
32: 7_nan
33: 8_b
34: 8_o
35: 8_x
36: 8_nan

Done!
Splitting into training and test...
Done!
Constructing data matrices...
Done!
Training expertsys...
Done!
sklearnTrainScore: 0.6829268292682927
sklearnCvScore: 0.71875
sklearnTestScore: 0.7395833333333334
sklearn rel mlp test: 0.75
sklearn rel rf test: 0.75
Parsing CSV...
Reading file: ../tmp/tic-tac-toe.data
Done!
Rows read: 958
Columns: 37
Column names:
0: 9
1: 0_b
2: 0_o
3: 0_x
4: 0_nan
5: 1_b
6: 1_o
7: 1_x
8: 1_nan
9: 2_b
10: 2_o
11: 2_x
12: 2_nan
13: 3_b
14: 3_o
15: 3_x
16: 3_nan
17: 4_b
18: 4_o
19: 4_x
20: 4_nan
21: 5_b
22: 5_o
23: 5_x
24: 5_nan
25: 6_b
26: 6_o
27: 6_x
28: 6_nan
29: 7_b
30: 7_o
31: 7_x
32: 7_nan
33: 8_b
34: 8_o
35: 8_x
36: 8_nan

Done!
Splitting into training and test...
Done!
Constructing data matrices...
Done!
Training expertsys...
Done!
sklearnTrainScore: 0.7020905923344948
sklearnCvScore: 0.6875
sklearnTestScore: 0.71875
sklearn rel mlp test: 0.71875
sklearn rel rf test: 0.7291666666666666
Parsing CSV...
Reading file: ../tmp/tic-tac-toe.data
Done!
Rows read: 958
Columns: 37
Column names:
0: 9
1: 0_b
2: 0_o
3: 0_x
4: 0_nan
5: 1_b
6: 1_o
7: 1_x
8: 1_nan
9: 2_b
10: 2_o
11: 2_x
12: 2_nan
13: 3_b
14: 3_o
15: 3_x
16: 3_nan
17: 4_b
18: 4_o
19: 4_x
20: 4_nan
21: 5_b
22: 5_o
23: 5_x
24: 5_nan
25: 6_b
26: 6_o
27: 6_x
28: 6_nan
29: 7_b
30: 7_o
31: 7_x
32: 7_nan
33: 8_b
34: 8_o
35: 8_x
36: 8_nan

Done!
Splitting into training and test...
Done!
Constructing data matrices...
Done!
Training expertsys...
Done!
sklearnTrainScore: 0.6933797909407665
sklearnCvScore: 0.7222222222222222
sklearnTestScore: 0.6666666666666666
sklearn rel mlp test: 0.6875
sklearn rel rf test: 0.7395833333333334
Parsing CSV...
Reading file: ../tmp/tic-tac-toe.data
Done!
Rows read: 958
Columns: 37
Column names:
0: 9
1: 0_b
2: 0_o
3: 0_x
4: 0_nan
5: 1_b
6: 1_o
7: 1_x
8: 1_nan
9: 2_b
10: 2_o
11: 2_x
12: 2_nan
13: 3_b
14: 3_o
15: 3_x
16: 3_nan
17: 4_b
18: 4_o
19: 4_x
20: 4_nan
21: 5_b
22: 5_o
23: 5_x
24: 5_nan
25: 6_b
26: 6_o
27: 6_x
28: 6_nan
29: 7_b
30: 7_o
31: 7_x
32: 7_nan
33: 8_b
34: 8_o
35: 8_x
36: 8_nan

Done!
Splitting into training and test...
Done!
Constructing data matrices...
Done!
Training expertsys...
Done!
sklearnTrainScore: 0.6881533101045296
sklearnCvScore: 0.7291666666666666
sklearnTestScore: 0.65625
sklearn rel mlp test: 0.6770833333333334
sklearn rel rf test: 0.6770833333333334
Parsing CSV...
Reading file: ../tmp/tic-tac-toe.data
Done!
Rows read: 958
Columns: 37
Column names:
0: 9
1: 0_b
2: 0_o
3: 0_x
4: 0_nan
5: 1_b
6: 1_o
7: 1_x
8: 1_nan
9: 2_b
10: 2_o
11: 2_x
12: 2_nan
13: 3_b
14: 3_o
15: 3_x
16: 3_nan
17: 4_b
18: 4_o
19: 4_x
20: 4_nan
21: 5_b
22: 5_o
23: 5_x
24: 5_nan
25: 6_b
26: 6_o
27: 6_x
28: 6_nan
29: 7_b
30: 7_o
31: 7_x
32: 7_nan
33: 8_b
34: 8_o
35: 8_x
36: 8_nan

Done!
Splitting into training and test...
Done!
Constructing data matrices...
Done!
Training expertsys...
Done!
sklearnTrainScore: 0.6916376306620209
sklearnCvScore: 0.6840277777777778
sklearnTestScore: 0.7708333333333334
sklearn rel mlp test: 0.75
sklearn rel rf test: 0.7604166666666666
Parsing CSV...
Reading file: ../tmp/tic-tac-toe.data
Done!
Rows read: 958
Columns: 37
Column names:
0: 9
1: 0_b
2: 0_o
3: 0_x
4: 0_nan
5: 1_b
6: 1_o
7: 1_x
8: 1_nan
9: 2_b
10: 2_o
11: 2_x
12: 2_nan
13: 3_b
14: 3_o
15: 3_x
16: 3_nan
17: 4_b
18: 4_o
19: 4_x
20: 4_nan
21: 5_b
22: 5_o
23: 5_x
24: 5_nan
25: 6_b
26: 6_o
27: 6_x
28: 6_nan
29: 7_b
30: 7_o
31: 7_x
32: 7_nan
33: 8_b
34: 8_o
35: 8_x
36: 8_nan

Done!
Splitting into training and test...
Done!
Constructing data matrices...
Done!
Training expertsys...
Done!
sklearnTrainScore: 0.7090592334494773
sklearnCvScore: 0.6666666666666666
sklearnTestScore: 0.7395833333333334
sklearn rel mlp test: 0.7604166666666666
sklearn rel rf test: 0.7916666666666666
Parsing CSV...
Reading file: ../tmp/tic-tac-toe.data
Done!
Rows read: 958
Columns: 37
Column names:
0: 9
1: 0_b
2: 0_o
3: 0_x
4: 0_nan
5: 1_b
6: 1_o
7: 1_x
8: 1_nan
9: 2_b
10: 2_o
11: 2_x
12: 2_nan
13: 3_b
14: 3_o
15: 3_x
16: 3_nan
17: 4_b
18: 4_o
19: 4_x
20: 4_nan
21: 5_b
22: 5_o
23: 5_x
24: 5_nan
25: 6_b
26: 6_o
27: 6_x
28: 6_nan
29: 7_b
30: 7_o
31: 7_x
32: 7_nan
33: 8_b
34: 8_o
35: 8_x
36: 8_nan

Done!
Splitting into training and test...
Done!
Constructing data matrices...
Done!
Training expertsys...
Done!
sklearnTrainScore: 0.7073170731707317
sklearnCvScore: 0.6909722222222222
sklearnTestScore: 0.6770833333333334
sklearn rel mlp test: 0.6875
sklearn rel rf test: 0.6979166666666666
Averaged over 10 trials: expertsys train score: 0.698780487804878
Averaged over 10 trials: expertsys cv score: 0.6996527777777779
Averaged over 10 trials: expertsys test score:0.6979166666666666
Averaged over 10 trials: expertsys relative mlp test score: 0.7072916666666667
Averaged over 10 trials: expertsys relative rf test score: 0.7229166666666667
