Parsing CSV...
Reading file: ../tmp/onehr.data
Done!
Rows read: 2536
Columns: 73
Column names:
0: 0
1: 1
2: 2
3: 3
4: 4
5: 5
6: 6
7: 7
8: 8
9: 9
10: 10
11: 11
12: 12
13: 13
14: 14
15: 15
16: 16
17: 17
18: 18
19: 19
20: 20
21: 21
22: 22
23: 23
24: 24
25: 25
26: 26
27: 27
28: 28
29: 29
30: 30
31: 31
32: 32
33: 33
34: 34
35: 35
36: 36
37: 37
38: 38
39: 39
40: 40
41: 41
42: 42
43: 43
44: 44
45: 45
46: 46
47: 47
48: 48
49: 49
50: 50
51: 51
52: 52
53: 53
54: 54
55: 55
56: 56
57: 57
58: 58
59: 59
60: 60
61: 61
62: 62
63: 63
64: 64
65: 65
66: 66
67: 67
68: 68
69: 69
70: 70
71: 71
72: 72

Done!
Splitting into training and test...
Done!
Constructing data matrices...
Done!
Training random forest...
Done!
Fitting Gaussian mixture with 20 components...
Done!
Sampling 1500 points
Done! Sampled 1500 points
Generating internal node with number of samples 1500...
Done!
Invalid internal node, node count: 1
Generating leaf with number of samples 1500...
Done!
Current mass: 1.0000000000000002
Sampling 1500 test points
Done! Sampled 1500 test points
Computed internal score: 1.0000000000000002
Computed leaf score: 1.0000000000000002
Internal node index: 0
No internal data!
Internal node index: 0
No internal data!
No internal nodes remaining, ending!
Leaf node index: 0
Decision tree:
0
Node count: 1
DTExtract Relative training score: 0.973701512163
DTExtract Relative CV score: 0.998685939553
DTExtract Relative test score: 1.0
DTExtract Training score: 0.973701512163
DTExtract CV score: 0.968462549277
DTExtract Test score: 0.964566929134
Training greedy decision tree, best of: 1
Done!
Node count: 33
GreedyTree Training score: 0.9888231426692965
GreedyTree CV score: 0.9579500657030223
GreedyTree Test score: 0.9606299212598425
MLP Training score: 0.9737015121630507
MLP CV score: 0.9684625492772667
MLP Test score: 0.9645669291338582
Random Forest Training score: 1.0
Random Forest CV score: 0.9671484888304862
Random Forest Test score: 0.9645669291338582
Parsing CSV...
Reading file: ../tmp/onehr.data
Done!
Rows read: 2536
Columns: 73
Column names:
0: 0
1: 1
2: 2
3: 3
4: 4
5: 5
6: 6
7: 7
8: 8
9: 9
10: 10
11: 11
12: 12
13: 13
14: 14
15: 15
16: 16
17: 17
18: 18
19: 19
20: 20
21: 21
22: 22
23: 23
24: 24
25: 25
26: 26
27: 27
28: 28
29: 29
30: 30
31: 31
32: 32
33: 33
34: 34
35: 35
36: 36
37: 37
38: 38
39: 39
40: 40
41: 41
42: 42
43: 43
44: 44
45: 45
46: 46
47: 47
48: 48
49: 49
50: 50
51: 51
52: 52
53: 53
54: 54
55: 55
56: 56
57: 57
58: 58
59: 59
60: 60
61: 61
62: 62
63: 63
64: 64
65: 65
66: 66
67: 67
68: 68
69: 69
70: 70
71: 71
72: 72

Done!
Splitting into training and test...
Done!
Constructing data matrices...
Done!
Training random forest...
Done!
Fitting Gaussian mixture with 20 components...
Done!
Sampling 1500 points
Done! Sampled 1500 points
Generating internal node with number of samples 1500...
Done!
Invalid internal node, node count: 1
Generating leaf with number of samples 1500...
Done!
Current mass: 0.9999999999999999
Sampling 1500 test points
Done! Sampled 1500 test points
Computed internal score: 0.9999999999999999
Computed leaf score: 0.9999999999999999
Internal node index: 0
No internal data!
Internal node index: 0
No internal data!
No internal nodes remaining, ending!
Leaf node index: 0
Decision tree:
0
Node count: 1
DTExtract Relative training score: 1.0
DTExtract Relative CV score: 1.0
DTExtract Relative test score: 1.0
DTExtract Training score: 0.971071663379
DTExtract CV score: 0.975032851511
DTExtract Test score: 0.96062992126
Training greedy decision tree, best of: 1
Done!
Node count: 33
GreedyTree Training score: 0.9894806048652203
GreedyTree CV score: 0.9671484888304862
GreedyTree Test score: 0.9645669291338582
MLP Training score: 0.9710716633793557
MLP CV score: 0.9750328515111695
MLP Test score: 0.9606299212598425
Random Forest Training score: 1.0
Random Forest CV score: 0.9750328515111695
Random Forest Test score: 0.9566929133858267
Parsing CSV...
Reading file: ../tmp/onehr.data
Done!
Rows read: 2536
Columns: 73
Column names:
0: 0
1: 1
2: 2
3: 3
4: 4
5: 5
6: 6
7: 7
8: 8
9: 9
10: 10
11: 11
12: 12
13: 13
14: 14
15: 15
16: 16
17: 17
18: 18
19: 19
20: 20
21: 21
22: 22
23: 23
24: 24
25: 25
26: 26
27: 27
28: 28
29: 29
30: 30
31: 31
32: 32
33: 33
34: 34
35: 35
36: 36
37: 37
38: 38
39: 39
40: 40
41: 41
42: 42
43: 43
44: 44
45: 45
46: 46
47: 47
48: 48
49: 49
50: 50
51: 51
52: 52
53: 53
54: 54
55: 55
56: 56
57: 57
58: 58
59: 59
60: 60
61: 61
62: 62
63: 63
64: 64
65: 65
66: 66
67: 67
68: 68
69: 69
70: 70
71: 71
72: 72

Done!
Splitting into training and test...
Done!
Constructing data matrices...
Done!
Training random forest...
Done!
Fitting Gaussian mixture with 20 components...
Done!
Sampling 1500 points
Done! Sampled 1500 points
Generating internal node with number of samples 1500...
Done!
Invalid internal node, node count: 1
Generating leaf with number of samples 1500...
Done!
Current mass: 1.0
Sampling 1500 test points
Done! Sampled 1500 test points
Computed internal score: 1.0
Computed leaf score: 1.0
Internal node index: 0
No internal data!
Internal node index: 0
No internal data!
No internal nodes remaining, ending!
Leaf node index: 0
Decision tree:
0
Node count: 1
DTExtract Relative training score: 1.0
DTExtract Relative CV score: 1.0
DTExtract Relative test score: 1.0
DTExtract Training score: 0.973701512163
DTExtract CV score: 0.971090670171
DTExtract Test score: 0.956692913386
Training greedy decision tree, best of: 1
Done!
Node count: 33
GreedyTree Training score: 0.9888231426692965
GreedyTree CV score: 0.9632063074901446
GreedyTree Test score: 0.9409448818897638
MLP Training score: 0.9737015121630507
MLP CV score: 0.9710906701708278
MLP Test score: 0.9566929133858267
Random Forest Training score: 1.0
Random Forest CV score: 0.9697766097240473
Random Forest Test score: 0.952755905511811
Parsing CSV...
Reading file: ../tmp/onehr.data
Done!
Rows read: 2536
Columns: 73
Column names:
0: 0
1: 1
2: 2
3: 3
4: 4
5: 5
6: 6
7: 7
8: 8
9: 9
10: 10
11: 11
12: 12
13: 13
14: 14
15: 15
16: 16
17: 17
18: 18
19: 19
20: 20
21: 21
22: 22
23: 23
24: 24
25: 25
26: 26
27: 27
28: 28
29: 29
30: 30
31: 31
32: 32
33: 33
34: 34
35: 35
36: 36
37: 37
38: 38
39: 39
40: 40
41: 41
42: 42
43: 43
44: 44
45: 45
46: 46
47: 47
48: 48
49: 49
50: 50
51: 51
52: 52
53: 53
54: 54
55: 55
56: 56
57: 57
58: 58
59: 59
60: 60
61: 61
62: 62
63: 63
64: 64
65: 65
66: 66
67: 67
68: 68
69: 69
70: 70
71: 71
72: 72

Done!
Splitting into training and test...
Done!
Constructing data matrices...
Done!
Training random forest...
Done!
Fitting Gaussian mixture with 20 components...
Done!
Sampling 1500 points
Done! Sampled 1500 points
Generating internal node with number of samples 1500...
Done!
Invalid internal node, node count: 1
Generating leaf with number of samples 1500...
Done!
Current mass: 0.9999999999999999
Sampling 1500 test points
Done! Sampled 1500 test points
Computed internal score: 0.9999999999999999
Computed leaf score: 0.9999999999999999
Internal node index: 0
No internal data!
Internal node index: 0
No internal data!
No internal nodes remaining, ending!
Leaf node index: 0
Decision tree:
0
Node count: 1
DTExtract Relative training score: 0.9677843524
DTExtract Relative CV score: 0.997371879106
DTExtract Relative test score: 1.0
DTExtract Training score: 0.9677843524
DTExtract CV score: 0.978975032852
DTExtract Test score: 0.968503937008
Training greedy decision tree, best of: 1
Done!
Node count: 33
GreedyTree Training score: 0.9855358316896778
GreedyTree CV score: 0.9605781865965834
GreedyTree Test score: 0.9606299212598425
MLP Training score: 0.967784352399737
MLP CV score: 0.9789750328515112
MLP Test score: 0.968503937007874
Random Forest Training score: 1.0
Random Forest CV score: 0.9763469119579501
Random Forest Test score: 0.968503937007874
Parsing CSV...
Reading file: ../tmp/onehr.data
Done!
Rows read: 2536
Columns: 73
Column names:
0: 0
1: 1
2: 2
3: 3
4: 4
5: 5
6: 6
7: 7
8: 8
9: 9
10: 10
11: 11
12: 12
13: 13
14: 14
15: 15
16: 16
17: 17
18: 18
19: 19
20: 20
21: 21
22: 22
23: 23
24: 24
25: 25
26: 26
27: 27
28: 28
29: 29
30: 30
31: 31
32: 32
33: 33
34: 34
35: 35
36: 36
37: 37
38: 38
39: 39
40: 40
41: 41
42: 42
43: 43
44: 44
45: 45
46: 46
47: 47
48: 48
49: 49
50: 50
51: 51
52: 52
53: 53
54: 54
55: 55
56: 56
57: 57
58: 58
59: 59
60: 60
61: 61
62: 62
63: 63
64: 64
65: 65
66: 66
67: 67
68: 68
69: 69
70: 70
71: 71
72: 72

Done!
Splitting into training and test...
Done!
Constructing data matrices...
Done!
Training random forest...
Done!
Fitting Gaussian mixture with 20 components...
Done!
Sampling 1500 points
Done! Sampled 1500 points
Generating internal node with number of samples 1500...
Done!
Invalid internal node, node count: 1
Generating leaf with number of samples 1500...
Done!
Current mass: 0.9999999999999999
Sampling 1500 test points
Done! Sampled 1500 test points
Computed internal score: 0.9999999999999999
Computed leaf score: 0.9999999999999999
Internal node index: 0
No internal data!
Internal node index: 0
No internal data!
No internal nodes remaining, ending!
Leaf node index: 0
Decision tree:
0
Node count: 1
DTExtract Relative training score: 0.969099276792
DTExtract Relative CV score: 0.998685939553
DTExtract Relative test score: 1.0
DTExtract Training score: 0.969099276792
DTExtract CV score: 0.975032851511
DTExtract Test score: 0.972440944882
Training greedy decision tree, best of: 1
Done!
Node count: 33
GreedyTree Training score: 0.9855358316896778
GreedyTree CV score: 0.961892247043364
GreedyTree Test score: 0.9606299212598425
MLP Training score: 0.9690992767915845
MLP CV score: 0.9750328515111695
MLP Test score: 0.9724409448818898
Random Forest Training score: 1.0
Random Forest CV score: 0.973718791064389
Random Forest Test score: 0.9724409448818898
Parsing CSV...
Reading file: ../tmp/onehr.data
Done!
Rows read: 2536
Columns: 73
Column names:
0: 0
1: 1
2: 2
3: 3
4: 4
5: 5
6: 6
7: 7
8: 8
9: 9
10: 10
11: 11
12: 12
13: 13
14: 14
15: 15
16: 16
17: 17
18: 18
19: 19
20: 20
21: 21
22: 22
23: 23
24: 24
25: 25
26: 26
27: 27
28: 28
29: 29
30: 30
31: 31
32: 32
33: 33
34: 34
35: 35
36: 36
37: 37
38: 38
39: 39
40: 40
41: 41
42: 42
43: 43
44: 44
45: 45
46: 46
47: 47
48: 48
49: 49
50: 50
51: 51
52: 52
53: 53
54: 54
55: 55
56: 56
57: 57
58: 58
59: 59
60: 60
61: 61
62: 62
63: 63
64: 64
65: 65
66: 66
67: 67
68: 68
69: 69
70: 70
71: 71
72: 72

Done!
Splitting into training and test...
Done!
Constructing data matrices...
Done!
Training random forest...
Done!
Fitting Gaussian mixture with 20 components...
Done!
Sampling 1500 points
Done! Sampled 1500 points
Generating internal node with number of samples 1500...
Done!
Invalid internal node, node count: 1
Generating leaf with number of samples 1500...
Done!
Current mass: 1.0000000000000002
Sampling 1500 test points
Done! Sampled 1500 test points
Computed internal score: 1.0000000000000002
Computed leaf score: 1.0000000000000002
Internal node index: 0
No internal data!
Internal node index: 0
No internal data!
No internal nodes remaining, ending!
Leaf node index: 0
Decision tree:
0
Node count: 1
DTExtract Relative training score: 1.0
DTExtract Relative CV score: 1.0
DTExtract Relative test score: 1.0
DTExtract Training score: 0.96449704142
DTExtract CV score: 0.985545335085
DTExtract Test score: 0.968503937008
Training greedy decision tree, best of: 1
Done!
Node count: 33
GreedyTree Training score: 0.9875082182774491
GreedyTree CV score: 0.9658344283837057
GreedyTree Test score: 0.9566929133858267
MLP Training score: 0.9644970414201184
MLP CV score: 0.985545335085414
MLP Test score: 0.968503937007874
Random Forest Training score: 1.0
Random Forest CV score: 0.9842312746386334
Random Forest Test score: 0.9645669291338582
Parsing CSV...
Reading file: ../tmp/onehr.data
Done!
Rows read: 2536
Columns: 73
Column names:
0: 0
1: 1
2: 2
3: 3
4: 4
5: 5
6: 6
7: 7
8: 8
9: 9
10: 10
11: 11
12: 12
13: 13
14: 14
15: 15
16: 16
17: 17
18: 18
19: 19
20: 20
21: 21
22: 22
23: 23
24: 24
25: 25
26: 26
27: 27
28: 28
29: 29
30: 30
31: 31
32: 32
33: 33
34: 34
35: 35
36: 36
37: 37
38: 38
39: 39
40: 40
41: 41
42: 42
43: 43
44: 44
45: 45
46: 46
47: 47
48: 48
49: 49
50: 50
51: 51
52: 52
53: 53
54: 54
55: 55
56: 56
57: 57
58: 58
59: 59
60: 60
61: 61
62: 62
63: 63
64: 64
65: 65
66: 66
67: 67
68: 68
69: 69
70: 70
71: 71
72: 72

Done!
Splitting into training and test...
Done!
Constructing data matrices...
Done!
Training random forest...
Done!
Fitting Gaussian mixture with 20 components...
Done!
Sampling 1500 points
Done! Sampled 1500 points
Generating internal node with number of samples 1500...
Done!
Invalid internal node, node count: 1
Generating leaf with number of samples 1500...
Done!
Current mass: 1.0000000000000004
Sampling 1500 test points
Done! Sampled 1500 test points
Computed internal score: 1.0000000000000004
Computed leaf score: 1.0000000000000004
Internal node index: 0
No internal data!
Internal node index: 0
No internal data!
No internal nodes remaining, ending!
Leaf node index: 0
Decision tree:
0
Node count: 1
DTExtract Relative training score: 1.0
DTExtract Relative CV score: 1.0
DTExtract Relative test score: 1.0
DTExtract Training score: 0.9677843524
DTExtract CV score: 0.971090670171
DTExtract Test score: 0.992125984252
Training greedy decision tree, best of: 1
Done!
Node count: 33
GreedyTree Training score: 0.9881656804733728
GreedyTree CV score: 0.9658344283837057
GreedyTree Test score: 0.9803149606299213
MLP Training score: 0.967784352399737
MLP CV score: 0.9710906701708278
MLP Test score: 0.9921259842519685
Random Forest Training score: 1.0
Random Forest CV score: 0.9697766097240473
Random Forest Test score: 0.9881889763779528
Parsing CSV...
Reading file: ../tmp/onehr.data
Done!
Rows read: 2536
Columns: 73
Column names:
0: 0
1: 1
2: 2
3: 3
4: 4
5: 5
6: 6
7: 7
8: 8
9: 9
10: 10
11: 11
12: 12
13: 13
14: 14
15: 15
16: 16
17: 17
18: 18
19: 19
20: 20
21: 21
22: 22
23: 23
24: 24
25: 25
26: 26
27: 27
28: 28
29: 29
30: 30
31: 31
32: 32
33: 33
34: 34
35: 35
36: 36
37: 37
38: 38
39: 39
40: 40
41: 41
42: 42
43: 43
44: 44
45: 45
46: 46
47: 47
48: 48
49: 49
50: 50
51: 51
52: 52
53: 53
54: 54
55: 55
56: 56
57: 57
58: 58
59: 59
60: 60
61: 61
62: 62
63: 63
64: 64
65: 65
66: 66
67: 67
68: 68
69: 69
70: 70
71: 71
72: 72

Done!
Splitting into training and test...
Done!
Constructing data matrices...
Done!
Training random forest...
Done!
Fitting Gaussian mixture with 20 components...
Done!
Sampling 1500 points
Done! Sampled 1500 points
Generating internal node with number of samples 1500...
Done!
Invalid internal node, node count: 1
Generating leaf with number of samples 1500...
Done!
Current mass: 1.0
Sampling 1500 test points
Done! Sampled 1500 test points
Computed internal score: 1.0
Computed leaf score: 1.0
Internal node index: 0
No internal data!
Internal node index: 0
No internal data!
No internal nodes remaining, ending!
Leaf node index: 0
Decision tree:
0
Node count: 1
DTExtract Relative training score: 0.974358974359
DTExtract Relative CV score: 1.0
DTExtract Relative test score: 1.0
DTExtract Training score: 0.974358974359
DTExtract CV score: 0.96714848883
DTExtract Test score: 0.964566929134
Training greedy decision tree, best of: 1
Done!
Node count: 33
GreedyTree Training score: 0.9901380670611439
GreedyTree CV score: 0.9579500657030223
GreedyTree Test score: 0.9566929133858267
MLP Training score: 0.9743589743589743
MLP CV score: 0.9671484888304862
MLP Test score: 0.9645669291338582
Random Forest Training score: 1.0
Random Forest CV score: 0.9671484888304862
Random Forest Test score: 0.9645669291338582
Parsing CSV...
Reading file: ../tmp/onehr.data
Done!
Rows read: 2536
Columns: 73
Column names:
0: 0
1: 1
2: 2
3: 3
4: 4
5: 5
6: 6
7: 7
8: 8
9: 9
10: 10
11: 11
12: 12
13: 13
14: 14
15: 15
16: 16
17: 17
18: 18
19: 19
20: 20
21: 21
22: 22
23: 23
24: 24
25: 25
26: 26
27: 27
28: 28
29: 29
30: 30
31: 31
32: 32
33: 33
34: 34
35: 35
36: 36
37: 37
38: 38
39: 39
40: 40
41: 41
42: 42
43: 43
44: 44
45: 45
46: 46
47: 47
48: 48
49: 49
50: 50
51: 51
52: 52
53: 53
54: 54
55: 55
56: 56
57: 57
58: 58
59: 59
60: 60
61: 61
62: 62
63: 63
64: 64
65: 65
66: 66
67: 67
68: 68
69: 69
70: 70
71: 71
72: 72

Done!
Splitting into training and test...
Done!
Constructing data matrices...
Done!
Training random forest...
Done!
Fitting Gaussian mixture with 20 components...
Done!
Sampling 1500 points
Done! Sampled 1500 points
Generating internal node with number of samples 1500...
Done!
Invalid internal node, node count: 1
Generating leaf with number of samples 1500...
Done!
Current mass: 1.0
Sampling 1500 test points
Done! Sampled 1500 test points
Computed internal score: 1.0
Computed leaf score: 1.0
Internal node index: 0
No internal data!
Internal node index: 0
No internal data!
No internal nodes remaining, ending!
Leaf node index: 0
Decision tree:
0
Node count: 1
DTExtract Relative training score: 0.973044049967
DTExtract Relative CV score: 0.99605781866
DTExtract Relative test score: 1.0
DTExtract Training score: 0.973044049967
DTExtract CV score: 0.965834428384
DTExtract Test score: 0.976377952756
Training greedy decision tree, best of: 1
Done!
Node count: 33
GreedyTree Training score: 0.9894806048652203
GreedyTree CV score: 0.9592641261498029
GreedyTree Test score: 0.9566929133858267
MLP Training score: 0.9730440499671269
MLP CV score: 0.9658344283837057
MLP Test score: 0.9763779527559056
Random Forest Training score: 1.0
Random Forest CV score: 0.9671484888304862
Random Forest Test score: 0.9763779527559056
Parsing CSV...
Reading file: ../tmp/onehr.data
Done!
Rows read: 2536
Columns: 73
Column names:
0: 0
1: 1
2: 2
3: 3
4: 4
5: 5
6: 6
7: 7
8: 8
9: 9
10: 10
11: 11
12: 12
13: 13
14: 14
15: 15
16: 16
17: 17
18: 18
19: 19
20: 20
21: 21
22: 22
23: 23
24: 24
25: 25
26: 26
27: 27
28: 28
29: 29
30: 30
31: 31
32: 32
33: 33
34: 34
35: 35
36: 36
37: 37
38: 38
39: 39
40: 40
41: 41
42: 42
43: 43
44: 44
45: 45
46: 46
47: 47
48: 48
49: 49
50: 50
51: 51
52: 52
53: 53
54: 54
55: 55
56: 56
57: 57
58: 58
59: 59
60: 60
61: 61
62: 62
63: 63
64: 64
65: 65
66: 66
67: 67
68: 68
69: 69
70: 70
71: 71
72: 72

Done!
Splitting into training and test...
Done!
Constructing data matrices...
Done!
Training random forest...
Done!
Fitting Gaussian mixture with 20 components...
Done!
Sampling 1500 points
Done! Sampled 1500 points
Generating internal node with number of samples 1500...
Done!
Invalid internal node, node count: 1
Generating leaf with number of samples 1500...
Done!
Current mass: 1.0000000000000002
Sampling 1500 test points
Done! Sampled 1500 test points
Computed internal score: 1.0000000000000002
Computed leaf score: 1.0000000000000002
Internal node index: 0
No internal data!
Internal node index: 0
No internal data!
No internal nodes remaining, ending!
Leaf node index: 0
Decision tree:
0
Node count: 1
DTExtract Relative training score: 1.0
DTExtract Relative CV score: 1.0
DTExtract Relative test score: 1.0
DTExtract Training score: 0.968441814596
DTExtract CV score: 0.973718791064
DTExtract Test score: 0.98031496063
Training greedy decision tree, best of: 1
Done!
Node count: 33
GreedyTree Training score: 0.9855358316896778
GreedyTree CV score: 0.9658344283837057
GreedyTree Test score: 0.9488188976377953
MLP Training score: 0.9684418145956607
MLP CV score: 0.973718791064389
MLP Test score: 0.9803149606299213
Random Forest Training score: 1.0
Random Forest CV score: 0.9750328515111695
Random Forest Test score: 0.9763779527559056
Averaged over 10 trials: rf train score: 1.0
Averaged over 10 trials: rf cv score: 0.9725361366622864
Averaged over 10 trials: rf test score: 0.9685039370078738
Averaged over 10 trials: extracted dt train score: 0.970348454964
Averaged over 10 trials: extracted dt cv score: 0.973193166886
Averaged over 10 trials: extracted dt test score: 0.970472440945
Averaged over 10 trials: dtExtractRelTrainScore: 0.985798816568
Averaged over 10 trials: dtExtractRelCvScore: 0.999080157687
Averaged over 10 trials: dtExtractRelTestScore: 1.0
Averaged over 10 trials: trained dt train score: 0.9879026955950033
Averaged over 10 trials: trained dt cv score: 0.9625492772667543
Averaged over 10 trials: trained dt test score: 0.9586614173228345
Averaged over 10 trials: mlp train score: 0.9703484549638397
Averaged over 10 trials: mlp cv score: 0.9731931668856767
Averaged over 10 trials: mlp test score: 0.9704724409448818
